[2016.01.22-20.27.22:413][  0]Log file open, 01/22/16 12:27:22
[2016.01.22-20.27.22:413][  0]LogInit:Display: Running engine for game: FighetGame
[2016.01.22-20.27.22:413][  0]LogPlatformFile: Not using cached read wrapper
[2016.01.22-20.27.22:413][  0]LogInit:Display: RandInit(364255676) SRandInit(364255678).
[2016.01.22-20.27.22:413][  0]LogTaskGraph: Started task graph with 4 named threads and 7 total threads.
[2016.01.22-20.27.22:413][  0]LogStats: Stats thread started at 0.067837
[2016.01.22-20.27.22:413][  0]LogInit: Version: 4.10.1-2791327+++depot+UE4-Releases+4.10
[2016.01.22-20.27.22:413][  0]LogInit: API Version: 2758231
[2016.01.22-20.27.22:413][  0]LogInit: Compiled (64-bit): Dec  4 2015 19:44:40
[2016.01.22-20.27.22:413][  0]LogInit: Compiled with Visual C++: 19.00.23026.00
[2016.01.22-20.27.22:413][  0]LogInit: Build Configuration: Development
[2016.01.22-20.27.22:413][  0]LogInit: Branch Name: ++depot+UE4-Releases+4.10
[2016.01.22-20.27.22:413][  0]LogInit: Command line:  
[2016.01.22-20.27.22:413][  0]LogInit: Base directory: C:/Program Files/Epic Games/4.10/Engine/Binaries/Win64/
[2016.01.22-20.27.22:413][  0]LogInit: Rocket: 1
[2016.01.22-20.27.22:420][  0]LogInit: Using libcurl 7.41.0
[2016.01.22-20.27.22:420][  0]LogInit:  - built for x86_64-pc-win32
[2016.01.22-20.27.22:420][  0]LogInit:  - supports SSL with WinSSL
[2016.01.22-20.27.22:420][  0]LogInit:  - other features:
[2016.01.22-20.27.22:420][  0]LogInit:      CURL_VERSION_SSL
[2016.01.22-20.27.22:420][  0]LogInit:      CURL_VERSION_IPV6
[2016.01.22-20.27.22:420][  0]LogInit:      CURL_VERSION_ASYNCHDNS
[2016.01.22-20.27.22:420][  0]LogInit:      CURL_VERSION_LARGEFILE
[2016.01.22-20.27.22:420][  0]LogInit:      CURL_VERSION_IDN
[2016.01.22-20.27.22:420][  0]LogInit:  CurlRequestOptions (configurable via config and command line):
[2016.01.22-20.27.22:420][  0]LogInit:  - bVerifyPeer = true  - Libcurl will verify peer certificate
[2016.01.22-20.27.22:420][  0]LogInit:  - bUseHttpProxy = false  - Libcurl will NOT use HTTP proxy
[2016.01.22-20.27.22:420][  0]LogInit:  - bDontReuseConnections = false  - Libcurl will reuse connections
[2016.01.22-20.27.22:420][  0]LogInit:  - CertBundlePath = nullptr  - Libcurl will use whatever was configured at build time.
[2016.01.22-20.27.22:426][  0]LogInit: Presizing for 0 objects not considered by GC, pre-allocating 0 bytes.
[2016.01.22-20.27.22:430][  0]LogInit: Object subsystem initialized
[2016.01.22-20.27.22:430][  0]LogInit: Selected Device Profile: [Windows]
[2016.01.22-20.27.22:430][  0]LogInit: Applying CVar settings loaded from the selected device profile: [Windows]
[2016.01.22-20.27.22:438][  0]LogInit: Computer: MERLIN
[2016.01.22-20.27.22:438][  0]LogInit: User: jychong
[2016.01.22-20.27.22:438][  0]LogInit: CPU Page size=4096, Cores=4
[2016.01.22-20.27.22:438][  0]LogInit: High frequency timer resolution =3.914068 MHz
[2016.01.22-20.27.22:438][  0]LogMemory: Memory total: Physical=15.9GB (16GB approx)
[2016.01.22-20.27.22:438][  0]LogMemory: Platform Memory Stats for Windows
[2016.01.22-20.27.22:438][  0]LogMemory: Process Physical Memory: 56.14 MB used, 56.14 MB peak
[2016.01.22-20.27.22:438][  0]LogMemory: Process Virtual Memory: 58.73 MB used, 58.73 MB peak
[2016.01.22-20.27.22:438][  0]LogMemory: Physical Memory: 4672.15 MB used, 16332.17 MB total
[2016.01.22-20.27.22:438][  0]LogMemory: Virtual Memory: 384.69 MB used, 134217728.00 MB total
[2016.01.22-20.27.22:464][  0]LogTextLocalizationManager: No specific translations for ('en-US') exist, so ('en') translations will be used.
[2016.01.22-20.27.22:809][  0]LogD3D11RHI: Found D3D11 adapter 0: NVIDIA GeForce GTX 950 (Feature Level 11_0)
[2016.01.22-20.27.22:809][  0]LogD3D11RHI: Adapter has 1969MB of dedicated video memory, 0MB of dedicated system memory, and 8166MB of shared system memory, 1 output[s]
[2016.01.22-20.27.22:810][  0]LogD3D11RHI: Found D3D11 adapter 1: Microsoft Basic Render Driver (Feature Level 11_0)
[2016.01.22-20.27.22:810][  0]LogD3D11RHI: Adapter has 0MB of dedicated video memory, 0MB of dedicated system memory, and 8166MB of shared system memory, 0 output[s]
[2016.01.22-20.27.22:810][  0]LogD3D11RHI: Chosen D3D11 Adapter Id = 0
[2016.01.22-20.27.22:813][  0]LogD3D11RHI: !Direct3DDevice
[2016.01.22-20.27.22:813][  0]LogRHI: Texture pool is 1361 MB (70% of 1945 MB)
[2016.01.22-20.27.22:822][  0]LogD3D11RHI: Async texture creation enabled
[2016.01.22-20.27.22:838][  0]LogShaderCompilers: Guid format shader working directory is -32 characters bigger than the processId version (../../../../../../Users/jychong/Documents/Work/Projects/UE4_Projects/FighterGame/Intermediate/Shaders/WorkingDirectory/6388/).
[2016.01.22-20.27.22:838][  0]LogShaderCompilers: Cleaned the shader compiler working directory 'C:/Users/jychong/AppData/Local/Temp/UnrealShaderWorkingDir/F205E51147DE2FBDBD54C090B2C6C850/'.
[2016.01.22-20.27.22:838][  0]LogShaderCompilers:Display: Using Local Shader Compiler.
[2016.01.22-20.27.23:341][  0]LogTemp:Display: Loaded TP AllDesktopTargetPlatform
[2016.01.22-20.27.23:345][  0]LogTemp:Display: Loaded TP WindowsClientTargetPlatform
[2016.01.22-20.27.23:349][  0]LogTemp:Display: Loaded TP WindowsNoEditorTargetPlatform
[2016.01.22-20.27.23:352][  0]LogTemp:Display: Loaded TP WindowsServerTargetPlatform
[2016.01.22-20.27.23:356][  0]LogTemp:Display: Loaded TP WindowsTargetPlatform
[2016.01.22-20.27.23:358][  0]LogTemp:Display: Loaded TP AndroidTargetPlatform
[2016.01.22-20.27.23:360][  0]LogTemp:Display: Loaded TP Android_ASTCTargetPlatform
[2016.01.22-20.27.23:362][  0]LogTemp:Display: Loaded TP Android_ATCTargetPlatform
[2016.01.22-20.27.23:364][  0]LogTemp:Display: Loaded TP Android_DXTTargetPlatform
[2016.01.22-20.27.23:366][  0]LogTemp:Display: Loaded TP Android_ETC1TargetPlatform
[2016.01.22-20.27.23:368][  0]LogTemp:Display: Loaded TP Android_ETC2TargetPlatform
[2016.01.22-20.27.23:373][  0]LogTemp:Display: Loaded TP Android_MultiTargetPlatform
[2016.01.22-20.27.23:373][  0]LogTemp:Display: Loaded TP Android_PVRTCTargetPlatform
[2016.01.22-20.27.23:373][  0]LogTemp:Display: Loaded TP HTML5TargetPlatform
[2016.01.22-20.27.23:389][  0]LogTemp:Display: Loaded TP IOSTargetPlatform
[2016.01.22-20.27.23:391][  0]LogTemp:Display: Loaded TP LinuxNoEditorTargetPlatform
[2016.01.22-20.27.23:393][  0]LogTemp:Display: Loaded TP LinuxServerTargetPlatform
[2016.01.22-20.27.23:395][  0]LogTemp:Display: Loaded TP LinuxTargetPlatform
[2016.01.22-20.27.23:395][  0]LogTargetPlatformManager:Display: Building Assets For Windows
[2016.01.22-20.27.23:453][  0]LogDerivedDataCache:Display: Max Cache Size: 512 MB
[2016.01.22-20.27.23:482][  0]LogDerivedDataCache: Loaded boot cache 0.03s 41MB C:/Users/jychong/AppData/Local/UnrealEngine/4.10/DerivedDataCache/Boot.ddc.
[2016.01.22-20.27.23:482][  0]LogDerivedDataCache:Display: Loaded Boot cache: C:/Users/jychong/AppData/Local/UnrealEngine/4.10/DerivedDataCache/Boot.ddc
[2016.01.22-20.27.23:482][  0]LogDerivedDataCache: FDerivedDataBackendGraph:  Pak pak cache file ../../../../../../Users/jychong/Documents/Work/Projects/UE4_Projects/FighterGame/DerivedDataCache/DDC.ddp not found, will not use a pak cache.
[2016.01.22-20.27.23:482][  0]LogDerivedDataCache: Unable to find inner node Pak for hierarchical cache Hierarchy.
[2016.01.22-20.27.23:482][  0]LogDerivedDataCache: FDerivedDataBackendGraph:  CompressedPak pak cache file ../../../../../../Users/jychong/Documents/Work/Projects/UE4_Projects/FighterGame/DerivedDataCache/Compressed.ddp not found, will not use a pak cache.
[2016.01.22-20.27.23:482][  0]LogDerivedDataCache: Unable to find inner node CompressedPak for hierarchical cache Hierarchy.
[2016.01.22-20.27.23:525][  0]LogDerivedDataCache:Display: Pak cache opened for reading ../../../Engine/DerivedDataCache/Compressed.ddp.
[2016.01.22-20.27.23:537][  0]LogDerivedDataCache: Using Local data cache path C:/Users/jychong/AppData/Local/UnrealEngine/Common/DerivedDataCache: Writable
[2016.01.22-20.27.23:658][  0]LogInit: Selected Device Profile: [Windows]
[2016.01.22-20.27.23:660][  0]LogContentStreaming: Texture pool size is 0.000000MB
[2016.01.22-20.27.23:734][  0]LogMeshUtilities: No automatic mesh reduction module available
[2016.01.22-20.27.23:734][  0]LogMeshUtilities: No automatic mesh merging module available
[2016.01.22-20.27.23:885][  0]LogInit: WinSock: version 1.1 (2.2), MaxSocks=32767, MaxUdp=65467
[2016.01.22-20.27.24:389][  0]UdpMessaging: Initializing bridge on interface 0.0.0.0:0 to multicast group 230.0.0.1:6666.
[2016.01.22-20.27.24:492][  0]LogAssetRegistry: FAssetRegistry took 0.0105 seconds to start up
[2016.01.22-20.27.24:596][  0]SourceControl: Info Source control is disabled
[2016.01.22-20.27.24:602][  0]SourceControl: Info Source control is disabled
[2016.01.22-20.27.24:611][  0]SourceControl: Info Source control is disabled
[2016.01.22-20.27.24:617][  0]SourceControl: Info Source control is disabled
[2016.01.22-20.27.24:770][  0]LogObj: 28926 objects as part of root set at end of initial load.
[2016.01.22-20.27.24:770][  0]LogUObjectAllocator: 6163392 out of 0 bytes used by permanent object pool.
[2016.01.22-20.27.24:812][  0]LogEngine: Initializing Engine...
[2016.01.22-20.27.24:814][  0]LogHMD: Can't find Oculus library dev build: is proper Runtime installed? Version: 0.8.0.0
[2016.01.22-20.27.24:815][  0]LogHMD: SteamVR failed to initialize.  Err: 110
[2016.01.22-20.27.24:900][  0]LogAIModule: Creating AISystem for world NewWorld
[2016.01.22-20.27.24:904][  0]LogInit: XAudio2 using 'VS24A-4 (NVIDIA High Definition Audio)' : 2 channels at 48 kHz using 16 bits per sample (channel mask 0x3)
[2016.01.22-20.27.24:914][  0]LogInit: FAudioDevice initialized.
[2016.01.22-20.27.24:929][  0]LogDerivedDataCache: Saved boot cache 0.01s 41MB C:/Users/jychong/AppData/Local/UnrealEngine/4.10/DerivedDataCache/Boot.ddc.
[2016.01.22-20.27.24:932][  0]LogInit: Texture streaming: Enabled
[2016.01.22-20.27.24:936][  0]LogAnalytics: Creating configured Analytics provider AnalyticsET
[2016.01.22-20.27.24:936][  0]LogAnalytics: [UEEditor.Rocket.Release] APIServer = http://et2.epicgames.com/ET2/. AppVersion = 4.10.1-2791327+++depot+UE4-Releases+4.10
[2016.01.22-20.27.24:936][  0]LogAnalytics: [UEEditor.Rocket.Release] SetUserId 0a664b9e40ce3392435320acb25808e8|d085e2169ed74ad5919a9c5f09bdfc6a|342dfd8c-d9ad-42f6-b691-24b5970a92ec
[2016.01.22-20.27.24:936][  0]LogAnalytics: [UEEditor.Rocket.Release] AnalyticsET::StartSession
[2016.01.22-20.27.24:957][  0]LogInit: Transaction tracking system initialized
[2016.01.22-20.27.24:977][  0]BlueprintLog: New page: Editor Load
[2016.01.22-20.27.25:033][  0]LocalizationService: Info Localization service is disabled
[2016.01.22-20.27.25:078][  0]LogLinker:Warning: Can't find file '/Game/FirstPersonBP/FirstPersonOverview'
[2016.01.22-20.27.25:078][  0]LogLinker:Warning: Can't find file '/Game/FirstPersonBP/FirstPersonOverview'
[2016.01.22-20.27.25:078][  0]LogUObjectGlobals:Warning: Failed to find object 'Class /Game/FirstPersonBP/FirstPersonOverview.FirstPersonOverview_C'
[2016.01.22-20.27.25:086][  0]LogConsoleResponse:Display: 
[2016.01.22-20.27.25:160][  0]LogCook:Display: Done creating registry. It took  0.00s.
[2016.01.22-20.27.25:197][  0]LogFileCache: Scanning file cache for directory 'C:/Users/jychong/Documents/Work/Projects/UE4_Projects/FighterGame/Content/' took 0.01s
[2016.01.22-20.27.25:197][  0]SourceControl: Info Source control is disabled
[2016.01.22-20.27.25:197][  0]Cmd: MAP LOAD FILE="../../../../../../Users/jychong/Documents/Work/Projects/UE4_Projects/FighterGame/Content/StarterContent/Maps/Minimal_Default.umap" TEMPLATE=0 SHOWPROGRESS=1 FEATURELEVEL=3
[2016.01.22-20.27.25:198][  0]LightingResults: New page: Lighting Build
[2016.01.22-20.27.25:200][  0]MapCheck: New page: Map Check
[2016.01.22-20.27.25:200][  0]LightingResults: New page: Lighting Build
[2016.01.22-20.27.25:208][  0]LogParticles: Destroying 0 GPU particle simulations for FXSystem 0x00000187DB307B00
[2016.01.22-20.27.25:688][  0]LogAIModule: Creating AISystem for world Minimal_Default
[2016.01.22-20.27.26:354][  0]LogEditorServer: Finished looking for orphan Actors (0.000 secs)
[2016.01.22-20.27.26:355][  0]Cmd: MAP CHECKDEP NOCLEARLOG
[2016.01.22-20.27.26:414][  0]MapCheck:Warning: Warning CreatureMesh CreatureMeshComponent /Game/StarterContent/Maps/Minimal_Default.Minimal_Default:PersistentLevel.JarcActor_Blueprint_C_1.CreatureMesh : Externally referenced 
[2016.01.22-20.27.26:414][  0]MapCheck:Warning: Warning CreatureMesh CreatureMeshComponent /Game/StarterContent/Maps/Minimal_Default.Minimal_Default:PersistentLevel.JarcActor_Blueprint_C_1.CreatureMesh : Externally referenced 
[2016.01.22-20.27.26:414][  0]MapCheck:Warning: Warning StaticMeshComponent0 StaticMeshComponent /Game/StarterContent/Maps/Minimal_Default.Minimal_Default:PersistentLevel.Cube_4.StaticMeshComponent0 : Externally referenced 
[2016.01.22-20.27.26:414][  0]MapCheck:Warning: Warning StaticMeshComponent0 StaticMeshComponent /Game/StarterContent/Maps/Minimal_Default.Minimal_Default:PersistentLevel.Floor.StaticMeshComponent0 : Externally referenced 
[2016.01.22-20.27.26:414][  0]MapCheck:Warning: Warning StaticMeshComponent0 StaticMeshComponent /Game/StarterContent/Maps/Minimal_Default.Minimal_Default:PersistentLevel.Sphere_4.StaticMeshComponent0 : Externally referenced 
[2016.01.22-20.27.26:414][  0]MapCheck:Warning: Warning StaticMeshComponent0 StaticMeshComponent /Game/StarterContent/Maps/Minimal_Default.Minimal_Default:PersistentLevel.Sphere2.StaticMeshComponent0 : Externally referenced 
[2016.01.22-20.27.26:414][  0]MapCheck:Warning: Warning StaticMeshComponent0 StaticMeshComponent /Game/StarterContent/Maps/Minimal_Default.Minimal_Default:PersistentLevel.Floor.StaticMeshComponent0 : Externally referenced 
[2016.01.22-20.27.26:414][  0]MapCheck:Warning: Warning EdGraphPin_9663 EdGraphPin /Game/StarterContent/Maps/Minimal_Default.Minimal_Default:PersistentLevel.Minimal_Default.ExecuteUbergraph_Minimal_Default.K2Node_CallFunction_345.EdGraphPin_9663 : Externally referenced 
[2016.01.22-20.27.26:414][  0]MapCheck:Warning: Warning EdGraphPin_9622 EdGraphPin /Game/StarterContent/Maps/Minimal_Default.Minimal_Default:PersistentLevel.Minimal_Default.ExecuteUbergraph_Minimal_Default.K2Node_CallFunction_347.EdGraphPin_9622 : Externally referenced 
[2016.01.22-20.27.26:414][  0]MapCheck:Warning: Warning EdGraphPin_9663 EdGraphPin /Game/StarterContent/Maps/Minimal_Default.Minimal_Default:PersistentLevel.Minimal_Default.EventGraph.K2Node_CallFunction_2632.EdGraphPin_9663 : Externally referenced 
[2016.01.22-20.27.26:414][  0]MapCheck:Warning: Warning EdGraphPin_9663 EdGraphPin /Game/StarterContent/Maps/Minimal_Default.Minimal_Default:PersistentLevel.Minimal_Default.ExecuteUbergraph_Minimal_Default.K2Node_CallFunction_349.EdGraphPin_9663 : Externally referenced 
[2016.01.22-20.27.26:414][  0]MapCheck: Info Map check complete: 0 Error(s), 11 Warning(s), took 59.529ms to complete.
[2016.01.22-20.27.26:419][  0]LogFileHelpers: Loading map 'Minimal_Default' took 1.221
[2016.01.22-20.27.26:506][  0]LogCollectionManager: Loaded 0 collections in 0.001545 seconds
[2016.01.22-20.27.26:543][  0]LogFileCache: Scanning file cache for directory 'C:/Users/jychong/Documents/Work/Projects/UE4_Projects/FighterGame/Saved/Collections/' took 0.01s
[2016.01.22-20.27.26:543][  0]LogFileCache: Scanning file cache for directory 'C:/Users/jychong/Documents/Work/Projects/UE4_Projects/FighterGame/Content/Developers/jychong/Collections/' took 0.01s
[2016.01.22-20.27.26:543][  0]LogFileCache: Scanning file cache for directory 'C:/Users/jychong/Documents/Work/Projects/UE4_Projects/FighterGame/Content/Collections/' took 0.01s
[2016.01.22-20.27.26:543][  0]LogCollectionManager: Rebuilt the GUID cache for 0 collections in 0.000001 seconds
[2016.01.22-20.27.26:549][  0]LogContentBrowser: Native class hierarchy populated in 0.0060 seconds. Added 1912 classes and 345 folders.
[2016.01.22-20.27.26:557][  0]LogContentBrowser: Native class hierarchy updated for 'WidgetCarousel' in 0.0008 seconds. Added 0 classes and 0 folders.
[2016.01.22-20.27.26:594][  0]LogContentBrowser: Native class hierarchy updated for 'AddContentDialog' in 0.0010 seconds. Added 0 classes and 0 folders.
[2016.01.22-20.27.26:598][  0]LogContentBrowser: Native class hierarchy updated for 'SceneOutliner' in 0.0011 seconds. Added 1 classes and 2 folders.
[2016.01.22-20.27.26:636][  0]LogCrashTracker: Crashtracker disabled due to settings.
[2016.01.22-20.27.26:639][  0]LogUObjectGlobals:Warning: Failed to find object 'Class None.'
[2016.01.22-20.27.26:661][  0]LogLoad: Full Startup: 4.78 seconds (BP compile: 0.10 seconds)
[2016.01.22-20.27.26:671][  0]LogOcInput: Can't find Oculus library dev build: is proper Runtime installed? Version: 0.8.0.0
[2016.01.22-20.27.26:714][  0]LogContentStreaming: Texture pool size now 1000 MB
[2016.01.22-20.27.26:830][  0]LogRenderer: Reallocating scene render targets to support 1316x632 (Frame:2).
[2016.01.22-20.27.27:032][  3]LogAssetRegistry: Asset discovery search completed in 2.5502 seconds
[2016.01.22-20.27.27:032][  3]LogCollectionManager: Rebuilt the object cache for 0 collections in 0.000000 seconds (found 0 objects)
[2016.01.22-20.27.27:032][  3]LogCollectionManager: Fixed up redirectors for 0 collections in 0.000014 seconds (updated 0 objects)
[2016.01.22-20.27.28:598][185]LogBlueprintUserMessages: Early PlayInEditor Detection: Level '/Game/StarterContent/Maps/Minimal_Default.Minimal_Default:PersistentLevel' has LevelScriptBlueprint '/Game/StarterContent/Maps/Minimal_Default.Minimal_Default:PersistentLevel.Minimal_Default' with GeneratedClass '/Game/StarterContent/Maps/Minimal_Default.Minimal_Default_C' with ClassGeneratedBy '/Game/StarterContent/Maps/Minimal_Default.Minimal_Default:PersistentLevel.Minimal_Default'
[2016.01.22-20.27.28:598][185]LogPlayLevel: PlayLevel: No blueprints needed recompiling
[2016.01.22-20.27.28:598][185]PIE: New page: PIE session: Minimal_Default (Jan 22, 2016, 4:27:28 AM)
[2016.01.22-20.27.28:598][185]LogPlayLevel: Creating play world package: /Game/StarterContent/Maps/UEDPIE_0_Minimal_Default
[2016.01.22-20.27.28:601][185]LogPlayLevel: PIE: StaticDuplicateObject took: (0.003183s)
[2016.01.22-20.27.28:601][185]LogAIModule: Creating AISystem for world Minimal_Default
[2016.01.22-20.27.28:602][185]LogPlayLevel: PIE: World Init took: (0.000424s)
[2016.01.22-20.27.28:602][185]LogPlayLevel: PIE: Created PIE world by copying editor world from /Game/StarterContent/Maps/Minimal_Default.Minimal_Default to /Game/StarterContent/Maps/UEDPIE_0_Minimal_Default.Minimal_Default (0.003735s)
[2016.01.22-20.27.28:626][185]LogInit: XAudio2 using 'VS24A-4 (NVIDIA High Definition Audio)' : 2 channels at 48 kHz using 16 bits per sample (channel mask 0x3)
[2016.01.22-20.27.28:629][185]LogInit: FAudioDevice initialized.
[2016.01.22-20.27.28:677][185]LogWorld: Game class is 'PlayStudiosGameMode'
[2016.01.22-20.27.28:681][185]LogWorld: Bringing World /Game/StarterContent/Maps/UEDPIE_0_Minimal_Default.Minimal_Default up for play (max tick rate 0) at 2016.01.22-12.27.28
[2016.01.22-20.27.28:681][185]LogActor:Warning: GameSession /Game/StarterContent/Maps/UEDPIE_0_Minimal_Default.Minimal_Default:PersistentLevel.GameSession_0 has natively added scene component(s), but none of them were set as the actor's RootComponent - picking one arbitrarily
[2016.01.22-20.27.28:681][185]LogActor:Warning: GameNetworkManager /Game/StarterContent/Maps/UEDPIE_0_Minimal_Default.Minimal_Default:PersistentLevel.GameNetworkManager_0 has natively added scene component(s), but none of them were set as the actor's RootComponent - picking one arbitrarily
[2016.01.22-20.27.28:683][185]LogWorld: Bringing up level for play took: 0.005025
[2016.01.22-20.27.28:684][185]PIE: Info Play in editor start time for /Game/StarterContent/Maps/UEDPIE_0_Minimal_Default 0.473
[2016.01.22-20.27.28:684][185]LogBlueprintUserMessages: Late PlayInEditor Detection: Level '/Game/StarterContent/Maps/Minimal_Default.Minimal_Default:PersistentLevel' has LevelScriptBlueprint '/Game/StarterContent/Maps/Minimal_Default.Minimal_Default:PersistentLevel.Minimal_Default' with GeneratedClass '/Game/StarterContent/Maps/Minimal_Default.Minimal_Default_C' with ClassGeneratedBy '/Game/StarterContent/Maps/Minimal_Default.Minimal_Default:PersistentLevel.Minimal_Default'
[2016.01.22-20.27.30:356][384]LogBlueprintUserMessages: Early EndPlayMap Detection: Level '/Game/StarterContent/Maps/Minimal_Default.Minimal_Default:PersistentLevel' has LevelScriptBlueprint '/Game/StarterContent/Maps/Minimal_Default.Minimal_Default:PersistentLevel.Minimal_Default' with GeneratedClass '/Game/StarterContent/Maps/Minimal_Default.Minimal_Default_C' with ClassGeneratedBy '/Game/StarterContent/Maps/Minimal_Default.Minimal_Default:PersistentLevel.Minimal_Default'
[2016.01.22-20.27.30:386][384]LogBlueprintUserMessages: Late EndPlayMap Detection: Level '/Game/StarterContent/Maps/Minimal_Default.Minimal_Default:PersistentLevel' has LevelScriptBlueprint '/Game/StarterContent/Maps/Minimal_Default.Minimal_Default:PersistentLevel.Minimal_Default' with GeneratedClass '/Game/StarterContent/Maps/Minimal_Default.Minimal_Default_C' with ClassGeneratedBy '/Game/StarterContent/Maps/Minimal_Default.Minimal_Default:PersistentLevel.Minimal_Default'
[2016.01.22-20.27.30:395][384]LogParticles: Destroying 0 GPU particle simulations for FXSystem 0x00000187FC746520
[2016.01.22-20.27.51:192][817]LogLinker:Warning: Asset '../../../Engine/Content/ArtTools/RenderToTexture/Macros/RenderToTextureMacros.uasset' has been saved with empty engine version. The asset will be loaded but may be incompatible.
[2016.01.22-20.27.51:469][817]LogContentBrowser: Native class hierarchy updated for 'BlueprintGraph' in 0.0010 seconds. Added 107 classes and 0 folders.
[2016.01.22-20.28.08:083][577]LogBlueprintUserMessages: Early PlayInEditor Detection: Level '/Game/StarterContent/Maps/Minimal_Default.Minimal_Default:PersistentLevel' has LevelScriptBlueprint '/Game/StarterContent/Maps/Minimal_Default.Minimal_Default:PersistentLevel.Minimal_Default' with GeneratedClass '/Game/StarterContent/Maps/Minimal_Default.Minimal_Default_C' with ClassGeneratedBy '/Game/StarterContent/Maps/Minimal_Default.Minimal_Default:PersistentLevel.Minimal_Default'
[2016.01.22-20.28.08:083][577]LogPlayLevel: PlayLevel: No blueprints needed recompiling
[2016.01.22-20.28.08:083][577]PIE: New page: PIE session: Minimal_Default (Jan 22, 2016, 4:28:08 AM)
[2016.01.22-20.28.08:083][577]LogPlayLevel: Creating play world package: /Game/StarterContent/Maps/UEDPIE_0_Minimal_Default
[2016.01.22-20.28.08:088][577]LogPlayLevel: PIE: StaticDuplicateObject took: (0.004315s)
[2016.01.22-20.28.08:088][577]LogAIModule: Creating AISystem for world Minimal_Default
[2016.01.22-20.28.08:088][577]LogPlayLevel: PIE: World Init took: (0.000472s)
[2016.01.22-20.28.08:088][577]LogPlayLevel: PIE: Created PIE world by copying editor world from /Game/StarterContent/Maps/Minimal_Default.Minimal_Default to /Game/StarterContent/Maps/UEDPIE_0_Minimal_Default.Minimal_Default (0.004927s)
[2016.01.22-20.28.08:104][577]LogParticles: Destroying 0 GPU particle simulations for FXSystem 0x00000187DB7EED40
[2016.01.22-20.28.08:111][577]LogInit: XAudio2 using 'VS24A-4 (NVIDIA High Definition Audio)' : 2 channels at 48 kHz using 16 bits per sample (channel mask 0x3)
[2016.01.22-20.28.08:113][577]LogInit: FAudioDevice initialized.
[2016.01.22-20.28.08:146][577]LogWorld: Game class is 'PlayStudiosGameMode'
[2016.01.22-20.28.08:150][577]LogWorld: Bringing World /Game/StarterContent/Maps/UEDPIE_0_Minimal_Default.Minimal_Default up for play (max tick rate 0) at 2016.01.22-12.28.08
[2016.01.22-20.28.08:151][577]LogActor:Warning: GameSession /Game/StarterContent/Maps/UEDPIE_0_Minimal_Default.Minimal_Default:PersistentLevel.GameSession_1 has natively added scene component(s), but none of them were set as the actor's RootComponent - picking one arbitrarily
[2016.01.22-20.28.08:151][577]LogActor:Warning: GameNetworkManager /Game/StarterContent/Maps/UEDPIE_0_Minimal_Default.Minimal_Default:PersistentLevel.GameNetworkManager_1 has natively added scene component(s), but none of them were set as the actor's RootComponent - picking one arbitrarily
[2016.01.22-20.28.08:153][577]LogWorld: Bringing up level for play took: 0.005589
[2016.01.22-20.28.08:154][577]PIE: Info Play in editor start time for /Game/StarterContent/Maps/UEDPIE_0_Minimal_Default -0.057
[2016.01.22-20.28.08:154][577]LogBlueprintUserMessages: Late PlayInEditor Detection: Level '/Game/StarterContent/Maps/Minimal_Default.Minimal_Default:PersistentLevel' has LevelScriptBlueprint '/Game/StarterContent/Maps/Minimal_Default.Minimal_Default:PersistentLevel.Minimal_Default' with GeneratedClass '/Game/StarterContent/Maps/Minimal_Default.Minimal_Default_C' with ClassGeneratedBy '/Game/StarterContent/Maps/Minimal_Default.Minimal_Default:PersistentLevel.Minimal_Default'
[2016.01.22-20.28.18:272][777]LogBlueprintUserMessages: Early EndPlayMap Detection: Level '/Game/StarterContent/Maps/Minimal_Default.Minimal_Default:PersistentLevel' has LevelScriptBlueprint '/Game/StarterContent/Maps/Minimal_Default.Minimal_Default:PersistentLevel.Minimal_Default' with GeneratedClass '/Game/StarterContent/Maps/Minimal_Default.Minimal_Default_C' with ClassGeneratedBy '/Game/StarterContent/Maps/Minimal_Default.Minimal_Default:PersistentLevel.Minimal_Default'
[2016.01.22-20.28.18:302][777]LogBlueprintUserMessages: Late EndPlayMap Detection: Level '/Game/StarterContent/Maps/Minimal_Default.Minimal_Default:PersistentLevel' has LevelScriptBlueprint '/Game/StarterContent/Maps/Minimal_Default.Minimal_Default:PersistentLevel.Minimal_Default' with GeneratedClass '/Game/StarterContent/Maps/Minimal_Default.Minimal_Default_C' with ClassGeneratedBy '/Game/StarterContent/Maps/Minimal_Default.Minimal_Default:PersistentLevel.Minimal_Default'
[2016.01.22-20.28.18:321][777]LogParticles: Destroying 0 GPU particle simulations for FXSystem 0x00000187ABD47CE0
[2016.01.22-20.28.20:796][ 51]LogContentBrowser: Native class hierarchy updated for 'TextureEditor' in 0.0008 seconds. Added 1 classes and 2 folders.
[2016.01.22-20.32.41:997][738]LogFactory: FactoryCreateBinary: Texture with ReimportTextureFactory (0 0 C:\Users\jychong\Documents\Work\Projects\UE4_Projects\FighterGame\sample-img.png)
[2016.01.22-20.32.42:023][738]LogTexture:Display: Building textures: sample-img (AutoDXT)
[2016.01.22-20.32.48:433][352]LogMaterial: Missing cached shader map for material sample-img_Mat, compiling. 
[2016.01.22-20.32.49:906][512]LogMaterial: Missing cached shader map for material sample-img_Mat, compiling. 
[2016.01.22-20.32.49:946][512]LogMaterial: Missing cached shader map for material sample-img_Mat, compiling. 
[2016.01.22-20.32.49:948][512]LogMaterial: 0.000096 seconds spent updating 1 materials, 1 interfaces, 0 instances, 0 with static permutations.
[2016.01.22-20.32.49:978][512]LogMaterial: Missing cached shader map for material FMatExpressionPreview MaterialExpressionTextureSample_0, compiling. 
[2016.01.22-20.32.50:514][550]MaterialEditorStats: Info Base pass shader with only dynamic lighting: 32 instructions
[2016.01.22-20.32.50:514][550]MaterialEditorStats: Info Vertex shader: 33 instructions
[2016.01.22-20.32.50:515][550]MaterialEditorStats: Info Texture samplers: 1/16
[2016.01.22-20.32.53:592][806]LogMaterial: Missing cached shader map for material sample-img_Mat, compiling. 
[2016.01.22-20.32.53:597][806]LogMaterial: Missing cached shader map for material sample-img_Mat, compiling. 
[2016.01.22-20.32.53:600][806]LogMaterial: 0.000143 seconds spent updating 1 materials, 1 interfaces, 0 instances, 0 with static permutations.
[2016.01.22-20.32.54:086][848]MaterialEditorStats: Info Base pass shader with only dynamic lighting: 32 instructions
[2016.01.22-20.32.54:086][848]MaterialEditorStats: Info Vertex shader: 33 instructions
[2016.01.22-20.32.54:086][848]MaterialEditorStats: Info Texture samplers: 1/16
[2016.01.22-20.32.56:274][ 28]LogMaterial: Missing cached shader map for material sample-img_Mat, compiling. 
[2016.01.22-20.32.56:282][ 28]LogMaterial: 0.000220 seconds spent updating 1 materials, 1 interfaces, 0 instances, 0 with static permutations.
[2016.01.22-20.32.56:307][ 28]LogMaterial: Missing cached shader map for material FMatExpressionPreview MaterialExpressionTextureSample_0, compiling. 
[2016.01.22-20.32.57:056][ 92]MaterialEditorStats: Info Base pass shader with only dynamic lighting: 35 instructions
[2016.01.22-20.32.57:056][ 92]MaterialEditorStats: Info Vertex shader: 33 instructions
[2016.01.22-20.32.57:056][ 92]MaterialEditorStats: Info Texture samplers: 1/16
[2016.01.22-20.33.08:155][187]LogSavePackage: Save=56.830643ms
[2016.01.22-20.33.08:155][187]LogSavePackage: Moving '../../../../../../Users/jychong/Documents/Work/Projects/UE4_Projects/FighterGame/Saved/Minimal_Default603756C5432DFE5CDA2A54AA48D9382C.tmp' to '../../../../../../Users/jychong/Documents/Work/Projects/UE4_Projects/FighterGame/Content/StarterContent/Maps/Minimal_Default.umap'
[2016.01.22-20.33.08:157][187]LogSavePackage: Total save time: 71.000047ms
[2016.01.22-20.33.08:157][187]LogSavePackage:Display: Finished SavePackage ../../../../../../Users/jychong/Documents/Work/Projects/UE4_Projects/FighterGame/Content/StarterContent/Maps/Minimal_Default.umap
[2016.01.22-20.33.08:179][187]LogFileHelpers: Saving map 'Minimal_Default' took 9.976
[2016.01.22-20.33.08:185][187]Cmd: OBJ SAVEPACKAGE PACKAGE="/Game/JarcActor_Blueprint" FILE="../../../../../../Users/jychong/Documents/Work/Projects/UE4_Projects/FighterGame/Content/JarcActor_Blueprint.uasset" SILENT=true
[2016.01.22-20.33.08:403][187]LogSavePackage: Save=205.295609ms
[2016.01.22-20.33.08:403][187]LogSavePackage: Moving '../../../../../../Users/jychong/Documents/Work/Projects/UE4_Projects/FighterGame/Saved/JarcActor_BlueprintF6D5511549E90C89F1E15AA7855571D9.tmp' to '../../../../../../Users/jychong/Documents/Work/Projects/UE4_Projects/FighterGame/Content/JarcActor_Blueprint.uasset'
[2016.01.22-20.33.08:405][187]LogSavePackage: Total save time: 218.481388ms
[2016.01.22-20.33.08:405][187]LogSavePackage:Display: Finished SavePackage ../../../../../../Users/jychong/Documents/Work/Projects/UE4_Projects/FighterGame/Content/JarcActor_Blueprint.uasset
[2016.01.22-20.33.08:423][187]Cmd: OBJ SAVEPACKAGE PACKAGE="/Game/sample-img_Mat" FILE="../../../../../../Users/jychong/Documents/Work/Projects/UE4_Projects/FighterGame/Content/sample-img_Mat.uasset" SILENT=true
[2016.01.22-20.33.08:434][187]LogSavePackage: Save=9.584402ms
[2016.01.22-20.33.08:434][187]LogSavePackage: Moving '../../../../../../Users/jychong/Documents/Work/Projects/UE4_Projects/FighterGame/Saved/sample-img_Mat246230B84E3809C2323B1CB8BAA9F023.tmp' to '../../../../../../Users/jychong/Documents/Work/Projects/UE4_Projects/FighterGame/Content/sample-img_Mat.uasset'
[2016.01.22-20.33.08:435][187]LogSavePackage: Total save time: 11.304352ms
[2016.01.22-20.33.08:435][187]LogSavePackage:Display: Finished SavePackage ../../../../../../Users/jychong/Documents/Work/Projects/UE4_Projects/FighterGame/Content/sample-img_Mat.uasset
[2016.01.22-20.33.08:447][187]Cmd: OBJ SAVEPACKAGE PACKAGE="/Game/sample-img" FILE="../../../../../../Users/jychong/Documents/Work/Projects/UE4_Projects/FighterGame/Content/sample-img.uasset" SILENT=true
[2016.01.22-20.33.08:483][187]LogSavePackage: Save=33.934772ms
[2016.01.22-20.33.08:483][187]LogSavePackage: Moving '../../../../../../Users/jychong/Documents/Work/Projects/UE4_Projects/FighterGame/Saved/sample-imgEEBD56884B3EB9FB740CB996904352DE.tmp' to '../../../../../../Users/jychong/Documents/Work/Projects/UE4_Projects/FighterGame/Content/sample-img.uasset'
[2016.01.22-20.33.08:484][187]LogSavePackage: Total save time: 35.496574ms
[2016.01.22-20.33.08:484][187]LogSavePackage:Display: Finished SavePackage ../../../../../../Users/jychong/Documents/Work/Projects/UE4_Projects/FighterGame/Content/sample-img.uasset
[2016.01.22-20.33.14:118][240]LogMaterial: Missing cached shader map for material sample-img_Mat, compiling. 
[2016.01.22-20.33.14:130][240]LogMaterial: 0.000145 seconds spent updating 1 materials, 1 interfaces, 0 instances, 0 with static permutations.
[2016.01.22-20.33.14:154][240]LogMaterial: Missing cached shader map for material sample-img_Mat, compiling. 
[2016.01.22-20.33.14:168][240]LogMaterial: Missing cached shader map for material sample-img_Mat, compiling. 
[2016.01.22-20.33.14:177][240]LogMaterial: 0.000459 seconds spent updating 1 materials, 1 interfaces, 0 instances, 0 with static permutations.
[2016.01.22-20.33.26:084][304]LogEditorViewport: Clicking on Actor (LMB): PostProcessVolume (PostProcessVolume)
[2016.01.22-20.33.27:560][476]LogBlueprintUserMessages: Early PlayInEditor Detection: Level '/Game/StarterContent/Maps/Minimal_Default.Minimal_Default:PersistentLevel' has LevelScriptBlueprint '/Game/StarterContent/Maps/Minimal_Default.Minimal_Default:PersistentLevel.Minimal_Default' with GeneratedClass '/Game/StarterContent/Maps/Minimal_Default.Minimal_Default_C' with ClassGeneratedBy '/Game/StarterContent/Maps/Minimal_Default.Minimal_Default:PersistentLevel.Minimal_Default'
[2016.01.22-20.33.27:560][476]LogPlayLevel: PlayLevel: No blueprints needed recompiling
[2016.01.22-20.33.27:560][476]PIE: New page: PIE session: Minimal_Default (Jan 22, 2016, 4:33:27 AM)
[2016.01.22-20.33.27:560][476]LogPlayLevel: Creating play world package: /Game/StarterContent/Maps/UEDPIE_0_Minimal_Default
[2016.01.22-20.33.27:564][476]LogPlayLevel: PIE: StaticDuplicateObject took: (0.003381s)
[2016.01.22-20.33.27:564][476]LogAIModule: Creating AISystem for world Minimal_Default
[2016.01.22-20.33.27:564][476]LogPlayLevel: PIE: World Init took: (0.000457s)
[2016.01.22-20.33.27:564][476]LogPlayLevel: PIE: Created PIE world by copying editor world from /Game/StarterContent/Maps/Minimal_Default.Minimal_Default to /Game/StarterContent/Maps/UEDPIE_0_Minimal_Default.Minimal_Default (0.003965s)
[2016.01.22-20.33.27:588][476]LogParticles: Destroying 0 GPU particle simulations for FXSystem 0x00000187A99B1800
[2016.01.22-20.33.27:588][476]LogInit: XAudio2 using 'VS24A-4 (NVIDIA High Definition Audio)' : 2 channels at 48 kHz using 16 bits per sample (channel mask 0x3)
[2016.01.22-20.33.27:591][476]LogInit: FAudioDevice initialized.
[2016.01.22-20.33.27:623][476]LogWorld: Game class is 'PlayStudiosGameMode'
[2016.01.22-20.33.27:627][476]LogWorld: Bringing World /Game/StarterContent/Maps/UEDPIE_0_Minimal_Default.Minimal_Default up for play (max tick rate 0) at 2016.01.22-12.33.27
[2016.01.22-20.33.27:627][476]LogActor:Warning: GameSession /Game/StarterContent/Maps/UEDPIE_0_Minimal_Default.Minimal_Default:PersistentLevel.GameSession_2 has natively added scene component(s), but none of them were set as the actor's RootComponent - picking one arbitrarily
[2016.01.22-20.33.27:627][476]LogActor:Warning: GameNetworkManager /Game/StarterContent/Maps/UEDPIE_0_Minimal_Default.Minimal_Default:PersistentLevel.GameNetworkManager_2 has natively added scene component(s), but none of them were set as the actor's RootComponent - picking one arbitrarily
[2016.01.22-20.33.27:629][476]LogWorld: Bringing up level for play took: 0.005647
[2016.01.22-20.33.27:631][476]PIE: Info Play in editor start time for /Game/StarterContent/Maps/UEDPIE_0_Minimal_Default -0.581
[2016.01.22-20.33.27:631][476]LogBlueprintUserMessages: Late PlayInEditor Detection: Level '/Game/StarterContent/Maps/Minimal_Default.Minimal_Default:PersistentLevel' has LevelScriptBlueprint '/Game/StarterContent/Maps/Minimal_Default.Minimal_Default:PersistentLevel.Minimal_Default' with GeneratedClass '/Game/StarterContent/Maps/Minimal_Default.Minimal_Default_C' with ClassGeneratedBy '/Game/StarterContent/Maps/Minimal_Default.Minimal_Default:PersistentLevel.Minimal_Default'
[2016.01.22-20.33.36:004][470]LogBlueprintUserMessages: Early EndPlayMap Detection: Level '/Game/StarterContent/Maps/Minimal_Default.Minimal_Default:PersistentLevel' has LevelScriptBlueprint '/Game/StarterContent/Maps/Minimal_Default.Minimal_Default:PersistentLevel.Minimal_Default' with GeneratedClass '/Game/StarterContent/Maps/Minimal_Default.Minimal_Default_C' with ClassGeneratedBy '/Game/StarterContent/Maps/Minimal_Default.Minimal_Default:PersistentLevel.Minimal_Default'
[2016.01.22-20.33.36:044][470]LogBlueprintUserMessages: Late EndPlayMap Detection: Level '/Game/StarterContent/Maps/Minimal_Default.Minimal_Default:PersistentLevel' has LevelScriptBlueprint '/Game/StarterContent/Maps/Minimal_Default.Minimal_Default:PersistentLevel.Minimal_Default' with GeneratedClass '/Game/StarterContent/Maps/Minimal_Default.Minimal_Default_C' with ClassGeneratedBy '/Game/StarterContent/Maps/Minimal_Default.Minimal_Default:PersistentLevel.Minimal_Default'
[2016.01.22-20.33.36:061][470]LogParticles: Destroying 0 GPU particle simulations for FXSystem 0x00000187AAF04C20
[2016.01.22-20.33.38:690][537]LogSavePackage: Save=57.411369ms
[2016.01.22-20.33.38:690][537]LogSavePackage: Moving '../../../../../../Users/jychong/Documents/Work/Projects/UE4_Projects/FighterGame/Saved/Minimal_DefaultC2F4B7434B6E333F00AA619691640C91.tmp' to '../../../../../../Users/jychong/Documents/Work/Projects/UE4_Projects/FighterGame/Content/StarterContent/Maps/Minimal_Default.umap'
[2016.01.22-20.33.38:692][537]LogSavePackage: Total save time: 66.729296ms
[2016.01.22-20.33.38:692][537]LogSavePackage:Display: Finished SavePackage ../../../../../../Users/jychong/Documents/Work/Projects/UE4_Projects/FighterGame/Content/StarterContent/Maps/Minimal_Default.umap
[2016.01.22-20.33.38:718][537]LogFileHelpers: Saving map 'Minimal_Default' took 2.051
[2016.01.22-20.33.38:735][537]Cmd: OBJ SAVEPACKAGE PACKAGE="/Game/sample-img_Mat" FILE="../../../../../../Users/jychong/Documents/Work/Projects/UE4_Projects/FighterGame/Content/sample-img_Mat.uasset" SILENT=true
[2016.01.22-20.33.38:755][537]LogSavePackage: Save=9.529471ms
[2016.01.22-20.33.38:755][537]LogSavePackage: Moving '../../../../../../Users/jychong/Documents/Work/Projects/UE4_Projects/FighterGame/Saved/sample-img_Mat113DF291497CD7E15D846CA204500E25.tmp' to '../../../../../../Users/jychong/Documents/Work/Projects/UE4_Projects/FighterGame/Content/sample-img_Mat.uasset'
[2016.01.22-20.33.38:756][537]LogSavePackage: Total save time: 20.891819ms
[2016.01.22-20.33.38:756][537]LogSavePackage:Display: Finished SavePackage ../../../../../../Users/jychong/Documents/Work/Projects/UE4_Projects/FighterGame/Content/sample-img_Mat.uasset
[2016.01.22-20.34.12:466][232]Cmd: MAP CHECK
[2016.01.22-20.34.12:466][232]MapCheck: New page: Minimal_Default - Jan 22, 2016, 4:34:12 AM
[2016.01.22-20.34.12:520][232]MapCheck:Warning: Warning JarcActor_Blueprint_C_1 CreatureMeshComponent /Game/StarterContent/Maps/Minimal_Default.Minimal_Default:PersistentLevel.JarcActor_Blueprint_C_1.CreatureMesh : Externally referenced 
[2016.01.22-20.34.12:520][232]MapCheck:Warning: Warning Cube_4 StaticMeshComponent /Game/StarterContent/Maps/Minimal_Default.Minimal_Default:PersistentLevel.Cube_4.StaticMeshComponent0 : Externally referenced 
[2016.01.22-20.34.12:520][232]MapCheck:Warning: Warning Floor StaticMeshComponent /Game/StarterContent/Maps/Minimal_Default.Minimal_Default:PersistentLevel.Floor.StaticMeshComponent0 : Externally referenced 
[2016.01.22-20.34.12:520][232]MapCheck:Warning: Warning Sphere_4 StaticMeshComponent /Game/StarterContent/Maps/Minimal_Default.Minimal_Default:PersistentLevel.Sphere_4.StaticMeshComponent0 : Externally referenced 
[2016.01.22-20.34.12:520][232]MapCheck:Warning: Warning Sphere2 StaticMeshComponent /Game/StarterContent/Maps/Minimal_Default.Minimal_Default:PersistentLevel.Sphere2.StaticMeshComponent0 : Externally referenced 
[2016.01.22-20.34.12:520][232]MapCheck:Warning: Warning Floor StaticMeshComponent /Game/StarterContent/Maps/Minimal_Default.Minimal_Default:PersistentLevel.Floor.StaticMeshComponent0 : Externally referenced 
[2016.01.22-20.34.12:520][232]MapCheck:Warning: Warning EdGraphPin_9663 EdGraphPin /Game/StarterContent/Maps/Minimal_Default.Minimal_Default:PersistentLevel.Minimal_Default.EventGraph.K2Node_CallFunction_2632.EdGraphPin_9663 : Externally referenced 
[2016.01.22-20.34.12:520][232]MapCheck:Warning: Warning EdGraphPin_9663 EdGraphPin /Game/StarterContent/Maps/Minimal_Default.Minimal_Default:PersistentLevel.Minimal_Default.ExecuteUbergraph_Minimal_Default.K2Node_CallFunction_2646.EdGraphPin_9663 : Externally referenced 
[2016.01.22-20.34.12:520][232]MapCheck:Warning: Warning EdGraphPin_9663 EdGraphPin /Game/StarterContent/Maps/Minimal_Default.Minimal_Default:PersistentLevel.Minimal_Default.ExecuteUbergraph_Minimal_Default.K2Node_CallFunction_2644.EdGraphPin_9663 : Externally referenced 
[2016.01.22-20.34.12:520][232]MapCheck:Warning: Warning JarcActor_Blueprint_C_1 CreatureMeshComponent /Game/StarterContent/Maps/Minimal_Default.Minimal_Default:PersistentLevel.JarcActor_Blueprint_C_1.CreatureMesh : Externally referenced 
[2016.01.22-20.34.12:520][232]MapCheck: Info Map check complete: 0 Error(s), 10 Warning(s), took 54.192ms to complete.
[2016.01.22-20.34.59:826][296]LogBlueprintUserMessages: Early PlayInEditor Detection: Level '/Game/StarterContent/Maps/Minimal_Default.Minimal_Default:PersistentLevel' has LevelScriptBlueprint '/Game/StarterContent/Maps/Minimal_Default.Minimal_Default:PersistentLevel.Minimal_Default' with GeneratedClass '/Game/StarterContent/Maps/Minimal_Default.Minimal_Default_C' with ClassGeneratedBy '/Game/StarterContent/Maps/Minimal_Default.Minimal_Default:PersistentLevel.Minimal_Default'
[2016.01.22-20.34.59:826][296]LogPlayLevel: PlayLevel: No blueprints needed recompiling
[2016.01.22-20.34.59:826][296]PIE: New page: PIE session: Minimal_Default (Jan 22, 2016, 4:34:59 AM)
[2016.01.22-20.34.59:826][296]LogPlayLevel: Creating play world package: /Game/StarterContent/Maps/UEDPIE_0_Minimal_Default
[2016.01.22-20.34.59:830][296]LogPlayLevel: PIE: StaticDuplicateObject took: (0.003918s)
[2016.01.22-20.34.59:830][296]LogAIModule: Creating AISystem for world Minimal_Default
[2016.01.22-20.34.59:831][296]LogPlayLevel: PIE: World Init took: (0.000497s)
[2016.01.22-20.34.59:831][296]LogPlayLevel: PIE: Created PIE world by copying editor world from /Game/StarterContent/Maps/Minimal_Default.Minimal_Default to /Game/StarterContent/Maps/UEDPIE_0_Minimal_Default.Minimal_Default (0.004551s)
[2016.01.22-20.34.59:853][296]LogInit: XAudio2 using 'VS24A-4 (NVIDIA High Definition Audio)' : 2 channels at 48 kHz using 16 bits per sample (channel mask 0x3)
[2016.01.22-20.34.59:855][296]LogInit: FAudioDevice initialized.
[2016.01.22-20.34.59:883][296]LogWorld: Game class is 'PlayStudiosGameMode'
[2016.01.22-20.34.59:888][296]LogWorld: Bringing World /Game/StarterContent/Maps/UEDPIE_0_Minimal_Default.Minimal_Default up for play (max tick rate 0) at 2016.01.22-12.34.59
[2016.01.22-20.34.59:888][296]LogActor:Warning: GameSession /Game/StarterContent/Maps/UEDPIE_0_Minimal_Default.Minimal_Default:PersistentLevel.GameSession_3 has natively added scene component(s), but none of them were set as the actor's RootComponent - picking one arbitrarily
[2016.01.22-20.34.59:888][296]LogActor:Warning: GameNetworkManager /Game/StarterContent/Maps/UEDPIE_0_Minimal_Default.Minimal_Default:PersistentLevel.GameNetworkManager_3 has natively added scene component(s), but none of them were set as the actor's RootComponent - picking one arbitrarily
[2016.01.22-20.34.59:890][296]LogWorld: Bringing up level for play took: 0.006250
[2016.01.22-20.34.59:892][296]PIE: Info Play in editor start time for /Game/StarterContent/Maps/UEDPIE_0_Minimal_Default -0.319
[2016.01.22-20.34.59:892][296]LogBlueprintUserMessages: Late PlayInEditor Detection: Level '/Game/StarterContent/Maps/Minimal_Default.Minimal_Default:PersistentLevel' has LevelScriptBlueprint '/Game/StarterContent/Maps/Minimal_Default.Minimal_Default:PersistentLevel.Minimal_Default' with GeneratedClass '/Game/StarterContent/Maps/Minimal_Default.Minimal_Default_C' with ClassGeneratedBy '/Game/StarterContent/Maps/Minimal_Default.Minimal_Default:PersistentLevel.Minimal_Default'
[2016.01.22-20.35.01:749][518]LogBlueprintUserMessages: Early EndPlayMap Detection: Level '/Game/StarterContent/Maps/Minimal_Default.Minimal_Default:PersistentLevel' has LevelScriptBlueprint '/Game/StarterContent/Maps/Minimal_Default.Minimal_Default:PersistentLevel.Minimal_Default' with GeneratedClass '/Game/StarterContent/Maps/Minimal_Default.Minimal_Default_C' with ClassGeneratedBy '/Game/StarterContent/Maps/Minimal_Default.Minimal_Default:PersistentLevel.Minimal_Default'
[2016.01.22-20.35.01:780][518]LogBlueprintUserMessages: Late EndPlayMap Detection: Level '/Game/StarterContent/Maps/Minimal_Default.Minimal_Default:PersistentLevel' has LevelScriptBlueprint '/Game/StarterContent/Maps/Minimal_Default.Minimal_Default:PersistentLevel.Minimal_Default' with GeneratedClass '/Game/StarterContent/Maps/Minimal_Default.Minimal_Default_C' with ClassGeneratedBy '/Game/StarterContent/Maps/Minimal_Default.Minimal_Default:PersistentLevel.Minimal_Default'
[2016.01.22-20.35.01:797][518]LogParticles: Destroying 0 GPU particle simulations for FXSystem 0x00000187AA738400
[2016.01.22-20.35.04:003][781]LogEditorViewport: Clicking on Actor (LMB): BP_Sky_Sphere_C (BP_Sky_Sphere)
[2016.01.22-20.35.05:654][976]LogEditorViewport: Clicking on Actor (LMB): BP_Sky_Sphere_C (BP_Sky_Sphere)
[2016.01.22-20.35.07:831][226]LogWindowsTextInputMethodSystem:Display: IME system now deactivated.
[2016.01.22-20.35.08:016][227]Cmd: QUIT_EDITOR
[2016.01.22-20.35.09:079][227]LogExit: Preparing to exit.
[2016.01.22-20.35.09:597][227]LogExit: Editor shut down
[2016.01.22-20.35.09:598][227]LogExit: Transaction tracking system shut down
[2016.01.22-20.35.09:600][227]LogParticles: Destroying 0 GPU particle simulations for FXSystem 0x00000187E21C5620
[2016.01.22-20.35.09:600][227]LogParticles: Destroying 0 GPU particle simulations for FXSystem 0x00000187F6BA3920
[2016.01.22-20.35.09:601][227]LogParticles: Destroying 0 GPU particle simulations for FXSystem 0x00000187E254EC00
[2016.01.22-20.35.09:601][227]LogParticles: Destroying 0 GPU particle simulations for FXSystem 0x00000187FC81BF60
[2016.01.22-20.35.09:601][227]LogParticles: Destroying 0 GPU particle simulations for FXSystem 0x00000187FC81BEC0
[2016.01.22-20.35.09:727][227]LogExit: Object subsystem successfully closed.
[2016.01.22-20.35.09:746][227]LogD3D11RHI: Shutdown
[2016.01.22-20.35.09:746][227]LogD3D11RHI: CleanupD3DDevice
[2016.01.22-20.35.09:802][227]LogD3D11RHI: ~FD3D11DynamicRHI
[2016.01.22-20.35.09:811][227]LogModuleManager: Shutting down and abandoning module CookingStats (205)
[2016.01.22-20.35.09:811][227]LogModuleManager: Shutting down and abandoning module MaterialEditor (204)
[2016.01.22-20.35.09:811][227]LogModuleManager: Shutting down and abandoning module TextureEditor (203)
[2016.01.22-20.35.09:811][227]LogModuleManager: Shutting down and abandoning module BlueprintGraph (202)
[2016.01.22-20.35.09:811][227]LogModuleManager: Shutting down and abandoning module CrashTracker (201)
[2016.01.22-20.35.09:811][227]LogModuleManager: Shutting down and abandoning module SceneOutliner (200)
[2016.01.22-20.35.09:811][227]LogModuleManager: Shutting down and abandoning module SuperSearch (199)
[2016.01.22-20.35.09:811][227]LogModuleManager: Shutting down and abandoning module WidgetCarousel (198)
[2016.01.22-20.35.09:811][227]LogModuleManager: Shutting down and abandoning module AddContentDialog (197)
[2016.01.22-20.35.09:812][227]LogModuleManager: Shutting down and abandoning module EditorWidgets (196)
[2016.01.22-20.35.09:812][227]LogModuleManager: Shutting down and abandoning module CollectionManager (195)
[2016.01.22-20.35.09:812][227]LogModuleManager: Shutting down and abandoning module StatsViewer (194)
[2016.01.22-20.35.09:812][227]LogModuleManager: Shutting down and abandoning module FoliageEdit (193)
[2016.01.22-20.35.09:812][227]LogModuleManager: Shutting down and abandoning module LandscapeEditor (192)
[2016.01.22-20.35.09:812][227]LogModuleManager: Shutting down and abandoning module ActorPickerMode (191)
[2016.01.22-20.35.09:812][227]LogModuleManager: Shutting down and abandoning module GeometryMode (190)
[2016.01.22-20.35.09:812][227]LogModuleManager: Shutting down and abandoning module TextureAlignMode (189)
[2016.01.22-20.35.09:812][227]LogModuleManager: Shutting down and abandoning module BspMode (188)
[2016.01.22-20.35.09:812][227]LogModuleManager: Shutting down and abandoning module PlacementMode (187)
[2016.01.22-20.35.09:812][227]LogModuleManager: Shutting down and abandoning module AutomationWorker (186)
[2016.01.22-20.35.09:812][227]LogModuleManager: Shutting down and abandoning module CharacterAI (185)
[2016.01.22-20.35.09:812][227]LogModuleManager: Shutting down and abandoning module SmartSnapping (184)
[2016.01.22-20.35.09:812][227]LogModuleManager: Shutting down and abandoning module ViewportSnapping (183)
[2016.01.22-20.35.09:812][227]LogModuleManager: Shutting down and abandoning module LogVisualizer (182)
[2016.01.22-20.35.09:812][227]LogModuleManager: Shutting down and abandoning module GameProjectGeneration (181)
[2016.01.22-20.35.09:812][227]LogModuleManager: Shutting down and abandoning module IntroTutorials (180)
[2016.01.22-20.35.09:812][227]LogModuleManager: Shutting down and abandoning module EditorLiveStreaming (179)
[2016.01.22-20.35.09:812][227]LogModuleManager: Shutting down and abandoning module IOSPlatformEditor (178)
[2016.01.22-20.35.09:812][227]LogModuleManager: Shutting down and abandoning module HTML5PlatformEditor (177)
[2016.01.22-20.35.09:812][227]LogModuleManager: Shutting down and abandoning module AndroidDeviceDetection (176)
[2016.01.22-20.35.10:201][227]LogModuleManager: Shutting down and abandoning module AndroidPlatformEditor (175)
[2016.01.22-20.35.10:201][227]LogModuleManager: Shutting down and abandoning module IOSRuntimeSettings (174)
[2016.01.22-20.35.10:201][227]LogModuleManager: Shutting down and abandoning module AndroidRuntimeSettings (173)
[2016.01.22-20.35.10:201][227]LogModuleManager: Shutting down and abandoning module MergeActors (172)
[2016.01.22-20.35.10:201][227]LogModuleManager: Shutting down and abandoning module SizeMap (171)
[2016.01.22-20.35.10:201][227]LogModuleManager: Shutting down and abandoning module TreeMap (170)
[2016.01.22-20.35.10:201][227]LogModuleManager: Shutting down and abandoning module ReferenceViewer (169)
[2016.01.22-20.35.10:201][227]LogModuleManager: Shutting down and abandoning module LocalizationService (168)
[2016.01.22-20.35.10:201][227]LogModuleManager: Shutting down and abandoning module LocalizationDashboard (167)
[2016.01.22-20.35.10:201][227]LogModuleManager: Shutting down and abandoning module HardwareTargeting (166)
[2016.01.22-20.35.10:201][227]LogModuleManager: Shutting down and abandoning module DeviceProfileEditor (165)
[2016.01.22-20.35.10:201][227]LogModuleManager: Shutting down and abandoning module UndoHistory (164)
[2016.01.22-20.35.10:201][227]LogModuleManager: Shutting down and abandoning module GameplayTagsEditor (163)
[2016.01.22-20.35.10:201][227]LogModuleManager: Shutting down and abandoning module UserFeedback (162)
[2016.01.22-20.35.10:201][227]LogModuleManager: Shutting down and abandoning module XmlParser (161)
[2016.01.22-20.35.10:201][227]LogModuleManager: Shutting down and abandoning module Blutility (160)
[2016.01.22-20.35.10:201][227]LogModuleManager: Shutting down and abandoning module ProjectTargetPlatformEditor (159)
[2016.01.22-20.35.10:201][227]LogModuleManager: Shutting down and abandoning module ProjectSettingsViewer (158)
[2016.01.22-20.35.10:201][227]LogModuleManager: Shutting down and abandoning module InputBindingEditor (157)
[2016.01.22-20.35.10:201][227]LogModuleManager: Shutting down and abandoning module EditorSettingsViewer (156)
[2016.01.22-20.35.10:201][227]LogModuleManager: Shutting down and abandoning module SettingsEditor (155)
[2016.01.22-20.35.10:201][227]LogModuleManager: Shutting down and abandoning module ProjectLauncher (154)
[2016.01.22-20.35.10:201][227]LogModuleManager: Shutting down and abandoning module SessionFrontend (153)
[2016.01.22-20.35.10:201][227]LogModuleManager: Shutting down and abandoning module ProfilerClient (152)
[2016.01.22-20.35.10:201][227]LogModuleManager: Shutting down and abandoning module TargetDeviceServices (151)
[2016.01.22-20.35.10:201][227]LogModuleManager: Shutting down and abandoning module DeviceManager (150)
[2016.01.22-20.35.10:201][227]LogModuleManager: Shutting down and abandoning module AutomationController (149)
[2016.01.22-20.35.10:201][227]LogModuleManager: Shutting down and abandoning module AutomationWindow (148)
[2016.01.22-20.35.10:201][227]LogModuleManager: Shutting down and abandoning module Layers (147)
[2016.01.22-20.35.10:201][227]LogModuleManager: Shutting down and abandoning module ComponentVisualizers (146)
[2016.01.22-20.35.10:202][227]LogModuleManager: Shutting down and abandoning module DetailCustomizations (145)
[2016.01.22-20.35.10:202][227]LogModuleManager: Shutting down and abandoning module PackagesDialog (144)
[2016.01.22-20.35.10:202][227]LogModuleManager: Shutting down and abandoning module Persona (143)
[2016.01.22-20.35.10:202][227]LogModuleManager: Shutting down and abandoning module Kismet (142)
[2016.01.22-20.35.10:202][227]LogModuleManager: Shutting down and abandoning module GraphEditor (141)
[2016.01.22-20.35.10:202][227]LogModuleManager: Shutting down and abandoning module ClassViewer (140)
[2016.01.22-20.35.10:202][227]LogModuleManager: Shutting down and abandoning module Toolbox (139)
[2016.01.22-20.35.10:202][227]LogModuleManager: Shutting down and abandoning module ModuleUI (138)
[2016.01.22-20.35.10:202][227]LogModuleManager: Shutting down and abandoning module MovieSceneTools (137)
[2016.01.22-20.35.10:202][227]LogModuleManager: Shutting down and abandoning module OutputLog (136)
[2016.01.22-20.35.10:202][227]LogModuleManager: Shutting down and abandoning module GammaUI (135)
[2016.01.22-20.35.10:202][227]LogModuleManager: Shutting down and abandoning module Documentation (134)
[2016.01.22-20.35.10:202][227]LogModuleManager: Shutting down and abandoning module GameLiveStreaming (133)
[2016.01.22-20.35.10:202][227]LogModuleManager: Shutting down and abandoning module StreamingPauseRendering (132)
[2016.01.22-20.35.10:202][227]LogModuleManager: Shutting down and abandoning module AnalyticsET (131)
[2016.01.22-20.35.10:202][227]LogModuleManager: Shutting down and abandoning module Analytics (130)
[2016.01.22-20.35.10:202][227]LogModuleManager: Shutting down and abandoning module AITestSuite (129)
[2016.01.22-20.35.10:202][227]LogModuleManager: Shutting down and abandoning module GameplayDebugger (128)
[2016.01.22-20.35.10:202][227]LogModuleManager: Shutting down and abandoning module AIModule (127)
[2016.01.22-20.35.10:202][227]LogModuleManager: Shutting down and abandoning module ProfilerService (126)
[2016.01.22-20.35.10:254][227]LogModuleManager: Shutting down and abandoning module TaskGraph (125)
[2016.01.22-20.35.10:254][227]LogModuleManager: Shutting down and abandoning module CreatureEditor (124)
[2016.01.22-20.35.10:254][227]LogModuleManager: Shutting down and abandoning module SlateRemote (123)
[2016.01.22-20.35.10:254][227]LogModuleManager: Shutting down and abandoning module SteamVRController (122)
[2016.01.22-20.35.10:254][227]LogModuleManager: Shutting down and abandoning module SteamVR (121)
[2016.01.22-20.35.10:254][227]LogModuleManager: Shutting down and abandoning module ProceduralMeshComponent (120)
[2016.01.22-20.35.10:254][227]LogModuleManager: Shutting down and abandoning module OculusLibrary (119)
[2016.01.22-20.35.10:254][227]LogModuleManager: Shutting down and abandoning module OculusInput (118)
[2016.01.22-20.35.10:254][227]LogModuleManager: Shutting down and abandoning module LeapMotionController (117)
[2016.01.22-20.35.10:266][227]LogModuleManager: Shutting down and abandoning module CustomMeshComponent (116)
[2016.01.22-20.35.10:266][227]LogModuleManager: Shutting down and abandoning module CableComponent (115)
[2016.01.22-20.35.10:266][227]LogModuleManager: Shutting down and abandoning module ArchVisCharacter (114)
[2016.01.22-20.35.10:266][227]LogModuleManager: Shutting down and abandoning module MessagingDebugger (113)
[2016.01.22-20.35.10:266][227]LogModuleManager: Shutting down and abandoning module MediaPlayerEditor (112)
[2016.01.22-20.35.10:266][227]LogModuleManager: Shutting down and abandoning module HTML5Networking (111)
[2016.01.22-20.35.10:266][227]LogModuleManager: Shutting down and abandoning module SpeedTreeImporter (110)
[2016.01.22-20.35.10:266][227]LogModuleManager: Shutting down and abandoning module PluginBrowser (109)
[2016.01.22-20.35.10:266][227]LogModuleManager: Shutting down and abandoning module EpicSurvey (108)
[2016.01.22-20.35.10:266][227]LogModuleManager: Shutting down and abandoning module DesktopPlatform (107)
[2016.01.22-20.35.10:266][227]LogModuleManager: Shutting down and abandoning module VisualStudioSourceCodeAccess (106)
[2016.01.22-20.35.10:266][227]LogModuleManager: Shutting down and abandoning module UObjectPlugin (105)
[2016.01.22-20.35.10:266][227]LogModuleManager: Shutting down and abandoning module SubversionSourceControl (104)
[2016.01.22-20.35.10:266][227]LogModuleManager: Shutting down and abandoning module PerforceSourceControl (103)
[2016.01.22-20.35.10:267][227]LogModuleManager: Shutting down and abandoning module SourceControl (102)
[2016.01.22-20.35.10:267][227]LogModuleManager: Shutting down and abandoning module GitSourceControl (101)
[2016.01.22-20.35.10:267][227]LogModuleManager: Shutting down and abandoning module LightPropagationVolumeEditor (100)
[2016.01.22-20.35.10:267][227]LogModuleManager: Shutting down and abandoning module PaperTiledImporter (99)
[2016.01.22-20.35.10:267][227]LogModuleManager: Shutting down and abandoning module PaperSpriteSheetImporter (98)
[2016.01.22-20.35.10:267][227]LogModuleManager: Shutting down and abandoning module MeshPaint (97)
[2016.01.22-20.35.10:267][227]LogModuleManager: Shutting down and abandoning module SlateReflector (96)
[2016.01.22-20.35.10:267][227]LogModuleManager: Shutting down and abandoning module HotReload (95)
[2016.01.22-20.35.10:267][227]LogModuleManager: Shutting down and abandoning module MainFrame (94)
[2016.01.22-20.35.10:267][227]LogModuleManager: Shutting down and abandoning module LevelEditor (93)
[2016.01.22-20.35.10:267][227]LogModuleManager: Shutting down and abandoning module DirectoryWatcher (92)
[2016.01.22-20.35.10:268][227]LogModuleManager: Shutting down and abandoning module AssetRegistry (91)
[2016.01.22-20.35.10:302][227]LogModuleManager: Shutting down and abandoning module ContentBrowser (90)
[2016.01.22-20.35.10:302][227]LogModuleManager: Shutting down and abandoning module Paper2DEditor (89)
[2016.01.22-20.35.10:302][227]LogModuleManager: Shutting down and abandoning module PlayStudios (88)
[2016.01.22-20.35.10:302][227]LogModuleManager: Shutting down and abandoning module CreaturePlugin (87)
[2016.01.22-20.35.10:302][227]LogModuleManager: Shutting down and abandoning module UdpMessaging (86)
[2016.01.22-20.35.10:403][227]LogModuleManager: Shutting down and abandoning module LightPropagationVolumeRuntime (85)
[2016.01.22-20.35.10:403][227]LogModuleManager: Shutting down and abandoning module Paper2D (84)
[2016.01.22-20.35.10:403][227]LogModuleManager: Shutting down and abandoning module WindowsMoviePlayer (83)
[2016.01.22-20.35.10:405][227]LogModuleManager: Shutting down and abandoning module Media (82)
[2016.01.22-20.35.10:405][227]LogModuleManager: Shutting down and abandoning module WmfMedia (81)
[2016.01.22-20.35.10:405][227]LogModuleManager: Shutting down and abandoning module OnlineBlueprintSupport (80)
[2016.01.22-20.35.10:405][227]LogModuleManager: Shutting down and abandoning module GameplayTasksEditor (79)
[2016.01.22-20.35.10:405][227]LogModuleManager: Shutting down and abandoning module PropertyEditor (78)
[2016.01.22-20.35.10:405][227]LogModuleManager: Shutting down and abandoning module BehaviorTreeEditor (77)
[2016.01.22-20.35.10:405][227]LogModuleManager: Shutting down and abandoning module FunctionalTesting (76)
[2016.01.22-20.35.10:405][227]LogModuleManager: Shutting down and abandoning module CollisionAnalyzer (75)
[2016.01.22-20.35.10:405][227]LogModuleManager: Shutting down and abandoning module WorkspaceMenuStructure (74)
[2016.01.22-20.35.10:405][227]LogModuleManager: Shutting down and abandoning module MessageLog (73)
[2016.01.22-20.35.10:405][227]LogModuleManager: Shutting down and abandoning module Sequencer (72)
[2016.01.22-20.35.10:405][227]LogModuleManager: Shutting down and abandoning module AssetTools (71)
[2016.01.22-20.35.10:405][227]LogModuleManager: Shutting down and abandoning module UMGEditor (70)
[2016.01.22-20.35.10:405][227]LogModuleManager: Shutting down and abandoning module UMG (69)
[2016.01.22-20.35.10:405][227]LogModuleManager: Shutting down and abandoning module Slate (68)
[2016.01.22-20.35.10:405][227]LogModuleManager: Shutting down and abandoning module EditorStyle (67)
[2016.01.22-20.35.10:406][227]LogModuleManager: Shutting down and abandoning module SessionServices (66)
[2016.01.22-20.35.10:406][227]LogModuleManager: Shutting down and abandoning module SourceCodeAccess (65)
[2016.01.22-20.35.10:406][227]LogModuleManager: Shutting down and abandoning module HeadMountedDisplay (64)
[2016.01.22-20.35.10:406][227]LogModuleManager: Shutting down and abandoning module XAudio2 (63)
[2016.01.22-20.35.10:406][227]LogModuleManager: Shutting down and abandoning module Networking (61)
[2016.01.22-20.35.10:406][227]LogModuleManager: Shutting down and abandoning module Core (60)
[2016.01.22-20.35.10:406][227]LogModuleManager: Shutting down and abandoning module KismetCompiler (59)
[2016.01.22-20.35.10:406][227]LogModuleManager: Shutting down and abandoning module PhysXFormats (58)
[2016.01.22-20.35.10:406][227]LogModuleManager: Shutting down and abandoning module MeshUtilities (57)
[2016.01.22-20.35.10:406][227]LogModuleManager: Shutting down and abandoning module DerivedDataCache (56)
[2016.01.22-20.35.10:445][227]LogDerivedDataCache: Shutdown
[2016.01.22-20.35.10:445][227]LogModuleManager: Shutting down and abandoning module ShaderFormatOpenGL (55)
[2016.01.22-20.35.10:445][227]LogModuleManager: Shutting down and abandoning module ShaderFormatD3D (54)
[2016.01.22-20.35.10:445][227]LogModuleManager: Shutting down and abandoning module MetalShaderFormat (53)
[2016.01.22-20.35.10:445][227]LogModuleManager: Shutting down and abandoning module TextureFormatUncompressed (52)
[2016.01.22-20.35.10:445][227]LogModuleManager: Shutting down and abandoning module TextureFormatPVR (51)
[2016.01.22-20.35.10:445][227]LogModuleManager: Shutting down and abandoning module TextureFormatIntelISPCTexComp (50)
[2016.01.22-20.35.10:445][227]LogModuleManager: Shutting down and abandoning module TextureFormatDXT (49)
[2016.01.22-20.35.10:445][227]LogModuleManager: Shutting down and abandoning module ImageWrapper (48)
[2016.01.22-20.35.10:445][227]LogModuleManager: Shutting down and abandoning module TextureFormatASTC (47)
[2016.01.22-20.35.10:445][227]LogModuleManager: Shutting down and abandoning module TextureFormatAndroid (46)
[2016.01.22-20.35.10:445][227]LogModuleManager: Shutting down and abandoning module AudioFormatOpus (45)
[2016.01.22-20.35.10:445][227]LogModuleManager: Shutting down and abandoning module AudioFormatOgg (44)
[2016.01.22-20.35.10:445][227]LogModuleManager: Shutting down and abandoning module AudioFormatADPCM (43)
[2016.01.22-20.35.10:445][227]LogModuleManager: Shutting down and abandoning module LinuxTargetPlatform (42)
[2016.01.22-20.35.10:445][227]LogModuleManager: Shutting down and abandoning module LinuxServerTargetPlatform (41)
[2016.01.22-20.35.10:445][227]LogModuleManager: Shutting down and abandoning module LinuxNoEditorTargetPlatform (40)
[2016.01.22-20.35.10:445][227]LogModuleManager: Shutting down and abandoning module Messaging (39)
[2016.01.22-20.35.10:445][227]LogModuleManager: Shutting down and abandoning module IOSTargetPlatform (38)
[2016.01.22-20.35.10:445][227]LogModuleManager: Shutting down and abandoning module HTML5TargetPlatform (37)
[2016.01.22-20.35.10:445][227]LogModuleManager: Shutting down and abandoning module Android_PVRTCTargetPlatform (36)
[2016.01.22-20.35.10:445][227]LogModuleManager: Shutting down and abandoning module Android_MultiTargetPlatform (35)
[2016.01.22-20.35.10:445][227]LogModuleManager: Shutting down and abandoning module Android_ETC2TargetPlatform (34)
[2016.01.22-20.35.10:445][227]LogModuleManager: Shutting down and abandoning module Android_ETC1TargetPlatform (33)
[2016.01.22-20.35.10:445][227]LogModuleManager: Shutting down and abandoning module Android_DXTTargetPlatform (32)
[2016.01.22-20.35.10:445][227]LogModuleManager: Shutting down and abandoning module Android_ATCTargetPlatform (31)
[2016.01.22-20.35.10:445][227]LogModuleManager: Shutting down and abandoning module Android_ASTCTargetPlatform (30)
[2016.01.22-20.35.10:445][227]LogModuleManager: Shutting down and abandoning module AndroidTargetPlatform (29)
[2016.01.22-20.35.10:445][227]LogModuleManager: Shutting down and abandoning module WindowsTargetPlatform (28)
[2016.01.22-20.35.10:445][227]LogModuleManager: Shutting down and abandoning module WindowsServerTargetPlatform (27)
[2016.01.22-20.35.10:445][227]LogModuleManager: Shutting down and abandoning module WindowsNoEditorTargetPlatform (26)
[2016.01.22-20.35.10:445][227]LogModuleManager: Shutting down and abandoning module WindowsClientTargetPlatform (25)
[2016.01.22-20.35.10:445][227]LogModuleManager: Shutting down and abandoning module AllDesktopTargetPlatform (24)
[2016.01.22-20.35.10:445][227]LogModuleManager: Shutting down and abandoning module TargetPlatform (23)
[2016.01.22-20.35.10:445][227]LogModuleManager: Shutting down and abandoning module InputCore (22)
[2016.01.22-20.35.10:445][227]LogModuleManager: Shutting down and abandoning module Settings (21)
[2016.01.22-20.35.10:445][227]LogModuleManager: Shutting down and abandoning module OnlineSubsystem (19)
[2016.01.22-20.35.10:445][227]LogModuleManager: Shutting down and abandoning module HTTP (18)
[2016.01.22-20.35.11:447][227]LogModuleManager: Shutting down and abandoning module XMPP (17)
[2016.01.22-20.35.11:447][227]LogModuleManager: Shutting down and abandoning module OculusRift (16)
[2016.01.22-20.35.11:447][227]LogModuleManager: Shutting down and abandoning module ExampleDeviceProfileSelector (15)
[2016.01.22-20.35.11:447][227]LogModuleManager: Shutting down and abandoning module TextureCompressor (14)
[2016.01.22-20.35.11:447][227]LogModuleManager: Shutting down and abandoning module ShaderCore (13)
[2016.01.22-20.35.11:447][227]LogModuleManager: Shutting down and abandoning module Landscape (12)
[2016.01.22-20.35.11:447][227]LogModuleManager: Shutting down and abandoning module SlateRHIRenderer (11)
[2016.01.22-20.35.11:448][227]LogModuleManager: Shutting down and abandoning module OpenGLDrv (10)
[2016.01.22-20.35.11:448][227]LogModuleManager: Shutting down and abandoning module D3D11RHI (9)
[2016.01.22-20.35.11:448][227]LogModuleManager: Shutting down and abandoning module AnimGraphRuntime (8)
[2016.01.22-20.35.11:448][227]LogModuleManager: Shutting down and abandoning module Renderer (7)
[2016.01.22-20.35.11:448][227]LogModuleManager: Shutting down and abandoning module Engine (6)
[2016.01.22-20.35.11:448][227]LogModuleManager: Shutting down and abandoning module CoreUObject (5)
[2016.01.22-20.35.11:448][227]LogModuleManager: Shutting down and abandoning module NetworkFile (4)
[2016.01.22-20.35.11:448][227]LogModuleManager: Shutting down and abandoning module StreamingFile (3)
[2016.01.22-20.35.11:448][227]LogModuleManager: Shutting down and abandoning module SandboxFile (2)
[2016.01.22-20.35.11:448][227]LogModuleManager: Shutting down and abandoning module PakFile (1)
[2016.01.22-20.35.11:449][227]LogExit: Exiting.
[2016.01.22-20.35.11:465][227]Log file closed, 01/22/16 12:35:11
