[2016.01.22-20.22.14:500][  0]Log file open, 01/22/16 12:22:14
[2016.01.22-20.22.14:500][  0]LogInit:Display: Running engine for game: FighetGame
[2016.01.22-20.22.14:500][  0]LogPlatformFile: Not using cached read wrapper
[2016.01.22-20.22.14:500][  0]LogInit:Display: RandInit(-842997947) SRandInit(-842997945).
[2016.01.22-20.22.14:500][  0]LogTaskGraph: Started task graph with 4 named threads and 7 total threads.
[2016.01.22-20.22.14:500][  0]LogStats: Stats thread started at 0.132085
[2016.01.22-20.22.14:500][  0]LogInit:Warning: Incompatible or missing module: UE4Editor-PlayStudios.dll
[2016.01.22-20.22.14:500][  0]LogInit:Warning: Incompatible or missing module: UE4Editor-CreaturePlugin.dll
[2016.01.22-20.22.14:500][  0]LogInit:Warning: Incompatible or missing module: UE4Editor-CreatureEditor.dll
[2016.01.22-20.22.15:501][  0]Running C:/Program Files/Epic Games/4.10/Engine/Binaries/DotNET/UnrealBuildTool.exe PlayStudiosEditor Development Win64 -project="C:/Users/jychong/Documents/Work/Projects/UE4_Projects/FighterGame/FighetGame.uproject" -rocket -editorrecompile -progress -noubtmakefiles -2015
[2016.01.22-20.22.25:687][  0]@progress push 5%
[2016.01.22-20.22.26:233][  0]Parsing headers for PlayStudiosEditor
[2016.01.22-20.22.26:233][  0]  Running UnrealHeaderTool "C:/Users/jychong/Documents/Work/Projects/UE4_Projects/FighterGame/FighetGame.uproject" "C:\Users\jychong\Documents\Work\Projects\UE4_Projects\FighterGame\Intermediate\Build\Win64\PlayStudiosEditor\Development\UnrealHeaderTool.manifest" -LogCmds="loginit warning, logexit warning, logdatabase error" -rocket -installed
[2016.01.22-20.22.31:207][  0]Reflection code generated for PlayStudiosEditor in 4.9122217 seconds
[2016.01.22-20.22.31:316][  0]@progress pop
[2016.01.22-20.22.36:243][  0]Performing 47 actions (4 in parallel)
[2016.01.22-20.22.36:243][  0][4/47] Resource ModuleVersionResource.rc.inl
[2016.01.22-20.22.36:243][  0]PCH.PlayStudios.h.cpp
[2016.01.22-20.22.36:244][  0]PCH.CreatureEditorPCH.h.cpp
[2016.01.22-20.22.36:245][  0]PCH.CreaturePluginPCH.h.cpp
[2016.01.22-20.22.36:447][  0][5/47] Resource PCLaunch.rc
[2016.01.22-20.22.36:659][  0][6/47] Resource PCLaunch.rc
[2016.01.22-20.22.36:882][  0][7/47] Resource ModuleVersionResource.rc.inl
[2016.01.22-20.22.37:101][  0][8/47] Resource PCLaunch.rc
[2016.01.22-20.22.37:315][  0][9/47] Resource ModuleVersionResource.rc.inl
[2016.01.22-20.22.55:776][  0]PlayStudiosGameMode.cpp
[2016.01.22-20.22.55:776][  0]PlayStudios.generated.cpp
[2016.01.22-20.22.55:995][  0]PlayStudios.cpp
[2016.01.22-20.22.56:213][  0][13/47] Link UE4Editor-PlayStudios.dll
[2016.01.22-20.22.56:542][  0]   Creating library C:\Users\jychong\Documents\Work\Projects\UE4_Projects\FighterGame\Intermediate/Build/Win64\UE4Editor\Development\UE4Editor-PlayStudios.lib and object C:\Users\jychong\Documents\Work\Projects\UE4_Projects\FighterGame\Intermediate/Build/Win64\UE4Editor\Development\UE4Editor-PlayStudios.exp
[2016.01.22-20.22.57:307][  0]CreatureMeshComponent.cpp
[2016.01.22-20.22.57:307][  0]CreaturePlugin.generated.cpp
[2016.01.22-20.22.57:307][  0]CreatureAnimState.cpp
[2016.01.22-20.22.58:169][  0]CreatureAnimStateMachine.cpp
[2016.01.22-20.22.58:377][  0]CreatureAnimStateMachineInstance.cpp
[2016.01.22-20.22.58:997][  0]CreatureAnimationClipsStore.cpp
[2016.01.22-20.22.58:997][  0]CreatureAnimTransition.cpp
[2016.01.22-20.22.59:315][  0]CreatureCollectionActor.cpp
[2016.01.22-20.22.59:422][  0]CreatureSwitchItemActor.cpp
[2016.01.22-20.22.59:750][  0]CustomProceduralMeshComponent.cpp
[2016.01.22-20.23.00:187][  0]CreatureActor.cpp
[2016.01.22-20.23.00:297][  0]CreatureAnimationAsset.cpp
[2016.01.22-20.23.00:397][  0]CreaturePlugin.cpp
[2016.01.22-20.23.00:605][  0]CreatureCore.cpp
[2016.01.22-20.23.00:709][  0]CustomProceduralMesh.cpp
[2016.01.22-20.23.01:685][  0]CreatureAnimStoreEditor.cpp
[2016.01.22-20.23.01:685][  0]CreatureAnimStateMachineDetails.cpp
[2016.01.22-20.23.01:685][  0]CreatureAnimStateMachineEditor.cpp
[2016.01.22-20.23.02:224][  0]CreatureAnimStateMachineAssetTypeActions.cpp
[2016.01.22-20.23.04:927][  0]CreatureEditor.generated.cpp
[2016.01.22-20.23.05:146][  0]CreatureAnimStateNode.cpp
[2016.01.22-20.23.05:474][  0]CreatureAnimStateMachineAssetFactory.cpp
[2016.01.22-20.23.05:689][  0]CreatureAnimStoreEditorViewportClient.cpp
[2016.01.22-20.23.07:329][  0]CreatureEditor.cpp
[2016.01.22-20.23.07:439][  0]CreatureAnimStoreAssetTypeActions.cpp
[2016.01.22-20.23.07:658][  0]CreatureAnimationAssetTypeActions.cpp
[2016.01.22-20.23.07:658][  0]CreatureAnimGraphSchema.cpp
[2016.01.22-20.23.08:533][  0]CreatureAnimTransitionNode.cpp
[2016.01.22-20.23.08:861][  0]CreatureAnimationClipsStoreFactory.cpp
[2016.01.22-20.23.08:861][  0]CreatureStateMachineGraph.cpp
[2016.01.22-20.23.09:189][  0]CreatureAnimationAssetFactory.cpp
[2016.01.22-20.23.09:298][  0][46/47] Link UE4Editor-CreaturePlugin.dll
[2016.01.22-20.23.09:298][  0]SCreatureAnimClipStoreEditorViewport.cpp
[2016.01.22-20.23.09:408][  0]CreatureLib.x64.lib(CreatureModule.obj) : MSIL .netmodule or module compiled with /GL found; restarting link with /LTCG; add /LTCG to the link command line to improve linker performance
[2016.01.22-20.23.09:955][  0]   Creating library C:\Users\jychong\Documents\Work\Projects\UE4_Projects\FighterGame\Plugins\CreaturePlugin\Intermediate/Build/Win64\UE4Editor\Development\UE4Editor-CreaturePlugin.lib and object C:\Users\jychong\Documents\Work\Projects\UE4_Projects\FighterGame\Plugins\CreaturePlugin\Intermediate/Build/Win64\UE4Editor\Development\UE4Editor-CreaturePlugin.exp
[2016.01.22-20.23.09:955][  0]Generating code
[2016.01.22-20.23.12:649][  0]Finished generating code
[2016.01.22-20.23.13:305][  0][47/47] Link UE4Editor-CreatureEditor.dll
[2016.01.22-20.23.13:524][  0]   Creating library C:\Users\jychong\Documents\Work\Projects\UE4_Projects\FighterGame\Plugins\CreaturePlugin\Intermediate/Build/Win64\UE4Editor\Development\UE4Editor-CreatureEditor.lib and object C:\Users\jychong\Documents\Work\Projects\UE4_Projects\FighterGame\Plugins\CreaturePlugin\Intermediate/Build/Win64\UE4Editor\Development\UE4Editor-CreatureEditor.exp
[2016.01.22-20.23.14:180][  0]-------- End Detailed Actions Stats -----------------------------------------------------------
[2016.01.22-20.23.14:290][  0]Total build time: 58.66 seconds
[2016.01.22-20.23.14:758][  0]LogInit: Version: 4.10.1-2791327+++depot+UE4-Releases+4.10
[2016.01.22-20.23.14:758][  0]LogInit: API Version: 2758231
[2016.01.22-20.23.14:758][  0]LogInit: Compiled (64-bit): Dec  4 2015 19:44:40
[2016.01.22-20.23.14:758][  0]LogInit: Compiled with Visual C++: 19.00.23026.00
[2016.01.22-20.23.14:758][  0]LogInit: Build Configuration: Development
[2016.01.22-20.23.14:758][  0]LogInit: Branch Name: ++depot+UE4-Releases+4.10
[2016.01.22-20.23.14:758][  0]LogInit: Command line:  
[2016.01.22-20.23.14:758][  0]LogInit: Base directory: C:/Program Files/Epic Games/4.10/Engine/Binaries/Win64/
[2016.01.22-20.23.14:758][  0]LogInit: Rocket: 1
[2016.01.22-20.23.14:774][  0]LogInit: Using libcurl 7.41.0
[2016.01.22-20.23.14:774][  0]LogInit:  - built for x86_64-pc-win32
[2016.01.22-20.23.14:774][  0]LogInit:  - supports SSL with WinSSL
[2016.01.22-20.23.14:774][  0]LogInit:  - other features:
[2016.01.22-20.23.14:774][  0]LogInit:      CURL_VERSION_SSL
[2016.01.22-20.23.14:774][  0]LogInit:      CURL_VERSION_IPV6
[2016.01.22-20.23.14:774][  0]LogInit:      CURL_VERSION_ASYNCHDNS
[2016.01.22-20.23.14:774][  0]LogInit:      CURL_VERSION_LARGEFILE
[2016.01.22-20.23.14:774][  0]LogInit:      CURL_VERSION_IDN
[2016.01.22-20.23.14:774][  0]LogInit:  CurlRequestOptions (configurable via config and command line):
[2016.01.22-20.23.14:774][  0]LogInit:  - bVerifyPeer = true  - Libcurl will verify peer certificate
[2016.01.22-20.23.14:774][  0]LogInit:  - bUseHttpProxy = false  - Libcurl will NOT use HTTP proxy
[2016.01.22-20.23.14:774][  0]LogInit:  - bDontReuseConnections = false  - Libcurl will reuse connections
[2016.01.22-20.23.14:774][  0]LogInit:  - CertBundlePath = nullptr  - Libcurl will use whatever was configured at build time.
[2016.01.22-20.23.14:805][  0]LogInit: Presizing for 0 objects not considered by GC, pre-allocating 0 bytes.
[2016.01.22-20.23.14:805][  0]LogInit: Object subsystem initialized
[2016.01.22-20.23.14:805][  0]LogInit: Selected Device Profile: [Windows]
[2016.01.22-20.23.14:805][  0]LogInit: Applying CVar settings loaded from the selected device profile: [Windows]
[2016.01.22-20.23.14:825][  0]LogInit: Computer: MERLIN
[2016.01.22-20.23.14:825][  0]LogInit: User: jychong
[2016.01.22-20.23.14:825][  0]LogInit: CPU Page size=4096, Cores=4
[2016.01.22-20.23.14:825][  0]LogInit: High frequency timer resolution =3.914068 MHz
[2016.01.22-20.23.14:825][  0]LogMemory: Memory total: Physical=15.9GB (16GB approx)
[2016.01.22-20.23.14:825][  0]LogMemory: Platform Memory Stats for Windows
[2016.01.22-20.23.14:825][  0]LogMemory: Process Physical Memory: 58.78 MB used, 58.78 MB peak
[2016.01.22-20.23.14:825][  0]LogMemory: Process Virtual Memory: 58.96 MB used, 58.96 MB peak
[2016.01.22-20.23.14:825][  0]LogMemory: Physical Memory: 3451.22 MB used, 16332.17 MB total
[2016.01.22-20.23.14:825][  0]LogMemory: Virtual Memory: 404.27 MB used, 134217728.00 MB total
[2016.01.22-20.23.14:953][  0]LogTextLocalizationManager: No specific translations for ('en-US') exist, so ('en') translations will be used.
[2016.01.22-20.23.15:288][  0]LogD3D11RHI: Found D3D11 adapter 0: NVIDIA GeForce GTX 950 (Feature Level 11_0)
[2016.01.22-20.23.15:288][  0]LogD3D11RHI: Adapter has 1969MB of dedicated video memory, 0MB of dedicated system memory, and 8166MB of shared system memory, 1 output[s]
[2016.01.22-20.23.15:289][  0]LogD3D11RHI: Found D3D11 adapter 1: Microsoft Basic Render Driver (Feature Level 11_0)
[2016.01.22-20.23.15:289][  0]LogD3D11RHI: Adapter has 0MB of dedicated video memory, 0MB of dedicated system memory, and 8166MB of shared system memory, 0 output[s]
[2016.01.22-20.23.15:289][  0]LogD3D11RHI: Chosen D3D11 Adapter Id = 0
[2016.01.22-20.23.15:292][  0]LogD3D11RHI: !Direct3DDevice
[2016.01.22-20.23.15:292][  0]LogRHI: Texture pool is 1361 MB (70% of 1945 MB)
[2016.01.22-20.23.15:305][  0]LogD3D11RHI: Async texture creation enabled
[2016.01.22-20.23.15:322][  0]LogShaderCompilers: Guid format shader working directory is -32 characters bigger than the processId version (../../../../../../Users/jychong/Documents/Work/Projects/UE4_Projects/FighterGame/Intermediate/Shaders/WorkingDirectory/8328/).
[2016.01.22-20.23.15:322][  0]LogShaderCompilers: Cleaned the shader compiler working directory 'C:/Users/jychong/AppData/Local/Temp/UnrealShaderWorkingDir/9D60BF7C4662DDE8509ADA9E407EF611/'.
[2016.01.22-20.23.15:322][  0]LogShaderCompilers:Display: Using Local Shader Compiler.
[2016.01.22-20.23.16:287][  0]LogTemp:Display: Loaded TP AllDesktopTargetPlatform
[2016.01.22-20.23.16:290][  0]LogTemp:Display: Loaded TP WindowsClientTargetPlatform
[2016.01.22-20.23.16:294][  0]LogTemp:Display: Loaded TP WindowsNoEditorTargetPlatform
[2016.01.22-20.23.16:297][  0]LogTemp:Display: Loaded TP WindowsServerTargetPlatform
[2016.01.22-20.23.16:301][  0]LogTemp:Display: Loaded TP WindowsTargetPlatform
[2016.01.22-20.23.16:305][  0]LogTemp:Display: Loaded TP AndroidTargetPlatform
[2016.01.22-20.23.16:308][  0]LogTemp:Display: Loaded TP Android_ASTCTargetPlatform
[2016.01.22-20.23.16:310][  0]LogTemp:Display: Loaded TP Android_ATCTargetPlatform
[2016.01.22-20.23.16:313][  0]LogTemp:Display: Loaded TP Android_DXTTargetPlatform
[2016.01.22-20.23.16:315][  0]LogTemp:Display: Loaded TP Android_ETC1TargetPlatform
[2016.01.22-20.23.16:318][  0]LogTemp:Display: Loaded TP Android_ETC2TargetPlatform
[2016.01.22-20.23.16:323][  0]LogTemp:Display: Loaded TP Android_MultiTargetPlatform
[2016.01.22-20.23.16:323][  0]LogTemp:Display: Loaded TP Android_PVRTCTargetPlatform
[2016.01.22-20.23.16:324][  0]LogTemp:Display: Loaded TP HTML5TargetPlatform
[2016.01.22-20.23.16:356][  0]LogTemp:Display: Loaded TP IOSTargetPlatform
[2016.01.22-20.23.16:359][  0]LogTemp:Display: Loaded TP LinuxNoEditorTargetPlatform
[2016.01.22-20.23.16:361][  0]LogTemp:Display: Loaded TP LinuxServerTargetPlatform
[2016.01.22-20.23.16:365][  0]LogTemp:Display: Loaded TP LinuxTargetPlatform
[2016.01.22-20.23.16:365][  0]LogTargetPlatformManager:Display: Building Assets For Windows
[2016.01.22-20.23.16:575][  0]LogDerivedDataCache:Display: Max Cache Size: 512 MB
[2016.01.22-20.23.16:816][  0]LogDerivedDataCache: Loaded boot cache 0.24s 41MB C:/Users/jychong/AppData/Local/UnrealEngine/4.10/DerivedDataCache/Boot.ddc.
[2016.01.22-20.23.16:816][  0]LogDerivedDataCache:Display: Loaded Boot cache: C:/Users/jychong/AppData/Local/UnrealEngine/4.10/DerivedDataCache/Boot.ddc
[2016.01.22-20.23.16:817][  0]LogDerivedDataCache: FDerivedDataBackendGraph:  Pak pak cache file ../../../../../../Users/jychong/Documents/Work/Projects/UE4_Projects/FighterGame/DerivedDataCache/DDC.ddp not found, will not use a pak cache.
[2016.01.22-20.23.16:817][  0]LogDerivedDataCache: Unable to find inner node Pak for hierarchical cache Hierarchy.
[2016.01.22-20.23.16:817][  0]LogDerivedDataCache: FDerivedDataBackendGraph:  CompressedPak pak cache file ../../../../../../Users/jychong/Documents/Work/Projects/UE4_Projects/FighterGame/DerivedDataCache/Compressed.ddp not found, will not use a pak cache.
[2016.01.22-20.23.16:817][  0]LogDerivedDataCache: Unable to find inner node CompressedPak for hierarchical cache Hierarchy.
[2016.01.22-20.23.16:902][  0]LogDerivedDataCache:Display: Pak cache opened for reading ../../../Engine/DerivedDataCache/Compressed.ddp.
[2016.01.22-20.23.16:914][  0]LogDerivedDataCache: Using Local data cache path C:/Users/jychong/AppData/Local/UnrealEngine/Common/DerivedDataCache: Writable
[2016.01.22-20.23.18:850][  0]LogInit: Selected Device Profile: [Windows]
[2016.01.22-20.23.18:863][  0]LogContentStreaming: Texture pool size is 0.000000MB
[2016.01.22-20.23.19:043][  0]LogMeshUtilities: No automatic mesh reduction module available
[2016.01.22-20.23.19:043][  0]LogMeshUtilities: No automatic mesh merging module available
[2016.01.22-20.23.19:576][  0]LogInit: WinSock: version 1.1 (2.2), MaxSocks=32767, MaxUdp=65467
[2016.01.22-20.23.21:267][  0]UdpMessaging: Initializing bridge on interface 0.0.0.0:0 to multicast group 230.0.0.1:6666.
[2016.01.22-20.23.21:432][  0]LogAssetRegistry: FAssetRegistry took 0.0122 seconds to start up
[2016.01.22-20.23.21:650][  0]SourceControl: Info Source control is disabled
[2016.01.22-20.23.21:686][  0]SourceControl: Info Source control is disabled
[2016.01.22-20.23.21:698][  0]SourceControl: Info Source control is disabled
[2016.01.22-20.23.21:707][  0]SourceControl: Info Source control is disabled
[2016.01.22-20.23.21:957][  0]LogObj: 28926 objects as part of root set at end of initial load.
[2016.01.22-20.23.21:957][  0]LogUObjectAllocator: 6163392 out of 0 bytes used by permanent object pool.
[2016.01.22-20.23.22:042][  0]LogEngine: Initializing Engine...
[2016.01.22-20.23.22:045][  0]LogHMD: Can't find Oculus library dev build: is proper Runtime installed? Version: 0.8.0.0
[2016.01.22-20.23.22:052][  0]LogHMD: SteamVR failed to initialize.  Err: 110
[2016.01.22-20.23.22:230][  0]LogAIModule: Creating AISystem for world NewWorld
[2016.01.22-20.23.22:288][  0]LogInit: XAudio2 using 'VS24A-4 (NVIDIA High Definition Audio)' : 2 channels at 48 kHz using 16 bits per sample (channel mask 0x3)
[2016.01.22-20.23.22:302][  0]LogInit: FAudioDevice initialized.
[2016.01.22-20.23.22:316][  0]LogDerivedDataCache: Saved boot cache 0.01s 41MB C:/Users/jychong/AppData/Local/UnrealEngine/4.10/DerivedDataCache/Boot.ddc.
[2016.01.22-20.23.22:319][  0]LogInit: Texture streaming: Enabled
[2016.01.22-20.23.22:325][  0]LogAnalytics: Creating configured Analytics provider AnalyticsET
[2016.01.22-20.23.22:325][  0]LogAnalytics: [UEEditor.Rocket.Release] APIServer = http://et2.epicgames.com/ET2/. AppVersion = 4.10.1-2791327+++depot+UE4-Releases+4.10
[2016.01.22-20.23.22:326][  0]LogAnalytics: [UEEditor.Rocket.Release] SetUserId 0a664b9e40ce3392435320acb25808e8|d085e2169ed74ad5919a9c5f09bdfc6a|342dfd8c-d9ad-42f6-b691-24b5970a92ec
[2016.01.22-20.23.22:326][  0]LogAnalytics: [UEEditor.Rocket.Release] AnalyticsET::StartSession
[2016.01.22-20.23.22:372][  0]LogInit: Transaction tracking system initialized
[2016.01.22-20.23.22:479][  0]BlueprintLog: New page: Editor Load
[2016.01.22-20.23.22:628][  0]LocalizationService: Info Localization service is disabled
[2016.01.22-20.23.22:701][  0]LogLinker:Warning: Can't find file '/Game/FirstPersonBP/FirstPersonOverview'
[2016.01.22-20.23.22:702][  0]LogLinker:Warning: Can't find file '/Game/FirstPersonBP/FirstPersonOverview'
[2016.01.22-20.23.22:702][  0]LogUObjectGlobals:Warning: Failed to find object 'Class /Game/FirstPersonBP/FirstPersonOverview.FirstPersonOverview_C'
[2016.01.22-20.23.22:726][  0]LogConsoleResponse:Display: 
[2016.01.22-20.23.22:834][  0]LogCook:Display: Done creating registry. It took  0.00s.
[2016.01.22-20.23.22:911][  0]LogFileCache: Scanning file cache for directory 'C:/Users/jychong/Documents/Work/Projects/UE4_Projects/FighterGame/Content/' took 0.01s
[2016.01.22-20.23.22:911][  0]SourceControl: Info Source control is disabled
[2016.01.22-20.23.22:912][  0]Cmd: MAP LOAD FILE="../../../../../../Users/jychong/Documents/Work/Projects/UE4_Projects/FighterGame/Content/StarterContent/Maps/Minimal_Default.umap" TEMPLATE=0 SHOWPROGRESS=1 FEATURELEVEL=3
[2016.01.22-20.23.22:916][  0]LightingResults: New page: Lighting Build
[2016.01.22-20.23.22:922][  0]MapCheck: New page: Map Check
[2016.01.22-20.23.22:922][  0]LightingResults: New page: Lighting Build
[2016.01.22-20.23.22:937][  0]LogParticles: Destroying 0 GPU particle simulations for FXSystem 0x000002CED239FB00
[2016.01.22-20.23.23:776][  0]LogAIModule: Creating AISystem for world Minimal_Default
[2016.01.22-20.23.24:400][  0]LogEditorServer: Finished looking for orphan Actors (0.000 secs)
[2016.01.22-20.23.24:401][  0]Cmd: MAP CHECKDEP NOCLEARLOG
[2016.01.22-20.23.24:451][  0]MapCheck:Warning: Warning CreatureMesh CreatureMeshComponent /Game/StarterContent/Maps/Minimal_Default.Minimal_Default:PersistentLevel.Actor_Blueprint_C_0.CreatureMesh : Externally referenced 
[2016.01.22-20.23.24:451][  0]MapCheck:Warning: Warning CreatureMesh CreatureMeshComponent /Game/StarterContent/Maps/Minimal_Default.Minimal_Default:PersistentLevel.JarcActor_Blueprint_C_1.CreatureMesh : Externally referenced 
[2016.01.22-20.23.24:451][  0]MapCheck:Warning: Warning CreatureMesh CreatureMeshComponent /Game/StarterContent/Maps/Minimal_Default.Minimal_Default:PersistentLevel.JarcActor_Blueprint_C_1.CreatureMesh : Externally referenced 
[2016.01.22-20.23.24:451][  0]MapCheck:Warning: Warning CreatureMesh CreatureMeshComponent /Game/StarterContent/Maps/Minimal_Default.Minimal_Default:PersistentLevel.Actor_Blueprint_C_0.CreatureMesh : Externally referenced 
[2016.01.22-20.23.24:451][  0]MapCheck:Warning: Warning StaticMeshComponent0 StaticMeshComponent /Game/StarterContent/Maps/Minimal_Default.Minimal_Default:PersistentLevel.Cube_4.StaticMeshComponent0 : Externally referenced 
[2016.01.22-20.23.24:451][  0]MapCheck:Warning: Warning StaticMeshComponent0 StaticMeshComponent /Game/StarterContent/Maps/Minimal_Default.Minimal_Default:PersistentLevel.Floor.StaticMeshComponent0 : Externally referenced 
[2016.01.22-20.23.24:451][  0]MapCheck:Warning: Warning StaticMeshComponent0 StaticMeshComponent /Game/StarterContent/Maps/Minimal_Default.Minimal_Default:PersistentLevel.Sphere_4.StaticMeshComponent0 : Externally referenced 
[2016.01.22-20.23.24:451][  0]MapCheck:Warning: Warning StaticMeshComponent0 StaticMeshComponent /Game/StarterContent/Maps/Minimal_Default.Minimal_Default:PersistentLevel.Sphere2.StaticMeshComponent0 : Externally referenced 
[2016.01.22-20.23.24:451][  0]MapCheck:Warning: Warning StaticMeshComponent0 StaticMeshComponent /Game/StarterContent/Maps/Minimal_Default.Minimal_Default:PersistentLevel.Floor.StaticMeshComponent0 : Externally referenced 
[2016.01.22-20.23.24:451][  0]MapCheck:Warning: Warning EdGraphPin_9902 EdGraphPin /Game/StarterContent/Maps/Minimal_Default.Minimal_Default:PersistentLevel.Minimal_Default.ExecuteUbergraph_Minimal_Default.K2Node_CallFunction_360.EdGraphPin_9902 : Externally referenced 
[2016.01.22-20.23.24:451][  0]MapCheck:Warning: Warning EdGraphPin_9861 EdGraphPin /Game/StarterContent/Maps/Minimal_Default.Minimal_Default:PersistentLevel.Minimal_Default.ExecuteUbergraph_Minimal_Default.K2Node_CallFunction_362.EdGraphPin_9861 : Externally referenced 
[2016.01.22-20.23.24:451][  0]MapCheck:Warning: Warning EdGraphPin_9902 EdGraphPin /Game/StarterContent/Maps/Minimal_Default.Minimal_Default:PersistentLevel.Minimal_Default.EventGraph.K2Node_CallFunction_2632.EdGraphPin_9902 : Externally referenced 
[2016.01.22-20.23.24:451][  0]MapCheck:Warning: Warning EdGraphPin_9902 EdGraphPin /Game/StarterContent/Maps/Minimal_Default.Minimal_Default:PersistentLevel.Minimal_Default.ExecuteUbergraph_Minimal_Default.K2Node_CallFunction_364.EdGraphPin_9902 : Externally referenced 
[2016.01.22-20.23.24:451][  0]MapCheck: Info Map check complete: 0 Error(s), 13 Warning(s), took 49.927ms to complete.
[2016.01.22-20.23.24:459][  0]LogFileHelpers: Loading map 'Minimal_Default' took 1.547
[2016.01.22-20.23.24:597][  0]LogCollectionManager: Loaded 0 collections in 0.001591 seconds
[2016.01.22-20.23.24:646][  0]LogFileCache: Scanning file cache for directory 'C:/Users/jychong/Documents/Work/Projects/UE4_Projects/FighterGame/Saved/Collections/' took 0.01s
[2016.01.22-20.23.24:646][  0]LogFileCache: Scanning file cache for directory 'C:/Users/jychong/Documents/Work/Projects/UE4_Projects/FighterGame/Content/Developers/jychong/Collections/' took 0.01s
[2016.01.22-20.23.24:646][  0]LogFileCache: Scanning file cache for directory 'C:/Users/jychong/Documents/Work/Projects/UE4_Projects/FighterGame/Content/Collections/' took 0.01s
[2016.01.22-20.23.24:646][  0]LogCollectionManager: Rebuilt the GUID cache for 0 collections in 0.000004 seconds
[2016.01.22-20.23.24:653][  0]LogContentBrowser: Native class hierarchy populated in 0.0068 seconds. Added 1912 classes and 345 folders.
[2016.01.22-20.23.24:664][  0]LogContentBrowser: Native class hierarchy updated for 'WidgetCarousel' in 0.0006 seconds. Added 0 classes and 0 folders.
[2016.01.22-20.23.24:870][  0]LogContentBrowser: Native class hierarchy updated for 'AddContentDialog' in 0.0007 seconds. Added 0 classes and 0 folders.
[2016.01.22-20.23.24:878][  0]LogContentBrowser: Native class hierarchy updated for 'SceneOutliner' in 0.0007 seconds. Added 1 classes and 2 folders.
[2016.01.22-20.23.25:015][  0]LogCrashTracker: Crashtracker disabled due to settings.
[2016.01.22-20.23.25:030][  0]LogUObjectGlobals:Warning: Failed to find object 'Class None.'
[2016.01.22-20.23.25:054][  0]LogLoad: Full Startup: 71.65 seconds (BP compile: 0.18 seconds)
[2016.01.22-20.23.25:065][  0]LogOcInput: Can't find Oculus library dev build: is proper Runtime installed? Version: 0.8.0.0
[2016.01.22-20.23.25:154][  0]LogContentStreaming: Texture pool size now 1000 MB
[2016.01.22-20.23.25:263][  0]LogRenderer: Reallocating scene render targets to support 1316x632 (Frame:2).
[2016.01.22-20.23.25:730][  2]LogCollectionManager: Rebuilt the object cache for 0 collections in 0.000001 seconds (found 0 objects)
[2016.01.22-20.23.26:083][  3]LogAssetRegistry: Asset discovery search completed in 4.6628 seconds
[2016.01.22-20.23.26:083][  3]LogCollectionManager: Fixed up redirectors for 0 collections in 0.000004 seconds (updated 0 objects)
[2016.01.22-20.23.30:098][ 82]LogBlueprintUserMessages: Early PlayInEditor Detection: Level '/Game/StarterContent/Maps/Minimal_Default.Minimal_Default:PersistentLevel' has LevelScriptBlueprint '/Game/StarterContent/Maps/Minimal_Default.Minimal_Default:PersistentLevel.Minimal_Default' with GeneratedClass '/Game/StarterContent/Maps/Minimal_Default.Minimal_Default_C' with ClassGeneratedBy '/Game/StarterContent/Maps/Minimal_Default.Minimal_Default:PersistentLevel.Minimal_Default'
[2016.01.22-20.23.30:098][ 82]LogPlayLevel: PlayLevel: No blueprints needed recompiling
[2016.01.22-20.23.30:099][ 82]PIE: New page: PIE session: Minimal_Default (Jan 22, 2016, 4:23:30 AM)
[2016.01.22-20.23.30:099][ 82]LogPlayLevel: Creating play world package: /Game/StarterContent/Maps/UEDPIE_0_Minimal_Default
[2016.01.22-20.23.30:103][ 82]LogPlayLevel: PIE: StaticDuplicateObject took: (0.003853s)
[2016.01.22-20.23.30:103][ 82]LogAIModule: Creating AISystem for world Minimal_Default
[2016.01.22-20.23.30:103][ 82]LogPlayLevel: PIE: World Init took: (0.000453s)
[2016.01.22-20.23.30:104][ 82]LogPlayLevel: PIE: Created PIE world by copying editor world from /Game/StarterContent/Maps/Minimal_Default.Minimal_Default to /Game/StarterContent/Maps/UEDPIE_0_Minimal_Default.Minimal_Default (0.004504s)
[2016.01.22-20.23.30:128][ 82]LogInit: XAudio2 using 'VS24A-4 (NVIDIA High Definition Audio)' : 2 channels at 48 kHz using 16 bits per sample (channel mask 0x3)
[2016.01.22-20.23.30:130][ 82]LogInit: FAudioDevice initialized.
[2016.01.22-20.23.30:176][ 82]LogWorld: Game class is 'PlayStudiosGameMode'
[2016.01.22-20.23.30:183][ 82]LogWorld: Bringing World /Game/StarterContent/Maps/UEDPIE_0_Minimal_Default.Minimal_Default up for play (max tick rate 0) at 2016.01.22-12.23.30
[2016.01.22-20.23.30:183][ 82]LogActor:Warning: GameSession /Game/StarterContent/Maps/UEDPIE_0_Minimal_Default.Minimal_Default:PersistentLevel.GameSession_0 has natively added scene component(s), but none of them were set as the actor's RootComponent - picking one arbitrarily
[2016.01.22-20.23.30:183][ 82]LogActor:Warning: GameNetworkManager /Game/StarterContent/Maps/UEDPIE_0_Minimal_Default.Minimal_Default:PersistentLevel.GameNetworkManager_0 has natively added scene component(s), but none of them were set as the actor's RootComponent - picking one arbitrarily
[2016.01.22-20.23.30:185][ 82]LogWorld: Bringing up level for play took: 0.005809
[2016.01.22-20.23.30:197][ 82]PIE: Info Play in editor start time for /Game/StarterContent/Maps/UEDPIE_0_Minimal_Default -0.014
[2016.01.22-20.23.30:197][ 82]LogBlueprintUserMessages: Late PlayInEditor Detection: Level '/Game/StarterContent/Maps/Minimal_Default.Minimal_Default:PersistentLevel' has LevelScriptBlueprint '/Game/StarterContent/Maps/Minimal_Default.Minimal_Default:PersistentLevel.Minimal_Default' with GeneratedClass '/Game/StarterContent/Maps/Minimal_Default.Minimal_Default_C' with ClassGeneratedBy '/Game/StarterContent/Maps/Minimal_Default.Minimal_Default:PersistentLevel.Minimal_Default'
[2016.01.22-20.23.40:413][180]LogBlueprintUserMessages: Early EndPlayMap Detection: Level '/Game/StarterContent/Maps/Minimal_Default.Minimal_Default:PersistentLevel' has LevelScriptBlueprint '/Game/StarterContent/Maps/Minimal_Default.Minimal_Default:PersistentLevel.Minimal_Default' with GeneratedClass '/Game/StarterContent/Maps/Minimal_Default.Minimal_Default_C' with ClassGeneratedBy '/Game/StarterContent/Maps/Minimal_Default.Minimal_Default:PersistentLevel.Minimal_Default'
[2016.01.22-20.23.40:449][180]LogBlueprintUserMessages: Late EndPlayMap Detection: Level '/Game/StarterContent/Maps/Minimal_Default.Minimal_Default:PersistentLevel' has LevelScriptBlueprint '/Game/StarterContent/Maps/Minimal_Default.Minimal_Default:PersistentLevel.Minimal_Default' with GeneratedClass '/Game/StarterContent/Maps/Minimal_Default.Minimal_Default_C' with ClassGeneratedBy '/Game/StarterContent/Maps/Minimal_Default.Minimal_Default:PersistentLevel.Minimal_Default'
[2016.01.22-20.23.40:461][180]LogParticles: Destroying 0 GPU particle simulations for FXSystem 0x000002CEE1DC1A80
[2016.01.22-20.23.48:969][  4]LogEditorActor: Deleted Actor: Actor_Blueprint_C
[2016.01.22-20.23.48:979][  4]LogEditorActor: Deleted 1 Actors (0.015 secs)
[2016.01.22-20.23.55:530][130]LogSavePackage: Save=62.491249ms
[2016.01.22-20.23.55:530][130]LogSavePackage: Moving '../../../../../../Users/jychong/Documents/Work/Projects/UE4_Projects/FighterGame/Saved/Minimal_Default11ACF8CB4F56DD318BD71BB97D37E947.tmp' to '../../../../../../Users/jychong/Documents/Work/Projects/UE4_Projects/FighterGame/Content/StarterContent/Maps/Minimal_Default.umap'
[2016.01.22-20.23.55:533][130]LogSavePackage: Total save time: 78.091897ms
[2016.01.22-20.23.55:533][130]LogSavePackage:Display: Finished SavePackage ../../../../../../Users/jychong/Documents/Work/Projects/UE4_Projects/FighterGame/Content/StarterContent/Maps/Minimal_Default.umap
[2016.01.22-20.23.55:594][130]LogFileHelpers: Saving map 'Minimal_Default' took 5.323
[2016.01.22-20.24.01:939][860]LogLinker:Warning: Asset '../../../Engine/Content/ArtTools/RenderToTexture/Macros/RenderToTextureMacros.uasset' has been saved with empty engine version. The asset will be loaded but may be incompatible.
[2016.01.22-20.24.02:227][860]LogContentBrowser: Native class hierarchy updated for 'BlueprintGraph' in 0.0010 seconds. Added 107 classes and 0 folders.
[2016.01.22-20.24.10:615][738]LogBlueprintUserMessages: Early PlayInEditor Detection: Level '/Game/StarterContent/Maps/Minimal_Default.Minimal_Default:PersistentLevel' has LevelScriptBlueprint '/Game/StarterContent/Maps/Minimal_Default.Minimal_Default:PersistentLevel.Minimal_Default' with GeneratedClass '/Game/StarterContent/Maps/Minimal_Default.Minimal_Default_C' with ClassGeneratedBy '/Game/StarterContent/Maps/Minimal_Default.Minimal_Default:PersistentLevel.Minimal_Default'
[2016.01.22-20.24.10:615][738]LogPlayLevel: PlayLevel: No blueprints needed recompiling
[2016.01.22-20.24.10:615][738]PIE: New page: PIE session: Minimal_Default (Jan 22, 2016, 4:24:10 AM)
[2016.01.22-20.24.10:615][738]LogPlayLevel: Creating play world package: /Game/StarterContent/Maps/UEDPIE_0_Minimal_Default
[2016.01.22-20.24.10:619][738]LogPlayLevel: PIE: StaticDuplicateObject took: (0.003579s)
[2016.01.22-20.24.10:619][738]LogAIModule: Creating AISystem for world Minimal_Default
[2016.01.22-20.24.10:620][738]LogPlayLevel: PIE: World Init took: (0.000457s)
[2016.01.22-20.24.10:620][738]LogPlayLevel: PIE: Created PIE world by copying editor world from /Game/StarterContent/Maps/Minimal_Default.Minimal_Default to /Game/StarterContent/Maps/UEDPIE_0_Minimal_Default.Minimal_Default (0.004162s)
[2016.01.22-20.24.10:636][738]LogParticles: Destroying 0 GPU particle simulations for FXSystem 0x000002CEC54C2480
[2016.01.22-20.24.10:642][738]LogInit: XAudio2 using 'VS24A-4 (NVIDIA High Definition Audio)' : 2 channels at 48 kHz using 16 bits per sample (channel mask 0x3)
[2016.01.22-20.24.10:644][738]LogInit: FAudioDevice initialized.
[2016.01.22-20.24.10:676][738]LogWorld: Game class is 'PlayStudiosGameMode'
[2016.01.22-20.24.10:680][738]LogWorld: Bringing World /Game/StarterContent/Maps/UEDPIE_0_Minimal_Default.Minimal_Default up for play (max tick rate 0) at 2016.01.22-12.24.10
[2016.01.22-20.24.10:680][738]LogActor:Warning: GameSession /Game/StarterContent/Maps/UEDPIE_0_Minimal_Default.Minimal_Default:PersistentLevel.GameSession_1 has natively added scene component(s), but none of them were set as the actor's RootComponent - picking one arbitrarily
[2016.01.22-20.24.10:680][738]LogActor:Warning: GameNetworkManager /Game/StarterContent/Maps/UEDPIE_0_Minimal_Default.Minimal_Default:PersistentLevel.GameNetworkManager_1 has natively added scene component(s), but none of them were set as the actor's RootComponent - picking one arbitrarily
[2016.01.22-20.24.10:682][738]LogWorld: Bringing up level for play took: 0.005609
[2016.01.22-20.24.10:683][738]PIE: Info Play in editor start time for /Game/StarterContent/Maps/UEDPIE_0_Minimal_Default 0.472
[2016.01.22-20.24.10:683][738]LogBlueprintUserMessages: Late PlayInEditor Detection: Level '/Game/StarterContent/Maps/Minimal_Default.Minimal_Default:PersistentLevel' has LevelScriptBlueprint '/Game/StarterContent/Maps/Minimal_Default.Minimal_Default:PersistentLevel.Minimal_Default' with GeneratedClass '/Game/StarterContent/Maps/Minimal_Default.Minimal_Default_C' with ClassGeneratedBy '/Game/StarterContent/Maps/Minimal_Default.Minimal_Default:PersistentLevel.Minimal_Default'
[2016.01.22-20.24.11:723][862]LogBlueprintUserMessages: Early EndPlayMap Detection: Level '/Game/StarterContent/Maps/Minimal_Default.Minimal_Default:PersistentLevel' has LevelScriptBlueprint '/Game/StarterContent/Maps/Minimal_Default.Minimal_Default:PersistentLevel.Minimal_Default' with GeneratedClass '/Game/StarterContent/Maps/Minimal_Default.Minimal_Default_C' with ClassGeneratedBy '/Game/StarterContent/Maps/Minimal_Default.Minimal_Default:PersistentLevel.Minimal_Default'
[2016.01.22-20.24.11:752][862]LogBlueprintUserMessages: Late EndPlayMap Detection: Level '/Game/StarterContent/Maps/Minimal_Default.Minimal_Default:PersistentLevel' has LevelScriptBlueprint '/Game/StarterContent/Maps/Minimal_Default.Minimal_Default:PersistentLevel.Minimal_Default' with GeneratedClass '/Game/StarterContent/Maps/Minimal_Default.Minimal_Default_C' with ClassGeneratedBy '/Game/StarterContent/Maps/Minimal_Default.Minimal_Default:PersistentLevel.Minimal_Default'
[2016.01.22-20.24.11:770][862]LogParticles: Destroying 0 GPU particle simulations for FXSystem 0x000002CEE22B60C0
[2016.01.22-20.24.12:660][967]LogBlueprintUserMessages: Early PlayInEditor Detection: Level '/Game/StarterContent/Maps/Minimal_Default.Minimal_Default:PersistentLevel' has LevelScriptBlueprint '/Game/StarterContent/Maps/Minimal_Default.Minimal_Default:PersistentLevel.Minimal_Default' with GeneratedClass '/Game/StarterContent/Maps/Minimal_Default.Minimal_Default_C' with ClassGeneratedBy '/Game/StarterContent/Maps/Minimal_Default.Minimal_Default:PersistentLevel.Minimal_Default'
[2016.01.22-20.24.12:660][967]LogPlayLevel: PlayLevel: No blueprints needed recompiling
[2016.01.22-20.24.12:660][967]PIE: New page: PIE session: Minimal_Default (Jan 22, 2016, 4:24:12 AM)
[2016.01.22-20.24.12:660][967]LogPlayLevel: Creating play world package: /Game/StarterContent/Maps/UEDPIE_0_Minimal_Default
[2016.01.22-20.24.12:664][967]LogPlayLevel: PIE: StaticDuplicateObject took: (0.003692s)
[2016.01.22-20.24.12:664][967]LogAIModule: Creating AISystem for world Minimal_Default
[2016.01.22-20.24.12:664][967]LogPlayLevel: PIE: World Init took: (0.000436s)
[2016.01.22-20.24.12:664][967]LogPlayLevel: PIE: Created PIE world by copying editor world from /Game/StarterContent/Maps/Minimal_Default.Minimal_Default to /Game/StarterContent/Maps/UEDPIE_0_Minimal_Default.Minimal_Default (0.004251s)
[2016.01.22-20.24.12:684][967]LogInit: XAudio2 using 'VS24A-4 (NVIDIA High Definition Audio)' : 2 channels at 48 kHz using 16 bits per sample (channel mask 0x3)
[2016.01.22-20.24.12:686][967]LogInit: FAudioDevice initialized.
[2016.01.22-20.24.12:719][967]LogWorld: Game class is 'PlayStudiosGameMode'
[2016.01.22-20.24.12:724][967]LogWorld: Bringing World /Game/StarterContent/Maps/UEDPIE_0_Minimal_Default.Minimal_Default up for play (max tick rate 0) at 2016.01.22-12.24.12
[2016.01.22-20.24.12:724][967]LogActor:Warning: GameSession /Game/StarterContent/Maps/UEDPIE_0_Minimal_Default.Minimal_Default:PersistentLevel.GameSession_2 has natively added scene component(s), but none of them were set as the actor's RootComponent - picking one arbitrarily
[2016.01.22-20.24.12:724][967]LogActor:Warning: GameNetworkManager /Game/StarterContent/Maps/UEDPIE_0_Minimal_Default.Minimal_Default:PersistentLevel.GameNetworkManager_2 has natively added scene component(s), but none of them were set as the actor's RootComponent - picking one arbitrarily
[2016.01.22-20.24.12:726][967]LogWorld: Bringing up level for play took: 0.005722
[2016.01.22-20.24.12:727][967]PIE: Info Play in editor start time for /Game/StarterContent/Maps/UEDPIE_0_Minimal_Default 0.516
[2016.01.22-20.24.12:727][967]LogBlueprintUserMessages: Late PlayInEditor Detection: Level '/Game/StarterContent/Maps/Minimal_Default.Minimal_Default:PersistentLevel' has LevelScriptBlueprint '/Game/StarterContent/Maps/Minimal_Default.Minimal_Default:PersistentLevel.Minimal_Default' with GeneratedClass '/Game/StarterContent/Maps/Minimal_Default.Minimal_Default_C' with ClassGeneratedBy '/Game/StarterContent/Maps/Minimal_Default.Minimal_Default:PersistentLevel.Minimal_Default'
[2016.01.22-20.24.14:867][223]LogBlueprintUserMessages: Early EndPlayMap Detection: Level '/Game/StarterContent/Maps/Minimal_Default.Minimal_Default:PersistentLevel' has LevelScriptBlueprint '/Game/StarterContent/Maps/Minimal_Default.Minimal_Default:PersistentLevel.Minimal_Default' with GeneratedClass '/Game/StarterContent/Maps/Minimal_Default.Minimal_Default_C' with ClassGeneratedBy '/Game/StarterContent/Maps/Minimal_Default.Minimal_Default:PersistentLevel.Minimal_Default'
[2016.01.22-20.24.14:897][223]LogBlueprintUserMessages: Late EndPlayMap Detection: Level '/Game/StarterContent/Maps/Minimal_Default.Minimal_Default:PersistentLevel' has LevelScriptBlueprint '/Game/StarterContent/Maps/Minimal_Default.Minimal_Default:PersistentLevel.Minimal_Default' with GeneratedClass '/Game/StarterContent/Maps/Minimal_Default.Minimal_Default_C' with ClassGeneratedBy '/Game/StarterContent/Maps/Minimal_Default.Minimal_Default:PersistentLevel.Minimal_Default'
[2016.01.22-20.24.14:925][224]LogParticles: Destroying 0 GPU particle simulations for FXSystem 0x000002CEC29DF1A0
[2016.01.22-20.24.15:860][327]LogWindowsTextInputMethodSystem:Display: IME system now deactivated.
[2016.01.22-20.24.16:034][328]Cmd: QUIT_EDITOR
[2016.01.22-20.24.16:694][328]LogExit: Preparing to exit.
[2016.01.22-20.24.17:442][328]LogExit: Editor shut down
[2016.01.22-20.24.17:442][328]LogExit: Transaction tracking system shut down
[2016.01.22-20.24.17:448][328]LogParticles: Destroying 0 GPU particle simulations for FXSystem 0x000002CED6F91E40
[2016.01.22-20.24.17:448][328]LogParticles: Destroying 0 GPU particle simulations for FXSystem 0x000002CED0C1B920
[2016.01.22-20.24.17:448][328]LogParticles: Destroying 0 GPU particle simulations for FXSystem 0x000002CED0B61940
[2016.01.22-20.24.17:449][328]LogParticles: Destroying 0 GPU particle simulations for FXSystem 0x000002CEF454B9C0
[2016.01.22-20.24.17:449][328]LogParticles: Destroying 0 GPU particle simulations for FXSystem 0x000002CEF454B880
[2016.01.22-20.24.17:584][328]LogExit: Object subsystem successfully closed.
[2016.01.22-20.24.17:600][328]LogD3D11RHI: Shutdown
[2016.01.22-20.24.17:600][328]LogD3D11RHI: CleanupD3DDevice
[2016.01.22-20.24.17:650][328]LogD3D11RHI: ~FD3D11DynamicRHI
[2016.01.22-20.24.17:665][328]LogModuleManager: Shutting down and abandoning module BlueprintGraph (203)
[2016.01.22-20.24.17:665][328]LogModuleManager: Shutting down and abandoning module CookingStats (202)
[2016.01.22-20.24.17:665][328]LogModuleManager: Shutting down and abandoning module CrashTracker (201)
[2016.01.22-20.24.17:665][328]LogModuleManager: Shutting down and abandoning module SceneOutliner (200)
[2016.01.22-20.24.17:665][328]LogModuleManager: Shutting down and abandoning module SuperSearch (199)
[2016.01.22-20.24.17:665][328]LogModuleManager: Shutting down and abandoning module WidgetCarousel (198)
[2016.01.22-20.24.17:665][328]LogModuleManager: Shutting down and abandoning module AddContentDialog (197)
[2016.01.22-20.24.17:666][328]LogModuleManager: Shutting down and abandoning module EditorWidgets (196)
[2016.01.22-20.24.17:666][328]LogModuleManager: Shutting down and abandoning module CollectionManager (195)
[2016.01.22-20.24.17:666][328]LogModuleManager: Shutting down and abandoning module StatsViewer (194)
[2016.01.22-20.24.17:666][328]LogModuleManager: Shutting down and abandoning module FoliageEdit (193)
[2016.01.22-20.24.17:666][328]LogModuleManager: Shutting down and abandoning module LandscapeEditor (192)
[2016.01.22-20.24.17:666][328]LogModuleManager: Shutting down and abandoning module ActorPickerMode (191)
[2016.01.22-20.24.17:666][328]LogModuleManager: Shutting down and abandoning module GeometryMode (190)
[2016.01.22-20.24.17:666][328]LogModuleManager: Shutting down and abandoning module TextureAlignMode (189)
[2016.01.22-20.24.17:666][328]LogModuleManager: Shutting down and abandoning module BspMode (188)
[2016.01.22-20.24.17:666][328]LogModuleManager: Shutting down and abandoning module PlacementMode (187)
[2016.01.22-20.24.17:666][328]LogModuleManager: Shutting down and abandoning module AutomationWorker (186)
[2016.01.22-20.24.17:666][328]LogModuleManager: Shutting down and abandoning module CharacterAI (185)
[2016.01.22-20.24.17:666][328]LogModuleManager: Shutting down and abandoning module SmartSnapping (184)
[2016.01.22-20.24.17:666][328]LogModuleManager: Shutting down and abandoning module ViewportSnapping (183)
[2016.01.22-20.24.17:666][328]LogModuleManager: Shutting down and abandoning module LogVisualizer (182)
[2016.01.22-20.24.17:667][328]LogModuleManager: Shutting down and abandoning module GameProjectGeneration (181)
[2016.01.22-20.24.17:667][328]LogModuleManager: Shutting down and abandoning module IntroTutorials (180)
[2016.01.22-20.24.17:667][328]LogModuleManager: Shutting down and abandoning module EditorLiveStreaming (179)
[2016.01.22-20.24.17:667][328]LogModuleManager: Shutting down and abandoning module IOSPlatformEditor (178)
[2016.01.22-20.24.17:667][328]LogModuleManager: Shutting down and abandoning module HTML5PlatformEditor (177)
[2016.01.22-20.24.17:667][328]LogModuleManager: Shutting down and abandoning module AndroidDeviceDetection (176)
[2016.01.22-20.24.17:690][328]LogModuleManager: Shutting down and abandoning module AndroidPlatformEditor (175)
[2016.01.22-20.24.17:690][328]LogModuleManager: Shutting down and abandoning module IOSRuntimeSettings (174)
[2016.01.22-20.24.17:690][328]LogModuleManager: Shutting down and abandoning module AndroidRuntimeSettings (173)
[2016.01.22-20.24.17:690][328]LogModuleManager: Shutting down and abandoning module MergeActors (172)
[2016.01.22-20.24.17:690][328]LogModuleManager: Shutting down and abandoning module SizeMap (171)
[2016.01.22-20.24.17:690][328]LogModuleManager: Shutting down and abandoning module TreeMap (170)
[2016.01.22-20.24.17:690][328]LogModuleManager: Shutting down and abandoning module ReferenceViewer (169)
[2016.01.22-20.24.17:690][328]LogModuleManager: Shutting down and abandoning module LocalizationService (168)
[2016.01.22-20.24.17:690][328]LogModuleManager: Shutting down and abandoning module LocalizationDashboard (167)
[2016.01.22-20.24.17:691][328]LogModuleManager: Shutting down and abandoning module HardwareTargeting (166)
[2016.01.22-20.24.17:691][328]LogModuleManager: Shutting down and abandoning module DeviceProfileEditor (165)
[2016.01.22-20.24.17:691][328]LogModuleManager: Shutting down and abandoning module UndoHistory (164)
[2016.01.22-20.24.17:691][328]LogModuleManager: Shutting down and abandoning module GameplayTagsEditor (163)
[2016.01.22-20.24.17:691][328]LogModuleManager: Shutting down and abandoning module UserFeedback (162)
[2016.01.22-20.24.17:691][328]LogModuleManager: Shutting down and abandoning module XmlParser (161)
[2016.01.22-20.24.17:691][328]LogModuleManager: Shutting down and abandoning module Blutility (160)
[2016.01.22-20.24.17:691][328]LogModuleManager: Shutting down and abandoning module ProjectTargetPlatformEditor (159)
[2016.01.22-20.24.17:691][328]LogModuleManager: Shutting down and abandoning module ProjectSettingsViewer (158)
[2016.01.22-20.24.17:691][328]LogModuleManager: Shutting down and abandoning module InputBindingEditor (157)
[2016.01.22-20.24.17:691][328]LogModuleManager: Shutting down and abandoning module EditorSettingsViewer (156)
[2016.01.22-20.24.17:691][328]LogModuleManager: Shutting down and abandoning module SettingsEditor (155)
[2016.01.22-20.24.17:691][328]LogModuleManager: Shutting down and abandoning module ProjectLauncher (154)
[2016.01.22-20.24.17:692][328]LogModuleManager: Shutting down and abandoning module SessionFrontend (153)
[2016.01.22-20.24.17:692][328]LogModuleManager: Shutting down and abandoning module ProfilerClient (152)
[2016.01.22-20.24.17:692][328]LogModuleManager: Shutting down and abandoning module TargetDeviceServices (151)
[2016.01.22-20.24.17:692][328]LogModuleManager: Shutting down and abandoning module DeviceManager (150)
[2016.01.22-20.24.17:692][328]LogModuleManager: Shutting down and abandoning module AutomationController (149)
[2016.01.22-20.24.17:692][328]LogModuleManager: Shutting down and abandoning module AutomationWindow (148)
[2016.01.22-20.24.17:693][328]LogModuleManager: Shutting down and abandoning module Layers (147)
[2016.01.22-20.24.17:694][328]LogModuleManager: Shutting down and abandoning module ComponentVisualizers (146)
[2016.01.22-20.24.17:694][328]LogModuleManager: Shutting down and abandoning module DetailCustomizations (145)
[2016.01.22-20.24.17:694][328]LogModuleManager: Shutting down and abandoning module PackagesDialog (144)
[2016.01.22-20.24.17:694][328]LogModuleManager: Shutting down and abandoning module Persona (143)
[2016.01.22-20.24.17:695][328]LogModuleManager: Shutting down and abandoning module Kismet (142)
[2016.01.22-20.24.17:695][328]LogModuleManager: Shutting down and abandoning module GraphEditor (141)
[2016.01.22-20.24.17:695][328]LogModuleManager: Shutting down and abandoning module ClassViewer (140)
[2016.01.22-20.24.17:695][328]LogModuleManager: Shutting down and abandoning module Toolbox (139)
[2016.01.22-20.24.17:695][328]LogModuleManager: Shutting down and abandoning module ModuleUI (138)
[2016.01.22-20.24.17:696][328]LogModuleManager: Shutting down and abandoning module MovieSceneTools (137)
[2016.01.22-20.24.17:696][328]LogModuleManager: Shutting down and abandoning module OutputLog (136)
[2016.01.22-20.24.17:696][328]LogModuleManager: Shutting down and abandoning module GammaUI (135)
[2016.01.22-20.24.17:696][328]LogModuleManager: Shutting down and abandoning module Documentation (134)
[2016.01.22-20.24.17:696][328]LogModuleManager: Shutting down and abandoning module GameLiveStreaming (133)
[2016.01.22-20.24.17:696][328]LogModuleManager: Shutting down and abandoning module StreamingPauseRendering (132)
[2016.01.22-20.24.17:696][328]LogModuleManager: Shutting down and abandoning module AnalyticsET (131)
[2016.01.22-20.24.17:696][328]LogModuleManager: Shutting down and abandoning module Analytics (130)
[2016.01.22-20.24.17:696][328]LogModuleManager: Shutting down and abandoning module AITestSuite (129)
[2016.01.22-20.24.17:696][328]LogModuleManager: Shutting down and abandoning module GameplayDebugger (128)
[2016.01.22-20.24.17:696][328]LogModuleManager: Shutting down and abandoning module AIModule (127)
[2016.01.22-20.24.17:696][328]LogModuleManager: Shutting down and abandoning module ProfilerService (126)
[2016.01.22-20.24.17:771][328]LogModuleManager: Shutting down and abandoning module TaskGraph (125)
[2016.01.22-20.24.17:773][328]LogModuleManager: Shutting down and abandoning module CreatureEditor (124)
[2016.01.22-20.24.17:773][328]LogModuleManager: Shutting down and abandoning module SlateRemote (123)
[2016.01.22-20.24.17:773][328]LogModuleManager: Shutting down and abandoning module SteamVRController (122)
[2016.01.22-20.24.17:773][328]LogModuleManager: Shutting down and abandoning module SteamVR (121)
[2016.01.22-20.24.17:773][328]LogModuleManager: Shutting down and abandoning module ProceduralMeshComponent (120)
[2016.01.22-20.24.17:773][328]LogModuleManager: Shutting down and abandoning module OculusLibrary (119)
[2016.01.22-20.24.17:773][328]LogModuleManager: Shutting down and abandoning module OculusInput (118)
[2016.01.22-20.24.17:773][328]LogModuleManager: Shutting down and abandoning module LeapMotionController (117)
[2016.01.22-20.24.17:786][328]LogModuleManager: Shutting down and abandoning module CustomMeshComponent (116)
[2016.01.22-20.24.17:786][328]LogModuleManager: Shutting down and abandoning module CableComponent (115)
[2016.01.22-20.24.17:786][328]LogModuleManager: Shutting down and abandoning module ArchVisCharacter (114)
[2016.01.22-20.24.17:786][328]LogModuleManager: Shutting down and abandoning module MessagingDebugger (113)
[2016.01.22-20.24.17:786][328]LogModuleManager: Shutting down and abandoning module MediaPlayerEditor (112)
[2016.01.22-20.24.17:787][328]LogModuleManager: Shutting down and abandoning module HTML5Networking (111)
[2016.01.22-20.24.17:787][328]LogModuleManager: Shutting down and abandoning module SpeedTreeImporter (110)
[2016.01.22-20.24.17:787][328]LogModuleManager: Shutting down and abandoning module PluginBrowser (109)
[2016.01.22-20.24.17:787][328]LogModuleManager: Shutting down and abandoning module EpicSurvey (108)
[2016.01.22-20.24.17:787][328]LogModuleManager: Shutting down and abandoning module VisualStudioSourceCodeAccess (107)
[2016.01.22-20.24.17:787][328]LogModuleManager: Shutting down and abandoning module UObjectPlugin (106)
[2016.01.22-20.24.17:787][328]LogModuleManager: Shutting down and abandoning module SubversionSourceControl (105)
[2016.01.22-20.24.17:787][328]LogModuleManager: Shutting down and abandoning module PerforceSourceControl (104)
[2016.01.22-20.24.17:787][328]LogModuleManager: Shutting down and abandoning module SourceControl (103)
[2016.01.22-20.24.17:787][328]LogModuleManager: Shutting down and abandoning module GitSourceControl (102)
[2016.01.22-20.24.17:787][328]LogModuleManager: Shutting down and abandoning module LightPropagationVolumeEditor (101)
[2016.01.22-20.24.17:787][328]LogModuleManager: Shutting down and abandoning module PaperTiledImporter (100)
[2016.01.22-20.24.17:787][328]LogModuleManager: Shutting down and abandoning module PaperSpriteSheetImporter (99)
[2016.01.22-20.24.17:787][328]LogModuleManager: Shutting down and abandoning module MeshPaint (98)
[2016.01.22-20.24.17:787][328]LogModuleManager: Shutting down and abandoning module SlateReflector (97)
[2016.01.22-20.24.17:787][328]LogModuleManager: Shutting down and abandoning module HotReload (96)
[2016.01.22-20.24.17:788][328]LogModuleManager: Shutting down and abandoning module MainFrame (95)
[2016.01.22-20.24.17:788][328]LogModuleManager: Shutting down and abandoning module LevelEditor (94)
[2016.01.22-20.24.17:788][328]LogModuleManager: Shutting down and abandoning module DirectoryWatcher (93)
[2016.01.22-20.24.17:789][328]LogModuleManager: Shutting down and abandoning module AssetRegistry (92)
[2016.01.22-20.24.17:865][328]LogModuleManager: Shutting down and abandoning module ContentBrowser (91)
[2016.01.22-20.24.17:865][328]LogModuleManager: Shutting down and abandoning module Paper2DEditor (90)
[2016.01.22-20.24.17:866][328]LogModuleManager: Shutting down and abandoning module PlayStudios (89)
[2016.01.22-20.24.17:866][328]LogModuleManager: Shutting down and abandoning module CreaturePlugin (88)
[2016.01.22-20.24.17:866][328]LogModuleManager: Shutting down and abandoning module UdpMessaging (87)
[2016.01.22-20.24.17:967][328]LogModuleManager: Shutting down and abandoning module LightPropagationVolumeRuntime (86)
[2016.01.22-20.24.17:967][328]LogModuleManager: Shutting down and abandoning module Paper2D (85)
[2016.01.22-20.24.17:967][328]LogModuleManager: Shutting down and abandoning module WindowsMoviePlayer (84)
[2016.01.22-20.24.17:975][328]LogModuleManager: Shutting down and abandoning module Media (83)
[2016.01.22-20.24.17:975][328]LogModuleManager: Shutting down and abandoning module WmfMedia (82)
[2016.01.22-20.24.17:975][328]LogModuleManager: Shutting down and abandoning module OnlineBlueprintSupport (81)
[2016.01.22-20.24.17:975][328]LogModuleManager: Shutting down and abandoning module GameplayTasksEditor (80)
[2016.01.22-20.24.17:975][328]LogModuleManager: Shutting down and abandoning module PropertyEditor (79)
[2016.01.22-20.24.17:975][328]LogModuleManager: Shutting down and abandoning module BehaviorTreeEditor (78)
[2016.01.22-20.24.17:978][328]LogModuleManager: Shutting down and abandoning module FunctionalTesting (77)
[2016.01.22-20.24.17:978][328]LogModuleManager: Shutting down and abandoning module CollisionAnalyzer (76)
[2016.01.22-20.24.17:978][328]LogModuleManager: Shutting down and abandoning module WorkspaceMenuStructure (75)
[2016.01.22-20.24.17:978][328]LogModuleManager: Shutting down and abandoning module MessageLog (74)
[2016.01.22-20.24.17:978][328]LogModuleManager: Shutting down and abandoning module Sequencer (73)
[2016.01.22-20.24.17:979][328]LogModuleManager: Shutting down and abandoning module AssetTools (72)
[2016.01.22-20.24.17:981][328]LogModuleManager: Shutting down and abandoning module UMGEditor (71)
[2016.01.22-20.24.17:983][328]LogModuleManager: Shutting down and abandoning module UMG (70)
[2016.01.22-20.24.17:984][328]LogModuleManager: Shutting down and abandoning module Slate (69)
[2016.01.22-20.24.17:984][328]LogModuleManager: Shutting down and abandoning module EditorStyle (68)
[2016.01.22-20.24.17:990][328]LogModuleManager: Shutting down and abandoning module SessionServices (67)
[2016.01.22-20.24.17:990][328]LogModuleManager: Shutting down and abandoning module SourceCodeAccess (66)
[2016.01.22-20.24.17:990][328]LogModuleManager: Shutting down and abandoning module HeadMountedDisplay (65)
[2016.01.22-20.24.17:990][328]LogModuleManager: Shutting down and abandoning module XAudio2 (64)
[2016.01.22-20.24.17:990][328]LogModuleManager: Shutting down and abandoning module Networking (62)
[2016.01.22-20.24.17:991][328]LogModuleManager: Shutting down and abandoning module Core (61)
[2016.01.22-20.24.17:991][328]LogModuleManager: Shutting down and abandoning module KismetCompiler (60)
[2016.01.22-20.24.17:991][328]LogModuleManager: Shutting down and abandoning module PhysXFormats (59)
[2016.01.22-20.24.17:991][328]LogModuleManager: Shutting down and abandoning module MeshUtilities (58)
[2016.01.22-20.24.17:992][328]LogModuleManager: Shutting down and abandoning module DerivedDataCache (57)
[2016.01.22-20.24.18:443][328]LogDerivedDataCache: Shutdown
[2016.01.22-20.24.18:443][328]LogModuleManager: Shutting down and abandoning module ShaderFormatOpenGL (56)
[2016.01.22-20.24.18:443][328]LogModuleManager: Shutting down and abandoning module ShaderFormatD3D (55)
[2016.01.22-20.24.18:443][328]LogModuleManager: Shutting down and abandoning module MetalShaderFormat (54)
[2016.01.22-20.24.18:444][328]LogModuleManager: Shutting down and abandoning module TextureFormatUncompressed (53)
[2016.01.22-20.24.18:444][328]LogModuleManager: Shutting down and abandoning module TextureFormatPVR (52)
[2016.01.22-20.24.18:444][328]LogModuleManager: Shutting down and abandoning module TextureFormatIntelISPCTexComp (51)
[2016.01.22-20.24.18:444][328]LogModuleManager: Shutting down and abandoning module TextureFormatDXT (50)
[2016.01.22-20.24.18:444][328]LogModuleManager: Shutting down and abandoning module ImageWrapper (49)
[2016.01.22-20.24.18:444][328]LogModuleManager: Shutting down and abandoning module TextureFormatASTC (48)
[2016.01.22-20.24.18:444][328]LogModuleManager: Shutting down and abandoning module TextureFormatAndroid (47)
[2016.01.22-20.24.18:444][328]LogModuleManager: Shutting down and abandoning module AudioFormatOpus (46)
[2016.01.22-20.24.18:444][328]LogModuleManager: Shutting down and abandoning module AudioFormatOgg (45)
[2016.01.22-20.24.18:444][328]LogModuleManager: Shutting down and abandoning module AudioFormatADPCM (44)
[2016.01.22-20.24.18:444][328]LogModuleManager: Shutting down and abandoning module LinuxTargetPlatform (43)
[2016.01.22-20.24.18:444][328]LogModuleManager: Shutting down and abandoning module LinuxServerTargetPlatform (42)
[2016.01.22-20.24.18:444][328]LogModuleManager: Shutting down and abandoning module LinuxNoEditorTargetPlatform (41)
[2016.01.22-20.24.18:444][328]LogModuleManager: Shutting down and abandoning module Messaging (40)
[2016.01.22-20.24.18:444][328]LogModuleManager: Shutting down and abandoning module IOSTargetPlatform (39)
[2016.01.22-20.24.18:444][328]LogModuleManager: Shutting down and abandoning module HTML5TargetPlatform (38)
[2016.01.22-20.24.18:444][328]LogModuleManager: Shutting down and abandoning module Android_PVRTCTargetPlatform (37)
[2016.01.22-20.24.18:444][328]LogModuleManager: Shutting down and abandoning module Android_MultiTargetPlatform (36)
[2016.01.22-20.24.18:444][328]LogModuleManager: Shutting down and abandoning module Android_ETC2TargetPlatform (35)
[2016.01.22-20.24.18:444][328]LogModuleManager: Shutting down and abandoning module Android_ETC1TargetPlatform (34)
[2016.01.22-20.24.18:444][328]LogModuleManager: Shutting down and abandoning module Android_DXTTargetPlatform (33)
[2016.01.22-20.24.18:444][328]LogModuleManager: Shutting down and abandoning module Android_ATCTargetPlatform (32)
[2016.01.22-20.24.18:444][328]LogModuleManager: Shutting down and abandoning module Android_ASTCTargetPlatform (31)
[2016.01.22-20.24.18:444][328]LogModuleManager: Shutting down and abandoning module AndroidTargetPlatform (30)
[2016.01.22-20.24.18:444][328]LogModuleManager: Shutting down and abandoning module WindowsTargetPlatform (29)
[2016.01.22-20.24.18:444][328]LogModuleManager: Shutting down and abandoning module WindowsServerTargetPlatform (28)
[2016.01.22-20.24.18:444][328]LogModuleManager: Shutting down and abandoning module WindowsNoEditorTargetPlatform (27)
[2016.01.22-20.24.18:444][328]LogModuleManager: Shutting down and abandoning module WindowsClientTargetPlatform (26)
[2016.01.22-20.24.18:444][328]LogModuleManager: Shutting down and abandoning module AllDesktopTargetPlatform (25)
[2016.01.22-20.24.18:444][328]LogModuleManager: Shutting down and abandoning module TargetPlatform (24)
[2016.01.22-20.24.18:444][328]LogModuleManager: Shutting down and abandoning module InputCore (23)
[2016.01.22-20.24.18:444][328]LogModuleManager: Shutting down and abandoning module Settings (22)
[2016.01.22-20.24.18:444][328]LogModuleManager: Shutting down and abandoning module OnlineSubsystem (20)
[2016.01.22-20.24.18:444][328]LogModuleManager: Shutting down and abandoning module HTTP (19)
[2016.01.22-20.24.20:949][328]LogModuleManager: Shutting down and abandoning module XMPP (18)
[2016.01.22-20.24.20:952][328]LogModuleManager: Shutting down and abandoning module OculusRift (17)
[2016.01.22-20.24.20:953][328]LogModuleManager: Shutting down and abandoning module ExampleDeviceProfileSelector (16)
[2016.01.22-20.24.20:953][328]LogModuleManager: Shutting down and abandoning module DesktopPlatform (15)
[2016.01.22-20.24.20:953][328]LogModuleManager: Shutting down and abandoning module TextureCompressor (14)
[2016.01.22-20.24.20:953][328]LogModuleManager: Shutting down and abandoning module ShaderCore (13)
[2016.01.22-20.24.20:953][328]LogModuleManager: Shutting down and abandoning module Landscape (12)
[2016.01.22-20.24.20:953][328]LogModuleManager: Shutting down and abandoning module SlateRHIRenderer (11)
[2016.01.22-20.24.20:954][328]LogModuleManager: Shutting down and abandoning module OpenGLDrv (10)
[2016.01.22-20.24.20:955][328]LogModuleManager: Shutting down and abandoning module D3D11RHI (9)
[2016.01.22-20.24.20:955][328]LogModuleManager: Shutting down and abandoning module AnimGraphRuntime (8)
[2016.01.22-20.24.20:955][328]LogModuleManager: Shutting down and abandoning module Renderer (7)
[2016.01.22-20.24.20:955][328]LogModuleManager: Shutting down and abandoning module Engine (6)
[2016.01.22-20.24.20:955][328]LogModuleManager: Shutting down and abandoning module CoreUObject (5)
[2016.01.22-20.24.20:955][328]LogModuleManager: Shutting down and abandoning module NetworkFile (4)
[2016.01.22-20.24.20:955][328]LogModuleManager: Shutting down and abandoning module StreamingFile (3)
[2016.01.22-20.24.20:956][328]LogModuleManager: Shutting down and abandoning module SandboxFile (2)
[2016.01.22-20.24.20:956][328]LogModuleManager: Shutting down and abandoning module PakFile (1)
[2016.01.22-20.24.20:958][328]LogExit: Exiting.
[2016.01.22-20.24.20:987][328]Log file closed, 01/22/16 12:24:20
