[2016.01.22-20.35.12:622][  0]Log file open, 01/22/16 12:35:12
[2016.01.22-20.35.12:622][  0]LogInit:Display: Running engine for game: FighetGame
[2016.01.22-20.35.12:622][  0]LogPlatformFile: Not using cached read wrapper
[2016.01.22-20.35.12:622][  0]LogInit:Display: RandInit(-2090263931) SRandInit(-2090263928).
[2016.01.22-20.35.12:622][  0]LogTaskGraph: Started task graph with 4 named threads and 7 total threads.
[2016.01.22-20.35.12:622][  0]LogStats: Stats thread started at 0.069218
[2016.01.22-20.35.12:622][  0]LogInit: Version: 4.10.1-2791327+++depot+UE4-Releases+4.10
[2016.01.22-20.35.12:622][  0]LogInit: API Version: 2758231
[2016.01.22-20.35.12:622][  0]LogInit: Compiled (64-bit): Dec  4 2015 19:44:40
[2016.01.22-20.35.12:622][  0]LogInit: Compiled with Visual C++: 19.00.23026.00
[2016.01.22-20.35.12:622][  0]LogInit: Build Configuration: Development
[2016.01.22-20.35.12:622][  0]LogInit: Branch Name: ++depot+UE4-Releases+4.10
[2016.01.22-20.35.12:622][  0]LogInit: Command line:  
[2016.01.22-20.35.12:622][  0]LogInit: Base directory: C:/Program Files/Epic Games/4.10/Engine/Binaries/Win64/
[2016.01.22-20.35.12:622][  0]LogInit: Rocket: 1
[2016.01.22-20.35.12:627][  0]LogInit: Using libcurl 7.41.0
[2016.01.22-20.35.12:627][  0]LogInit:  - built for x86_64-pc-win32
[2016.01.22-20.35.12:627][  0]LogInit:  - supports SSL with WinSSL
[2016.01.22-20.35.12:627][  0]LogInit:  - other features:
[2016.01.22-20.35.12:627][  0]LogInit:      CURL_VERSION_SSL
[2016.01.22-20.35.12:627][  0]LogInit:      CURL_VERSION_IPV6
[2016.01.22-20.35.12:627][  0]LogInit:      CURL_VERSION_ASYNCHDNS
[2016.01.22-20.35.12:627][  0]LogInit:      CURL_VERSION_LARGEFILE
[2016.01.22-20.35.12:627][  0]LogInit:      CURL_VERSION_IDN
[2016.01.22-20.35.12:627][  0]LogInit:  CurlRequestOptions (configurable via config and command line):
[2016.01.22-20.35.12:627][  0]LogInit:  - bVerifyPeer = true  - Libcurl will verify peer certificate
[2016.01.22-20.35.12:627][  0]LogInit:  - bUseHttpProxy = false  - Libcurl will NOT use HTTP proxy
[2016.01.22-20.35.12:627][  0]LogInit:  - bDontReuseConnections = false  - Libcurl will reuse connections
[2016.01.22-20.35.12:627][  0]LogInit:  - CertBundlePath = nullptr  - Libcurl will use whatever was configured at build time.
[2016.01.22-20.35.12:632][  0]LogInit: Presizing for 0 objects not considered by GC, pre-allocating 0 bytes.
[2016.01.22-20.35.12:636][  0]LogInit: Object subsystem initialized
[2016.01.22-20.35.12:637][  0]LogInit: Selected Device Profile: [Windows]
[2016.01.22-20.35.12:637][  0]LogInit: Applying CVar settings loaded from the selected device profile: [Windows]
[2016.01.22-20.35.12:644][  0]LogInit: Computer: MERLIN
[2016.01.22-20.35.12:644][  0]LogInit: User: jychong
[2016.01.22-20.35.12:644][  0]LogInit: CPU Page size=4096, Cores=4
[2016.01.22-20.35.12:644][  0]LogInit: High frequency timer resolution =3.914068 MHz
[2016.01.22-20.35.12:644][  0]LogMemory: Memory total: Physical=15.9GB (16GB approx)
[2016.01.22-20.35.12:644][  0]LogMemory: Platform Memory Stats for Windows
[2016.01.22-20.35.12:644][  0]LogMemory: Process Physical Memory: 56.11 MB used, 56.11 MB peak
[2016.01.22-20.35.12:644][  0]LogMemory: Process Virtual Memory: 56.79 MB used, 56.79 MB peak
[2016.01.22-20.35.12:644][  0]LogMemory: Physical Memory: 3682.80 MB used, 16332.17 MB total
[2016.01.22-20.35.12:644][  0]LogMemory: Virtual Memory: 382.75 MB used, 134217728.00 MB total
[2016.01.22-20.35.12:671][  0]LogTextLocalizationManager: No specific translations for ('en-US') exist, so ('en') translations will be used.
[2016.01.22-20.35.12:974][  0]LogD3D11RHI: Found D3D11 adapter 0: NVIDIA GeForce GTX 950 (Feature Level 11_0)
[2016.01.22-20.35.12:974][  0]LogD3D11RHI: Adapter has 1969MB of dedicated video memory, 0MB of dedicated system memory, and 8166MB of shared system memory, 1 output[s]
[2016.01.22-20.35.12:975][  0]LogD3D11RHI: Found D3D11 adapter 1: Microsoft Basic Render Driver (Feature Level 11_0)
[2016.01.22-20.35.12:975][  0]LogD3D11RHI: Adapter has 0MB of dedicated video memory, 0MB of dedicated system memory, and 8166MB of shared system memory, 0 output[s]
[2016.01.22-20.35.12:975][  0]LogD3D11RHI: Chosen D3D11 Adapter Id = 0
[2016.01.22-20.35.12:977][  0]LogD3D11RHI: !Direct3DDevice
[2016.01.22-20.35.12:977][  0]LogRHI: Texture pool is 1361 MB (70% of 1945 MB)
[2016.01.22-20.35.12:987][  0]LogD3D11RHI: Async texture creation enabled
[2016.01.22-20.35.13:002][  0]LogShaderCompilers: Guid format shader working directory is -32 characters bigger than the processId version (../../../../../../Users/jychong/Documents/Work/Projects/UE4_Projects/FighterGame/Intermediate/Shaders/WorkingDirectory/5456/).
[2016.01.22-20.35.13:002][  0]LogShaderCompilers: Cleaned the shader compiler working directory 'C:/Users/jychong/AppData/Local/Temp/UnrealShaderWorkingDir/2302E27140C440A1E67576948C46425C/'.
[2016.01.22-20.35.13:002][  0]LogShaderCompilers:Display: Using Local Shader Compiler.
[2016.01.22-20.35.13:499][  0]LogTemp:Display: Loaded TP AllDesktopTargetPlatform
[2016.01.22-20.35.13:503][  0]LogTemp:Display: Loaded TP WindowsClientTargetPlatform
[2016.01.22-20.35.13:506][  0]LogTemp:Display: Loaded TP WindowsNoEditorTargetPlatform
[2016.01.22-20.35.13:509][  0]LogTemp:Display: Loaded TP WindowsServerTargetPlatform
[2016.01.22-20.35.13:513][  0]LogTemp:Display: Loaded TP WindowsTargetPlatform
[2016.01.22-20.35.13:515][  0]LogTemp:Display: Loaded TP AndroidTargetPlatform
[2016.01.22-20.35.13:517][  0]LogTemp:Display: Loaded TP Android_ASTCTargetPlatform
[2016.01.22-20.35.13:519][  0]LogTemp:Display: Loaded TP Android_ATCTargetPlatform
[2016.01.22-20.35.13:521][  0]LogTemp:Display: Loaded TP Android_DXTTargetPlatform
[2016.01.22-20.35.13:523][  0]LogTemp:Display: Loaded TP Android_ETC1TargetPlatform
[2016.01.22-20.35.13:525][  0]LogTemp:Display: Loaded TP Android_ETC2TargetPlatform
[2016.01.22-20.35.13:529][  0]LogTemp:Display: Loaded TP Android_MultiTargetPlatform
[2016.01.22-20.35.13:529][  0]LogTemp:Display: Loaded TP Android_PVRTCTargetPlatform
[2016.01.22-20.35.13:529][  0]LogTemp:Display: Loaded TP HTML5TargetPlatform
[2016.01.22-20.35.13:545][  0]LogTemp:Display: Loaded TP IOSTargetPlatform
[2016.01.22-20.35.13:547][  0]LogTemp:Display: Loaded TP LinuxNoEditorTargetPlatform
[2016.01.22-20.35.13:549][  0]LogTemp:Display: Loaded TP LinuxServerTargetPlatform
[2016.01.22-20.35.13:551][  0]LogTemp:Display: Loaded TP LinuxTargetPlatform
[2016.01.22-20.35.13:551][  0]LogTargetPlatformManager:Display: Building Assets For Windows
[2016.01.22-20.35.13:606][  0]LogDerivedDataCache:Display: Max Cache Size: 512 MB
[2016.01.22-20.35.13:635][  0]LogDerivedDataCache: Loaded boot cache 0.03s 41MB C:/Users/jychong/AppData/Local/UnrealEngine/4.10/DerivedDataCache/Boot.ddc.
[2016.01.22-20.35.13:635][  0]LogDerivedDataCache:Display: Loaded Boot cache: C:/Users/jychong/AppData/Local/UnrealEngine/4.10/DerivedDataCache/Boot.ddc
[2016.01.22-20.35.13:635][  0]LogDerivedDataCache: FDerivedDataBackendGraph:  Pak pak cache file ../../../../../../Users/jychong/Documents/Work/Projects/UE4_Projects/FighterGame/DerivedDataCache/DDC.ddp not found, will not use a pak cache.
[2016.01.22-20.35.13:635][  0]LogDerivedDataCache: Unable to find inner node Pak for hierarchical cache Hierarchy.
[2016.01.22-20.35.13:635][  0]LogDerivedDataCache: FDerivedDataBackendGraph:  CompressedPak pak cache file ../../../../../../Users/jychong/Documents/Work/Projects/UE4_Projects/FighterGame/DerivedDataCache/Compressed.ddp not found, will not use a pak cache.
[2016.01.22-20.35.13:635][  0]LogDerivedDataCache: Unable to find inner node CompressedPak for hierarchical cache Hierarchy.
[2016.01.22-20.35.13:675][  0]LogDerivedDataCache:Display: Pak cache opened for reading ../../../Engine/DerivedDataCache/Compressed.ddp.
[2016.01.22-20.35.13:687][  0]LogDerivedDataCache: Using Local data cache path C:/Users/jychong/AppData/Local/UnrealEngine/Common/DerivedDataCache: Writable
[2016.01.22-20.35.13:806][  0]LogInit: Selected Device Profile: [Windows]
[2016.01.22-20.35.13:808][  0]LogContentStreaming: Texture pool size is 0.000000MB
[2016.01.22-20.35.13:881][  0]LogMeshUtilities: No automatic mesh reduction module available
[2016.01.22-20.35.13:881][  0]LogMeshUtilities: No automatic mesh merging module available
[2016.01.22-20.35.14:022][  0]LogInit: WinSock: version 1.1 (2.2), MaxSocks=32767, MaxUdp=65467
[2016.01.22-20.35.14:510][  0]UdpMessaging: Initializing bridge on interface 0.0.0.0:0 to multicast group 230.0.0.1:6666.
[2016.01.22-20.35.14:613][  0]LogAssetRegistry: FAssetRegistry took 0.0115 seconds to start up
[2016.01.22-20.35.14:715][  0]SourceControl: Info Source control is disabled
[2016.01.22-20.35.14:722][  0]SourceControl: Info Source control is disabled
[2016.01.22-20.35.14:731][  0]SourceControl: Info Source control is disabled
[2016.01.22-20.35.14:738][  0]SourceControl: Info Source control is disabled
[2016.01.22-20.35.14:888][  0]LogObj: 28926 objects as part of root set at end of initial load.
[2016.01.22-20.35.14:888][  0]LogUObjectAllocator: 6163384 out of 0 bytes used by permanent object pool.
[2016.01.22-20.35.14:929][  0]LogEngine: Initializing Engine...
[2016.01.22-20.35.14:930][  0]LogHMD: Can't find Oculus library dev build: is proper Runtime installed? Version: 0.8.0.0
[2016.01.22-20.35.14:931][  0]LogHMD: SteamVR failed to initialize.  Err: 110
[2016.01.22-20.35.15:012][  0]LogAIModule: Creating AISystem for world NewWorld
[2016.01.22-20.35.15:017][  0]LogInit: XAudio2 using 'VS24A-4 (NVIDIA High Definition Audio)' : 2 channels at 48 kHz using 16 bits per sample (channel mask 0x3)
[2016.01.22-20.35.15:028][  0]LogInit: FAudioDevice initialized.
[2016.01.22-20.35.15:043][  0]LogDerivedDataCache: Saved boot cache 0.01s 41MB C:/Users/jychong/AppData/Local/UnrealEngine/4.10/DerivedDataCache/Boot.ddc.
[2016.01.22-20.35.15:047][  0]LogInit: Texture streaming: Enabled
[2016.01.22-20.35.15:050][  0]LogAnalytics: Creating configured Analytics provider AnalyticsET
[2016.01.22-20.35.15:050][  0]LogAnalytics: [UEEditor.Rocket.Release] APIServer = http://et2.epicgames.com/ET2/. AppVersion = 4.10.1-2791327+++depot+UE4-Releases+4.10
[2016.01.22-20.35.15:050][  0]LogAnalytics: [UEEditor.Rocket.Release] SetUserId 0a664b9e40ce3392435320acb25808e8|d085e2169ed74ad5919a9c5f09bdfc6a|342dfd8c-d9ad-42f6-b691-24b5970a92ec
[2016.01.22-20.35.15:050][  0]LogAnalytics: [UEEditor.Rocket.Release] AnalyticsET::StartSession
[2016.01.22-20.35.15:071][  0]LogInit: Transaction tracking system initialized
[2016.01.22-20.35.15:091][  0]BlueprintLog: New page: Editor Load
[2016.01.22-20.35.15:146][  0]LocalizationService: Info Localization service is disabled
[2016.01.22-20.35.15:190][  0]LogLinker:Warning: Can't find file '/Game/FirstPersonBP/FirstPersonOverview'
[2016.01.22-20.35.15:190][  0]LogLinker:Warning: Can't find file '/Game/FirstPersonBP/FirstPersonOverview'
[2016.01.22-20.35.15:190][  0]LogUObjectGlobals:Warning: Failed to find object 'Class /Game/FirstPersonBP/FirstPersonOverview.FirstPersonOverview_C'
[2016.01.22-20.35.15:198][  0]LogConsoleResponse:Display: 
[2016.01.22-20.35.15:271][  0]LogCook:Display: Done creating registry. It took  0.00s.
[2016.01.22-20.35.15:308][  0]LogFileCache: Scanning file cache for directory 'C:/Users/jychong/Documents/Work/Projects/UE4_Projects/FighterGame/Content/' took 0.01s
[2016.01.22-20.35.15:308][  0]SourceControl: Info Source control is disabled
[2016.01.22-20.35.15:308][  0]Cmd: MAP LOAD FILE="../../../../../../Users/jychong/Documents/Work/Projects/UE4_Projects/FighterGame/Content/StarterContent/Maps/Minimal_Default.umap" TEMPLATE=0 SHOWPROGRESS=1 FEATURELEVEL=3
[2016.01.22-20.35.15:309][  0]LightingResults: New page: Lighting Build
[2016.01.22-20.35.15:312][  0]MapCheck: New page: Map Check
[2016.01.22-20.35.15:312][  0]LightingResults: New page: Lighting Build
[2016.01.22-20.35.15:321][  0]LogParticles: Destroying 0 GPU particle simulations for FXSystem 0x000002530A35FB00
[2016.01.22-20.35.15:805][  0]LogAIModule: Creating AISystem for world Minimal_Default
[2016.01.22-20.35.16:424][  0]LogEditorServer: Finished looking for orphan Actors (0.000 secs)
[2016.01.22-20.35.16:424][  0]Cmd: MAP CHECKDEP NOCLEARLOG
[2016.01.22-20.35.16:473][  0]MapCheck:Warning: Warning CreatureMesh CreatureMeshComponent /Game/StarterContent/Maps/Minimal_Default.Minimal_Default:PersistentLevel.JarcActor_Blueprint_C_1.CreatureMesh : Externally referenced 
[2016.01.22-20.35.16:473][  0]MapCheck:Warning: Warning StaticMeshComponent0 StaticMeshComponent /Game/StarterContent/Maps/Minimal_Default.Minimal_Default:PersistentLevel.Cube_4.StaticMeshComponent0 : Externally referenced 
[2016.01.22-20.35.16:473][  0]MapCheck:Warning: Warning CreatureMesh CreatureMeshComponent /Game/StarterContent/Maps/Minimal_Default.Minimal_Default:PersistentLevel.JarcActor_Blueprint_C_1.CreatureMesh : Externally referenced 
[2016.01.22-20.35.16:473][  0]MapCheck:Warning: Warning StaticMeshComponent0 StaticMeshComponent /Game/StarterContent/Maps/Minimal_Default.Minimal_Default:PersistentLevel.Floor.StaticMeshComponent0 : Externally referenced 
[2016.01.22-20.35.16:473][  0]MapCheck:Warning: Warning StaticMeshComponent0 StaticMeshComponent /Game/StarterContent/Maps/Minimal_Default.Minimal_Default:PersistentLevel.Sphere_4.StaticMeshComponent0 : Externally referenced 
[2016.01.22-20.35.16:473][  0]MapCheck:Warning: Warning StaticMeshComponent0 StaticMeshComponent /Game/StarterContent/Maps/Minimal_Default.Minimal_Default:PersistentLevel.Sphere2.StaticMeshComponent0 : Externally referenced 
[2016.01.22-20.35.16:474][  0]MapCheck:Warning: Warning StaticMeshComponent0 StaticMeshComponent /Game/StarterContent/Maps/Minimal_Default.Minimal_Default:PersistentLevel.Floor.StaticMeshComponent0 : Externally referenced 
[2016.01.22-20.35.16:474][  0]MapCheck:Warning: Warning EdGraphPin_9663 EdGraphPin /Game/StarterContent/Maps/Minimal_Default.Minimal_Default:PersistentLevel.Minimal_Default.ExecuteUbergraph_Minimal_Default.K2Node_CallFunction_345.EdGraphPin_9663 : Externally referenced 
[2016.01.22-20.35.16:474][  0]MapCheck:Warning: Warning EdGraphPin_9637 EdGraphPin /Game/StarterContent/Maps/Minimal_Default.Minimal_Default:PersistentLevel.Minimal_Default.ExecuteUbergraph_Minimal_Default.K2Node_CallFunction_347.EdGraphPin_9637 : Externally referenced 
[2016.01.22-20.35.16:474][  0]MapCheck:Warning: Warning EdGraphPin_9678 EdGraphPin /Game/StarterContent/Maps/Minimal_Default.Minimal_Default:PersistentLevel.Minimal_Default.EventGraph.K2Node_CallFunction_2632.EdGraphPin_9678 : Externally referenced 
[2016.01.22-20.35.16:474][  0]MapCheck:Warning: Warning EdGraphPin_9678 EdGraphPin /Game/StarterContent/Maps/Minimal_Default.Minimal_Default:PersistentLevel.Minimal_Default.ExecuteUbergraph_Minimal_Default.K2Node_CallFunction_349.EdGraphPin_9678 : Externally referenced 
[2016.01.22-20.35.16:474][  0]MapCheck: Info Map check complete: 0 Error(s), 11 Warning(s), took 49.775ms to complete.
[2016.01.22-20.35.16:478][  0]LogFileHelpers: Loading map 'Minimal_Default' took 1.169
[2016.01.22-20.35.16:567][  0]LogCollectionManager: Loaded 0 collections in 0.001452 seconds
[2016.01.22-20.35.16:605][  0]LogFileCache: Scanning file cache for directory 'C:/Users/jychong/Documents/Work/Projects/UE4_Projects/FighterGame/Saved/Collections/' took 0.01s
[2016.01.22-20.35.16:605][  0]LogFileCache: Scanning file cache for directory 'C:/Users/jychong/Documents/Work/Projects/UE4_Projects/FighterGame/Content/Developers/jychong/Collections/' took 0.01s
[2016.01.22-20.35.16:605][  0]LogFileCache: Scanning file cache for directory 'C:/Users/jychong/Documents/Work/Projects/UE4_Projects/FighterGame/Content/Collections/' took 0.01s
[2016.01.22-20.35.16:605][  0]LogCollectionManager: Rebuilt the GUID cache for 0 collections in 0.000001 seconds
[2016.01.22-20.35.16:610][  0]LogContentBrowser: Native class hierarchy populated in 0.0055 seconds. Added 1912 classes and 345 folders.
[2016.01.22-20.35.16:617][  0]LogContentBrowser: Native class hierarchy updated for 'WidgetCarousel' in 0.0006 seconds. Added 0 classes and 0 folders.
[2016.01.22-20.35.16:643][  0]LogContentBrowser: Native class hierarchy updated for 'AddContentDialog' in 0.0007 seconds. Added 0 classes and 0 folders.
[2016.01.22-20.35.16:646][  0]LogContentBrowser: Native class hierarchy updated for 'SceneOutliner' in 0.0007 seconds. Added 1 classes and 2 folders.
[2016.01.22-20.35.16:676][  0]LogCrashTracker: Crashtracker disabled due to settings.
[2016.01.22-20.35.16:680][  0]LogUObjectGlobals:Warning: Failed to find object 'Class None.'
[2016.01.22-20.35.16:702][  0]LogLoad: Full Startup: 4.61 seconds (BP compile: 0.10 seconds)
[2016.01.22-20.35.16:713][  0]LogOcInput: Can't find Oculus library dev build: is proper Runtime installed? Version: 0.8.0.0
[2016.01.22-20.35.16:756][  0]LogContentStreaming: Texture pool size now 1000 MB
[2016.01.22-20.35.16:860][  0]LogRenderer: Reallocating scene render targets to support 1316x632 (Frame:2).
[2016.01.22-20.35.17:040][  3]LogAssetRegistry: Asset discovery search completed in 2.4396 seconds
[2016.01.22-20.35.17:040][  3]LogCollectionManager: Rebuilt the object cache for 0 collections in 0.000000 seconds (found 0 objects)
[2016.01.22-20.35.17:040][  3]LogCollectionManager: Fixed up redirectors for 0 collections in 0.000013 seconds (updated 0 objects)
[2016.01.22-20.35.38:199][274]LogBlueprintUserMessages: Early PlayInEditor Detection: Level '/Game/StarterContent/Maps/Minimal_Default.Minimal_Default:PersistentLevel' has LevelScriptBlueprint '/Game/StarterContent/Maps/Minimal_Default.Minimal_Default:PersistentLevel.Minimal_Default' with GeneratedClass '/Game/StarterContent/Maps/Minimal_Default.Minimal_Default_C' with ClassGeneratedBy '/Game/StarterContent/Maps/Minimal_Default.Minimal_Default:PersistentLevel.Minimal_Default'
[2016.01.22-20.35.38:199][274]LogPlayLevel: PlayLevel: No blueprints needed recompiling
[2016.01.22-20.35.38:199][274]PIE: New page: PIE session: Minimal_Default (Jan 22, 2016, 4:35:38 AM)
[2016.01.22-20.35.38:199][274]LogPlayLevel: Creating play world package: /Game/StarterContent/Maps/UEDPIE_0_Minimal_Default
[2016.01.22-20.35.38:202][274]LogPlayLevel: PIE: StaticDuplicateObject took: (0.003311s)
[2016.01.22-20.35.38:203][274]LogAIModule: Creating AISystem for world Minimal_Default
[2016.01.22-20.35.38:203][274]LogPlayLevel: PIE: World Init took: (0.000452s)
[2016.01.22-20.35.38:203][274]LogPlayLevel: PIE: Created PIE world by copying editor world from /Game/StarterContent/Maps/Minimal_Default.Minimal_Default to /Game/StarterContent/Maps/UEDPIE_0_Minimal_Default.Minimal_Default (0.003897s)
[2016.01.22-20.35.38:226][274]LogInit: XAudio2 using 'VS24A-4 (NVIDIA High Definition Audio)' : 2 channels at 48 kHz using 16 bits per sample (channel mask 0x3)
[2016.01.22-20.35.38:228][274]LogInit: FAudioDevice initialized.
[2016.01.22-20.35.38:271][274]LogWorld: Game class is 'PlayStudiosGameMode'
[2016.01.22-20.35.38:275][274]LogWorld: Bringing World /Game/StarterContent/Maps/UEDPIE_0_Minimal_Default.Minimal_Default up for play (max tick rate 0) at 2016.01.22-12.35.38
[2016.01.22-20.35.38:275][274]LogActor:Warning: GameSession /Game/StarterContent/Maps/UEDPIE_0_Minimal_Default.Minimal_Default:PersistentLevel.GameSession_0 has natively added scene component(s), but none of them were set as the actor's RootComponent - picking one arbitrarily
[2016.01.22-20.35.38:275][274]LogActor:Warning: GameNetworkManager /Game/StarterContent/Maps/UEDPIE_0_Minimal_Default.Minimal_Default:PersistentLevel.GameNetworkManager_0 has natively added scene component(s), but none of them were set as the actor's RootComponent - picking one arbitrarily
[2016.01.22-20.35.38:277][274]LogWorld: Bringing up level for play took: 0.005314
[2016.01.22-20.35.38:279][274]PIE: Info Play in editor start time for /Game/StarterContent/Maps/UEDPIE_0_Minimal_Default 0.068
[2016.01.22-20.35.38:279][274]LogBlueprintUserMessages: Late PlayInEditor Detection: Level '/Game/StarterContent/Maps/Minimal_Default.Minimal_Default:PersistentLevel' has LevelScriptBlueprint '/Game/StarterContent/Maps/Minimal_Default.Minimal_Default:PersistentLevel.Minimal_Default' with GeneratedClass '/Game/StarterContent/Maps/Minimal_Default.Minimal_Default_C' with ClassGeneratedBy '/Game/StarterContent/Maps/Minimal_Default.Minimal_Default:PersistentLevel.Minimal_Default'
[2016.01.22-20.35.53:237][ 55]LogBlueprintUserMessages: Early EndPlayMap Detection: Level '/Game/StarterContent/Maps/Minimal_Default.Minimal_Default:PersistentLevel' has LevelScriptBlueprint '/Game/StarterContent/Maps/Minimal_Default.Minimal_Default:PersistentLevel.Minimal_Default' with GeneratedClass '/Game/StarterContent/Maps/Minimal_Default.Minimal_Default_C' with ClassGeneratedBy '/Game/StarterContent/Maps/Minimal_Default.Minimal_Default:PersistentLevel.Minimal_Default'
[2016.01.22-20.35.53:268][ 55]LogBlueprintUserMessages: Late EndPlayMap Detection: Level '/Game/StarterContent/Maps/Minimal_Default.Minimal_Default:PersistentLevel' has LevelScriptBlueprint '/Game/StarterContent/Maps/Minimal_Default.Minimal_Default:PersistentLevel.Minimal_Default' with GeneratedClass '/Game/StarterContent/Maps/Minimal_Default.Minimal_Default_C' with ClassGeneratedBy '/Game/StarterContent/Maps/Minimal_Default.Minimal_Default:PersistentLevel.Minimal_Default'
[2016.01.22-20.35.53:280][ 55]LogParticles: Destroying 0 GPU particle simulations for FXSystem 0x000002532B7F85E0
[2016.01.22-20.35.55:688][334]LogWindowsTextInputMethodSystem:Display: IME system now deactivated.
[2016.01.22-20.35.55:863][335]Cmd: QUIT_EDITOR
[2016.01.22-20.35.55:979][335]LogExit: Preparing to exit.
[2016.01.22-20.35.56:627][335]LogExit: Editor shut down
[2016.01.22-20.35.56:628][335]LogExit: Transaction tracking system shut down
[2016.01.22-20.35.56:630][335]LogParticles: Destroying 0 GPU particle simulations for FXSystem 0x000002530F0D3920
[2016.01.22-20.35.56:630][335]LogParticles: Destroying 0 GPU particle simulations for FXSystem 0x00000253258B3920
[2016.01.22-20.35.56:630][335]LogParticles: Destroying 0 GPU particle simulations for FXSystem 0x0000025325C2EF20
[2016.01.22-20.35.56:630][335]LogParticles: Destroying 0 GPU particle simulations for FXSystem 0x000002532B7F9620
[2016.01.22-20.35.56:630][335]LogParticles: Destroying 0 GPU particle simulations for FXSystem 0x000002532B7F9580
[2016.01.22-20.35.56:725][335]LogExit: Object subsystem successfully closed.
[2016.01.22-20.35.56:737][335]LogD3D11RHI: Shutdown
[2016.01.22-20.35.56:737][335]LogD3D11RHI: CleanupD3DDevice
[2016.01.22-20.35.56:808][335]LogD3D11RHI: ~FD3D11DynamicRHI
[2016.01.22-20.35.56:820][335]LogModuleManager: Shutting down and abandoning module CrashTracker (201)
[2016.01.22-20.35.56:820][335]LogModuleManager: Shutting down and abandoning module SceneOutliner (200)
[2016.01.22-20.35.56:820][335]LogModuleManager: Shutting down and abandoning module SuperSearch (199)
[2016.01.22-20.35.56:820][335]LogModuleManager: Shutting down and abandoning module WidgetCarousel (198)
[2016.01.22-20.35.56:820][335]LogModuleManager: Shutting down and abandoning module AddContentDialog (197)
[2016.01.22-20.35.56:820][335]LogModuleManager: Shutting down and abandoning module EditorWidgets (196)
[2016.01.22-20.35.56:820][335]LogModuleManager: Shutting down and abandoning module CollectionManager (195)
[2016.01.22-20.35.56:820][335]LogModuleManager: Shutting down and abandoning module StatsViewer (194)
[2016.01.22-20.35.56:820][335]LogModuleManager: Shutting down and abandoning module FoliageEdit (193)
[2016.01.22-20.35.56:820][335]LogModuleManager: Shutting down and abandoning module LandscapeEditor (192)
[2016.01.22-20.35.56:820][335]LogModuleManager: Shutting down and abandoning module ActorPickerMode (191)
[2016.01.22-20.35.56:820][335]LogModuleManager: Shutting down and abandoning module GeometryMode (190)
[2016.01.22-20.35.56:820][335]LogModuleManager: Shutting down and abandoning module TextureAlignMode (189)
[2016.01.22-20.35.56:820][335]LogModuleManager: Shutting down and abandoning module BspMode (188)
[2016.01.22-20.35.56:820][335]LogModuleManager: Shutting down and abandoning module PlacementMode (187)
[2016.01.22-20.35.56:821][335]LogModuleManager: Shutting down and abandoning module AutomationWorker (186)
[2016.01.22-20.35.56:821][335]LogModuleManager: Shutting down and abandoning module CharacterAI (185)
[2016.01.22-20.35.56:821][335]LogModuleManager: Shutting down and abandoning module SmartSnapping (184)
[2016.01.22-20.35.56:821][335]LogModuleManager: Shutting down and abandoning module ViewportSnapping (183)
[2016.01.22-20.35.56:821][335]LogModuleManager: Shutting down and abandoning module LogVisualizer (182)
[2016.01.22-20.35.56:821][335]LogModuleManager: Shutting down and abandoning module GameProjectGeneration (181)
[2016.01.22-20.35.56:821][335]LogModuleManager: Shutting down and abandoning module IntroTutorials (180)
[2016.01.22-20.35.56:821][335]LogModuleManager: Shutting down and abandoning module EditorLiveStreaming (179)
[2016.01.22-20.35.56:821][335]LogModuleManager: Shutting down and abandoning module IOSPlatformEditor (178)
[2016.01.22-20.35.56:821][335]LogModuleManager: Shutting down and abandoning module HTML5PlatformEditor (177)
[2016.01.22-20.35.56:821][335]LogModuleManager: Shutting down and abandoning module AndroidDeviceDetection (176)
[2016.01.22-20.35.57:185][335]LogModuleManager: Shutting down and abandoning module AndroidPlatformEditor (175)
[2016.01.22-20.35.57:185][335]LogModuleManager: Shutting down and abandoning module IOSRuntimeSettings (174)
[2016.01.22-20.35.57:185][335]LogModuleManager: Shutting down and abandoning module AndroidRuntimeSettings (173)
[2016.01.22-20.35.57:185][335]LogModuleManager: Shutting down and abandoning module MergeActors (172)
[2016.01.22-20.35.57:185][335]LogModuleManager: Shutting down and abandoning module SizeMap (171)
[2016.01.22-20.35.57:185][335]LogModuleManager: Shutting down and abandoning module TreeMap (170)
[2016.01.22-20.35.57:185][335]LogModuleManager: Shutting down and abandoning module ReferenceViewer (169)
[2016.01.22-20.35.57:185][335]LogModuleManager: Shutting down and abandoning module LocalizationService (168)
[2016.01.22-20.35.57:185][335]LogModuleManager: Shutting down and abandoning module LocalizationDashboard (167)
[2016.01.22-20.35.57:185][335]LogModuleManager: Shutting down and abandoning module HardwareTargeting (166)
[2016.01.22-20.35.57:185][335]LogModuleManager: Shutting down and abandoning module DeviceProfileEditor (165)
[2016.01.22-20.35.57:185][335]LogModuleManager: Shutting down and abandoning module UndoHistory (164)
[2016.01.22-20.35.57:185][335]LogModuleManager: Shutting down and abandoning module GameplayTagsEditor (163)
[2016.01.22-20.35.57:185][335]LogModuleManager: Shutting down and abandoning module UserFeedback (162)
[2016.01.22-20.35.57:185][335]LogModuleManager: Shutting down and abandoning module XmlParser (161)
[2016.01.22-20.35.57:185][335]LogModuleManager: Shutting down and abandoning module Blutility (160)
[2016.01.22-20.35.57:185][335]LogModuleManager: Shutting down and abandoning module ProjectTargetPlatformEditor (159)
[2016.01.22-20.35.57:186][335]LogModuleManager: Shutting down and abandoning module ProjectSettingsViewer (158)
[2016.01.22-20.35.57:186][335]LogModuleManager: Shutting down and abandoning module InputBindingEditor (157)
[2016.01.22-20.35.57:186][335]LogModuleManager: Shutting down and abandoning module EditorSettingsViewer (156)
[2016.01.22-20.35.57:186][335]LogModuleManager: Shutting down and abandoning module SettingsEditor (155)
[2016.01.22-20.35.57:186][335]LogModuleManager: Shutting down and abandoning module ProjectLauncher (154)
[2016.01.22-20.35.57:186][335]LogModuleManager: Shutting down and abandoning module SessionFrontend (153)
[2016.01.22-20.35.57:186][335]LogModuleManager: Shutting down and abandoning module ProfilerClient (152)
[2016.01.22-20.35.57:186][335]LogModuleManager: Shutting down and abandoning module TargetDeviceServices (151)
[2016.01.22-20.35.57:186][335]LogModuleManager: Shutting down and abandoning module DeviceManager (150)
[2016.01.22-20.35.57:186][335]LogModuleManager: Shutting down and abandoning module AutomationController (149)
[2016.01.22-20.35.57:186][335]LogModuleManager: Shutting down and abandoning module AutomationWindow (148)
[2016.01.22-20.35.57:186][335]LogModuleManager: Shutting down and abandoning module Layers (147)
[2016.01.22-20.35.57:186][335]LogModuleManager: Shutting down and abandoning module ComponentVisualizers (146)
[2016.01.22-20.35.57:186][335]LogModuleManager: Shutting down and abandoning module DetailCustomizations (145)
[2016.01.22-20.35.57:186][335]LogModuleManager: Shutting down and abandoning module PackagesDialog (144)
[2016.01.22-20.35.57:186][335]LogModuleManager: Shutting down and abandoning module Persona (143)
[2016.01.22-20.35.57:186][335]LogModuleManager: Shutting down and abandoning module Kismet (142)
[2016.01.22-20.35.57:186][335]LogModuleManager: Shutting down and abandoning module GraphEditor (141)
[2016.01.22-20.35.57:186][335]LogModuleManager: Shutting down and abandoning module ClassViewer (140)
[2016.01.22-20.35.57:186][335]LogModuleManager: Shutting down and abandoning module Toolbox (139)
[2016.01.22-20.35.57:186][335]LogModuleManager: Shutting down and abandoning module ModuleUI (138)
[2016.01.22-20.35.57:186][335]LogModuleManager: Shutting down and abandoning module MovieSceneTools (137)
[2016.01.22-20.35.57:186][335]LogModuleManager: Shutting down and abandoning module OutputLog (136)
[2016.01.22-20.35.57:186][335]LogModuleManager: Shutting down and abandoning module GammaUI (135)
[2016.01.22-20.35.57:186][335]LogModuleManager: Shutting down and abandoning module Documentation (134)
[2016.01.22-20.35.57:186][335]LogModuleManager: Shutting down and abandoning module GameLiveStreaming (133)
[2016.01.22-20.35.57:186][335]LogModuleManager: Shutting down and abandoning module StreamingPauseRendering (132)
[2016.01.22-20.35.57:186][335]LogModuleManager: Shutting down and abandoning module AnalyticsET (131)
[2016.01.22-20.35.57:186][335]LogModuleManager: Shutting down and abandoning module Analytics (130)
[2016.01.22-20.35.57:186][335]LogModuleManager: Shutting down and abandoning module AITestSuite (129)
[2016.01.22-20.35.57:186][335]LogModuleManager: Shutting down and abandoning module GameplayDebugger (128)
[2016.01.22-20.35.57:186][335]LogModuleManager: Shutting down and abandoning module AIModule (127)
[2016.01.22-20.35.57:186][335]LogModuleManager: Shutting down and abandoning module ProfilerService (126)
[2016.01.22-20.35.57:434][335]LogModuleManager: Shutting down and abandoning module TaskGraph (125)
[2016.01.22-20.35.57:434][335]LogModuleManager: Shutting down and abandoning module CreatureEditor (124)
[2016.01.22-20.35.57:434][335]LogModuleManager: Shutting down and abandoning module SlateRemote (123)
[2016.01.22-20.35.57:434][335]LogModuleManager: Shutting down and abandoning module SteamVRController (122)
[2016.01.22-20.35.57:434][335]LogModuleManager: Shutting down and abandoning module SteamVR (121)
[2016.01.22-20.35.57:434][335]LogModuleManager: Shutting down and abandoning module ProceduralMeshComponent (120)
[2016.01.22-20.35.57:434][335]LogModuleManager: Shutting down and abandoning module OculusLibrary (119)
[2016.01.22-20.35.57:434][335]LogModuleManager: Shutting down and abandoning module OculusInput (118)
[2016.01.22-20.35.57:434][335]LogModuleManager: Shutting down and abandoning module LeapMotionController (117)
[2016.01.22-20.35.57:449][335]LogModuleManager: Shutting down and abandoning module CustomMeshComponent (116)
[2016.01.22-20.35.57:449][335]LogModuleManager: Shutting down and abandoning module CableComponent (115)
[2016.01.22-20.35.57:449][335]LogModuleManager: Shutting down and abandoning module ArchVisCharacter (114)
[2016.01.22-20.35.57:449][335]LogModuleManager: Shutting down and abandoning module MessagingDebugger (113)
[2016.01.22-20.35.57:449][335]LogModuleManager: Shutting down and abandoning module MediaPlayerEditor (112)
[2016.01.22-20.35.57:449][335]LogModuleManager: Shutting down and abandoning module HTML5Networking (111)
[2016.01.22-20.35.57:449][335]LogModuleManager: Shutting down and abandoning module SpeedTreeImporter (110)
[2016.01.22-20.35.57:449][335]LogModuleManager: Shutting down and abandoning module PluginBrowser (109)
[2016.01.22-20.35.57:449][335]LogModuleManager: Shutting down and abandoning module EpicSurvey (108)
[2016.01.22-20.35.57:449][335]LogModuleManager: Shutting down and abandoning module DesktopPlatform (107)
[2016.01.22-20.35.57:449][335]LogModuleManager: Shutting down and abandoning module VisualStudioSourceCodeAccess (106)
[2016.01.22-20.35.57:449][335]LogModuleManager: Shutting down and abandoning module UObjectPlugin (105)
[2016.01.22-20.35.57:449][335]LogModuleManager: Shutting down and abandoning module SubversionSourceControl (104)
[2016.01.22-20.35.57:449][335]LogModuleManager: Shutting down and abandoning module PerforceSourceControl (103)
[2016.01.22-20.35.57:449][335]LogModuleManager: Shutting down and abandoning module SourceControl (102)
[2016.01.22-20.35.57:449][335]LogModuleManager: Shutting down and abandoning module GitSourceControl (101)
[2016.01.22-20.35.57:449][335]LogModuleManager: Shutting down and abandoning module LightPropagationVolumeEditor (100)
[2016.01.22-20.35.57:449][335]LogModuleManager: Shutting down and abandoning module PaperTiledImporter (99)
[2016.01.22-20.35.57:449][335]LogModuleManager: Shutting down and abandoning module PaperSpriteSheetImporter (98)
[2016.01.22-20.35.57:449][335]LogModuleManager: Shutting down and abandoning module MeshPaint (97)
[2016.01.22-20.35.57:449][335]LogModuleManager: Shutting down and abandoning module SlateReflector (96)
[2016.01.22-20.35.57:449][335]LogModuleManager: Shutting down and abandoning module HotReload (95)
[2016.01.22-20.35.57:449][335]LogModuleManager: Shutting down and abandoning module MainFrame (94)
[2016.01.22-20.35.57:449][335]LogModuleManager: Shutting down and abandoning module LevelEditor (93)
[2016.01.22-20.35.57:450][335]LogModuleManager: Shutting down and abandoning module DirectoryWatcher (92)
[2016.01.22-20.35.57:450][335]LogModuleManager: Shutting down and abandoning module AssetRegistry (91)
[2016.01.22-20.35.57:500][335]LogModuleManager: Shutting down and abandoning module ContentBrowser (90)
[2016.01.22-20.35.57:501][335]LogModuleManager: Shutting down and abandoning module Paper2DEditor (89)
[2016.01.22-20.35.57:501][335]LogModuleManager: Shutting down and abandoning module PlayStudios (88)
[2016.01.22-20.35.57:501][335]LogModuleManager: Shutting down and abandoning module CreaturePlugin (87)
[2016.01.22-20.35.57:501][335]LogModuleManager: Shutting down and abandoning module UdpMessaging (86)
[2016.01.22-20.35.57:601][335]LogModuleManager: Shutting down and abandoning module LightPropagationVolumeRuntime (85)
[2016.01.22-20.35.57:601][335]LogModuleManager: Shutting down and abandoning module Paper2D (84)
[2016.01.22-20.35.57:601][335]LogModuleManager: Shutting down and abandoning module WindowsMoviePlayer (83)
[2016.01.22-20.35.57:603][335]LogModuleManager: Shutting down and abandoning module Media (82)
[2016.01.22-20.35.57:603][335]LogModuleManager: Shutting down and abandoning module WmfMedia (81)
[2016.01.22-20.35.57:604][335]LogModuleManager: Shutting down and abandoning module OnlineBlueprintSupport (80)
[2016.01.22-20.35.57:604][335]LogModuleManager: Shutting down and abandoning module GameplayTasksEditor (79)
[2016.01.22-20.35.57:604][335]LogModuleManager: Shutting down and abandoning module PropertyEditor (78)
[2016.01.22-20.35.57:604][335]LogModuleManager: Shutting down and abandoning module BehaviorTreeEditor (77)
[2016.01.22-20.35.57:604][335]LogModuleManager: Shutting down and abandoning module FunctionalTesting (76)
[2016.01.22-20.35.57:604][335]LogModuleManager: Shutting down and abandoning module CollisionAnalyzer (75)
[2016.01.22-20.35.57:604][335]LogModuleManager: Shutting down and abandoning module WorkspaceMenuStructure (74)
[2016.01.22-20.35.57:604][335]LogModuleManager: Shutting down and abandoning module MessageLog (73)
[2016.01.22-20.35.57:604][335]LogModuleManager: Shutting down and abandoning module Sequencer (72)
[2016.01.22-20.35.57:604][335]LogModuleManager: Shutting down and abandoning module AssetTools (71)
[2016.01.22-20.35.57:604][335]LogModuleManager: Shutting down and abandoning module UMGEditor (70)
[2016.01.22-20.35.57:604][335]LogModuleManager: Shutting down and abandoning module UMG (69)
[2016.01.22-20.35.57:604][335]LogModuleManager: Shutting down and abandoning module Slate (68)
[2016.01.22-20.35.57:604][335]LogModuleManager: Shutting down and abandoning module EditorStyle (67)
[2016.01.22-20.35.57:606][335]LogModuleManager: Shutting down and abandoning module SessionServices (66)
[2016.01.22-20.35.57:606][335]LogModuleManager: Shutting down and abandoning module SourceCodeAccess (65)
[2016.01.22-20.35.57:606][335]LogModuleManager: Shutting down and abandoning module HeadMountedDisplay (64)
[2016.01.22-20.35.57:606][335]LogModuleManager: Shutting down and abandoning module XAudio2 (63)
[2016.01.22-20.35.57:606][335]LogModuleManager: Shutting down and abandoning module Networking (61)
[2016.01.22-20.35.57:606][335]LogModuleManager: Shutting down and abandoning module Core (60)
[2016.01.22-20.35.57:606][335]LogModuleManager: Shutting down and abandoning module KismetCompiler (59)
[2016.01.22-20.35.57:606][335]LogModuleManager: Shutting down and abandoning module PhysXFormats (58)
[2016.01.22-20.35.57:606][335]LogModuleManager: Shutting down and abandoning module MeshUtilities (57)
[2016.01.22-20.35.57:606][335]LogModuleManager: Shutting down and abandoning module DerivedDataCache (56)
[2016.01.22-20.35.57:706][335]LogDerivedDataCache: Shutdown
[2016.01.22-20.35.57:706][335]LogModuleManager: Shutting down and abandoning module ShaderFormatOpenGL (55)
[2016.01.22-20.35.57:706][335]LogModuleManager: Shutting down and abandoning module ShaderFormatD3D (54)
[2016.01.22-20.35.57:706][335]LogModuleManager: Shutting down and abandoning module MetalShaderFormat (53)
[2016.01.22-20.35.57:706][335]LogModuleManager: Shutting down and abandoning module TextureFormatUncompressed (52)
[2016.01.22-20.35.57:706][335]LogModuleManager: Shutting down and abandoning module TextureFormatPVR (51)
[2016.01.22-20.35.57:706][335]LogModuleManager: Shutting down and abandoning module TextureFormatIntelISPCTexComp (50)
[2016.01.22-20.35.57:706][335]LogModuleManager: Shutting down and abandoning module TextureFormatDXT (49)
[2016.01.22-20.35.57:706][335]LogModuleManager: Shutting down and abandoning module ImageWrapper (48)
[2016.01.22-20.35.57:706][335]LogModuleManager: Shutting down and abandoning module TextureFormatASTC (47)
[2016.01.22-20.35.57:706][335]LogModuleManager: Shutting down and abandoning module TextureFormatAndroid (46)
[2016.01.22-20.35.57:706][335]LogModuleManager: Shutting down and abandoning module AudioFormatOpus (45)
[2016.01.22-20.35.57:706][335]LogModuleManager: Shutting down and abandoning module AudioFormatOgg (44)
[2016.01.22-20.35.57:706][335]LogModuleManager: Shutting down and abandoning module AudioFormatADPCM (43)
[2016.01.22-20.35.57:706][335]LogModuleManager: Shutting down and abandoning module LinuxTargetPlatform (42)
[2016.01.22-20.35.57:706][335]LogModuleManager: Shutting down and abandoning module LinuxServerTargetPlatform (41)
[2016.01.22-20.35.57:706][335]LogModuleManager: Shutting down and abandoning module LinuxNoEditorTargetPlatform (40)
[2016.01.22-20.35.57:706][335]LogModuleManager: Shutting down and abandoning module Messaging (39)
[2016.01.22-20.35.57:706][335]LogModuleManager: Shutting down and abandoning module IOSTargetPlatform (38)
[2016.01.22-20.35.57:706][335]LogModuleManager: Shutting down and abandoning module HTML5TargetPlatform (37)
[2016.01.22-20.35.57:706][335]LogModuleManager: Shutting down and abandoning module Android_PVRTCTargetPlatform (36)
[2016.01.22-20.35.57:706][335]LogModuleManager: Shutting down and abandoning module Android_MultiTargetPlatform (35)
[2016.01.22-20.35.57:706][335]LogModuleManager: Shutting down and abandoning module Android_ETC2TargetPlatform (34)
[2016.01.22-20.35.57:706][335]LogModuleManager: Shutting down and abandoning module Android_ETC1TargetPlatform (33)
[2016.01.22-20.35.57:706][335]LogModuleManager: Shutting down and abandoning module Android_DXTTargetPlatform (32)
[2016.01.22-20.35.57:706][335]LogModuleManager: Shutting down and abandoning module Android_ATCTargetPlatform (31)
[2016.01.22-20.35.57:706][335]LogModuleManager: Shutting down and abandoning module Android_ASTCTargetPlatform (30)
[2016.01.22-20.35.57:706][335]LogModuleManager: Shutting down and abandoning module AndroidTargetPlatform (29)
[2016.01.22-20.35.57:706][335]LogModuleManager: Shutting down and abandoning module WindowsTargetPlatform (28)
[2016.01.22-20.35.57:706][335]LogModuleManager: Shutting down and abandoning module WindowsServerTargetPlatform (27)
[2016.01.22-20.35.57:706][335]LogModuleManager: Shutting down and abandoning module WindowsNoEditorTargetPlatform (26)
[2016.01.22-20.35.57:706][335]LogModuleManager: Shutting down and abandoning module WindowsClientTargetPlatform (25)
[2016.01.22-20.35.57:706][335]LogModuleManager: Shutting down and abandoning module AllDesktopTargetPlatform (24)
[2016.01.22-20.35.57:706][335]LogModuleManager: Shutting down and abandoning module TargetPlatform (23)
[2016.01.22-20.35.57:706][335]LogModuleManager: Shutting down and abandoning module InputCore (22)
[2016.01.22-20.35.57:706][335]LogModuleManager: Shutting down and abandoning module Settings (21)
[2016.01.22-20.35.57:706][335]LogModuleManager: Shutting down and abandoning module OnlineSubsystem (19)
[2016.01.22-20.35.57:706][335]LogModuleManager: Shutting down and abandoning module HTTP (18)
[2016.01.22-20.35.59:708][335]LogModuleManager: Shutting down and abandoning module XMPP (17)
[2016.01.22-20.35.59:708][335]LogModuleManager: Shutting down and abandoning module OculusRift (16)
[2016.01.22-20.35.59:708][335]LogModuleManager: Shutting down and abandoning module ExampleDeviceProfileSelector (15)
[2016.01.22-20.35.59:708][335]LogModuleManager: Shutting down and abandoning module TextureCompressor (14)
[2016.01.22-20.35.59:708][335]LogModuleManager: Shutting down and abandoning module ShaderCore (13)
[2016.01.22-20.35.59:708][335]LogModuleManager: Shutting down and abandoning module Landscape (12)
[2016.01.22-20.35.59:708][335]LogModuleManager: Shutting down and abandoning module SlateRHIRenderer (11)
[2016.01.22-20.35.59:708][335]LogModuleManager: Shutting down and abandoning module OpenGLDrv (10)
[2016.01.22-20.35.59:708][335]LogModuleManager: Shutting down and abandoning module D3D11RHI (9)
[2016.01.22-20.35.59:708][335]LogModuleManager: Shutting down and abandoning module AnimGraphRuntime (8)
[2016.01.22-20.35.59:708][335]LogModuleManager: Shutting down and abandoning module Renderer (7)
[2016.01.22-20.35.59:708][335]LogModuleManager: Shutting down and abandoning module Engine (6)
[2016.01.22-20.35.59:708][335]LogModuleManager: Shutting down and abandoning module CoreUObject (5)
[2016.01.22-20.35.59:708][335]LogModuleManager: Shutting down and abandoning module NetworkFile (4)
[2016.01.22-20.35.59:708][335]LogModuleManager: Shutting down and abandoning module StreamingFile (3)
[2016.01.22-20.35.59:708][335]LogModuleManager: Shutting down and abandoning module SandboxFile (2)
[2016.01.22-20.35.59:708][335]LogModuleManager: Shutting down and abandoning module PakFile (1)
[2016.01.22-20.35.59:710][335]LogExit: Exiting.
[2016.01.22-20.35.59:710][335]Log file closed, 01/22/16 12:35:59
