[2016.01.22-20.24.42:449][  0]Log file open, 01/22/16 12:24:42
[2016.01.22-20.24.42:449][  0]LogInit:Display: Running engine for game: FighetGame
[2016.01.22-20.24.42:449][  0]LogPlatformFile: Not using cached read wrapper
[2016.01.22-20.24.42:449][  0]LogInit:Display: RandInit(-261805485) SRandInit(-261805483).
[2016.01.22-20.24.42:449][  0]LogTaskGraph: Started task graph with 4 named threads and 7 total threads.
[2016.01.22-20.24.42:449][  0]LogStats: Stats thread started at 0.068739
[2016.01.22-20.24.42:449][  0]LogInit: Version: 4.10.1-2791327+++depot+UE4-Releases+4.10
[2016.01.22-20.24.42:449][  0]LogInit: API Version: 2758231
[2016.01.22-20.24.42:449][  0]LogInit: Compiled (64-bit): Dec  4 2015 19:44:40
[2016.01.22-20.24.42:449][  0]LogInit: Compiled with Visual C++: 19.00.23026.00
[2016.01.22-20.24.42:449][  0]LogInit: Build Configuration: Development
[2016.01.22-20.24.42:449][  0]LogInit: Branch Name: ++depot+UE4-Releases+4.10
[2016.01.22-20.24.42:449][  0]LogInit: Command line:  
[2016.01.22-20.24.42:449][  0]LogInit: Base directory: C:/Program Files/Epic Games/4.10/Engine/Binaries/Win64/
[2016.01.22-20.24.42:449][  0]LogInit: Rocket: 1
[2016.01.22-20.24.42:453][  0]LogInit: Using libcurl 7.41.0
[2016.01.22-20.24.42:453][  0]LogInit:  - built for x86_64-pc-win32
[2016.01.22-20.24.42:453][  0]LogInit:  - supports SSL with WinSSL
[2016.01.22-20.24.42:453][  0]LogInit:  - other features:
[2016.01.22-20.24.42:453][  0]LogInit:      CURL_VERSION_SSL
[2016.01.22-20.24.42:453][  0]LogInit:      CURL_VERSION_IPV6
[2016.01.22-20.24.42:453][  0]LogInit:      CURL_VERSION_ASYNCHDNS
[2016.01.22-20.24.42:453][  0]LogInit:      CURL_VERSION_LARGEFILE
[2016.01.22-20.24.42:453][  0]LogInit:      CURL_VERSION_IDN
[2016.01.22-20.24.42:453][  0]LogInit:  CurlRequestOptions (configurable via config and command line):
[2016.01.22-20.24.42:453][  0]LogInit:  - bVerifyPeer = true  - Libcurl will verify peer certificate
[2016.01.22-20.24.42:453][  0]LogInit:  - bUseHttpProxy = false  - Libcurl will NOT use HTTP proxy
[2016.01.22-20.24.42:453][  0]LogInit:  - bDontReuseConnections = false  - Libcurl will reuse connections
[2016.01.22-20.24.42:453][  0]LogInit:  - CertBundlePath = nullptr  - Libcurl will use whatever was configured at build time.
[2016.01.22-20.24.42:458][  0]LogInit: Presizing for 0 objects not considered by GC, pre-allocating 0 bytes.
[2016.01.22-20.24.42:462][  0]LogInit: Object subsystem initialized
[2016.01.22-20.24.42:463][  0]LogInit: Selected Device Profile: [Windows]
[2016.01.22-20.24.42:463][  0]LogInit: Applying CVar settings loaded from the selected device profile: [Windows]
[2016.01.22-20.24.42:470][  0]LogInit: Computer: MERLIN
[2016.01.22-20.24.42:470][  0]LogInit: User: jychong
[2016.01.22-20.24.42:470][  0]LogInit: CPU Page size=4096, Cores=4
[2016.01.22-20.24.42:470][  0]LogInit: High frequency timer resolution =3.914068 MHz
[2016.01.22-20.24.42:470][  0]LogMemory: Memory total: Physical=15.9GB (16GB approx)
[2016.01.22-20.24.42:470][  0]LogMemory: Platform Memory Stats for Windows
[2016.01.22-20.24.42:470][  0]LogMemory: Process Physical Memory: 56.12 MB used, 56.12 MB peak
[2016.01.22-20.24.42:470][  0]LogMemory: Process Virtual Memory: 58.71 MB used, 58.71 MB peak
[2016.01.22-20.24.42:470][  0]LogMemory: Physical Memory: 3738.43 MB used, 16332.17 MB total
[2016.01.22-20.24.42:470][  0]LogMemory: Virtual Memory: 384.69 MB used, 134217728.00 MB total
[2016.01.22-20.24.42:496][  0]LogTextLocalizationManager: No specific translations for ('en-US') exist, so ('en') translations will be used.
[2016.01.22-20.24.42:794][  0]LogD3D11RHI: Found D3D11 adapter 0: NVIDIA GeForce GTX 950 (Feature Level 11_0)
[2016.01.22-20.24.42:794][  0]LogD3D11RHI: Adapter has 1969MB of dedicated video memory, 0MB of dedicated system memory, and 8166MB of shared system memory, 1 output[s]
[2016.01.22-20.24.42:794][  0]LogD3D11RHI: Found D3D11 adapter 1: Microsoft Basic Render Driver (Feature Level 11_0)
[2016.01.22-20.24.42:794][  0]LogD3D11RHI: Adapter has 0MB of dedicated video memory, 0MB of dedicated system memory, and 8166MB of shared system memory, 0 output[s]
[2016.01.22-20.24.42:794][  0]LogD3D11RHI: Chosen D3D11 Adapter Id = 0
[2016.01.22-20.24.42:797][  0]LogD3D11RHI: !Direct3DDevice
[2016.01.22-20.24.42:797][  0]LogRHI: Texture pool is 1361 MB (70% of 1945 MB)
[2016.01.22-20.24.42:806][  0]LogD3D11RHI: Async texture creation enabled
[2016.01.22-20.24.42:821][  0]LogShaderCompilers: Guid format shader working directory is -32 characters bigger than the processId version (../../../../../../Users/jychong/Documents/Work/Projects/UE4_Projects/FighterGame/Intermediate/Shaders/WorkingDirectory/7152/).
[2016.01.22-20.24.42:821][  0]LogShaderCompilers: Cleaned the shader compiler working directory 'C:/Users/jychong/AppData/Local/Temp/UnrealShaderWorkingDir/2D2C49AD444DBE12EA1C85B175A13763/'.
[2016.01.22-20.24.42:821][  0]LogShaderCompilers:Display: Using Local Shader Compiler.
[2016.01.22-20.24.43:312][  0]LogTemp:Display: Loaded TP AllDesktopTargetPlatform
[2016.01.22-20.24.43:315][  0]LogTemp:Display: Loaded TP WindowsClientTargetPlatform
[2016.01.22-20.24.43:319][  0]LogTemp:Display: Loaded TP WindowsNoEditorTargetPlatform
[2016.01.22-20.24.43:322][  0]LogTemp:Display: Loaded TP WindowsServerTargetPlatform
[2016.01.22-20.24.43:325][  0]LogTemp:Display: Loaded TP WindowsTargetPlatform
[2016.01.22-20.24.43:327][  0]LogTemp:Display: Loaded TP AndroidTargetPlatform
[2016.01.22-20.24.43:329][  0]LogTemp:Display: Loaded TP Android_ASTCTargetPlatform
[2016.01.22-20.24.43:331][  0]LogTemp:Display: Loaded TP Android_ATCTargetPlatform
[2016.01.22-20.24.43:333][  0]LogTemp:Display: Loaded TP Android_DXTTargetPlatform
[2016.01.22-20.24.43:335][  0]LogTemp:Display: Loaded TP Android_ETC1TargetPlatform
[2016.01.22-20.24.43:337][  0]LogTemp:Display: Loaded TP Android_ETC2TargetPlatform
[2016.01.22-20.24.43:341][  0]LogTemp:Display: Loaded TP Android_MultiTargetPlatform
[2016.01.22-20.24.43:341][  0]LogTemp:Display: Loaded TP Android_PVRTCTargetPlatform
[2016.01.22-20.24.43:341][  0]LogTemp:Display: Loaded TP HTML5TargetPlatform
[2016.01.22-20.24.43:356][  0]LogTemp:Display: Loaded TP IOSTargetPlatform
[2016.01.22-20.24.43:357][  0]LogTemp:Display: Loaded TP LinuxNoEditorTargetPlatform
[2016.01.22-20.24.43:359][  0]LogTemp:Display: Loaded TP LinuxServerTargetPlatform
[2016.01.22-20.24.43:361][  0]LogTemp:Display: Loaded TP LinuxTargetPlatform
[2016.01.22-20.24.43:361][  0]LogTargetPlatformManager:Display: Building Assets For Windows
[2016.01.22-20.24.43:416][  0]LogDerivedDataCache:Display: Max Cache Size: 512 MB
[2016.01.22-20.24.43:444][  0]LogDerivedDataCache: Loaded boot cache 0.03s 41MB C:/Users/jychong/AppData/Local/UnrealEngine/4.10/DerivedDataCache/Boot.ddc.
[2016.01.22-20.24.43:444][  0]LogDerivedDataCache:Display: Loaded Boot cache: C:/Users/jychong/AppData/Local/UnrealEngine/4.10/DerivedDataCache/Boot.ddc
[2016.01.22-20.24.43:444][  0]LogDerivedDataCache: FDerivedDataBackendGraph:  Pak pak cache file ../../../../../../Users/jychong/Documents/Work/Projects/UE4_Projects/FighterGame/DerivedDataCache/DDC.ddp not found, will not use a pak cache.
[2016.01.22-20.24.43:444][  0]LogDerivedDataCache: Unable to find inner node Pak for hierarchical cache Hierarchy.
[2016.01.22-20.24.43:444][  0]LogDerivedDataCache: FDerivedDataBackendGraph:  CompressedPak pak cache file ../../../../../../Users/jychong/Documents/Work/Projects/UE4_Projects/FighterGame/DerivedDataCache/Compressed.ddp not found, will not use a pak cache.
[2016.01.22-20.24.43:444][  0]LogDerivedDataCache: Unable to find inner node CompressedPak for hierarchical cache Hierarchy.
[2016.01.22-20.24.43:484][  0]LogDerivedDataCache:Display: Pak cache opened for reading ../../../Engine/DerivedDataCache/Compressed.ddp.
[2016.01.22-20.24.43:496][  0]LogDerivedDataCache: Using Local data cache path C:/Users/jychong/AppData/Local/UnrealEngine/Common/DerivedDataCache: Writable
[2016.01.22-20.24.43:611][  0]LogInit: Selected Device Profile: [Windows]
[2016.01.22-20.24.43:612][  0]LogContentStreaming: Texture pool size is 0.000000MB
[2016.01.22-20.24.43:684][  0]LogMeshUtilities: No automatic mesh reduction module available
[2016.01.22-20.24.43:684][  0]LogMeshUtilities: No automatic mesh merging module available
[2016.01.22-20.24.43:829][  0]LogInit: WinSock: version 1.1 (2.2), MaxSocks=32767, MaxUdp=65467
[2016.01.22-20.24.44:314][  0]UdpMessaging: Initializing bridge on interface 0.0.0.0:0 to multicast group 230.0.0.1:6666.
[2016.01.22-20.24.44:415][  0]LogAssetRegistry: FAssetRegistry took 0.0108 seconds to start up
[2016.01.22-20.24.44:517][  0]SourceControl: Info Source control is disabled
[2016.01.22-20.24.44:523][  0]SourceControl: Info Source control is disabled
[2016.01.22-20.24.44:530][  0]SourceControl: Info Source control is disabled
[2016.01.22-20.24.44:538][  0]SourceControl: Info Source control is disabled
[2016.01.22-20.24.44:686][  0]LogObj: 28926 objects as part of root set at end of initial load.
[2016.01.22-20.24.44:686][  0]LogUObjectAllocator: 6163392 out of 0 bytes used by permanent object pool.
[2016.01.22-20.24.44:727][  0]LogEngine: Initializing Engine...
[2016.01.22-20.24.44:728][  0]LogHMD: Can't find Oculus library dev build: is proper Runtime installed? Version: 0.8.0.0
[2016.01.22-20.24.44:729][  0]LogHMD: SteamVR failed to initialize.  Err: 110
[2016.01.22-20.24.44:806][  0]LogAIModule: Creating AISystem for world NewWorld
[2016.01.22-20.24.44:810][  0]LogInit: XAudio2 using 'VS24A-4 (NVIDIA High Definition Audio)' : 2 channels at 48 kHz using 16 bits per sample (channel mask 0x3)
[2016.01.22-20.24.44:820][  0]LogInit: FAudioDevice initialized.
[2016.01.22-20.24.44:834][  0]LogDerivedDataCache: Saved boot cache 0.01s 41MB C:/Users/jychong/AppData/Local/UnrealEngine/4.10/DerivedDataCache/Boot.ddc.
[2016.01.22-20.24.44:837][  0]LogInit: Texture streaming: Enabled
[2016.01.22-20.24.44:841][  0]LogAnalytics: Creating configured Analytics provider AnalyticsET
[2016.01.22-20.24.44:841][  0]LogAnalytics: [UEEditor.Rocket.Release] APIServer = http://et2.epicgames.com/ET2/. AppVersion = 4.10.1-2791327+++depot+UE4-Releases+4.10
[2016.01.22-20.24.44:841][  0]LogAnalytics: [UEEditor.Rocket.Release] SetUserId 0a664b9e40ce3392435320acb25808e8|d085e2169ed74ad5919a9c5f09bdfc6a|342dfd8c-d9ad-42f6-b691-24b5970a92ec
[2016.01.22-20.24.44:841][  0]LogAnalytics: [UEEditor.Rocket.Release] AnalyticsET::StartSession
[2016.01.22-20.24.44:861][  0]LogInit: Transaction tracking system initialized
[2016.01.22-20.24.44:880][  0]BlueprintLog: New page: Editor Load
[2016.01.22-20.24.44:932][  0]LocalizationService: Info Localization service is disabled
[2016.01.22-20.24.44:975][  0]LogLinker:Warning: Can't find file '/Game/FirstPersonBP/FirstPersonOverview'
[2016.01.22-20.24.44:975][  0]LogLinker:Warning: Can't find file '/Game/FirstPersonBP/FirstPersonOverview'
[2016.01.22-20.24.44:975][  0]LogUObjectGlobals:Warning: Failed to find object 'Class /Game/FirstPersonBP/FirstPersonOverview.FirstPersonOverview_C'
[2016.01.22-20.24.44:983][  0]LogConsoleResponse:Display: 
[2016.01.22-20.24.45:056][  0]LogCook:Display: Done creating registry. It took  0.00s.
[2016.01.22-20.24.45:093][  0]LogFileCache: Scanning file cache for directory 'C:/Users/jychong/Documents/Work/Projects/UE4_Projects/FighterGame/Content/' took 0.01s
[2016.01.22-20.24.45:093][  0]SourceControl: Info Source control is disabled
[2016.01.22-20.24.45:093][  0]Cmd: MAP LOAD FILE="../../../../../../Users/jychong/Documents/Work/Projects/UE4_Projects/FighterGame/Content/StarterContent/Maps/Minimal_Default.umap" TEMPLATE=0 SHOWPROGRESS=1 FEATURELEVEL=3
[2016.01.22-20.24.45:093][  0]LightingResults: New page: Lighting Build
[2016.01.22-20.24.45:096][  0]MapCheck: New page: Map Check
[2016.01.22-20.24.45:096][  0]LightingResults: New page: Lighting Build
[2016.01.22-20.24.45:104][  0]LogParticles: Destroying 0 GPU particle simulations for FXSystem 0x0000028C4618FB00
[2016.01.22-20.24.45:617][  0]LogAIModule: Creating AISystem for world Minimal_Default
[2016.01.22-20.24.46:275][  0]LogEditorServer: Finished looking for orphan Actors (0.000 secs)
[2016.01.22-20.24.46:275][  0]Cmd: MAP CHECKDEP NOCLEARLOG
[2016.01.22-20.24.46:319][  0]MapCheck:Warning: Warning CreatureMesh CreatureMeshComponent /Game/StarterContent/Maps/Minimal_Default.Minimal_Default:PersistentLevel.JarcActor_Blueprint_C_1.CreatureMesh : Externally referenced 
[2016.01.22-20.24.46:319][  0]MapCheck:Warning: Warning CreatureMesh CreatureMeshComponent /Game/StarterContent/Maps/Minimal_Default.Minimal_Default:PersistentLevel.JarcActor_Blueprint_C_1.CreatureMesh : Externally referenced 
[2016.01.22-20.24.46:319][  0]MapCheck:Warning: Warning StaticMeshComponent0 StaticMeshComponent /Game/StarterContent/Maps/Minimal_Default.Minimal_Default:PersistentLevel.Cube_4.StaticMeshComponent0 : Externally referenced 
[2016.01.22-20.24.46:319][  0]MapCheck:Warning: Warning StaticMeshComponent0 StaticMeshComponent /Game/StarterContent/Maps/Minimal_Default.Minimal_Default:PersistentLevel.Floor.StaticMeshComponent0 : Externally referenced 
[2016.01.22-20.24.46:319][  0]MapCheck:Warning: Warning StaticMeshComponent0 StaticMeshComponent /Game/StarterContent/Maps/Minimal_Default.Minimal_Default:PersistentLevel.Sphere_4.StaticMeshComponent0 : Externally referenced 
[2016.01.22-20.24.46:319][  0]MapCheck:Warning: Warning StaticMeshComponent0 StaticMeshComponent /Game/StarterContent/Maps/Minimal_Default.Minimal_Default:PersistentLevel.Sphere2.StaticMeshComponent0 : Externally referenced 
[2016.01.22-20.24.46:319][  0]MapCheck:Warning: Warning StaticMeshComponent0 StaticMeshComponent /Game/StarterContent/Maps/Minimal_Default.Minimal_Default:PersistentLevel.Floor.StaticMeshComponent0 : Externally referenced 
[2016.01.22-20.24.46:319][  0]MapCheck:Warning: Warning EdGraphPin_9902 EdGraphPin /Game/StarterContent/Maps/Minimal_Default.Minimal_Default:PersistentLevel.Minimal_Default.ExecuteUbergraph_Minimal_Default.K2Node_CallFunction_345.EdGraphPin_9902 : Externally referenced 
[2016.01.22-20.24.46:319][  0]MapCheck:Warning: Warning EdGraphPin_9622 EdGraphPin /Game/StarterContent/Maps/Minimal_Default.Minimal_Default:PersistentLevel.Minimal_Default.ExecuteUbergraph_Minimal_Default.K2Node_CallFunction_347.EdGraphPin_9622 : Externally referenced 
[2016.01.22-20.24.46:319][  0]MapCheck:Warning: Warning EdGraphPin_9663 EdGraphPin /Game/StarterContent/Maps/Minimal_Default.Minimal_Default:PersistentLevel.Minimal_Default.EventGraph.K2Node_CallFunction_2632.EdGraphPin_9663 : Externally referenced 
[2016.01.22-20.24.46:319][  0]MapCheck:Warning: Warning EdGraphPin_9663 EdGraphPin /Game/StarterContent/Maps/Minimal_Default.Minimal_Default:PersistentLevel.Minimal_Default.ExecuteUbergraph_Minimal_Default.K2Node_CallFunction_349.EdGraphPin_9663 : Externally referenced 
[2016.01.22-20.24.46:319][  0]MapCheck: Info Map check complete: 0 Error(s), 11 Warning(s), took 43.484ms to complete.
[2016.01.22-20.24.46:323][  0]LogFileHelpers: Loading map 'Minimal_Default' took 1.230
[2016.01.22-20.24.46:410][  0]LogCollectionManager: Loaded 0 collections in 0.001497 seconds
[2016.01.22-20.24.46:447][  0]LogFileCache: Scanning file cache for directory 'C:/Users/jychong/Documents/Work/Projects/UE4_Projects/FighterGame/Saved/Collections/' took 0.01s
[2016.01.22-20.24.46:447][  0]LogFileCache: Scanning file cache for directory 'C:/Users/jychong/Documents/Work/Projects/UE4_Projects/FighterGame/Content/Developers/jychong/Collections/' took 0.01s
[2016.01.22-20.24.46:447][  0]LogFileCache: Scanning file cache for directory 'C:/Users/jychong/Documents/Work/Projects/UE4_Projects/FighterGame/Content/Collections/' took 0.01s
[2016.01.22-20.24.46:447][  0]LogCollectionManager: Rebuilt the GUID cache for 0 collections in 0.000002 seconds
[2016.01.22-20.24.46:453][  0]LogContentBrowser: Native class hierarchy populated in 0.0060 seconds. Added 1912 classes and 345 folders.
[2016.01.22-20.24.46:460][  0]LogContentBrowser: Native class hierarchy updated for 'WidgetCarousel' in 0.0006 seconds. Added 0 classes and 0 folders.
[2016.01.22-20.24.46:486][  0]LogContentBrowser: Native class hierarchy updated for 'AddContentDialog' in 0.0009 seconds. Added 0 classes and 0 folders.
[2016.01.22-20.24.46:491][  0]LogContentBrowser: Native class hierarchy updated for 'SceneOutliner' in 0.0009 seconds. Added 1 classes and 2 folders.
[2016.01.22-20.24.46:529][  0]LogCrashTracker: Crashtracker disabled due to settings.
[2016.01.22-20.24.46:533][  0]LogUObjectGlobals:Warning: Failed to find object 'Class None.'
[2016.01.22-20.24.46:555][  0]LogLoad: Full Startup: 4.63 seconds (BP compile: 0.09 seconds)
[2016.01.22-20.24.46:565][  0]LogOcInput: Can't find Oculus library dev build: is proper Runtime installed? Version: 0.8.0.0
[2016.01.22-20.24.46:608][  0]LogContentStreaming: Texture pool size now 1000 MB
[2016.01.22-20.24.46:709][  0]LogRenderer: Reallocating scene render targets to support 1316x632 (Frame:2).
[2016.01.22-20.24.46:864][  3]LogAssetRegistry: Asset discovery search completed in 2.4601 seconds
[2016.01.22-20.24.46:864][  3]LogCollectionManager: Rebuilt the object cache for 0 collections in 0.000001 seconds (found 0 objects)
[2016.01.22-20.24.46:864][  3]LogCollectionManager: Fixed up redirectors for 0 collections in 0.000015 seconds (updated 0 objects)
[2016.01.22-20.24.48:763][217]LogBlueprintUserMessages: Early PlayInEditor Detection: Level '/Game/StarterContent/Maps/Minimal_Default.Minimal_Default:PersistentLevel' has LevelScriptBlueprint '/Game/StarterContent/Maps/Minimal_Default.Minimal_Default:PersistentLevel.Minimal_Default' with GeneratedClass '/Game/StarterContent/Maps/Minimal_Default.Minimal_Default_C' with ClassGeneratedBy '/Game/StarterContent/Maps/Minimal_Default.Minimal_Default:PersistentLevel.Minimal_Default'
[2016.01.22-20.24.48:763][217]LogPlayLevel: PlayLevel: No blueprints needed recompiling
[2016.01.22-20.24.48:763][217]PIE: New page: PIE session: Minimal_Default (Jan 22, 2016, 4:24:48 AM)
[2016.01.22-20.24.48:763][217]LogPlayLevel: Creating play world package: /Game/StarterContent/Maps/UEDPIE_0_Minimal_Default
[2016.01.22-20.24.48:767][217]LogPlayLevel: PIE: StaticDuplicateObject took: (0.003428s)
[2016.01.22-20.24.48:767][217]LogAIModule: Creating AISystem for world Minimal_Default
[2016.01.22-20.24.48:767][217]LogPlayLevel: PIE: World Init took: (0.000539s)
[2016.01.22-20.24.48:768][217]LogPlayLevel: PIE: Created PIE world by copying editor world from /Game/StarterContent/Maps/Minimal_Default.Minimal_Default to /Game/StarterContent/Maps/UEDPIE_0_Minimal_Default.Minimal_Default (0.004119s)
[2016.01.22-20.24.48:791][217]LogInit: XAudio2 using 'VS24A-4 (NVIDIA High Definition Audio)' : 2 channels at 48 kHz using 16 bits per sample (channel mask 0x3)
[2016.01.22-20.24.48:794][217]LogInit: FAudioDevice initialized.
[2016.01.22-20.24.48:836][217]LogWorld: Game class is 'PlayStudiosGameMode'
[2016.01.22-20.24.48:840][217]LogWorld: Bringing World /Game/StarterContent/Maps/UEDPIE_0_Minimal_Default.Minimal_Default up for play (max tick rate 0) at 2016.01.22-12.24.48
[2016.01.22-20.24.48:840][217]LogActor:Warning: GameSession /Game/StarterContent/Maps/UEDPIE_0_Minimal_Default.Minimal_Default:PersistentLevel.GameSession_0 has natively added scene component(s), but none of them were set as the actor's RootComponent - picking one arbitrarily
[2016.01.22-20.24.48:840][217]LogActor:Warning: GameNetworkManager /Game/StarterContent/Maps/UEDPIE_0_Minimal_Default.Minimal_Default:PersistentLevel.GameNetworkManager_0 has natively added scene component(s), but none of them were set as the actor's RootComponent - picking one arbitrarily
[2016.01.22-20.24.48:842][217]LogWorld: Bringing up level for play took: 0.005074
[2016.01.22-20.24.48:844][217]PIE: Info Play in editor start time for /Game/StarterContent/Maps/UEDPIE_0_Minimal_Default 0.633
[2016.01.22-20.24.48:844][217]LogBlueprintUserMessages: Late PlayInEditor Detection: Level '/Game/StarterContent/Maps/Minimal_Default.Minimal_Default:PersistentLevel' has LevelScriptBlueprint '/Game/StarterContent/Maps/Minimal_Default.Minimal_Default:PersistentLevel.Minimal_Default' with GeneratedClass '/Game/StarterContent/Maps/Minimal_Default.Minimal_Default_C' with ClassGeneratedBy '/Game/StarterContent/Maps/Minimal_Default.Minimal_Default:PersistentLevel.Minimal_Default'
[2016.01.22-20.24.50:097][365]LogBlueprintUserMessages: Early EndPlayMap Detection: Level '/Game/StarterContent/Maps/Minimal_Default.Minimal_Default:PersistentLevel' has LevelScriptBlueprint '/Game/StarterContent/Maps/Minimal_Default.Minimal_Default:PersistentLevel.Minimal_Default' with GeneratedClass '/Game/StarterContent/Maps/Minimal_Default.Minimal_Default_C' with ClassGeneratedBy '/Game/StarterContent/Maps/Minimal_Default.Minimal_Default:PersistentLevel.Minimal_Default'
[2016.01.22-20.24.50:127][365]LogBlueprintUserMessages: Late EndPlayMap Detection: Level '/Game/StarterContent/Maps/Minimal_Default.Minimal_Default:PersistentLevel' has LevelScriptBlueprint '/Game/StarterContent/Maps/Minimal_Default.Minimal_Default:PersistentLevel.Minimal_Default' with GeneratedClass '/Game/StarterContent/Maps/Minimal_Default.Minimal_Default_C' with ClassGeneratedBy '/Game/StarterContent/Maps/Minimal_Default.Minimal_Default:PersistentLevel.Minimal_Default'
[2016.01.22-20.24.50:137][365]LogParticles: Destroying 0 GPU particle simulations for FXSystem 0x0000028C55D713A0
[2016.01.22-20.24.52:561][654]LogEditorViewport: Clicking on Actor (LMB): StaticMeshActor (Cube)
[2016.01.22-20.25.20:329][538]LogLinker:Warning: Can't find file '/Game/jarcTitle_character_img'
[2016.01.22-20.25.20:329][538]LogLinker:Warning: Can't find file for asset '/Game/jarcTitle_character_img' while loading ../../../../../../Users/jychong/Documents/Work/Projects/UE4_Projects/FighterGame/Content/joan_title_Mat.uasset.
[2016.01.22-20.25.20:329][538]LoadErrors:Error: Error /Game/joan_title_Mat : Can't find file for asset. /Game/jarcTitle_character_img
[2016.01.22-20.25.20:330][538]LogLinker:Warning: Can't find file '/Game/jarcTitle_character_img'
[2016.01.22-20.25.20:330][538]LogLinker:Warning: Can't find file for asset '/Game/jarcTitle_character_img' while loading ../../../../../../Users/jychong/Documents/Work/Projects/UE4_Projects/FighterGame/Content/joan_title_Mat.uasset.
[2016.01.22-20.25.20:330][538]LogLinker:Warning: Can't find file '/Game/jarcTitle_character_img'
[2016.01.22-20.25.20:330][538]LoadErrors: Info Failed to load /Game/jarcTitle_character_img.jarcTitle_character_img Referenced by MaterialExpressionTextureSample_0
[2016.01.22-20.25.20:330][538]LogLinker:Warning: Can't find file for asset '/Game/jarcTitle_character_img' while loading NULL.
[2016.01.22-20.25.20:334][538]LogMaterial: Missing cached shader map for material joan_title_Mat, compiling. 
[2016.01.22-20.25.20:335][538]LogMaterial:Warning: Failed to compile Material /Game/joan_title_Mat.joan_title_Mat for platform PCD3D_SM5, Default Material will be used in game.
[2016.01.22-20.25.20:335][538]LogMaterial:Warning: 	(Node TextureSample) TextureSample> Missing input texture
[2016.01.22-20.25.30:252][406]LogEditorViewport: Clicking on Actor (LMB): JarcActor_Blueprint_C (JarcActor_Blueprint)
[2016.01.22-20.25.31:865][592]LogLinker:Warning: Asset '../../../Engine/Content/ArtTools/RenderToTexture/Macros/RenderToTextureMacros.uasset' has been saved with empty engine version. The asset will be loaded but may be incompatible.
[2016.01.22-20.25.32:127][592]LogContentBrowser: Native class hierarchy updated for 'BlueprintGraph' in 0.0009 seconds. Added 107 classes and 0 folders.
[2016.01.22-20.25.50:422][312]LogParticles: Destroying 0 GPU particle simulations for FXSystem 0x0000028C382D02C0
[2016.01.22-20.25.56:647][312]LogSavePackage: Save=56.252216ms
[2016.01.22-20.25.56:647][312]LogSavePackage: Moving '../../../../../../Users/jychong/Documents/Work/Projects/UE4_Projects/FighterGame/Saved/Minimal_Default24FE4B4445D7FE08C187FF8FDEDBBBF1.tmp' to '../../../../../../Users/jychong/Documents/Work/Projects/UE4_Projects/FighterGame/Content/StarterContent/Maps/Minimal_Default.umap'
[2016.01.22-20.25.56:650][312]LogSavePackage: Total save time: 68.186603ms
[2016.01.22-20.25.56:650][312]LogSavePackage:Display: Finished SavePackage ../../../../../../Users/jychong/Documents/Work/Projects/UE4_Projects/FighterGame/Content/StarterContent/Maps/Minimal_Default.umap
[2016.01.22-20.25.56:674][312]LogFileHelpers: Saving map 'Minimal_Default' took 6.231
[2016.01.22-20.26.36:573][607]LogParticles: Destroying 0 GPU particle simulations for FXSystem 0x0000028C06CD6700
[2016.01.22-20.26.36:573][607]LogParticles: Destroying 0 GPU particle simulations for FXSystem 0x0000028C38629120
[2016.01.22-20.26.37:208][681]LogBlueprintUserMessages: Early PlayInEditor Detection: Level '/Game/StarterContent/Maps/Minimal_Default.Minimal_Default:PersistentLevel' has LevelScriptBlueprint '/Game/StarterContent/Maps/Minimal_Default.Minimal_Default:PersistentLevel.Minimal_Default' with GeneratedClass '/Game/StarterContent/Maps/Minimal_Default.Minimal_Default_C' with ClassGeneratedBy '/Game/StarterContent/Maps/Minimal_Default.Minimal_Default:PersistentLevel.Minimal_Default'
[2016.01.22-20.26.37:208][681]LogPlayLevel: PlayLevel: No blueprints needed recompiling
[2016.01.22-20.26.37:208][681]PIE: New page: PIE session: Minimal_Default (Jan 22, 2016, 4:26:37 AM)
[2016.01.22-20.26.37:208][681]LogPlayLevel: Creating play world package: /Game/StarterContent/Maps/UEDPIE_0_Minimal_Default
[2016.01.22-20.26.37:211][681]LogPlayLevel: PIE: StaticDuplicateObject took: (0.003265s)
[2016.01.22-20.26.37:211][681]LogAIModule: Creating AISystem for world Minimal_Default
[2016.01.22-20.26.37:211][681]LogPlayLevel: PIE: World Init took: (0.000461s)
[2016.01.22-20.26.37:212][681]LogPlayLevel: PIE: Created PIE world by copying editor world from /Game/StarterContent/Maps/Minimal_Default.Minimal_Default to /Game/StarterContent/Maps/UEDPIE_0_Minimal_Default.Minimal_Default (0.003861s)
[2016.01.22-20.26.37:233][681]LogInit: XAudio2 using 'VS24A-4 (NVIDIA High Definition Audio)' : 2 channels at 48 kHz using 16 bits per sample (channel mask 0x3)
[2016.01.22-20.26.37:236][681]LogInit: FAudioDevice initialized.
[2016.01.22-20.26.37:267][681]LogWorld: Game class is 'PlayStudiosGameMode'
[2016.01.22-20.26.37:271][681]LogWorld: Bringing World /Game/StarterContent/Maps/UEDPIE_0_Minimal_Default.Minimal_Default up for play (max tick rate 0) at 2016.01.22-12.26.37
[2016.01.22-20.26.37:271][681]LogActor:Warning: GameSession /Game/StarterContent/Maps/UEDPIE_0_Minimal_Default.Minimal_Default:PersistentLevel.GameSession_1 has natively added scene component(s), but none of them were set as the actor's RootComponent - picking one arbitrarily
[2016.01.22-20.26.37:272][681]LogActor:Warning: GameNetworkManager /Game/StarterContent/Maps/UEDPIE_0_Minimal_Default.Minimal_Default:PersistentLevel.GameNetworkManager_1 has natively added scene component(s), but none of them were set as the actor's RootComponent - picking one arbitrarily
[2016.01.22-20.26.37:274][681]LogWorld: Bringing up level for play took: 0.005473
[2016.01.22-20.26.37:275][681]PIE: Info Play in editor start time for /Game/StarterContent/Maps/UEDPIE_0_Minimal_Default 1.064
[2016.01.22-20.26.37:275][681]LogBlueprintUserMessages: Late PlayInEditor Detection: Level '/Game/StarterContent/Maps/Minimal_Default.Minimal_Default:PersistentLevel' has LevelScriptBlueprint '/Game/StarterContent/Maps/Minimal_Default.Minimal_Default:PersistentLevel.Minimal_Default' with GeneratedClass '/Game/StarterContent/Maps/Minimal_Default.Minimal_Default_C' with ClassGeneratedBy '/Game/StarterContent/Maps/Minimal_Default.Minimal_Default:PersistentLevel.Minimal_Default'
[2016.01.22-20.26.38:405][816]LogBlueprintUserMessages: Early EndPlayMap Detection: Level '/Game/StarterContent/Maps/Minimal_Default.Minimal_Default:PersistentLevel' has LevelScriptBlueprint '/Game/StarterContent/Maps/Minimal_Default.Minimal_Default:PersistentLevel.Minimal_Default' with GeneratedClass '/Game/StarterContent/Maps/Minimal_Default.Minimal_Default_C' with ClassGeneratedBy '/Game/StarterContent/Maps/Minimal_Default.Minimal_Default:PersistentLevel.Minimal_Default'
[2016.01.22-20.26.38:436][816]LogBlueprintUserMessages: Late EndPlayMap Detection: Level '/Game/StarterContent/Maps/Minimal_Default.Minimal_Default:PersistentLevel' has LevelScriptBlueprint '/Game/StarterContent/Maps/Minimal_Default.Minimal_Default:PersistentLevel.Minimal_Default' with GeneratedClass '/Game/StarterContent/Maps/Minimal_Default.Minimal_Default_C' with ClassGeneratedBy '/Game/StarterContent/Maps/Minimal_Default.Minimal_Default:PersistentLevel.Minimal_Default'
[2016.01.22-20.26.38:469][817]LogParticles: Destroying 0 GPU particle simulations for FXSystem 0x0000028C776DFF60
[2016.01.22-20.27.19:241][615]LogWindowsTextInputMethodSystem:Display: IME system now deactivated.
[2016.01.22-20.27.19:421][616]Cmd: QUIT_EDITOR
[2016.01.22-20.27.20:137][616]LogExit: Preparing to exit.
[2016.01.22-20.27.20:439][616]LogExit: Editor shut down
[2016.01.22-20.27.20:440][616]LogExit: Transaction tracking system shut down
[2016.01.22-20.27.20:443][616]LogParticles: Destroying 0 GPU particle simulations for FXSystem 0x0000028C4AE1BD80
[2016.01.22-20.27.20:444][616]LogParticles: Destroying 0 GPU particle simulations for FXSystem 0x0000028C573B7920
[2016.01.22-20.27.20:444][616]LogParticles: Destroying 0 GPU particle simulations for FXSystem 0x0000028C4D06EC00
[2016.01.22-20.27.20:444][616]LogParticles: Destroying 0 GPU particle simulations for FXSystem 0x0000028C66F30E00
[2016.01.22-20.27.20:444][616]LogParticles: Destroying 0 GPU particle simulations for FXSystem 0x0000028C66F30D60
[2016.01.22-20.27.20:574][616]LogExit: Object subsystem successfully closed.
[2016.01.22-20.27.20:583][616]LogD3D11RHI: Shutdown
[2016.01.22-20.27.20:583][616]LogD3D11RHI: CleanupD3DDevice
[2016.01.22-20.27.20:633][616]LogD3D11RHI: ~FD3D11DynamicRHI
[2016.01.22-20.27.20:642][616]LogModuleManager: Shutting down and abandoning module CookingStats (203)
[2016.01.22-20.27.20:642][616]LogModuleManager: Shutting down and abandoning module BlueprintGraph (202)
[2016.01.22-20.27.20:642][616]LogModuleManager: Shutting down and abandoning module CrashTracker (201)
[2016.01.22-20.27.20:642][616]LogModuleManager: Shutting down and abandoning module SceneOutliner (200)
[2016.01.22-20.27.20:642][616]LogModuleManager: Shutting down and abandoning module SuperSearch (199)
[2016.01.22-20.27.20:642][616]LogModuleManager: Shutting down and abandoning module WidgetCarousel (198)
[2016.01.22-20.27.20:642][616]LogModuleManager: Shutting down and abandoning module AddContentDialog (197)
[2016.01.22-20.27.20:643][616]LogModuleManager: Shutting down and abandoning module EditorWidgets (196)
[2016.01.22-20.27.20:643][616]LogModuleManager: Shutting down and abandoning module CollectionManager (195)
[2016.01.22-20.27.20:643][616]LogModuleManager: Shutting down and abandoning module StatsViewer (194)
[2016.01.22-20.27.20:643][616]LogModuleManager: Shutting down and abandoning module FoliageEdit (193)
[2016.01.22-20.27.20:643][616]LogModuleManager: Shutting down and abandoning module LandscapeEditor (192)
[2016.01.22-20.27.20:643][616]LogModuleManager: Shutting down and abandoning module ActorPickerMode (191)
[2016.01.22-20.27.20:643][616]LogModuleManager: Shutting down and abandoning module GeometryMode (190)
[2016.01.22-20.27.20:643][616]LogModuleManager: Shutting down and abandoning module TextureAlignMode (189)
[2016.01.22-20.27.20:643][616]LogModuleManager: Shutting down and abandoning module BspMode (188)
[2016.01.22-20.27.20:643][616]LogModuleManager: Shutting down and abandoning module PlacementMode (187)
[2016.01.22-20.27.20:643][616]LogModuleManager: Shutting down and abandoning module AutomationWorker (186)
[2016.01.22-20.27.20:643][616]LogModuleManager: Shutting down and abandoning module CharacterAI (185)
[2016.01.22-20.27.20:643][616]LogModuleManager: Shutting down and abandoning module SmartSnapping (184)
[2016.01.22-20.27.20:643][616]LogModuleManager: Shutting down and abandoning module ViewportSnapping (183)
[2016.01.22-20.27.20:643][616]LogModuleManager: Shutting down and abandoning module LogVisualizer (182)
[2016.01.22-20.27.20:643][616]LogModuleManager: Shutting down and abandoning module GameProjectGeneration (181)
[2016.01.22-20.27.20:643][616]LogModuleManager: Shutting down and abandoning module IntroTutorials (180)
[2016.01.22-20.27.20:643][616]LogModuleManager: Shutting down and abandoning module EditorLiveStreaming (179)
[2016.01.22-20.27.20:644][616]LogModuleManager: Shutting down and abandoning module IOSPlatformEditor (178)
[2016.01.22-20.27.20:644][616]LogModuleManager: Shutting down and abandoning module HTML5PlatformEditor (177)
[2016.01.22-20.27.20:644][616]LogModuleManager: Shutting down and abandoning module AndroidDeviceDetection (176)
[2016.01.22-20.27.21:000][616]LogModuleManager: Shutting down and abandoning module AndroidPlatformEditor (175)
[2016.01.22-20.27.21:000][616]LogModuleManager: Shutting down and abandoning module IOSRuntimeSettings (174)
[2016.01.22-20.27.21:000][616]LogModuleManager: Shutting down and abandoning module AndroidRuntimeSettings (173)
[2016.01.22-20.27.21:000][616]LogModuleManager: Shutting down and abandoning module MergeActors (172)
[2016.01.22-20.27.21:000][616]LogModuleManager: Shutting down and abandoning module SizeMap (171)
[2016.01.22-20.27.21:000][616]LogModuleManager: Shutting down and abandoning module TreeMap (170)
[2016.01.22-20.27.21:000][616]LogModuleManager: Shutting down and abandoning module ReferenceViewer (169)
[2016.01.22-20.27.21:000][616]LogModuleManager: Shutting down and abandoning module LocalizationService (168)
[2016.01.22-20.27.21:000][616]LogModuleManager: Shutting down and abandoning module LocalizationDashboard (167)
[2016.01.22-20.27.21:000][616]LogModuleManager: Shutting down and abandoning module HardwareTargeting (166)
[2016.01.22-20.27.21:000][616]LogModuleManager: Shutting down and abandoning module DeviceProfileEditor (165)
[2016.01.22-20.27.21:000][616]LogModuleManager: Shutting down and abandoning module UndoHistory (164)
[2016.01.22-20.27.21:000][616]LogModuleManager: Shutting down and abandoning module GameplayTagsEditor (163)
[2016.01.22-20.27.21:000][616]LogModuleManager: Shutting down and abandoning module UserFeedback (162)
[2016.01.22-20.27.21:000][616]LogModuleManager: Shutting down and abandoning module XmlParser (161)
[2016.01.22-20.27.21:000][616]LogModuleManager: Shutting down and abandoning module Blutility (160)
[2016.01.22-20.27.21:000][616]LogModuleManager: Shutting down and abandoning module ProjectTargetPlatformEditor (159)
[2016.01.22-20.27.21:000][616]LogModuleManager: Shutting down and abandoning module ProjectSettingsViewer (158)
[2016.01.22-20.27.21:000][616]LogModuleManager: Shutting down and abandoning module InputBindingEditor (157)
[2016.01.22-20.27.21:000][616]LogModuleManager: Shutting down and abandoning module EditorSettingsViewer (156)
[2016.01.22-20.27.21:000][616]LogModuleManager: Shutting down and abandoning module SettingsEditor (155)
[2016.01.22-20.27.21:000][616]LogModuleManager: Shutting down and abandoning module ProjectLauncher (154)
[2016.01.22-20.27.21:000][616]LogModuleManager: Shutting down and abandoning module SessionFrontend (153)
[2016.01.22-20.27.21:000][616]LogModuleManager: Shutting down and abandoning module ProfilerClient (152)
[2016.01.22-20.27.21:000][616]LogModuleManager: Shutting down and abandoning module TargetDeviceServices (151)
[2016.01.22-20.27.21:000][616]LogModuleManager: Shutting down and abandoning module DeviceManager (150)
[2016.01.22-20.27.21:000][616]LogModuleManager: Shutting down and abandoning module AutomationController (149)
[2016.01.22-20.27.21:000][616]LogModuleManager: Shutting down and abandoning module AutomationWindow (148)
[2016.01.22-20.27.21:000][616]LogModuleManager: Shutting down and abandoning module Layers (147)
[2016.01.22-20.27.21:000][616]LogModuleManager: Shutting down and abandoning module ComponentVisualizers (146)
[2016.01.22-20.27.21:000][616]LogModuleManager: Shutting down and abandoning module DetailCustomizations (145)
[2016.01.22-20.27.21:000][616]LogModuleManager: Shutting down and abandoning module PackagesDialog (144)
[2016.01.22-20.27.21:000][616]LogModuleManager: Shutting down and abandoning module Persona (143)
[2016.01.22-20.27.21:000][616]LogModuleManager: Shutting down and abandoning module Kismet (142)
[2016.01.22-20.27.21:000][616]LogModuleManager: Shutting down and abandoning module GraphEditor (141)
[2016.01.22-20.27.21:000][616]LogModuleManager: Shutting down and abandoning module ClassViewer (140)
[2016.01.22-20.27.21:000][616]LogModuleManager: Shutting down and abandoning module Toolbox (139)
[2016.01.22-20.27.21:000][616]LogModuleManager: Shutting down and abandoning module ModuleUI (138)
[2016.01.22-20.27.21:000][616]LogModuleManager: Shutting down and abandoning module MovieSceneTools (137)
[2016.01.22-20.27.21:000][616]LogModuleManager: Shutting down and abandoning module OutputLog (136)
[2016.01.22-20.27.21:000][616]LogModuleManager: Shutting down and abandoning module GammaUI (135)
[2016.01.22-20.27.21:000][616]LogModuleManager: Shutting down and abandoning module Documentation (134)
[2016.01.22-20.27.21:000][616]LogModuleManager: Shutting down and abandoning module GameLiveStreaming (133)
[2016.01.22-20.27.21:000][616]LogModuleManager: Shutting down and abandoning module StreamingPauseRendering (132)
[2016.01.22-20.27.21:000][616]LogModuleManager: Shutting down and abandoning module AnalyticsET (131)
[2016.01.22-20.27.21:000][616]LogModuleManager: Shutting down and abandoning module Analytics (130)
[2016.01.22-20.27.21:000][616]LogModuleManager: Shutting down and abandoning module AITestSuite (129)
[2016.01.22-20.27.21:000][616]LogModuleManager: Shutting down and abandoning module GameplayDebugger (128)
[2016.01.22-20.27.21:000][616]LogModuleManager: Shutting down and abandoning module AIModule (127)
[2016.01.22-20.27.21:000][616]LogModuleManager: Shutting down and abandoning module ProfilerService (126)
[2016.01.22-20.27.21:083][616]LogModuleManager: Shutting down and abandoning module TaskGraph (125)
[2016.01.22-20.27.21:083][616]LogModuleManager: Shutting down and abandoning module CreatureEditor (124)
[2016.01.22-20.27.21:083][616]LogModuleManager: Shutting down and abandoning module SlateRemote (123)
[2016.01.22-20.27.21:083][616]LogModuleManager: Shutting down and abandoning module SteamVRController (122)
[2016.01.22-20.27.21:083][616]LogModuleManager: Shutting down and abandoning module SteamVR (121)
[2016.01.22-20.27.21:083][616]LogModuleManager: Shutting down and abandoning module ProceduralMeshComponent (120)
[2016.01.22-20.27.21:083][616]LogModuleManager: Shutting down and abandoning module OculusLibrary (119)
[2016.01.22-20.27.21:083][616]LogModuleManager: Shutting down and abandoning module OculusInput (118)
[2016.01.22-20.27.21:083][616]LogModuleManager: Shutting down and abandoning module LeapMotionController (117)
[2016.01.22-20.27.21:096][616]LogModuleManager: Shutting down and abandoning module CustomMeshComponent (116)
[2016.01.22-20.27.21:096][616]LogModuleManager: Shutting down and abandoning module CableComponent (115)
[2016.01.22-20.27.21:096][616]LogModuleManager: Shutting down and abandoning module ArchVisCharacter (114)
[2016.01.22-20.27.21:096][616]LogModuleManager: Shutting down and abandoning module MessagingDebugger (113)
[2016.01.22-20.27.21:096][616]LogModuleManager: Shutting down and abandoning module MediaPlayerEditor (112)
[2016.01.22-20.27.21:096][616]LogModuleManager: Shutting down and abandoning module HTML5Networking (111)
[2016.01.22-20.27.21:096][616]LogModuleManager: Shutting down and abandoning module SpeedTreeImporter (110)
[2016.01.22-20.27.21:096][616]LogModuleManager: Shutting down and abandoning module PluginBrowser (109)
[2016.01.22-20.27.21:096][616]LogModuleManager: Shutting down and abandoning module EpicSurvey (108)
[2016.01.22-20.27.21:096][616]LogModuleManager: Shutting down and abandoning module DesktopPlatform (107)
[2016.01.22-20.27.21:096][616]LogModuleManager: Shutting down and abandoning module VisualStudioSourceCodeAccess (106)
[2016.01.22-20.27.21:096][616]LogModuleManager: Shutting down and abandoning module UObjectPlugin (105)
[2016.01.22-20.27.21:096][616]LogModuleManager: Shutting down and abandoning module SubversionSourceControl (104)
[2016.01.22-20.27.21:096][616]LogModuleManager: Shutting down and abandoning module PerforceSourceControl (103)
[2016.01.22-20.27.21:096][616]LogModuleManager: Shutting down and abandoning module SourceControl (102)
[2016.01.22-20.27.21:096][616]LogModuleManager: Shutting down and abandoning module GitSourceControl (101)
[2016.01.22-20.27.21:096][616]LogModuleManager: Shutting down and abandoning module LightPropagationVolumeEditor (100)
[2016.01.22-20.27.21:096][616]LogModuleManager: Shutting down and abandoning module PaperTiledImporter (99)
[2016.01.22-20.27.21:096][616]LogModuleManager: Shutting down and abandoning module PaperSpriteSheetImporter (98)
[2016.01.22-20.27.21:096][616]LogModuleManager: Shutting down and abandoning module MeshPaint (97)
[2016.01.22-20.27.21:096][616]LogModuleManager: Shutting down and abandoning module SlateReflector (96)
[2016.01.22-20.27.21:096][616]LogModuleManager: Shutting down and abandoning module HotReload (95)
[2016.01.22-20.27.21:096][616]LogModuleManager: Shutting down and abandoning module MainFrame (94)
[2016.01.22-20.27.21:096][616]LogModuleManager: Shutting down and abandoning module LevelEditor (93)
[2016.01.22-20.27.21:097][616]LogModuleManager: Shutting down and abandoning module DirectoryWatcher (92)
[2016.01.22-20.27.21:097][616]LogModuleManager: Shutting down and abandoning module AssetRegistry (91)
[2016.01.22-20.27.21:228][616]LogModuleManager: Shutting down and abandoning module ContentBrowser (90)
[2016.01.22-20.27.21:229][616]LogModuleManager: Shutting down and abandoning module Paper2DEditor (89)
[2016.01.22-20.27.21:229][616]LogModuleManager: Shutting down and abandoning module PlayStudios (88)
[2016.01.22-20.27.21:229][616]LogModuleManager: Shutting down and abandoning module CreaturePlugin (87)
[2016.01.22-20.27.21:229][616]LogModuleManager: Shutting down and abandoning module UdpMessaging (86)
[2016.01.22-20.27.21:331][616]LogModuleManager: Shutting down and abandoning module LightPropagationVolumeRuntime (85)
[2016.01.22-20.27.21:331][616]LogModuleManager: Shutting down and abandoning module Paper2D (84)
[2016.01.22-20.27.21:331][616]LogModuleManager: Shutting down and abandoning module WindowsMoviePlayer (83)
[2016.01.22-20.27.21:337][616]LogModuleManager: Shutting down and abandoning module Media (82)
[2016.01.22-20.27.21:337][616]LogModuleManager: Shutting down and abandoning module WmfMedia (81)
[2016.01.22-20.27.21:337][616]LogModuleManager: Shutting down and abandoning module OnlineBlueprintSupport (80)
[2016.01.22-20.27.21:337][616]LogModuleManager: Shutting down and abandoning module GameplayTasksEditor (79)
[2016.01.22-20.27.21:337][616]LogModuleManager: Shutting down and abandoning module PropertyEditor (78)
[2016.01.22-20.27.21:337][616]LogModuleManager: Shutting down and abandoning module BehaviorTreeEditor (77)
[2016.01.22-20.27.21:337][616]LogModuleManager: Shutting down and abandoning module FunctionalTesting (76)
[2016.01.22-20.27.21:337][616]LogModuleManager: Shutting down and abandoning module CollisionAnalyzer (75)
[2016.01.22-20.27.21:338][616]LogModuleManager: Shutting down and abandoning module WorkspaceMenuStructure (74)
[2016.01.22-20.27.21:338][616]LogModuleManager: Shutting down and abandoning module MessageLog (73)
[2016.01.22-20.27.21:338][616]LogModuleManager: Shutting down and abandoning module Sequencer (72)
[2016.01.22-20.27.21:338][616]LogModuleManager: Shutting down and abandoning module AssetTools (71)
[2016.01.22-20.27.21:338][616]LogModuleManager: Shutting down and abandoning module UMGEditor (70)
[2016.01.22-20.27.21:338][616]LogModuleManager: Shutting down and abandoning module UMG (69)
[2016.01.22-20.27.21:338][616]LogModuleManager: Shutting down and abandoning module Slate (68)
[2016.01.22-20.27.21:338][616]LogModuleManager: Shutting down and abandoning module EditorStyle (67)
[2016.01.22-20.27.21:343][616]LogModuleManager: Shutting down and abandoning module SessionServices (66)
[2016.01.22-20.27.21:343][616]LogModuleManager: Shutting down and abandoning module SourceCodeAccess (65)
[2016.01.22-20.27.21:343][616]LogModuleManager: Shutting down and abandoning module HeadMountedDisplay (64)
[2016.01.22-20.27.21:343][616]LogModuleManager: Shutting down and abandoning module XAudio2 (63)
[2016.01.22-20.27.21:343][616]LogModuleManager: Shutting down and abandoning module Networking (61)
[2016.01.22-20.27.21:343][616]LogModuleManager: Shutting down and abandoning module Core (60)
[2016.01.22-20.27.21:343][616]LogModuleManager: Shutting down and abandoning module KismetCompiler (59)
[2016.01.22-20.27.21:343][616]LogModuleManager: Shutting down and abandoning module PhysXFormats (58)
[2016.01.22-20.27.21:343][616]LogModuleManager: Shutting down and abandoning module MeshUtilities (57)
[2016.01.22-20.27.21:343][616]LogModuleManager: Shutting down and abandoning module DerivedDataCache (56)
[2016.01.22-20.27.21:401][616]LogDerivedDataCache: Shutdown
[2016.01.22-20.27.21:401][616]LogModuleManager: Shutting down and abandoning module ShaderFormatOpenGL (55)
[2016.01.22-20.27.21:402][616]LogModuleManager: Shutting down and abandoning module ShaderFormatD3D (54)
[2016.01.22-20.27.21:402][616]LogModuleManager: Shutting down and abandoning module MetalShaderFormat (53)
[2016.01.22-20.27.21:402][616]LogModuleManager: Shutting down and abandoning module TextureFormatUncompressed (52)
[2016.01.22-20.27.21:402][616]LogModuleManager: Shutting down and abandoning module TextureFormatPVR (51)
[2016.01.22-20.27.21:402][616]LogModuleManager: Shutting down and abandoning module TextureFormatIntelISPCTexComp (50)
[2016.01.22-20.27.21:402][616]LogModuleManager: Shutting down and abandoning module TextureFormatDXT (49)
[2016.01.22-20.27.21:402][616]LogModuleManager: Shutting down and abandoning module ImageWrapper (48)
[2016.01.22-20.27.21:402][616]LogModuleManager: Shutting down and abandoning module TextureFormatASTC (47)
[2016.01.22-20.27.21:402][616]LogModuleManager: Shutting down and abandoning module TextureFormatAndroid (46)
[2016.01.22-20.27.21:402][616]LogModuleManager: Shutting down and abandoning module AudioFormatOpus (45)
[2016.01.22-20.27.21:402][616]LogModuleManager: Shutting down and abandoning module AudioFormatOgg (44)
[2016.01.22-20.27.21:402][616]LogModuleManager: Shutting down and abandoning module AudioFormatADPCM (43)
[2016.01.22-20.27.21:402][616]LogModuleManager: Shutting down and abandoning module LinuxTargetPlatform (42)
[2016.01.22-20.27.21:402][616]LogModuleManager: Shutting down and abandoning module LinuxServerTargetPlatform (41)
[2016.01.22-20.27.21:402][616]LogModuleManager: Shutting down and abandoning module LinuxNoEditorTargetPlatform (40)
[2016.01.22-20.27.21:402][616]LogModuleManager: Shutting down and abandoning module Messaging (39)
[2016.01.22-20.27.21:402][616]LogModuleManager: Shutting down and abandoning module IOSTargetPlatform (38)
[2016.01.22-20.27.21:402][616]LogModuleManager: Shutting down and abandoning module HTML5TargetPlatform (37)
[2016.01.22-20.27.21:402][616]LogModuleManager: Shutting down and abandoning module Android_PVRTCTargetPlatform (36)
[2016.01.22-20.27.21:402][616]LogModuleManager: Shutting down and abandoning module Android_MultiTargetPlatform (35)
[2016.01.22-20.27.21:402][616]LogModuleManager: Shutting down and abandoning module Android_ETC2TargetPlatform (34)
[2016.01.22-20.27.21:402][616]LogModuleManager: Shutting down and abandoning module Android_ETC1TargetPlatform (33)
[2016.01.22-20.27.21:402][616]LogModuleManager: Shutting down and abandoning module Android_DXTTargetPlatform (32)
[2016.01.22-20.27.21:402][616]LogModuleManager: Shutting down and abandoning module Android_ATCTargetPlatform (31)
[2016.01.22-20.27.21:402][616]LogModuleManager: Shutting down and abandoning module Android_ASTCTargetPlatform (30)
[2016.01.22-20.27.21:402][616]LogModuleManager: Shutting down and abandoning module AndroidTargetPlatform (29)
[2016.01.22-20.27.21:402][616]LogModuleManager: Shutting down and abandoning module WindowsTargetPlatform (28)
[2016.01.22-20.27.21:402][616]LogModuleManager: Shutting down and abandoning module WindowsServerTargetPlatform (27)
[2016.01.22-20.27.21:402][616]LogModuleManager: Shutting down and abandoning module WindowsNoEditorTargetPlatform (26)
[2016.01.22-20.27.21:402][616]LogModuleManager: Shutting down and abandoning module WindowsClientTargetPlatform (25)
[2016.01.22-20.27.21:402][616]LogModuleManager: Shutting down and abandoning module AllDesktopTargetPlatform (24)
[2016.01.22-20.27.21:402][616]LogModuleManager: Shutting down and abandoning module TargetPlatform (23)
[2016.01.22-20.27.21:402][616]LogModuleManager: Shutting down and abandoning module InputCore (22)
[2016.01.22-20.27.21:402][616]LogModuleManager: Shutting down and abandoning module Settings (21)
[2016.01.22-20.27.21:403][616]LogModuleManager: Shutting down and abandoning module OnlineSubsystem (19)
[2016.01.22-20.27.21:403][616]LogModuleManager: Shutting down and abandoning module HTTP (18)
[2016.01.22-20.27.22:404][616]LogModuleManager: Shutting down and abandoning module XMPP (17)
[2016.01.22-20.27.22:404][616]LogModuleManager: Shutting down and abandoning module OculusRift (16)
[2016.01.22-20.27.22:404][616]LogModuleManager: Shutting down and abandoning module ExampleDeviceProfileSelector (15)
[2016.01.22-20.27.22:404][616]LogModuleManager: Shutting down and abandoning module TextureCompressor (14)
[2016.01.22-20.27.22:404][616]LogModuleManager: Shutting down and abandoning module ShaderCore (13)
[2016.01.22-20.27.22:404][616]LogModuleManager: Shutting down and abandoning module Landscape (12)
[2016.01.22-20.27.22:404][616]LogModuleManager: Shutting down and abandoning module SlateRHIRenderer (11)
[2016.01.22-20.27.22:405][616]LogModuleManager: Shutting down and abandoning module OpenGLDrv (10)
[2016.01.22-20.27.22:405][616]LogModuleManager: Shutting down and abandoning module D3D11RHI (9)
[2016.01.22-20.27.22:405][616]LogModuleManager: Shutting down and abandoning module AnimGraphRuntime (8)
[2016.01.22-20.27.22:405][616]LogModuleManager: Shutting down and abandoning module Renderer (7)
[2016.01.22-20.27.22:405][616]LogModuleManager: Shutting down and abandoning module Engine (6)
[2016.01.22-20.27.22:405][616]LogModuleManager: Shutting down and abandoning module CoreUObject (5)
[2016.01.22-20.27.22:405][616]LogModuleManager: Shutting down and abandoning module NetworkFile (4)
[2016.01.22-20.27.22:405][616]LogModuleManager: Shutting down and abandoning module StreamingFile (3)
[2016.01.22-20.27.22:405][616]LogModuleManager: Shutting down and abandoning module SandboxFile (2)
[2016.01.22-20.27.22:405][616]LogModuleManager: Shutting down and abandoning module PakFile (1)
[2016.01.22-20.27.22:406][616]LogExit: Exiting.
[2016.01.22-20.27.22:407][616]Log file closed, 01/22/16 12:27:22
