[2016.01.16-00.39.24:464][  0]Log file open, 01/15/16 16:39:24
[2016.01.16-00.39.24:464][  0]LogInit:Display: Running engine for game: PlayStudios
[2016.01.16-00.39.24:464][  0]LogPlatformFile: Not using cached read wrapper
[2016.01.16-00.39.24:464][  0]LogInit:Display: RandInit(-1685105822) SRandInit(-1685105820).
[2016.01.16-00.39.24:464][  0]LogTaskGraph: Started task graph with 4 named threads and 7 total threads.
[2016.01.16-00.39.24:464][  0]LogStats: Stats thread started at 0.079090
[2016.01.16-00.39.24:464][  0]LogInit: Version: 4.10.1-2791327+++depot+UE4-Releases+4.10
[2016.01.16-00.39.24:464][  0]LogInit: API Version: 2758231
[2016.01.16-00.39.24:464][  0]LogInit: Compiled (64-bit): Dec  4 2015 19:44:40
[2016.01.16-00.39.24:464][  0]LogInit: Compiled with Visual C++: 19.00.23026.00
[2016.01.16-00.39.24:464][  0]LogInit: Build Configuration: Development
[2016.01.16-00.39.24:464][  0]LogInit: Branch Name: ++depot+UE4-Releases+4.10
[2016.01.16-00.39.24:464][  0]LogInit: Command line:  
[2016.01.16-00.39.24:464][  0]LogInit: Base directory: C:/Program Files/Epic Games/4.10/Engine/Binaries/Win64/
[2016.01.16-00.39.24:464][  0]LogInit: Rocket: 1
[2016.01.16-00.39.24:476][  0]LogInit: Using libcurl 7.41.0
[2016.01.16-00.39.24:476][  0]LogInit:  - built for x86_64-pc-win32
[2016.01.16-00.39.24:476][  0]LogInit:  - supports SSL with WinSSL
[2016.01.16-00.39.24:476][  0]LogInit:  - other features:
[2016.01.16-00.39.24:476][  0]LogInit:      CURL_VERSION_SSL
[2016.01.16-00.39.24:476][  0]LogInit:      CURL_VERSION_IPV6
[2016.01.16-00.39.24:476][  0]LogInit:      CURL_VERSION_ASYNCHDNS
[2016.01.16-00.39.24:476][  0]LogInit:      CURL_VERSION_LARGEFILE
[2016.01.16-00.39.24:476][  0]LogInit:      CURL_VERSION_IDN
[2016.01.16-00.39.24:476][  0]LogInit:  CurlRequestOptions (configurable via config and command line):
[2016.01.16-00.39.24:476][  0]LogInit:  - bVerifyPeer = true  - Libcurl will verify peer certificate
[2016.01.16-00.39.24:476][  0]LogInit:  - bUseHttpProxy = false  - Libcurl will NOT use HTTP proxy
[2016.01.16-00.39.24:476][  0]LogInit:  - bDontReuseConnections = false  - Libcurl will reuse connections
[2016.01.16-00.39.24:476][  0]LogInit:  - CertBundlePath = nullptr  - Libcurl will use whatever was configured at build time.
[2016.01.16-00.39.24:494][  0]LogInit: Presizing for 0 objects not considered by GC, pre-allocating 0 bytes.
[2016.01.16-00.39.24:498][  0]LogInit: Object subsystem initialized
[2016.01.16-00.39.24:499][  0]LogInit: Selected Device Profile: [Windows]
[2016.01.16-00.39.24:499][  0]LogInit: Applying CVar settings loaded from the selected device profile: [Windows]
[2016.01.16-00.39.24:511][  0]LogInit: Computer: MERLIN
[2016.01.16-00.39.24:511][  0]LogInit: User: jychong
[2016.01.16-00.39.24:511][  0]LogInit: CPU Page size=4096, Cores=4
[2016.01.16-00.39.24:511][  0]LogInit: High frequency timer resolution =3.914061 MHz
[2016.01.16-00.39.24:511][  0]LogMemory: Memory total: Physical=15.9GB (16GB approx)
[2016.01.16-00.39.24:511][  0]LogMemory: Platform Memory Stats for Windows
[2016.01.16-00.39.24:511][  0]LogMemory: Process Physical Memory: 56.19 MB used, 56.19 MB peak
[2016.01.16-00.39.24:511][  0]LogMemory: Process Virtual Memory: 58.76 MB used, 58.76 MB peak
[2016.01.16-00.39.24:511][  0]LogMemory: Physical Memory: 4460.58 MB used, 16332.17 MB total
[2016.01.16-00.39.24:511][  0]LogMemory: Virtual Memory: 384.69 MB used, 134217728.00 MB total
[2016.01.16-00.39.24:631][  0]LogTextLocalizationManager: No specific translations for ('en-US') exist, so ('en') translations will be used.
[2016.01.16-00.39.24:981][  0]LogD3D11RHI: Found D3D11 adapter 0: NVIDIA GeForce GTX 950 (Feature Level 11_0)
[2016.01.16-00.39.24:981][  0]LogD3D11RHI: Adapter has 1969MB of dedicated video memory, 0MB of dedicated system memory, and 8166MB of shared system memory, 1 output[s]
[2016.01.16-00.39.24:982][  0]LogD3D11RHI: Found D3D11 adapter 1: Microsoft Basic Render Driver (Feature Level 11_0)
[2016.01.16-00.39.24:982][  0]LogD3D11RHI: Adapter has 0MB of dedicated video memory, 0MB of dedicated system memory, and 8166MB of shared system memory, 0 output[s]
[2016.01.16-00.39.24:982][  0]LogD3D11RHI: Chosen D3D11 Adapter Id = 0
[2016.01.16-00.39.24:985][  0]LogD3D11RHI: !Direct3DDevice
[2016.01.16-00.39.24:985][  0]LogRHI: Texture pool is 1361 MB (70% of 1945 MB)
[2016.01.16-00.39.24:995][  0]LogD3D11RHI: Async texture creation enabled
[2016.01.16-00.39.25:009][  0]LogShaderCompilers: Guid format shader working directory is -32 characters bigger than the processId version (../../../../../../Users/jychong/Documents/Work/Projects/UE4_Projects/PlayStudios/Intermediate/Shaders/WorkingDirectory/7072/).
[2016.01.16-00.39.25:009][  0]LogShaderCompilers: Cleaned the shader compiler working directory 'C:/Users/jychong/AppData/Local/Temp/UnrealShaderWorkingDir/0F86909E401142B821216F9B230C537C/'.
[2016.01.16-00.39.25:009][  0]LogShaderCompilers:Display: Using Local Shader Compiler.
[2016.01.16-00.39.25:947][  0]LogTemp:Display: Loaded TP AllDesktopTargetPlatform
[2016.01.16-00.39.25:950][  0]LogTemp:Display: Loaded TP WindowsClientTargetPlatform
[2016.01.16-00.39.25:953][  0]LogTemp:Display: Loaded TP WindowsNoEditorTargetPlatform
[2016.01.16-00.39.25:956][  0]LogTemp:Display: Loaded TP WindowsServerTargetPlatform
[2016.01.16-00.39.25:959][  0]LogTemp:Display: Loaded TP WindowsTargetPlatform
[2016.01.16-00.39.25:963][  0]LogTemp:Display: Loaded TP AndroidTargetPlatform
[2016.01.16-00.39.25:965][  0]LogTemp:Display: Loaded TP Android_ASTCTargetPlatform
[2016.01.16-00.39.25:967][  0]LogTemp:Display: Loaded TP Android_ATCTargetPlatform
[2016.01.16-00.39.25:968][  0]LogTemp:Display: Loaded TP Android_DXTTargetPlatform
[2016.01.16-00.39.25:970][  0]LogTemp:Display: Loaded TP Android_ETC1TargetPlatform
[2016.01.16-00.39.25:972][  0]LogTemp:Display: Loaded TP Android_ETC2TargetPlatform
[2016.01.16-00.39.25:976][  0]LogTemp:Display: Loaded TP Android_MultiTargetPlatform
[2016.01.16-00.39.25:976][  0]LogTemp:Display: Loaded TP Android_PVRTCTargetPlatform
[2016.01.16-00.39.25:977][  0]LogTemp:Display: Loaded TP HTML5TargetPlatform
[2016.01.16-00.39.26:006][  0]LogTemp:Display: Loaded TP IOSTargetPlatform
[2016.01.16-00.39.26:008][  0]LogTemp:Display: Loaded TP LinuxNoEditorTargetPlatform
[2016.01.16-00.39.26:009][  0]LogTemp:Display: Loaded TP LinuxServerTargetPlatform
[2016.01.16-00.39.26:013][  0]LogTemp:Display: Loaded TP LinuxTargetPlatform
[2016.01.16-00.39.26:013][  0]LogTargetPlatformManager:Display: Building Assets For Windows
[2016.01.16-00.39.26:174][  0]LogDerivedDataCache:Display: Max Cache Size: 512 MB
[2016.01.16-00.39.26:207][  0]LogDerivedDataCache: Loaded boot cache 0.03s 45MB C:/Users/jychong/AppData/Local/UnrealEngine/4.10/DerivedDataCache/Boot.ddc.
[2016.01.16-00.39.26:207][  0]LogDerivedDataCache:Display: Loaded Boot cache: C:/Users/jychong/AppData/Local/UnrealEngine/4.10/DerivedDataCache/Boot.ddc
[2016.01.16-00.39.26:207][  0]LogDerivedDataCache: FDerivedDataBackendGraph:  Pak pak cache file ../../../../../../Users/jychong/Documents/Work/Projects/UE4_Projects/PlayStudios/DerivedDataCache/DDC.ddp not found, will not use a pak cache.
[2016.01.16-00.39.26:207][  0]LogDerivedDataCache: Unable to find inner node Pak for hierarchical cache Hierarchy.
[2016.01.16-00.39.26:207][  0]LogDerivedDataCache: FDerivedDataBackendGraph:  CompressedPak pak cache file ../../../../../../Users/jychong/Documents/Work/Projects/UE4_Projects/PlayStudios/DerivedDataCache/Compressed.ddp not found, will not use a pak cache.
[2016.01.16-00.39.26:207][  0]LogDerivedDataCache: Unable to find inner node CompressedPak for hierarchical cache Hierarchy.
[2016.01.16-00.39.26:249][  0]LogDerivedDataCache:Display: Pak cache opened for reading ../../../Engine/DerivedDataCache/Compressed.ddp.
[2016.01.16-00.39.26:261][  0]LogDerivedDataCache: Using Local data cache path C:/Users/jychong/AppData/Local/UnrealEngine/Common/DerivedDataCache: Writable
[2016.01.16-00.39.27:518][  0]LogInit: Selected Device Profile: [Windows]
[2016.01.16-00.39.27:520][  0]LogContentStreaming: Texture pool size is 0.000000MB
[2016.01.16-00.39.27:610][  0]LogMeshUtilities: No automatic mesh reduction module available
[2016.01.16-00.39.27:610][  0]LogMeshUtilities: No automatic mesh merging module available
[2016.01.16-00.39.27:887][  0]LogInit: WinSock: version 1.1 (2.2), MaxSocks=32767, MaxUdp=65467
[2016.01.16-00.39.29:058][  0]UdpMessaging: Initializing bridge on interface 0.0.0.0:0 to multicast group 230.0.0.1:6666.
[2016.01.16-00.39.29:171][  0]LogAssetRegistry: FAssetRegistry took 0.0105 seconds to start up
[2016.01.16-00.39.29:328][  0]SourceControl: Info Source control is disabled
[2016.01.16-00.39.29:354][  0]SourceControl: Info Source control is disabled
[2016.01.16-00.39.29:361][  0]SourceControl: Info Source control is disabled
[2016.01.16-00.39.29:367][  0]SourceControl: Info Source control is disabled
[2016.01.16-00.39.29:551][  0]LogObj: 28926 objects as part of root set at end of initial load.
[2016.01.16-00.39.29:551][  0]LogUObjectAllocator: 6163392 out of 0 bytes used by permanent object pool.
[2016.01.16-00.39.29:601][  0]LogEngine: Initializing Engine...
[2016.01.16-00.39.29:603][  0]LogHMD: Can't find Oculus library dev build: is proper Runtime installed? Version: 0.8.0.0
[2016.01.16-00.39.29:608][  0]LogHMD: SteamVR failed to initialize.  Err: 110
[2016.01.16-00.39.29:732][  0]LogAIModule: Creating AISystem for world NewWorld
[2016.01.16-00.39.29:736][  0]LogInit: XAudio2 using 'VS24A-4 (NVIDIA High Definition Audio)' : 2 channels at 48 kHz using 16 bits per sample (channel mask 0x3)
[2016.01.16-00.39.29:741][  0]LogInit: FAudioDevice initialized.
[2016.01.16-00.39.29:756][  0]LogDerivedDataCache: Saved boot cache 0.01s 45MB C:/Users/jychong/AppData/Local/UnrealEngine/4.10/DerivedDataCache/Boot.ddc.
[2016.01.16-00.39.29:760][  0]LogInit: Texture streaming: Enabled
[2016.01.16-00.39.29:764][  0]LogAnalytics: Creating configured Analytics provider AnalyticsET
[2016.01.16-00.39.29:764][  0]LogAnalytics: [UEEditor.Rocket.Release] APIServer = http://et2.epicgames.com/ET2/. AppVersion = 4.10.1-2791327+++depot+UE4-Releases+4.10
[2016.01.16-00.39.29:764][  0]LogAnalytics: [UEEditor.Rocket.Release] SetUserId 0a664b9e40ce3392435320acb25808e8|d085e2169ed74ad5919a9c5f09bdfc6a|342dfd8c-d9ad-42f6-b691-24b5970a92ec
[2016.01.16-00.39.29:764][  0]LogAnalytics: [UEEditor.Rocket.Release] AnalyticsET::StartSession
[2016.01.16-00.39.29:795][  0]LogInit: Transaction tracking system initialized
[2016.01.16-00.39.29:815][  0]BlueprintLog: New page: Editor Load
[2016.01.16-00.39.29:874][  0]LocalizationService: Info Localization service is disabled
[2016.01.16-00.39.29:919][  0]LogLinker:Warning: Can't find file '/Game/FirstPersonBP/FirstPersonOverview'
[2016.01.16-00.39.29:919][  0]LogLinker:Warning: Can't find file '/Game/FirstPersonBP/FirstPersonOverview'
[2016.01.16-00.39.29:919][  0]LogUObjectGlobals:Warning: Failed to find object 'Class /Game/FirstPersonBP/FirstPersonOverview.FirstPersonOverview_C'
[2016.01.16-00.39.29:931][  0]LogConsoleResponse:Display: 
[2016.01.16-00.39.30:078][  0]LogCook:Display: Done creating registry. It took  0.00s.
[2016.01.16-00.39.30:121][  0]LogFileCache: Scanning file cache for directory 'C:/Users/jychong/Documents/Work/Projects/UE4_Projects/PlayStudios/Content/' took 0.01s
[2016.01.16-00.39.30:121][  0]SourceControl: Info Source control is disabled
[2016.01.16-00.39.30:121][  0]Cmd: MAP LOAD FILE="../../../../../../Users/jychong/Documents/Work/Projects/UE4_Projects/PlayStudios/Content/StarterContent/Maps/Minimal_Default.umap" TEMPLATE=0 SHOWPROGRESS=1 FEATURELEVEL=3
[2016.01.16-00.39.30:123][  0]LightingResults: New page: Lighting Build
[2016.01.16-00.39.30:125][  0]MapCheck: New page: Map Check
[2016.01.16-00.39.30:125][  0]LightingResults: New page: Lighting Build
[2016.01.16-00.39.30:133][  0]LogParticles: Destroying 0 GPU particle simulations for FXSystem 0x000001E42885FB00
[2016.01.16-00.39.30:770][  0]LogAIModule: Creating AISystem for world Minimal_Default
[2016.01.16-00.39.31:383][  0]LogEditorServer: Finished looking for orphan Actors (0.000 secs)
[2016.01.16-00.39.31:384][  0]Cmd: MAP CHECKDEP NOCLEARLOG
[2016.01.16-00.39.31:413][  0]MapCheck: Info Map check complete: 0 Error(s), 0 Warning(s), took 28.971ms to complete.
[2016.01.16-00.39.31:413][  0]LogFileHelpers: Loading map 'Minimal_Default' took 1.292
[2016.01.16-00.39.31:500][  0]LogCollectionManager: Loaded 0 collections in 0.001560 seconds
[2016.01.16-00.39.31:537][  0]LogFileCache: Scanning file cache for directory 'C:/Users/jychong/Documents/Work/Projects/UE4_Projects/PlayStudios/Saved/Collections/' took 0.01s
[2016.01.16-00.39.31:537][  0]LogFileCache: Scanning file cache for directory 'C:/Users/jychong/Documents/Work/Projects/UE4_Projects/PlayStudios/Content/Developers/jychong/Collections/' took 0.01s
[2016.01.16-00.39.31:537][  0]LogFileCache: Scanning file cache for directory 'C:/Users/jychong/Documents/Work/Projects/UE4_Projects/PlayStudios/Content/Collections/' took 0.01s
[2016.01.16-00.39.31:537][  0]LogCollectionManager: Rebuilt the GUID cache for 0 collections in 0.000002 seconds
[2016.01.16-00.39.31:543][  0]LogContentBrowser: Native class hierarchy populated in 0.0055 seconds. Added 1912 classes and 345 folders.
[2016.01.16-00.39.31:549][  0]LogContentBrowser: Native class hierarchy updated for 'WidgetCarousel' in 0.0006 seconds. Added 0 classes and 0 folders.
[2016.01.16-00.39.31:680][  0]LogContentBrowser: Native class hierarchy updated for 'AddContentDialog' in 0.0007 seconds. Added 0 classes and 0 folders.
[2016.01.16-00.39.31:683][  0]LogContentBrowser: Native class hierarchy updated for 'SceneOutliner' in 0.0006 seconds. Added 1 classes and 2 folders.
[2016.01.16-00.39.31:719][  0]LogCrashTracker: Crashtracker disabled due to settings.
[2016.01.16-00.39.31:723][  0]LogUObjectGlobals:Warning: Failed to find object 'Class None.'
[2016.01.16-00.39.31:745][  0]LogLoad: Full Startup: 8.29 seconds (BP compile: 0.12 seconds)
[2016.01.16-00.39.31:755][  0]LogOcInput: Can't find Oculus library dev build: is proper Runtime installed? Version: 0.8.0.0
[2016.01.16-00.39.31:823][  0]LogContentStreaming: Texture pool size now 1000 MB
[2016.01.16-00.39.31:937][  0]LogRenderer: Reallocating scene render targets to support 1316x768 (Frame:2).
[2016.01.16-00.39.32:060][  3]LogAssetRegistry: Asset discovery search completed in 2.8998 seconds
[2016.01.16-00.39.32:060][  3]LogCollectionManager: Rebuilt the object cache for 0 collections in 0.000001 seconds (found 0 objects)
[2016.01.16-00.39.32:060][  3]LogCollectionManager: Fixed up redirectors for 0 collections in 0.000014 seconds (updated 0 objects)
[2016.01.16-00.39.56:745][712]LogBlueprintUserMessages: Early PlayInEditor Detection: Level '/Game/StarterContent/Maps/Minimal_Default.Minimal_Default:PersistentLevel' has LevelScriptBlueprint '/Game/StarterContent/Maps/Minimal_Default.Minimal_Default:PersistentLevel.Minimal_Default' with GeneratedClass '/Game/StarterContent/Maps/Minimal_Default.Minimal_Default_C' with ClassGeneratedBy '/Game/StarterContent/Maps/Minimal_Default.Minimal_Default:PersistentLevel.Minimal_Default'
[2016.01.16-00.39.56:745][712]LogPlayLevel: PlayLevel: No blueprints needed recompiling
[2016.01.16-00.39.56:745][712]PIE: New page: PIE session: Minimal_Default (Jan 15, 2016, 8:39:56 AM)
[2016.01.16-00.39.56:745][712]LogPlayLevel: Creating play world package: /Game/StarterContent/Maps/UEDPIE_0_Minimal_Default
[2016.01.16-00.39.56:750][712]LogPlayLevel: PIE: StaticDuplicateObject took: (0.004570s)
[2016.01.16-00.39.56:750][712]LogAIModule: Creating AISystem for world Minimal_Default
[2016.01.16-00.39.56:750][712]LogPlayLevel: PIE: World Init took: (0.000517s)
[2016.01.16-00.39.56:750][712]LogPlayLevel: PIE: Created PIE world by copying editor world from /Game/StarterContent/Maps/Minimal_Default.Minimal_Default to /Game/StarterContent/Maps/UEDPIE_0_Minimal_Default.Minimal_Default (0.005244s)
[2016.01.16-00.39.56:776][712]LogInit: XAudio2 using 'VS24A-4 (NVIDIA High Definition Audio)' : 2 channels at 48 kHz using 16 bits per sample (channel mask 0x3)
[2016.01.16-00.39.56:779][712]LogInit: FAudioDevice initialized.
[2016.01.16-00.39.56:828][712]LogWorld: Game class is 'PlayStudiosGameMode'
[2016.01.16-00.39.56:833][712]LogWorld: Bringing World /Game/StarterContent/Maps/UEDPIE_0_Minimal_Default.Minimal_Default up for play (max tick rate 0) at 2016.01.15-16.39.56
[2016.01.16-00.39.56:833][712]LogActor:Warning: GameSession /Game/StarterContent/Maps/UEDPIE_0_Minimal_Default.Minimal_Default:PersistentLevel.GameSession_0 has natively added scene component(s), but none of them were set as the actor's RootComponent - picking one arbitrarily
[2016.01.16-00.39.56:833][712]LogActor:Warning: GameNetworkManager /Game/StarterContent/Maps/UEDPIE_0_Minimal_Default.Minimal_Default:PersistentLevel.GameNetworkManager_0 has natively added scene component(s), but none of them were set as the actor's RootComponent - picking one arbitrarily
[2016.01.16-00.39.56:835][712]LogWorld: Bringing up level for play took: 0.005252
[2016.01.16-00.39.56:837][712]PIE: Info Play in editor start time for /Game/StarterContent/Maps/UEDPIE_0_Minimal_Default 0.625
[2016.01.16-00.39.56:837][712]LogBlueprintUserMessages: Late PlayInEditor Detection: Level '/Game/StarterContent/Maps/Minimal_Default.Minimal_Default:PersistentLevel' has LevelScriptBlueprint '/Game/StarterContent/Maps/Minimal_Default.Minimal_Default:PersistentLevel.Minimal_Default' with GeneratedClass '/Game/StarterContent/Maps/Minimal_Default.Minimal_Default_C' with ClassGeneratedBy '/Game/StarterContent/Maps/Minimal_Default.Minimal_Default:PersistentLevel.Minimal_Default'
[2016.01.16-00.41.10:209][484]LogBlueprintUserMessages: Early EndPlayMap Detection: Level '/Game/StarterContent/Maps/Minimal_Default.Minimal_Default:PersistentLevel' has LevelScriptBlueprint '/Game/StarterContent/Maps/Minimal_Default.Minimal_Default:PersistentLevel.Minimal_Default' with GeneratedClass '/Game/StarterContent/Maps/Minimal_Default.Minimal_Default_C' with ClassGeneratedBy '/Game/StarterContent/Maps/Minimal_Default.Minimal_Default:PersistentLevel.Minimal_Default'
[2016.01.16-00.41.10:249][484]LogBlueprintUserMessages: Late EndPlayMap Detection: Level '/Game/StarterContent/Maps/Minimal_Default.Minimal_Default:PersistentLevel' has LevelScriptBlueprint '/Game/StarterContent/Maps/Minimal_Default.Minimal_Default:PersistentLevel.Minimal_Default' with GeneratedClass '/Game/StarterContent/Maps/Minimal_Default.Minimal_Default_C' with ClassGeneratedBy '/Game/StarterContent/Maps/Minimal_Default.Minimal_Default:PersistentLevel.Minimal_Default'
[2016.01.16-00.41.10:263][484]LogParticles: Destroying 0 GPU particle simulations for FXSystem 0x000001E443D1E2A0
[2016.01.16-00.41.15:497][719]LogWindowsTextInputMethodSystem:Display: IME system now deactivated.
[2016.01.16-00.41.15:670][720]Cmd: QUIT_EDITOR
[2016.01.16-00.41.16:401][720]LogExit: Preparing to exit.
[2016.01.16-00.41.17:165][720]LogExit: Editor shut down
[2016.01.16-00.41.17:166][720]LogExit: Transaction tracking system shut down
[2016.01.16-00.41.17:168][720]LogParticles: Destroying 0 GPU particle simulations for FXSystem 0x000001E430CB3C40
[2016.01.16-00.41.17:168][720]LogParticles: Destroying 0 GPU particle simulations for FXSystem 0x000001E4451DF7E0
[2016.01.16-00.41.17:168][720]LogParticles: Destroying 0 GPU particle simulations for FXSystem 0x000001E430B8E2A0
[2016.01.16-00.41.17:168][720]LogParticles: Destroying 0 GPU particle simulations for FXSystem 0x000001E44B268FE0
[2016.01.16-00.41.17:168][720]LogParticles: Destroying 0 GPU particle simulations for FXSystem 0x000001E44B268F40
[2016.01.16-00.41.17:262][720]LogExit: Object subsystem successfully closed.
[2016.01.16-00.41.17:272][720]LogD3D11RHI: Shutdown
[2016.01.16-00.41.17:272][720]LogD3D11RHI: CleanupD3DDevice
[2016.01.16-00.41.17:325][720]LogD3D11RHI: ~FD3D11DynamicRHI
[2016.01.16-00.41.17:334][720]LogModuleManager: Shutting down and abandoning module CrashTracker (201)
[2016.01.16-00.41.17:334][720]LogModuleManager: Shutting down and abandoning module SceneOutliner (200)
[2016.01.16-00.41.17:334][720]LogModuleManager: Shutting down and abandoning module SuperSearch (199)
[2016.01.16-00.41.17:334][720]LogModuleManager: Shutting down and abandoning module WidgetCarousel (198)
[2016.01.16-00.41.17:334][720]LogModuleManager: Shutting down and abandoning module AddContentDialog (197)
[2016.01.16-00.41.17:334][720]LogModuleManager: Shutting down and abandoning module EditorWidgets (196)
[2016.01.16-00.41.17:334][720]LogModuleManager: Shutting down and abandoning module CollectionManager (195)
[2016.01.16-00.41.17:334][720]LogModuleManager: Shutting down and abandoning module StatsViewer (194)
[2016.01.16-00.41.17:334][720]LogModuleManager: Shutting down and abandoning module FoliageEdit (193)
[2016.01.16-00.41.17:334][720]LogModuleManager: Shutting down and abandoning module LandscapeEditor (192)
[2016.01.16-00.41.17:335][720]LogModuleManager: Shutting down and abandoning module ActorPickerMode (191)
[2016.01.16-00.41.17:335][720]LogModuleManager: Shutting down and abandoning module GeometryMode (190)
[2016.01.16-00.41.17:335][720]LogModuleManager: Shutting down and abandoning module TextureAlignMode (189)
[2016.01.16-00.41.17:335][720]LogModuleManager: Shutting down and abandoning module BspMode (188)
[2016.01.16-00.41.17:335][720]LogModuleManager: Shutting down and abandoning module PlacementMode (187)
[2016.01.16-00.41.17:335][720]LogModuleManager: Shutting down and abandoning module AutomationWorker (186)
[2016.01.16-00.41.17:335][720]LogModuleManager: Shutting down and abandoning module CharacterAI (185)
[2016.01.16-00.41.17:335][720]LogModuleManager: Shutting down and abandoning module SmartSnapping (184)
[2016.01.16-00.41.17:335][720]LogModuleManager: Shutting down and abandoning module ViewportSnapping (183)
[2016.01.16-00.41.17:335][720]LogModuleManager: Shutting down and abandoning module LogVisualizer (182)
[2016.01.16-00.41.17:335][720]LogModuleManager: Shutting down and abandoning module GameProjectGeneration (181)
[2016.01.16-00.41.17:335][720]LogModuleManager: Shutting down and abandoning module IntroTutorials (180)
[2016.01.16-00.41.17:335][720]LogModuleManager: Shutting down and abandoning module EditorLiveStreaming (179)
[2016.01.16-00.41.17:335][720]LogModuleManager: Shutting down and abandoning module IOSPlatformEditor (178)
[2016.01.16-00.41.17:335][720]LogModuleManager: Shutting down and abandoning module HTML5PlatformEditor (177)
[2016.01.16-00.41.17:335][720]LogModuleManager: Shutting down and abandoning module AndroidDeviceDetection (176)
[2016.01.16-00.41.17:932][720]LogModuleManager: Shutting down and abandoning module AndroidPlatformEditor (175)
[2016.01.16-00.41.17:933][720]LogModuleManager: Shutting down and abandoning module IOSRuntimeSettings (174)
[2016.01.16-00.41.17:933][720]LogModuleManager: Shutting down and abandoning module AndroidRuntimeSettings (173)
[2016.01.16-00.41.17:933][720]LogModuleManager: Shutting down and abandoning module MergeActors (172)
[2016.01.16-00.41.17:933][720]LogModuleManager: Shutting down and abandoning module SizeMap (171)
[2016.01.16-00.41.17:933][720]LogModuleManager: Shutting down and abandoning module TreeMap (170)
[2016.01.16-00.41.17:933][720]LogModuleManager: Shutting down and abandoning module ReferenceViewer (169)
[2016.01.16-00.41.17:933][720]LogModuleManager: Shutting down and abandoning module LocalizationService (168)
[2016.01.16-00.41.17:933][720]LogModuleManager: Shutting down and abandoning module LocalizationDashboard (167)
[2016.01.16-00.41.17:933][720]LogModuleManager: Shutting down and abandoning module HardwareTargeting (166)
[2016.01.16-00.41.17:933][720]LogModuleManager: Shutting down and abandoning module DeviceProfileEditor (165)
[2016.01.16-00.41.17:933][720]LogModuleManager: Shutting down and abandoning module UndoHistory (164)
[2016.01.16-00.41.17:933][720]LogModuleManager: Shutting down and abandoning module GameplayTagsEditor (163)
[2016.01.16-00.41.17:933][720]LogModuleManager: Shutting down and abandoning module UserFeedback (162)
[2016.01.16-00.41.17:933][720]LogModuleManager: Shutting down and abandoning module XmlParser (161)
[2016.01.16-00.41.17:933][720]LogModuleManager: Shutting down and abandoning module Blutility (160)
[2016.01.16-00.41.17:933][720]LogModuleManager: Shutting down and abandoning module ProjectTargetPlatformEditor (159)
[2016.01.16-00.41.17:933][720]LogModuleManager: Shutting down and abandoning module ProjectSettingsViewer (158)
[2016.01.16-00.41.17:933][720]LogModuleManager: Shutting down and abandoning module InputBindingEditor (157)
[2016.01.16-00.41.17:933][720]LogModuleManager: Shutting down and abandoning module EditorSettingsViewer (156)
[2016.01.16-00.41.17:934][720]LogModuleManager: Shutting down and abandoning module SettingsEditor (155)
[2016.01.16-00.41.17:934][720]LogModuleManager: Shutting down and abandoning module ProjectLauncher (154)
[2016.01.16-00.41.17:934][720]LogModuleManager: Shutting down and abandoning module SessionFrontend (153)
[2016.01.16-00.41.17:934][720]LogModuleManager: Shutting down and abandoning module ProfilerClient (152)
[2016.01.16-00.41.17:934][720]LogModuleManager: Shutting down and abandoning module TargetDeviceServices (151)
[2016.01.16-00.41.17:934][720]LogModuleManager: Shutting down and abandoning module DeviceManager (150)
[2016.01.16-00.41.17:934][720]LogModuleManager: Shutting down and abandoning module AutomationController (149)
[2016.01.16-00.41.17:934][720]LogModuleManager: Shutting down and abandoning module AutomationWindow (148)
[2016.01.16-00.41.17:934][720]LogModuleManager: Shutting down and abandoning module Layers (147)
[2016.01.16-00.41.17:934][720]LogModuleManager: Shutting down and abandoning module ComponentVisualizers (146)
[2016.01.16-00.41.17:934][720]LogModuleManager: Shutting down and abandoning module DetailCustomizations (145)
[2016.01.16-00.41.17:934][720]LogModuleManager: Shutting down and abandoning module PackagesDialog (144)
[2016.01.16-00.41.17:934][720]LogModuleManager: Shutting down and abandoning module Persona (143)
[2016.01.16-00.41.17:934][720]LogModuleManager: Shutting down and abandoning module Kismet (142)
[2016.01.16-00.41.17:934][720]LogModuleManager: Shutting down and abandoning module GraphEditor (141)
[2016.01.16-00.41.17:934][720]LogModuleManager: Shutting down and abandoning module ClassViewer (140)
[2016.01.16-00.41.17:934][720]LogModuleManager: Shutting down and abandoning module Toolbox (139)
[2016.01.16-00.41.17:934][720]LogModuleManager: Shutting down and abandoning module ModuleUI (138)
[2016.01.16-00.41.17:934][720]LogModuleManager: Shutting down and abandoning module MovieSceneTools (137)
[2016.01.16-00.41.17:934][720]LogModuleManager: Shutting down and abandoning module OutputLog (136)
[2016.01.16-00.41.17:935][720]LogModuleManager: Shutting down and abandoning module GammaUI (135)
[2016.01.16-00.41.17:935][720]LogModuleManager: Shutting down and abandoning module Documentation (134)
[2016.01.16-00.41.17:935][720]LogModuleManager: Shutting down and abandoning module GameLiveStreaming (133)
[2016.01.16-00.41.17:935][720]LogModuleManager: Shutting down and abandoning module StreamingPauseRendering (132)
[2016.01.16-00.41.17:935][720]LogModuleManager: Shutting down and abandoning module AnalyticsET (131)
[2016.01.16-00.41.17:935][720]LogModuleManager: Shutting down and abandoning module Analytics (130)
[2016.01.16-00.41.17:935][720]LogModuleManager: Shutting down and abandoning module AITestSuite (129)
[2016.01.16-00.41.17:935][720]LogModuleManager: Shutting down and abandoning module GameplayDebugger (128)
[2016.01.16-00.41.17:935][720]LogModuleManager: Shutting down and abandoning module AIModule (127)
[2016.01.16-00.41.17:935][720]LogModuleManager: Shutting down and abandoning module ProfilerService (126)
[2016.01.16-00.41.18:157][720]LogModuleManager: Shutting down and abandoning module TaskGraph (125)
[2016.01.16-00.41.18:158][720]LogModuleManager: Shutting down and abandoning module CreatureEditor (124)
[2016.01.16-00.41.18:158][720]LogModuleManager: Shutting down and abandoning module SlateRemote (123)
[2016.01.16-00.41.18:158][720]LogModuleManager: Shutting down and abandoning module SteamVRController (122)
[2016.01.16-00.41.18:158][720]LogModuleManager: Shutting down and abandoning module SteamVR (121)
[2016.01.16-00.41.18:158][720]LogModuleManager: Shutting down and abandoning module ProceduralMeshComponent (120)
[2016.01.16-00.41.18:158][720]LogModuleManager: Shutting down and abandoning module OculusLibrary (119)
[2016.01.16-00.41.18:158][720]LogModuleManager: Shutting down and abandoning module OculusInput (118)
[2016.01.16-00.41.18:158][720]LogModuleManager: Shutting down and abandoning module LeapMotionController (117)
[2016.01.16-00.41.18:191][720]LogModuleManager: Shutting down and abandoning module CustomMeshComponent (116)
[2016.01.16-00.41.18:191][720]LogModuleManager: Shutting down and abandoning module CableComponent (115)
[2016.01.16-00.41.18:191][720]LogModuleManager: Shutting down and abandoning module ArchVisCharacter (114)
[2016.01.16-00.41.18:191][720]LogModuleManager: Shutting down and abandoning module MessagingDebugger (113)
[2016.01.16-00.41.18:191][720]LogModuleManager: Shutting down and abandoning module MediaPlayerEditor (112)
[2016.01.16-00.41.18:191][720]LogModuleManager: Shutting down and abandoning module HTML5Networking (111)
[2016.01.16-00.41.18:191][720]LogModuleManager: Shutting down and abandoning module SpeedTreeImporter (110)
[2016.01.16-00.41.18:191][720]LogModuleManager: Shutting down and abandoning module PluginBrowser (109)
[2016.01.16-00.41.18:191][720]LogModuleManager: Shutting down and abandoning module EpicSurvey (108)
[2016.01.16-00.41.18:191][720]LogModuleManager: Shutting down and abandoning module DesktopPlatform (107)
[2016.01.16-00.41.18:191][720]LogModuleManager: Shutting down and abandoning module VisualStudioSourceCodeAccess (106)
[2016.01.16-00.41.18:191][720]LogModuleManager: Shutting down and abandoning module UObjectPlugin (105)
[2016.01.16-00.41.18:191][720]LogModuleManager: Shutting down and abandoning module SubversionSourceControl (104)
[2016.01.16-00.41.18:191][720]LogModuleManager: Shutting down and abandoning module PerforceSourceControl (103)
[2016.01.16-00.41.18:191][720]LogModuleManager: Shutting down and abandoning module SourceControl (102)
[2016.01.16-00.41.18:191][720]LogModuleManager: Shutting down and abandoning module GitSourceControl (101)
[2016.01.16-00.41.18:191][720]LogModuleManager: Shutting down and abandoning module LightPropagationVolumeEditor (100)
[2016.01.16-00.41.18:191][720]LogModuleManager: Shutting down and abandoning module PaperTiledImporter (99)
[2016.01.16-00.41.18:191][720]LogModuleManager: Shutting down and abandoning module PaperSpriteSheetImporter (98)
[2016.01.16-00.41.18:191][720]LogModuleManager: Shutting down and abandoning module MeshPaint (97)
[2016.01.16-00.41.18:191][720]LogModuleManager: Shutting down and abandoning module SlateReflector (96)
[2016.01.16-00.41.18:191][720]LogModuleManager: Shutting down and abandoning module HotReload (95)
[2016.01.16-00.41.18:192][720]LogModuleManager: Shutting down and abandoning module MainFrame (94)
[2016.01.16-00.41.18:192][720]LogModuleManager: Shutting down and abandoning module LevelEditor (93)
[2016.01.16-00.41.18:193][720]LogModuleManager: Shutting down and abandoning module DirectoryWatcher (92)
[2016.01.16-00.41.18:194][720]LogModuleManager: Shutting down and abandoning module AssetRegistry (91)
[2016.01.16-00.41.18:223][720]LogModuleManager: Shutting down and abandoning module ContentBrowser (90)
[2016.01.16-00.41.18:224][720]LogModuleManager: Shutting down and abandoning module Paper2DEditor (89)
[2016.01.16-00.41.18:224][720]LogModuleManager: Shutting down and abandoning module PlayStudios (88)
[2016.01.16-00.41.18:224][720]LogModuleManager: Shutting down and abandoning module CreaturePlugin (87)
[2016.01.16-00.41.18:224][720]LogModuleManager: Shutting down and abandoning module UdpMessaging (86)
[2016.01.16-00.41.18:326][720]LogModuleManager: Shutting down and abandoning module LightPropagationVolumeRuntime (85)
[2016.01.16-00.41.18:326][720]LogModuleManager: Shutting down and abandoning module Paper2D (84)
[2016.01.16-00.41.18:326][720]LogModuleManager: Shutting down and abandoning module WindowsMoviePlayer (83)
[2016.01.16-00.41.18:332][720]LogModuleManager: Shutting down and abandoning module Media (82)
[2016.01.16-00.41.18:332][720]LogModuleManager: Shutting down and abandoning module WmfMedia (81)
[2016.01.16-00.41.18:332][720]LogModuleManager: Shutting down and abandoning module OnlineBlueprintSupport (80)
[2016.01.16-00.41.18:332][720]LogModuleManager: Shutting down and abandoning module GameplayTasksEditor (79)
[2016.01.16-00.41.18:332][720]LogModuleManager: Shutting down and abandoning module PropertyEditor (78)
[2016.01.16-00.41.18:332][720]LogModuleManager: Shutting down and abandoning module BehaviorTreeEditor (77)
[2016.01.16-00.41.18:332][720]LogModuleManager: Shutting down and abandoning module FunctionalTesting (76)
[2016.01.16-00.41.18:332][720]LogModuleManager: Shutting down and abandoning module CollisionAnalyzer (75)
[2016.01.16-00.41.18:332][720]LogModuleManager: Shutting down and abandoning module WorkspaceMenuStructure (74)
[2016.01.16-00.41.18:332][720]LogModuleManager: Shutting down and abandoning module MessageLog (73)
[2016.01.16-00.41.18:333][720]LogModuleManager: Shutting down and abandoning module Sequencer (72)
[2016.01.16-00.41.18:333][720]LogModuleManager: Shutting down and abandoning module AssetTools (71)
[2016.01.16-00.41.18:333][720]LogModuleManager: Shutting down and abandoning module UMGEditor (70)
[2016.01.16-00.41.18:333][720]LogModuleManager: Shutting down and abandoning module UMG (69)
[2016.01.16-00.41.18:333][720]LogModuleManager: Shutting down and abandoning module Slate (68)
[2016.01.16-00.41.18:333][720]LogModuleManager: Shutting down and abandoning module EditorStyle (67)
[2016.01.16-00.41.18:338][720]LogModuleManager: Shutting down and abandoning module SessionServices (66)
[2016.01.16-00.41.18:338][720]LogModuleManager: Shutting down and abandoning module SourceCodeAccess (65)
[2016.01.16-00.41.18:338][720]LogModuleManager: Shutting down and abandoning module HeadMountedDisplay (64)
[2016.01.16-00.41.18:338][720]LogModuleManager: Shutting down and abandoning module XAudio2 (63)
[2016.01.16-00.41.18:338][720]LogModuleManager: Shutting down and abandoning module Networking (61)
[2016.01.16-00.41.18:338][720]LogModuleManager: Shutting down and abandoning module Core (60)
[2016.01.16-00.41.18:338][720]LogModuleManager: Shutting down and abandoning module KismetCompiler (59)
[2016.01.16-00.41.18:338][720]LogModuleManager: Shutting down and abandoning module PhysXFormats (58)
[2016.01.16-00.41.18:338][720]LogModuleManager: Shutting down and abandoning module MeshUtilities (57)
[2016.01.16-00.41.18:338][720]LogModuleManager: Shutting down and abandoning module DerivedDataCache (56)
[2016.01.16-00.41.18:820][720]LogDerivedDataCache: Shutdown
[2016.01.16-00.41.18:820][720]LogModuleManager: Shutting down and abandoning module ShaderFormatOpenGL (55)
[2016.01.16-00.41.18:820][720]LogModuleManager: Shutting down and abandoning module ShaderFormatD3D (54)
[2016.01.16-00.41.18:820][720]LogModuleManager: Shutting down and abandoning module MetalShaderFormat (53)
[2016.01.16-00.41.18:820][720]LogModuleManager: Shutting down and abandoning module TextureFormatUncompressed (52)
[2016.01.16-00.41.18:820][720]LogModuleManager: Shutting down and abandoning module TextureFormatPVR (51)
[2016.01.16-00.41.18:820][720]LogModuleManager: Shutting down and abandoning module TextureFormatIntelISPCTexComp (50)
[2016.01.16-00.41.18:820][720]LogModuleManager: Shutting down and abandoning module TextureFormatDXT (49)
[2016.01.16-00.41.18:820][720]LogModuleManager: Shutting down and abandoning module ImageWrapper (48)
[2016.01.16-00.41.18:820][720]LogModuleManager: Shutting down and abandoning module TextureFormatASTC (47)
[2016.01.16-00.41.18:820][720]LogModuleManager: Shutting down and abandoning module TextureFormatAndroid (46)
[2016.01.16-00.41.18:820][720]LogModuleManager: Shutting down and abandoning module AudioFormatOpus (45)
[2016.01.16-00.41.18:820][720]LogModuleManager: Shutting down and abandoning module AudioFormatOgg (44)
[2016.01.16-00.41.18:820][720]LogModuleManager: Shutting down and abandoning module AudioFormatADPCM (43)
[2016.01.16-00.41.18:820][720]LogModuleManager: Shutting down and abandoning module LinuxTargetPlatform (42)
[2016.01.16-00.41.18:821][720]LogModuleManager: Shutting down and abandoning module LinuxServerTargetPlatform (41)
[2016.01.16-00.41.18:821][720]LogModuleManager: Shutting down and abandoning module LinuxNoEditorTargetPlatform (40)
[2016.01.16-00.41.18:821][720]LogModuleManager: Shutting down and abandoning module Messaging (39)
[2016.01.16-00.41.18:821][720]LogModuleManager: Shutting down and abandoning module IOSTargetPlatform (38)
[2016.01.16-00.41.18:821][720]LogModuleManager: Shutting down and abandoning module HTML5TargetPlatform (37)
[2016.01.16-00.41.18:821][720]LogModuleManager: Shutting down and abandoning module Android_PVRTCTargetPlatform (36)
[2016.01.16-00.41.18:821][720]LogModuleManager: Shutting down and abandoning module Android_MultiTargetPlatform (35)
[2016.01.16-00.41.18:821][720]LogModuleManager: Shutting down and abandoning module Android_ETC2TargetPlatform (34)
[2016.01.16-00.41.18:821][720]LogModuleManager: Shutting down and abandoning module Android_ETC1TargetPlatform (33)
[2016.01.16-00.41.18:821][720]LogModuleManager: Shutting down and abandoning module Android_DXTTargetPlatform (32)
[2016.01.16-00.41.18:821][720]LogModuleManager: Shutting down and abandoning module Android_ATCTargetPlatform (31)
[2016.01.16-00.41.18:821][720]LogModuleManager: Shutting down and abandoning module Android_ASTCTargetPlatform (30)
[2016.01.16-00.41.18:821][720]LogModuleManager: Shutting down and abandoning module AndroidTargetPlatform (29)
[2016.01.16-00.41.18:821][720]LogModuleManager: Shutting down and abandoning module WindowsTargetPlatform (28)
[2016.01.16-00.41.18:821][720]LogModuleManager: Shutting down and abandoning module WindowsServerTargetPlatform (27)
[2016.01.16-00.41.18:821][720]LogModuleManager: Shutting down and abandoning module WindowsNoEditorTargetPlatform (26)
[2016.01.16-00.41.18:821][720]LogModuleManager: Shutting down and abandoning module WindowsClientTargetPlatform (25)
[2016.01.16-00.41.18:821][720]LogModuleManager: Shutting down and abandoning module AllDesktopTargetPlatform (24)
[2016.01.16-00.41.18:821][720]LogModuleManager: Shutting down and abandoning module TargetPlatform (23)
[2016.01.16-00.41.18:821][720]LogModuleManager: Shutting down and abandoning module InputCore (22)
[2016.01.16-00.41.18:821][720]LogModuleManager: Shutting down and abandoning module Settings (21)
[2016.01.16-00.41.18:821][720]LogModuleManager: Shutting down and abandoning module OnlineSubsystem (19)
[2016.01.16-00.41.18:821][720]LogModuleManager: Shutting down and abandoning module HTTP (18)
[2016.01.16-00.41.19:823][720]LogModuleManager: Shutting down and abandoning module XMPP (17)
[2016.01.16-00.41.19:823][720]LogModuleManager: Shutting down and abandoning module OculusRift (16)
[2016.01.16-00.41.19:823][720]LogModuleManager: Shutting down and abandoning module ExampleDeviceProfileSelector (15)
[2016.01.16-00.41.19:823][720]LogModuleManager: Shutting down and abandoning module TextureCompressor (14)
[2016.01.16-00.41.19:824][720]LogModuleManager: Shutting down and abandoning module ShaderCore (13)
[2016.01.16-00.41.19:824][720]LogModuleManager: Shutting down and abandoning module Landscape (12)
[2016.01.16-00.41.19:824][720]LogModuleManager: Shutting down and abandoning module SlateRHIRenderer (11)
[2016.01.16-00.41.19:825][720]LogModuleManager: Shutting down and abandoning module OpenGLDrv (10)
[2016.01.16-00.41.19:825][720]LogModuleManager: Shutting down and abandoning module D3D11RHI (9)
[2016.01.16-00.41.19:825][720]LogModuleManager: Shutting down and abandoning module AnimGraphRuntime (8)
[2016.01.16-00.41.19:825][720]LogModuleManager: Shutting down and abandoning module Renderer (7)
[2016.01.16-00.41.19:825][720]LogModuleManager: Shutting down and abandoning module Engine (6)
[2016.01.16-00.41.19:825][720]LogModuleManager: Shutting down and abandoning module CoreUObject (5)
[2016.01.16-00.41.19:825][720]LogModuleManager: Shutting down and abandoning module NetworkFile (4)
[2016.01.16-00.41.19:825][720]LogModuleManager: Shutting down and abandoning module StreamingFile (3)
[2016.01.16-00.41.19:825][720]LogModuleManager: Shutting down and abandoning module SandboxFile (2)
[2016.01.16-00.41.19:825][720]LogModuleManager: Shutting down and abandoning module PakFile (1)
[2016.01.16-00.41.19:829][720]LogExit: Exiting.
[2016.01.16-00.41.19:833][720]Log file closed, 01/15/16 16:41:19
