[2016.01.18-17.58.45:258][  0]Log file open, 01/18/16 09:58:45
[2016.01.18-17.58.45:258][  0]LogInit:Display: Running engine for game: PlayStudios
[2016.01.18-17.58.45:258][  0]LogPlatformFile: Not using cached read wrapper
[2016.01.18-17.58.45:258][  0]LogInit:Display: RandInit(2057110479) SRandInit(2057110481).
[2016.01.18-17.58.45:258][  0]LogTaskGraph: Started task graph with 4 named threads and 7 total threads.
[2016.01.18-17.58.45:258][  0]LogStats: Stats thread started at 0.103273
[2016.01.18-17.58.45:258][  0]LogInit: Version: 4.10.1-2791327+++depot+UE4-Releases+4.10
[2016.01.18-17.58.45:258][  0]LogInit: API Version: 2758231
[2016.01.18-17.58.45:258][  0]LogInit: Compiled (64-bit): Dec  4 2015 19:44:40
[2016.01.18-17.58.45:258][  0]LogInit: Compiled with Visual C++: 19.00.23026.00
[2016.01.18-17.58.45:258][  0]LogInit: Build Configuration: Development
[2016.01.18-17.58.45:258][  0]LogInit: Branch Name: ++depot+UE4-Releases+4.10
[2016.01.18-17.58.45:258][  0]LogInit: Command line:  
[2016.01.18-17.58.45:258][  0]LogInit: Base directory: C:/Program Files/Epic Games/4.10/Engine/Binaries/Win64/
[2016.01.18-17.58.45:258][  0]LogInit: Rocket: 1
[2016.01.18-17.58.45:273][  0]LogInit: Using libcurl 7.41.0
[2016.01.18-17.58.45:273][  0]LogInit:  - built for x86_64-pc-win32
[2016.01.18-17.58.45:273][  0]LogInit:  - supports SSL with WinSSL
[2016.01.18-17.58.45:273][  0]LogInit:  - other features:
[2016.01.18-17.58.45:273][  0]LogInit:      CURL_VERSION_SSL
[2016.01.18-17.58.45:273][  0]LogInit:      CURL_VERSION_IPV6
[2016.01.18-17.58.45:273][  0]LogInit:      CURL_VERSION_ASYNCHDNS
[2016.01.18-17.58.45:274][  0]LogInit:      CURL_VERSION_LARGEFILE
[2016.01.18-17.58.45:274][  0]LogInit:      CURL_VERSION_IDN
[2016.01.18-17.58.45:274][  0]LogInit:  CurlRequestOptions (configurable via config and command line):
[2016.01.18-17.58.45:274][  0]LogInit:  - bVerifyPeer = true  - Libcurl will verify peer certificate
[2016.01.18-17.58.45:274][  0]LogInit:  - bUseHttpProxy = false  - Libcurl will NOT use HTTP proxy
[2016.01.18-17.58.45:274][  0]LogInit:  - bDontReuseConnections = false  - Libcurl will reuse connections
[2016.01.18-17.58.45:274][  0]LogInit:  - CertBundlePath = nullptr  - Libcurl will use whatever was configured at build time.
[2016.01.18-17.58.45:301][  0]LogInit: Presizing for 0 objects not considered by GC, pre-allocating 0 bytes.
[2016.01.18-17.58.45:305][  0]LogInit: Object subsystem initialized
[2016.01.18-17.58.45:306][  0]LogInit: Selected Device Profile: [Windows]
[2016.01.18-17.58.45:306][  0]LogInit: Applying CVar settings loaded from the selected device profile: [Windows]
[2016.01.18-17.58.45:321][  0]LogInit: Computer: MERLIN
[2016.01.18-17.58.45:321][  0]LogInit: User: jychong
[2016.01.18-17.58.45:321][  0]LogInit: CPU Page size=4096, Cores=4
[2016.01.18-17.58.45:321][  0]LogInit: High frequency timer resolution =3.914065 MHz
[2016.01.18-17.58.45:321][  0]LogMemory: Memory total: Physical=15.9GB (16GB approx)
[2016.01.18-17.58.45:321][  0]LogMemory: Platform Memory Stats for Windows
[2016.01.18-17.58.45:321][  0]LogMemory: Process Physical Memory: 56.15 MB used, 56.15 MB peak
[2016.01.18-17.58.45:321][  0]LogMemory: Process Virtual Memory: 58.69 MB used, 58.69 MB peak
[2016.01.18-17.58.45:321][  0]LogMemory: Physical Memory: 4318.30 MB used, 16332.17 MB total
[2016.01.18-17.58.45:321][  0]LogMemory: Virtual Memory: 384.69 MB used, 134217728.00 MB total
[2016.01.18-17.58.45:469][  0]LogTextLocalizationManager: No specific translations for ('en-US') exist, so ('en') translations will be used.
[2016.01.18-17.58.45:813][  0]LogD3D11RHI: Found D3D11 adapter 0: NVIDIA GeForce GTX 950 (Feature Level 11_0)
[2016.01.18-17.58.45:813][  0]LogD3D11RHI: Adapter has 1969MB of dedicated video memory, 0MB of dedicated system memory, and 8166MB of shared system memory, 1 output[s]
[2016.01.18-17.58.45:813][  0]LogD3D11RHI: Found D3D11 adapter 1: Microsoft Basic Render Driver (Feature Level 11_0)
[2016.01.18-17.58.45:813][  0]LogD3D11RHI: Adapter has 0MB of dedicated video memory, 0MB of dedicated system memory, and 8166MB of shared system memory, 0 output[s]
[2016.01.18-17.58.45:814][  0]LogD3D11RHI: Chosen D3D11 Adapter Id = 0
[2016.01.18-17.58.45:816][  0]LogD3D11RHI: !Direct3DDevice
[2016.01.18-17.58.45:817][  0]LogRHI: Texture pool is 1361 MB (70% of 1945 MB)
[2016.01.18-17.58.45:825][  0]LogD3D11RHI: Async texture creation enabled
[2016.01.18-17.58.45:854][  0]LogShaderCompilers: Guid format shader working directory is -32 characters bigger than the processId version (../../../../../../Users/jychong/Documents/Work/Projects/UE4_Projects/PlayStudios/Intermediate/Shaders/WorkingDirectory/4588/).
[2016.01.18-17.58.45:855][  0]LogShaderCompilers: Cleaned the shader compiler working directory 'C:/Users/jychong/AppData/Local/Temp/UnrealShaderWorkingDir/B2AA53494ED5E5B37D70B1985CEEEB1D/'.
[2016.01.18-17.58.45:855][  0]LogShaderCompilers:Display: Using Local Shader Compiler.
[2016.01.18-17.58.47:054][  0]LogTemp:Display: Loaded TP AllDesktopTargetPlatform
[2016.01.18-17.58.47:058][  0]LogTemp:Display: Loaded TP WindowsClientTargetPlatform
[2016.01.18-17.58.47:061][  0]LogTemp:Display: Loaded TP WindowsNoEditorTargetPlatform
[2016.01.18-17.58.47:065][  0]LogTemp:Display: Loaded TP WindowsServerTargetPlatform
[2016.01.18-17.58.47:068][  0]LogTemp:Display: Loaded TP WindowsTargetPlatform
[2016.01.18-17.58.47:072][  0]LogTemp:Display: Loaded TP AndroidTargetPlatform
[2016.01.18-17.58.47:074][  0]LogTemp:Display: Loaded TP Android_ASTCTargetPlatform
[2016.01.18-17.58.47:077][  0]LogTemp:Display: Loaded TP Android_ATCTargetPlatform
[2016.01.18-17.58.47:080][  0]LogTemp:Display: Loaded TP Android_DXTTargetPlatform
[2016.01.18-17.58.47:082][  0]LogTemp:Display: Loaded TP Android_ETC1TargetPlatform
[2016.01.18-17.58.47:085][  0]LogTemp:Display: Loaded TP Android_ETC2TargetPlatform
[2016.01.18-17.58.47:090][  0]LogTemp:Display: Loaded TP Android_MultiTargetPlatform
[2016.01.18-17.58.47:090][  0]LogTemp:Display: Loaded TP Android_PVRTCTargetPlatform
[2016.01.18-17.58.47:091][  0]LogTemp:Display: Loaded TP HTML5TargetPlatform
[2016.01.18-17.58.47:125][  0]LogTemp:Display: Loaded TP IOSTargetPlatform
[2016.01.18-17.58.47:127][  0]LogTemp:Display: Loaded TP LinuxNoEditorTargetPlatform
[2016.01.18-17.58.47:130][  0]LogTemp:Display: Loaded TP LinuxServerTargetPlatform
[2016.01.18-17.58.47:134][  0]LogTemp:Display: Loaded TP LinuxTargetPlatform
[2016.01.18-17.58.47:134][  0]LogTargetPlatformManager:Display: Building Assets For Windows
[2016.01.18-17.58.47:344][  0]LogDerivedDataCache:Display: Max Cache Size: 512 MB
[2016.01.18-17.58.47:487][  0]LogDerivedDataCache: Loaded boot cache 0.14s 41MB C:/Users/jychong/AppData/Local/UnrealEngine/4.10/DerivedDataCache/Boot.ddc.
[2016.01.18-17.58.47:487][  0]LogDerivedDataCache:Display: Loaded Boot cache: C:/Users/jychong/AppData/Local/UnrealEngine/4.10/DerivedDataCache/Boot.ddc
[2016.01.18-17.58.47:487][  0]LogDerivedDataCache: FDerivedDataBackendGraph:  Pak pak cache file ../../../../../../Users/jychong/Documents/Work/Projects/UE4_Projects/PlayStudios/DerivedDataCache/DDC.ddp not found, will not use a pak cache.
[2016.01.18-17.58.47:487][  0]LogDerivedDataCache: Unable to find inner node Pak for hierarchical cache Hierarchy.
[2016.01.18-17.58.47:487][  0]LogDerivedDataCache: FDerivedDataBackendGraph:  CompressedPak pak cache file ../../../../../../Users/jychong/Documents/Work/Projects/UE4_Projects/PlayStudios/DerivedDataCache/Compressed.ddp not found, will not use a pak cache.
[2016.01.18-17.58.47:487][  0]LogDerivedDataCache: Unable to find inner node CompressedPak for hierarchical cache Hierarchy.
[2016.01.18-17.58.47:542][  0]LogDerivedDataCache:Display: Pak cache opened for reading ../../../Engine/DerivedDataCache/Compressed.ddp.
[2016.01.18-17.58.47:554][  0]LogDerivedDataCache: Using Local data cache path C:/Users/jychong/AppData/Local/UnrealEngine/Common/DerivedDataCache: Writable
[2016.01.18-17.58.49:452][  0]LogInit: Selected Device Profile: [Windows]
[2016.01.18-17.58.49:465][  0]LogContentStreaming: Texture pool size is 0.000000MB
[2016.01.18-17.58.49:647][  0]LogMeshUtilities: No automatic mesh reduction module available
[2016.01.18-17.58.49:647][  0]LogMeshUtilities: No automatic mesh merging module available
[2016.01.18-17.58.50:177][  0]LogInit: WinSock: version 1.1 (2.2), MaxSocks=32767, MaxUdp=65467
[2016.01.18-17.58.51:972][  0]UdpMessaging: Initializing bridge on interface 0.0.0.0:0 to multicast group 230.0.0.1:6666.
[2016.01.18-17.58.52:142][  0]LogAssetRegistry: FAssetRegistry took 0.0146 seconds to start up
[2016.01.18-17.58.52:380][  0]SourceControl: Info Source control is disabled
[2016.01.18-17.58.52:417][  0]SourceControl: Info Source control is disabled
[2016.01.18-17.58.52:429][  0]SourceControl: Info Source control is disabled
[2016.01.18-17.58.52:439][  0]SourceControl: Info Source control is disabled
[2016.01.18-17.58.52:752][  0]LogObj: 28926 objects as part of root set at end of initial load.
[2016.01.18-17.58.52:752][  0]LogUObjectAllocator: 6163392 out of 0 bytes used by permanent object pool.
[2016.01.18-17.58.52:872][  0]LogEngine: Initializing Engine...
[2016.01.18-17.58.52:875][  0]LogHMD: Can't find Oculus library dev build: is proper Runtime installed? Version: 0.8.0.0
[2016.01.18-17.58.52:885][  0]LogHMD: SteamVR failed to initialize.  Err: 110
[2016.01.18-17.58.53:054][  0]LogAIModule: Creating AISystem for world NewWorld
[2016.01.18-17.58.53:066][  0]LogInit: XAudio2 using 'VS24A-4 (NVIDIA High Definition Audio)' : 2 channels at 48 kHz using 16 bits per sample (channel mask 0x3)
[2016.01.18-17.58.53:081][  0]LogInit: FAudioDevice initialized.
[2016.01.18-17.58.53:095][  0]LogDerivedDataCache: Saved boot cache 0.01s 41MB C:/Users/jychong/AppData/Local/UnrealEngine/4.10/DerivedDataCache/Boot.ddc.
[2016.01.18-17.58.53:099][  0]LogInit: Texture streaming: Enabled
[2016.01.18-17.58.53:105][  0]LogAnalytics: Creating configured Analytics provider AnalyticsET
[2016.01.18-17.58.53:106][  0]LogAnalytics: [UEEditor.Rocket.Release] APIServer = http://et2.epicgames.com/ET2/. AppVersion = 4.10.1-2791327+++depot+UE4-Releases+4.10
[2016.01.18-17.58.53:106][  0]LogAnalytics: [UEEditor.Rocket.Release] SetUserId 0a664b9e40ce3392435320acb25808e8|d085e2169ed74ad5919a9c5f09bdfc6a|342dfd8c-d9ad-42f6-b691-24b5970a92ec
[2016.01.18-17.58.53:108][  0]LogAnalytics: [UEEditor.Rocket.Release] AnalyticsET::StartSession
[2016.01.18-17.58.53:156][  0]LogInit: Transaction tracking system initialized
[2016.01.18-17.58.53:273][  0]BlueprintLog: New page: Editor Load
[2016.01.18-17.58.53:413][  0]LocalizationService: Info Localization service is disabled
[2016.01.18-17.58.53:479][  0]LogLinker:Warning: Can't find file '/Game/FirstPersonBP/FirstPersonOverview'
[2016.01.18-17.58.53:479][  0]LogLinker:Warning: Can't find file '/Game/FirstPersonBP/FirstPersonOverview'
[2016.01.18-17.58.53:479][  0]LogUObjectGlobals:Warning: Failed to find object 'Class /Game/FirstPersonBP/FirstPersonOverview.FirstPersonOverview_C'
[2016.01.18-17.58.53:503][  0]LogConsoleResponse:Display: 
[2016.01.18-17.58.53:702][  0]LogCook:Display: Done creating registry. It took  0.00s.
[2016.01.18-17.58.53:777][  0]LogFileCache: Scanning file cache for directory 'C:/Users/jychong/Documents/Work/Projects/UE4_Projects/PlayStudios/Content/' took 0.02s
[2016.01.18-17.58.53:777][  0]SourceControl: Info Source control is disabled
[2016.01.18-17.58.53:778][  0]Cmd: MAP LOAD FILE="../../../../../../Users/jychong/Documents/Work/Projects/UE4_Projects/PlayStudios/Content/StarterContent/Maps/Minimal_Default.umap" TEMPLATE=0 SHOWPROGRESS=1 FEATURELEVEL=3
[2016.01.18-17.58.53:781][  0]LightingResults: New page: Lighting Build
[2016.01.18-17.58.53:788][  0]MapCheck: New page: Map Check
[2016.01.18-17.58.53:788][  0]LightingResults: New page: Lighting Build
[2016.01.18-17.58.53:802][  0]LogParticles: Destroying 0 GPU particle simulations for FXSystem 0x00000200DA26BB00
[2016.01.18-17.58.54:614][  0]LogAIModule: Creating AISystem for world Minimal_Default
[2016.01.18-17.58.55:276][  0]LogEditorServer: Finished looking for orphan Actors (0.000 secs)
[2016.01.18-17.58.55:277][  0]Cmd: MAP CHECKDEP NOCLEARLOG
[2016.01.18-17.58.55:309][  0]MapCheck: Info Map check complete: 0 Error(s), 0 Warning(s), took 31.427ms to complete.
[2016.01.18-17.58.55:309][  0]LogFileHelpers: Loading map 'Minimal_Default' took 1.531
[2016.01.18-17.58.55:435][  0]LogCollectionManager: Loaded 0 collections in 0.001691 seconds
[2016.01.18-17.58.55:484][  0]LogFileCache: Scanning file cache for directory 'C:/Users/jychong/Documents/Work/Projects/UE4_Projects/PlayStudios/Saved/Collections/' took 0.01s
[2016.01.18-17.58.55:484][  0]LogFileCache: Scanning file cache for directory 'C:/Users/jychong/Documents/Work/Projects/UE4_Projects/PlayStudios/Content/Developers/jychong/Collections/' took 0.01s
[2016.01.18-17.58.55:484][  0]LogFileCache: Scanning file cache for directory 'C:/Users/jychong/Documents/Work/Projects/UE4_Projects/PlayStudios/Content/Collections/' took 0.01s
[2016.01.18-17.58.55:484][  0]LogCollectionManager: Rebuilt the GUID cache for 0 collections in 0.000004 seconds
[2016.01.18-17.58.55:492][  0]LogContentBrowser: Native class hierarchy populated in 0.0074 seconds. Added 1912 classes and 345 folders.
[2016.01.18-17.58.55:503][  0]LogContentBrowser: Native class hierarchy updated for 'WidgetCarousel' in 0.0006 seconds. Added 0 classes and 0 folders.
[2016.01.18-17.58.55:751][  0]LogContentBrowser: Native class hierarchy updated for 'AddContentDialog' in 0.0007 seconds. Added 0 classes and 0 folders.
[2016.01.18-17.58.55:759][  0]LogContentBrowser: Native class hierarchy updated for 'SceneOutliner' in 0.0007 seconds. Added 1 classes and 2 folders.
[2016.01.18-17.58.55:897][  0]LogCrashTracker: Crashtracker disabled due to settings.
[2016.01.18-17.58.55:908][  0]LogUObjectGlobals:Warning: Failed to find object 'Class None.'
[2016.01.18-17.58.55:931][  0]LogLoad: Full Startup: 11.93 seconds (BP compile: 0.15 seconds)
[2016.01.18-17.58.55:944][  0]LogOcInput: Can't find Oculus library dev build: is proper Runtime installed? Version: 0.8.0.0
[2016.01.18-17.58.56:030][  0]LogContentStreaming: Texture pool size now 1000 MB
[2016.01.18-17.58.56:161][  0]LogRenderer: Reallocating scene render targets to support 1316x812 (Frame:2).
[2016.01.18-17.58.56:953][  3]LogAssetRegistry: Asset discovery search completed in 4.8243 seconds
[2016.01.18-17.58.56:954][  3]LogCollectionManager: Rebuilt the object cache for 0 collections in 0.000001 seconds (found 0 objects)
[2016.01.18-17.58.56:954][  3]LogCollectionManager: Fixed up redirectors for 0 collections in 0.000191 seconds (updated 0 objects)
[2016.01.18-17.59.01:202][185]LogBlueprintUserMessages: Early PlayInEditor Detection: Level '/Game/StarterContent/Maps/Minimal_Default.Minimal_Default:PersistentLevel' has LevelScriptBlueprint '/Game/StarterContent/Maps/Minimal_Default.Minimal_Default:PersistentLevel.Minimal_Default' with GeneratedClass '/Game/StarterContent/Maps/Minimal_Default.Minimal_Default_C' with ClassGeneratedBy '/Game/StarterContent/Maps/Minimal_Default.Minimal_Default:PersistentLevel.Minimal_Default'
[2016.01.18-17.59.01:202][185]LogPlayLevel: PlayLevel: No blueprints needed recompiling
[2016.01.18-17.59.01:203][185]PIE: New page: PIE session: Minimal_Default (Jan 18, 2016, 1:59:01 AM)
[2016.01.18-17.59.01:203][185]LogPlayLevel: Creating play world package: /Game/StarterContent/Maps/UEDPIE_0_Minimal_Default
[2016.01.18-17.59.01:207][185]LogPlayLevel: PIE: StaticDuplicateObject took: (0.003562s)
[2016.01.18-17.59.01:207][185]LogAIModule: Creating AISystem for world Minimal_Default
[2016.01.18-17.59.01:207][185]LogPlayLevel: PIE: World Init took: (0.000481s)
[2016.01.18-17.59.01:207][185]LogPlayLevel: PIE: Created PIE world by copying editor world from /Game/StarterContent/Maps/Minimal_Default.Minimal_Default to /Game/StarterContent/Maps/UEDPIE_0_Minimal_Default.Minimal_Default (0.004184s)
[2016.01.18-17.59.01:233][185]LogInit: XAudio2 using 'VS24A-4 (NVIDIA High Definition Audio)' : 2 channels at 48 kHz using 16 bits per sample (channel mask 0x3)
[2016.01.18-17.59.01:235][185]LogInit: FAudioDevice initialized.
[2016.01.18-17.59.01:298][185]LogWorld: Game class is 'PlayStudiosGameMode'
[2016.01.18-17.59.01:303][185]LogWorld: Bringing World /Game/StarterContent/Maps/UEDPIE_0_Minimal_Default.Minimal_Default up for play (max tick rate 0) at 2016.01.18-09.59.01
[2016.01.18-17.59.01:303][185]LogActor:Warning: GameSession /Game/StarterContent/Maps/UEDPIE_0_Minimal_Default.Minimal_Default:PersistentLevel.GameSession_0 has natively added scene component(s), but none of them were set as the actor's RootComponent - picking one arbitrarily
[2016.01.18-17.59.01:303][185]LogActor:Warning: GameNetworkManager /Game/StarterContent/Maps/UEDPIE_0_Minimal_Default.Minimal_Default:PersistentLevel.GameNetworkManager_0 has natively added scene component(s), but none of them were set as the actor's RootComponent - picking one arbitrarily
[2016.01.18-17.59.01:305][185]LogWorld: Bringing up level for play took: 0.005408
[2016.01.18-17.59.01:313][185]PIE: Info Play in editor start time for /Game/StarterContent/Maps/UEDPIE_0_Minimal_Default 0.118
[2016.01.18-17.59.01:314][185]LogBlueprintUserMessages: Late PlayInEditor Detection: Level '/Game/StarterContent/Maps/Minimal_Default.Minimal_Default:PersistentLevel' has LevelScriptBlueprint '/Game/StarterContent/Maps/Minimal_Default.Minimal_Default:PersistentLevel.Minimal_Default' with GeneratedClass '/Game/StarterContent/Maps/Minimal_Default.Minimal_Default_C' with ClassGeneratedBy '/Game/StarterContent/Maps/Minimal_Default.Minimal_Default:PersistentLevel.Minimal_Default'
[2016.01.18-17.59.58:085][594]LogBlueprintUserMessages: Early EndPlayMap Detection: Level '/Game/StarterContent/Maps/Minimal_Default.Minimal_Default:PersistentLevel' has LevelScriptBlueprint '/Game/StarterContent/Maps/Minimal_Default.Minimal_Default:PersistentLevel.Minimal_Default' with GeneratedClass '/Game/StarterContent/Maps/Minimal_Default.Minimal_Default_C' with ClassGeneratedBy '/Game/StarterContent/Maps/Minimal_Default.Minimal_Default:PersistentLevel.Minimal_Default'
[2016.01.18-17.59.58:126][594]LogBlueprintUserMessages: Late EndPlayMap Detection: Level '/Game/StarterContent/Maps/Minimal_Default.Minimal_Default:PersistentLevel' has LevelScriptBlueprint '/Game/StarterContent/Maps/Minimal_Default.Minimal_Default:PersistentLevel.Minimal_Default' with GeneratedClass '/Game/StarterContent/Maps/Minimal_Default.Minimal_Default_C' with ClassGeneratedBy '/Game/StarterContent/Maps/Minimal_Default.Minimal_Default:PersistentLevel.Minimal_Default'
[2016.01.18-17.59.58:151][594]LogParticles: Destroying 0 GPU particle simulations for FXSystem 0x00000200F39C7240
[2016.01.18-17.59.59:496][730]LogWindowsTextInputMethodSystem:Display: IME system now deactivated.
[2016.01.18-17.59.59:678][731]Cmd: QUIT_EDITOR
[2016.01.18-18.00.00:026][731]LogExit: Preparing to exit.
[2016.01.18-18.00.01:061][731]LogExit: Editor shut down
[2016.01.18-18.00.01:062][731]LogExit: Transaction tracking system shut down
[2016.01.18-18.00.01:067][731]LogParticles: Destroying 0 GPU particle simulations for FXSystem 0x00000200CB014720
[2016.01.18-18.00.01:067][731]LogParticles: Destroying 0 GPU particle simulations for FXSystem 0x00000200F5FC77E0
[2016.01.18-18.00.01:067][731]LogParticles: Destroying 0 GPU particle simulations for FXSystem 0x00000200DECB8FE0
[2016.01.18-18.00.01:067][731]LogParticles: Destroying 0 GPU particle simulations for FXSystem 0x00000200F3A7F420
[2016.01.18-18.00.01:068][731]LogParticles: Destroying 0 GPU particle simulations for FXSystem 0x00000200F3A7F2E0
[2016.01.18-18.00.01:173][731]LogExit: Object subsystem successfully closed.
[2016.01.18-18.00.01:194][731]LogD3D11RHI: Shutdown
[2016.01.18-18.00.01:194][731]LogD3D11RHI: CleanupD3DDevice
[2016.01.18-18.00.01:252][731]LogD3D11RHI: ~FD3D11DynamicRHI
[2016.01.18-18.00.01:267][731]LogModuleManager: Shutting down and abandoning module CrashTracker (201)
[2016.01.18-18.00.01:267][731]LogModuleManager: Shutting down and abandoning module SceneOutliner (200)
[2016.01.18-18.00.01:267][731]LogModuleManager: Shutting down and abandoning module SuperSearch (199)
[2016.01.18-18.00.01:267][731]LogModuleManager: Shutting down and abandoning module WidgetCarousel (198)
[2016.01.18-18.00.01:267][731]LogModuleManager: Shutting down and abandoning module AddContentDialog (197)
[2016.01.18-18.00.01:267][731]LogModuleManager: Shutting down and abandoning module EditorWidgets (196)
[2016.01.18-18.00.01:267][731]LogModuleManager: Shutting down and abandoning module CollectionManager (195)
[2016.01.18-18.00.01:268][731]LogModuleManager: Shutting down and abandoning module StatsViewer (194)
[2016.01.18-18.00.01:268][731]LogModuleManager: Shutting down and abandoning module FoliageEdit (193)
[2016.01.18-18.00.01:268][731]LogModuleManager: Shutting down and abandoning module LandscapeEditor (192)
[2016.01.18-18.00.01:268][731]LogModuleManager: Shutting down and abandoning module ActorPickerMode (191)
[2016.01.18-18.00.01:268][731]LogModuleManager: Shutting down and abandoning module GeometryMode (190)
[2016.01.18-18.00.01:268][731]LogModuleManager: Shutting down and abandoning module TextureAlignMode (189)
[2016.01.18-18.00.01:268][731]LogModuleManager: Shutting down and abandoning module BspMode (188)
[2016.01.18-18.00.01:268][731]LogModuleManager: Shutting down and abandoning module PlacementMode (187)
[2016.01.18-18.00.01:268][731]LogModuleManager: Shutting down and abandoning module AutomationWorker (186)
[2016.01.18-18.00.01:268][731]LogModuleManager: Shutting down and abandoning module CharacterAI (185)
[2016.01.18-18.00.01:268][731]LogModuleManager: Shutting down and abandoning module SmartSnapping (184)
[2016.01.18-18.00.01:268][731]LogModuleManager: Shutting down and abandoning module ViewportSnapping (183)
[2016.01.18-18.00.01:268][731]LogModuleManager: Shutting down and abandoning module LogVisualizer (182)
[2016.01.18-18.00.01:268][731]LogModuleManager: Shutting down and abandoning module GameProjectGeneration (181)
[2016.01.18-18.00.01:269][731]LogModuleManager: Shutting down and abandoning module IntroTutorials (180)
[2016.01.18-18.00.01:269][731]LogModuleManager: Shutting down and abandoning module EditorLiveStreaming (179)
[2016.01.18-18.00.01:269][731]LogModuleManager: Shutting down and abandoning module IOSPlatformEditor (178)
[2016.01.18-18.00.01:269][731]LogModuleManager: Shutting down and abandoning module HTML5PlatformEditor (177)
[2016.01.18-18.00.01:269][731]LogModuleManager: Shutting down and abandoning module AndroidDeviceDetection (176)
[2016.01.18-18.00.01:472][731]LogModuleManager: Shutting down and abandoning module AndroidPlatformEditor (175)
[2016.01.18-18.00.01:472][731]LogModuleManager: Shutting down and abandoning module IOSRuntimeSettings (174)
[2016.01.18-18.00.01:472][731]LogModuleManager: Shutting down and abandoning module AndroidRuntimeSettings (173)
[2016.01.18-18.00.01:472][731]LogModuleManager: Shutting down and abandoning module MergeActors (172)
[2016.01.18-18.00.01:472][731]LogModuleManager: Shutting down and abandoning module SizeMap (171)
[2016.01.18-18.00.01:472][731]LogModuleManager: Shutting down and abandoning module TreeMap (170)
[2016.01.18-18.00.01:472][731]LogModuleManager: Shutting down and abandoning module ReferenceViewer (169)
[2016.01.18-18.00.01:472][731]LogModuleManager: Shutting down and abandoning module LocalizationService (168)
[2016.01.18-18.00.01:472][731]LogModuleManager: Shutting down and abandoning module LocalizationDashboard (167)
[2016.01.18-18.00.01:473][731]LogModuleManager: Shutting down and abandoning module HardwareTargeting (166)
[2016.01.18-18.00.01:473][731]LogModuleManager: Shutting down and abandoning module DeviceProfileEditor (165)
[2016.01.18-18.00.01:473][731]LogModuleManager: Shutting down and abandoning module UndoHistory (164)
[2016.01.18-18.00.01:473][731]LogModuleManager: Shutting down and abandoning module GameplayTagsEditor (163)
[2016.01.18-18.00.01:473][731]LogModuleManager: Shutting down and abandoning module UserFeedback (162)
[2016.01.18-18.00.01:473][731]LogModuleManager: Shutting down and abandoning module XmlParser (161)
[2016.01.18-18.00.01:473][731]LogModuleManager: Shutting down and abandoning module Blutility (160)
[2016.01.18-18.00.01:473][731]LogModuleManager: Shutting down and abandoning module ProjectTargetPlatformEditor (159)
[2016.01.18-18.00.01:473][731]LogModuleManager: Shutting down and abandoning module ProjectSettingsViewer (158)
[2016.01.18-18.00.01:474][731]LogModuleManager: Shutting down and abandoning module InputBindingEditor (157)
[2016.01.18-18.00.01:474][731]LogModuleManager: Shutting down and abandoning module EditorSettingsViewer (156)
[2016.01.18-18.00.01:474][731]LogModuleManager: Shutting down and abandoning module SettingsEditor (155)
[2016.01.18-18.00.01:474][731]LogModuleManager: Shutting down and abandoning module ProjectLauncher (154)
[2016.01.18-18.00.01:474][731]LogModuleManager: Shutting down and abandoning module SessionFrontend (153)
[2016.01.18-18.00.01:474][731]LogModuleManager: Shutting down and abandoning module ProfilerClient (152)
[2016.01.18-18.00.01:475][731]LogModuleManager: Shutting down and abandoning module TargetDeviceServices (151)
[2016.01.18-18.00.01:475][731]LogModuleManager: Shutting down and abandoning module DeviceManager (150)
[2016.01.18-18.00.01:475][731]LogModuleManager: Shutting down and abandoning module AutomationController (149)
[2016.01.18-18.00.01:475][731]LogModuleManager: Shutting down and abandoning module AutomationWindow (148)
[2016.01.18-18.00.01:476][731]LogModuleManager: Shutting down and abandoning module Layers (147)
[2016.01.18-18.00.01:476][731]LogModuleManager: Shutting down and abandoning module ComponentVisualizers (146)
[2016.01.18-18.00.01:476][731]LogModuleManager: Shutting down and abandoning module DetailCustomizations (145)
[2016.01.18-18.00.01:476][731]LogModuleManager: Shutting down and abandoning module PackagesDialog (144)
[2016.01.18-18.00.01:476][731]LogModuleManager: Shutting down and abandoning module Persona (143)
[2016.01.18-18.00.01:477][731]LogModuleManager: Shutting down and abandoning module Kismet (142)
[2016.01.18-18.00.01:477][731]LogModuleManager: Shutting down and abandoning module GraphEditor (141)
[2016.01.18-18.00.01:478][731]LogModuleManager: Shutting down and abandoning module ClassViewer (140)
[2016.01.18-18.00.01:478][731]LogModuleManager: Shutting down and abandoning module Toolbox (139)
[2016.01.18-18.00.01:478][731]LogModuleManager: Shutting down and abandoning module ModuleUI (138)
[2016.01.18-18.00.01:479][731]LogModuleManager: Shutting down and abandoning module MovieSceneTools (137)
[2016.01.18-18.00.01:479][731]LogModuleManager: Shutting down and abandoning module OutputLog (136)
[2016.01.18-18.00.01:479][731]LogModuleManager: Shutting down and abandoning module GammaUI (135)
[2016.01.18-18.00.01:480][731]LogModuleManager: Shutting down and abandoning module Documentation (134)
[2016.01.18-18.00.01:480][731]LogModuleManager: Shutting down and abandoning module GameLiveStreaming (133)
[2016.01.18-18.00.01:480][731]LogModuleManager: Shutting down and abandoning module StreamingPauseRendering (132)
[2016.01.18-18.00.01:480][731]LogModuleManager: Shutting down and abandoning module AnalyticsET (131)
[2016.01.18-18.00.01:480][731]LogModuleManager: Shutting down and abandoning module Analytics (130)
[2016.01.18-18.00.01:480][731]LogModuleManager: Shutting down and abandoning module AITestSuite (129)
[2016.01.18-18.00.01:480][731]LogModuleManager: Shutting down and abandoning module GameplayDebugger (128)
[2016.01.18-18.00.01:480][731]LogModuleManager: Shutting down and abandoning module AIModule (127)
[2016.01.18-18.00.01:480][731]LogModuleManager: Shutting down and abandoning module ProfilerService (126)
[2016.01.18-18.00.01:584][731]LogModuleManager: Shutting down and abandoning module TaskGraph (125)
[2016.01.18-18.00.01:584][731]LogModuleManager: Shutting down and abandoning module CreatureEditor (124)
[2016.01.18-18.00.01:584][731]LogModuleManager: Shutting down and abandoning module SlateRemote (123)
[2016.01.18-18.00.01:584][731]LogModuleManager: Shutting down and abandoning module SteamVRController (122)
[2016.01.18-18.00.01:584][731]LogModuleManager: Shutting down and abandoning module SteamVR (121)
[2016.01.18-18.00.01:584][731]LogModuleManager: Shutting down and abandoning module ProceduralMeshComponent (120)
[2016.01.18-18.00.01:584][731]LogModuleManager: Shutting down and abandoning module OculusLibrary (119)
[2016.01.18-18.00.01:584][731]LogModuleManager: Shutting down and abandoning module OculusInput (118)
[2016.01.18-18.00.01:584][731]LogModuleManager: Shutting down and abandoning module LeapMotionController (117)
[2016.01.18-18.00.01:598][731]LogModuleManager: Shutting down and abandoning module CustomMeshComponent (116)
[2016.01.18-18.00.01:598][731]LogModuleManager: Shutting down and abandoning module CableComponent (115)
[2016.01.18-18.00.01:598][731]LogModuleManager: Shutting down and abandoning module ArchVisCharacter (114)
[2016.01.18-18.00.01:598][731]LogModuleManager: Shutting down and abandoning module MessagingDebugger (113)
[2016.01.18-18.00.01:598][731]LogModuleManager: Shutting down and abandoning module MediaPlayerEditor (112)
[2016.01.18-18.00.01:599][731]LogModuleManager: Shutting down and abandoning module HTML5Networking (111)
[2016.01.18-18.00.01:599][731]LogModuleManager: Shutting down and abandoning module SpeedTreeImporter (110)
[2016.01.18-18.00.01:599][731]LogModuleManager: Shutting down and abandoning module PluginBrowser (109)
[2016.01.18-18.00.01:599][731]LogModuleManager: Shutting down and abandoning module EpicSurvey (108)
[2016.01.18-18.00.01:599][731]LogModuleManager: Shutting down and abandoning module DesktopPlatform (107)
[2016.01.18-18.00.01:599][731]LogModuleManager: Shutting down and abandoning module VisualStudioSourceCodeAccess (106)
[2016.01.18-18.00.01:599][731]LogModuleManager: Shutting down and abandoning module UObjectPlugin (105)
[2016.01.18-18.00.01:599][731]LogModuleManager: Shutting down and abandoning module SubversionSourceControl (104)
[2016.01.18-18.00.01:599][731]LogModuleManager: Shutting down and abandoning module PerforceSourceControl (103)
[2016.01.18-18.00.01:599][731]LogModuleManager: Shutting down and abandoning module SourceControl (102)
[2016.01.18-18.00.01:599][731]LogModuleManager: Shutting down and abandoning module GitSourceControl (101)
[2016.01.18-18.00.01:599][731]LogModuleManager: Shutting down and abandoning module LightPropagationVolumeEditor (100)
[2016.01.18-18.00.01:599][731]LogModuleManager: Shutting down and abandoning module PaperTiledImporter (99)
[2016.01.18-18.00.01:599][731]LogModuleManager: Shutting down and abandoning module PaperSpriteSheetImporter (98)
[2016.01.18-18.00.01:599][731]LogModuleManager: Shutting down and abandoning module MeshPaint (97)
[2016.01.18-18.00.01:599][731]LogModuleManager: Shutting down and abandoning module SlateReflector (96)
[2016.01.18-18.00.01:599][731]LogModuleManager: Shutting down and abandoning module HotReload (95)
[2016.01.18-18.00.01:599][731]LogModuleManager: Shutting down and abandoning module MainFrame (94)
[2016.01.18-18.00.01:599][731]LogModuleManager: Shutting down and abandoning module LevelEditor (93)
[2016.01.18-18.00.01:600][731]LogModuleManager: Shutting down and abandoning module DirectoryWatcher (92)
[2016.01.18-18.00.01:601][731]LogModuleManager: Shutting down and abandoning module AssetRegistry (91)
[2016.01.18-18.00.01:704][731]LogModuleManager: Shutting down and abandoning module ContentBrowser (90)
[2016.01.18-18.00.01:704][731]LogModuleManager: Shutting down and abandoning module Paper2DEditor (89)
[2016.01.18-18.00.01:706][731]LogModuleManager: Shutting down and abandoning module PlayStudios (88)
[2016.01.18-18.00.01:706][731]LogModuleManager: Shutting down and abandoning module CreaturePlugin (87)
[2016.01.18-18.00.01:706][731]LogModuleManager: Shutting down and abandoning module UdpMessaging (86)
[2016.01.18-18.00.01:807][731]LogModuleManager: Shutting down and abandoning module LightPropagationVolumeRuntime (85)
[2016.01.18-18.00.01:807][731]LogModuleManager: Shutting down and abandoning module Paper2D (84)
[2016.01.18-18.00.01:807][731]LogModuleManager: Shutting down and abandoning module WindowsMoviePlayer (83)
[2016.01.18-18.00.01:809][731]LogModuleManager: Shutting down and abandoning module Media (82)
[2016.01.18-18.00.01:810][731]LogModuleManager: Shutting down and abandoning module WmfMedia (81)
[2016.01.18-18.00.01:810][731]LogModuleManager: Shutting down and abandoning module OnlineBlueprintSupport (80)
[2016.01.18-18.00.01:810][731]LogModuleManager: Shutting down and abandoning module GameplayTasksEditor (79)
[2016.01.18-18.00.01:810][731]LogModuleManager: Shutting down and abandoning module PropertyEditor (78)
[2016.01.18-18.00.01:810][731]LogModuleManager: Shutting down and abandoning module BehaviorTreeEditor (77)
[2016.01.18-18.00.01:811][731]LogModuleManager: Shutting down and abandoning module FunctionalTesting (76)
[2016.01.18-18.00.01:811][731]LogModuleManager: Shutting down and abandoning module CollisionAnalyzer (75)
[2016.01.18-18.00.01:811][731]LogModuleManager: Shutting down and abandoning module WorkspaceMenuStructure (74)
[2016.01.18-18.00.01:811][731]LogModuleManager: Shutting down and abandoning module MessageLog (73)
[2016.01.18-18.00.01:811][731]LogModuleManager: Shutting down and abandoning module Sequencer (72)
[2016.01.18-18.00.01:812][731]LogModuleManager: Shutting down and abandoning module AssetTools (71)
[2016.01.18-18.00.01:813][731]LogModuleManager: Shutting down and abandoning module UMGEditor (70)
[2016.01.18-18.00.01:814][731]LogModuleManager: Shutting down and abandoning module UMG (69)
[2016.01.18-18.00.01:815][731]LogModuleManager: Shutting down and abandoning module Slate (68)
[2016.01.18-18.00.01:815][731]LogModuleManager: Shutting down and abandoning module EditorStyle (67)
[2016.01.18-18.00.01:817][731]LogModuleManager: Shutting down and abandoning module SessionServices (66)
[2016.01.18-18.00.01:817][731]LogModuleManager: Shutting down and abandoning module SourceCodeAccess (65)
[2016.01.18-18.00.01:817][731]LogModuleManager: Shutting down and abandoning module HeadMountedDisplay (64)
[2016.01.18-18.00.01:817][731]LogModuleManager: Shutting down and abandoning module XAudio2 (63)
[2016.01.18-18.00.01:817][731]LogModuleManager: Shutting down and abandoning module Networking (61)
[2016.01.18-18.00.01:817][731]LogModuleManager: Shutting down and abandoning module Core (60)
[2016.01.18-18.00.01:817][731]LogModuleManager: Shutting down and abandoning module KismetCompiler (59)
[2016.01.18-18.00.01:817][731]LogModuleManager: Shutting down and abandoning module PhysXFormats (58)
[2016.01.18-18.00.01:817][731]LogModuleManager: Shutting down and abandoning module MeshUtilities (57)
[2016.01.18-18.00.01:818][731]LogModuleManager: Shutting down and abandoning module DerivedDataCache (56)
[2016.01.18-18.00.02:104][731]LogDerivedDataCache: Shutdown
[2016.01.18-18.00.02:104][731]LogModuleManager: Shutting down and abandoning module ShaderFormatOpenGL (55)
[2016.01.18-18.00.02:105][731]LogModuleManager: Shutting down and abandoning module ShaderFormatD3D (54)
[2016.01.18-18.00.02:105][731]LogModuleManager: Shutting down and abandoning module MetalShaderFormat (53)
[2016.01.18-18.00.02:106][731]LogModuleManager: Shutting down and abandoning module TextureFormatUncompressed (52)
[2016.01.18-18.00.02:106][731]LogModuleManager: Shutting down and abandoning module TextureFormatPVR (51)
[2016.01.18-18.00.02:106][731]LogModuleManager: Shutting down and abandoning module TextureFormatIntelISPCTexComp (50)
[2016.01.18-18.00.02:106][731]LogModuleManager: Shutting down and abandoning module TextureFormatDXT (49)
[2016.01.18-18.00.02:106][731]LogModuleManager: Shutting down and abandoning module ImageWrapper (48)
[2016.01.18-18.00.02:106][731]LogModuleManager: Shutting down and abandoning module TextureFormatASTC (47)
[2016.01.18-18.00.02:106][731]LogModuleManager: Shutting down and abandoning module TextureFormatAndroid (46)
[2016.01.18-18.00.02:106][731]LogModuleManager: Shutting down and abandoning module AudioFormatOpus (45)
[2016.01.18-18.00.02:106][731]LogModuleManager: Shutting down and abandoning module AudioFormatOgg (44)
[2016.01.18-18.00.02:107][731]LogModuleManager: Shutting down and abandoning module AudioFormatADPCM (43)
[2016.01.18-18.00.02:107][731]LogModuleManager: Shutting down and abandoning module LinuxTargetPlatform (42)
[2016.01.18-18.00.02:107][731]LogModuleManager: Shutting down and abandoning module LinuxServerTargetPlatform (41)
[2016.01.18-18.00.02:107][731]LogModuleManager: Shutting down and abandoning module LinuxNoEditorTargetPlatform (40)
[2016.01.18-18.00.02:107][731]LogModuleManager: Shutting down and abandoning module Messaging (39)
[2016.01.18-18.00.02:107][731]LogModuleManager: Shutting down and abandoning module IOSTargetPlatform (38)
[2016.01.18-18.00.02:107][731]LogModuleManager: Shutting down and abandoning module HTML5TargetPlatform (37)
[2016.01.18-18.00.02:107][731]LogModuleManager: Shutting down and abandoning module Android_PVRTCTargetPlatform (36)
[2016.01.18-18.00.02:107][731]LogModuleManager: Shutting down and abandoning module Android_MultiTargetPlatform (35)
[2016.01.18-18.00.02:107][731]LogModuleManager: Shutting down and abandoning module Android_ETC2TargetPlatform (34)
[2016.01.18-18.00.02:107][731]LogModuleManager: Shutting down and abandoning module Android_ETC1TargetPlatform (33)
[2016.01.18-18.00.02:107][731]LogModuleManager: Shutting down and abandoning module Android_DXTTargetPlatform (32)
[2016.01.18-18.00.02:107][731]LogModuleManager: Shutting down and abandoning module Android_ATCTargetPlatform (31)
[2016.01.18-18.00.02:107][731]LogModuleManager: Shutting down and abandoning module Android_ASTCTargetPlatform (30)
[2016.01.18-18.00.02:107][731]LogModuleManager: Shutting down and abandoning module AndroidTargetPlatform (29)
[2016.01.18-18.00.02:107][731]LogModuleManager: Shutting down and abandoning module WindowsTargetPlatform (28)
[2016.01.18-18.00.02:107][731]LogModuleManager: Shutting down and abandoning module WindowsServerTargetPlatform (27)
[2016.01.18-18.00.02:107][731]LogModuleManager: Shutting down and abandoning module WindowsNoEditorTargetPlatform (26)
[2016.01.18-18.00.02:107][731]LogModuleManager: Shutting down and abandoning module WindowsClientTargetPlatform (25)
[2016.01.18-18.00.02:107][731]LogModuleManager: Shutting down and abandoning module AllDesktopTargetPlatform (24)
[2016.01.18-18.00.02:107][731]LogModuleManager: Shutting down and abandoning module TargetPlatform (23)
[2016.01.18-18.00.02:107][731]LogModuleManager: Shutting down and abandoning module InputCore (22)
[2016.01.18-18.00.02:107][731]LogModuleManager: Shutting down and abandoning module Settings (21)
[2016.01.18-18.00.02:107][731]LogModuleManager: Shutting down and abandoning module OnlineSubsystem (19)
[2016.01.18-18.00.02:107][731]LogModuleManager: Shutting down and abandoning module HTTP (18)
[2016.01.18-18.00.03:109][731]LogModuleManager: Shutting down and abandoning module XMPP (17)
[2016.01.18-18.00.03:110][731]LogModuleManager: Shutting down and abandoning module OculusRift (16)
[2016.01.18-18.00.03:111][731]LogModuleManager: Shutting down and abandoning module ExampleDeviceProfileSelector (15)
[2016.01.18-18.00.03:111][731]LogModuleManager: Shutting down and abandoning module TextureCompressor (14)
[2016.01.18-18.00.03:111][731]LogModuleManager: Shutting down and abandoning module ShaderCore (13)
[2016.01.18-18.00.03:111][731]LogModuleManager: Shutting down and abandoning module Landscape (12)
[2016.01.18-18.00.03:111][731]LogModuleManager: Shutting down and abandoning module SlateRHIRenderer (11)
[2016.01.18-18.00.03:112][731]LogModuleManager: Shutting down and abandoning module OpenGLDrv (10)
[2016.01.18-18.00.03:113][731]LogModuleManager: Shutting down and abandoning module D3D11RHI (9)
[2016.01.18-18.00.03:113][731]LogModuleManager: Shutting down and abandoning module AnimGraphRuntime (8)
[2016.01.18-18.00.03:113][731]LogModuleManager: Shutting down and abandoning module Renderer (7)
[2016.01.18-18.00.03:113][731]LogModuleManager: Shutting down and abandoning module Engine (6)
[2016.01.18-18.00.03:113][731]LogModuleManager: Shutting down and abandoning module CoreUObject (5)
[2016.01.18-18.00.03:113][731]LogModuleManager: Shutting down and abandoning module NetworkFile (4)
[2016.01.18-18.00.03:113][731]LogModuleManager: Shutting down and abandoning module StreamingFile (3)
[2016.01.18-18.00.03:113][731]LogModuleManager: Shutting down and abandoning module SandboxFile (2)
[2016.01.18-18.00.03:113][731]LogModuleManager: Shutting down and abandoning module PakFile (1)
[2016.01.18-18.00.03:115][731]LogExit: Exiting.
[2016.01.18-18.00.03:117][731]Log file closed, 01/18/16 10:00:03
