[2016.01.18-04.01.05:311][  0]Log file open, 01/17/16 20:01:05
[2016.01.18-04.01.05:311][  0]LogInit:Display: Running engine for game: PlayStudios
[2016.01.18-04.01.05:311][  0]LogPlatformFile: Not using cached read wrapper
[2016.01.18-04.01.05:311][  0]LogInit:Display: RandInit(-1398094320) SRandInit(-1398094318).
[2016.01.18-04.01.05:311][  0]LogTaskGraph: Started task graph with 4 named threads and 7 total threads.
[2016.01.18-04.01.05:311][  0]LogStats: Stats thread started at 0.069563
[2016.01.18-04.01.05:311][  0]LogInit: Version: 4.10.1-2791327+++depot+UE4-Releases+4.10
[2016.01.18-04.01.05:311][  0]LogInit: API Version: 2758231
[2016.01.18-04.01.05:311][  0]LogInit: Compiled (64-bit): Dec  4 2015 19:44:40
[2016.01.18-04.01.05:311][  0]LogInit: Compiled with Visual C++: 19.00.23026.00
[2016.01.18-04.01.05:311][  0]LogInit: Build Configuration: Development
[2016.01.18-04.01.05:311][  0]LogInit: Branch Name: ++depot+UE4-Releases+4.10
[2016.01.18-04.01.05:311][  0]LogInit: Command line:  
[2016.01.18-04.01.05:311][  0]LogInit: Base directory: C:/Program Files/Epic Games/4.10/Engine/Binaries/Win64/
[2016.01.18-04.01.05:311][  0]LogInit: Rocket: 1
[2016.01.18-04.01.05:319][  0]LogInit: Using libcurl 7.41.0
[2016.01.18-04.01.05:319][  0]LogInit:  - built for x86_64-pc-win32
[2016.01.18-04.01.05:319][  0]LogInit:  - supports SSL with WinSSL
[2016.01.18-04.01.05:319][  0]LogInit:  - other features:
[2016.01.18-04.01.05:319][  0]LogInit:      CURL_VERSION_SSL
[2016.01.18-04.01.05:319][  0]LogInit:      CURL_VERSION_IPV6
[2016.01.18-04.01.05:319][  0]LogInit:      CURL_VERSION_ASYNCHDNS
[2016.01.18-04.01.05:319][  0]LogInit:      CURL_VERSION_LARGEFILE
[2016.01.18-04.01.05:319][  0]LogInit:      CURL_VERSION_IDN
[2016.01.18-04.01.05:319][  0]LogInit:  CurlRequestOptions (configurable via config and command line):
[2016.01.18-04.01.05:319][  0]LogInit:  - bVerifyPeer = true  - Libcurl will verify peer certificate
[2016.01.18-04.01.05:319][  0]LogInit:  - bUseHttpProxy = false  - Libcurl will NOT use HTTP proxy
[2016.01.18-04.01.05:319][  0]LogInit:  - bDontReuseConnections = false  - Libcurl will reuse connections
[2016.01.18-04.01.05:319][  0]LogInit:  - CertBundlePath = nullptr  - Libcurl will use whatever was configured at build time.
[2016.01.18-04.01.05:324][  0]LogInit: Presizing for 0 objects not considered by GC, pre-allocating 0 bytes.
[2016.01.18-04.01.05:328][  0]LogInit: Object subsystem initialized
[2016.01.18-04.01.05:329][  0]LogInit: Selected Device Profile: [Windows]
[2016.01.18-04.01.05:329][  0]LogInit: Applying CVar settings loaded from the selected device profile: [Windows]
[2016.01.18-04.01.05:337][  0]LogInit: Computer: MERLIN
[2016.01.18-04.01.05:337][  0]LogInit: User: jychong
[2016.01.18-04.01.05:337][  0]LogInit: CPU Page size=4096, Cores=4
[2016.01.18-04.01.05:337][  0]LogInit: High frequency timer resolution =3.914065 MHz
[2016.01.18-04.01.05:337][  0]LogMemory: Memory total: Physical=15.9GB (16GB approx)
[2016.01.18-04.01.05:337][  0]LogMemory: Platform Memory Stats for Windows
[2016.01.18-04.01.05:337][  0]LogMemory: Process Physical Memory: 56.19 MB used, 56.19 MB peak
[2016.01.18-04.01.05:337][  0]LogMemory: Process Virtual Memory: 58.77 MB used, 58.77 MB peak
[2016.01.18-04.01.05:337][  0]LogMemory: Physical Memory: 4917.38 MB used, 16332.17 MB total
[2016.01.18-04.01.05:337][  0]LogMemory: Virtual Memory: 384.69 MB used, 134217728.00 MB total
[2016.01.18-04.01.05:365][  0]LogTextLocalizationManager: No specific translations for ('en-US') exist, so ('en') translations will be used.
[2016.01.18-04.01.05:678][  0]LogD3D11RHI: Found D3D11 adapter 0: NVIDIA GeForce GTX 950 (Feature Level 11_0)
[2016.01.18-04.01.05:678][  0]LogD3D11RHI: Adapter has 1969MB of dedicated video memory, 0MB of dedicated system memory, and 8166MB of shared system memory, 1 output[s]
[2016.01.18-04.01.05:679][  0]LogD3D11RHI: Found D3D11 adapter 1: Microsoft Basic Render Driver (Feature Level 11_0)
[2016.01.18-04.01.05:679][  0]LogD3D11RHI: Adapter has 0MB of dedicated video memory, 0MB of dedicated system memory, and 8166MB of shared system memory, 0 output[s]
[2016.01.18-04.01.05:679][  0]LogD3D11RHI: Chosen D3D11 Adapter Id = 0
[2016.01.18-04.01.05:682][  0]LogD3D11RHI: !Direct3DDevice
[2016.01.18-04.01.05:682][  0]LogRHI: Texture pool is 1361 MB (70% of 1945 MB)
[2016.01.18-04.01.05:691][  0]LogD3D11RHI: Async texture creation enabled
[2016.01.18-04.01.05:705][  0]LogShaderCompilers: Guid format shader working directory is -32 characters bigger than the processId version (../../../../../../Users/jychong/Documents/Work/Projects/UE4_Projects/PlayStudios/Intermediate/Shaders/WorkingDirectory/6604/).
[2016.01.18-04.01.05:705][  0]LogShaderCompilers: Cleaned the shader compiler working directory 'C:/Users/jychong/AppData/Local/Temp/UnrealShaderWorkingDir/5E60E4B04A7B0271BD1041BE99CD3315/'.
[2016.01.18-04.01.05:705][  0]LogShaderCompilers:Display: Using Local Shader Compiler.
[2016.01.18-04.01.06:215][  0]LogTemp:Display: Loaded TP AllDesktopTargetPlatform
[2016.01.18-04.01.06:218][  0]LogTemp:Display: Loaded TP WindowsClientTargetPlatform
[2016.01.18-04.01.06:221][  0]LogTemp:Display: Loaded TP WindowsNoEditorTargetPlatform
[2016.01.18-04.01.06:225][  0]LogTemp:Display: Loaded TP WindowsServerTargetPlatform
[2016.01.18-04.01.06:228][  0]LogTemp:Display: Loaded TP WindowsTargetPlatform
[2016.01.18-04.01.06:230][  0]LogTemp:Display: Loaded TP AndroidTargetPlatform
[2016.01.18-04.01.06:232][  0]LogTemp:Display: Loaded TP Android_ASTCTargetPlatform
[2016.01.18-04.01.06:234][  0]LogTemp:Display: Loaded TP Android_ATCTargetPlatform
[2016.01.18-04.01.06:236][  0]LogTemp:Display: Loaded TP Android_DXTTargetPlatform
[2016.01.18-04.01.06:237][  0]LogTemp:Display: Loaded TP Android_ETC1TargetPlatform
[2016.01.18-04.01.06:239][  0]LogTemp:Display: Loaded TP Android_ETC2TargetPlatform
[2016.01.18-04.01.06:243][  0]LogTemp:Display: Loaded TP Android_MultiTargetPlatform
[2016.01.18-04.01.06:243][  0]LogTemp:Display: Loaded TP Android_PVRTCTargetPlatform
[2016.01.18-04.01.06:244][  0]LogTemp:Display: Loaded TP HTML5TargetPlatform
[2016.01.18-04.01.06:259][  0]LogTemp:Display: Loaded TP IOSTargetPlatform
[2016.01.18-04.01.06:261][  0]LogTemp:Display: Loaded TP LinuxNoEditorTargetPlatform
[2016.01.18-04.01.06:263][  0]LogTemp:Display: Loaded TP LinuxServerTargetPlatform
[2016.01.18-04.01.06:265][  0]LogTemp:Display: Loaded TP LinuxTargetPlatform
[2016.01.18-04.01.06:265][  0]LogTargetPlatformManager:Display: Building Assets For Windows
[2016.01.18-04.01.06:323][  0]LogDerivedDataCache:Display: Max Cache Size: 512 MB
[2016.01.18-04.01.06:352][  0]LogDerivedDataCache: Loaded boot cache 0.03s 41MB C:/Users/jychong/AppData/Local/UnrealEngine/4.10/DerivedDataCache/Boot.ddc.
[2016.01.18-04.01.06:352][  0]LogDerivedDataCache:Display: Loaded Boot cache: C:/Users/jychong/AppData/Local/UnrealEngine/4.10/DerivedDataCache/Boot.ddc
[2016.01.18-04.01.06:352][  0]LogDerivedDataCache: FDerivedDataBackendGraph:  Pak pak cache file ../../../../../../Users/jychong/Documents/Work/Projects/UE4_Projects/PlayStudios/DerivedDataCache/DDC.ddp not found, will not use a pak cache.
[2016.01.18-04.01.06:352][  0]LogDerivedDataCache: Unable to find inner node Pak for hierarchical cache Hierarchy.
[2016.01.18-04.01.06:352][  0]LogDerivedDataCache: FDerivedDataBackendGraph:  CompressedPak pak cache file ../../../../../../Users/jychong/Documents/Work/Projects/UE4_Projects/PlayStudios/DerivedDataCache/Compressed.ddp not found, will not use a pak cache.
[2016.01.18-04.01.06:352][  0]LogDerivedDataCache: Unable to find inner node CompressedPak for hierarchical cache Hierarchy.
[2016.01.18-04.01.06:395][  0]LogDerivedDataCache:Display: Pak cache opened for reading ../../../Engine/DerivedDataCache/Compressed.ddp.
[2016.01.18-04.01.06:407][  0]LogDerivedDataCache: Using Local data cache path C:/Users/jychong/AppData/Local/UnrealEngine/Common/DerivedDataCache: Writable
[2016.01.18-04.01.06:529][  0]LogInit: Selected Device Profile: [Windows]
[2016.01.18-04.01.06:530][  0]LogContentStreaming: Texture pool size is 0.000000MB
[2016.01.18-04.01.06:604][  0]LogMeshUtilities: No automatic mesh reduction module available
[2016.01.18-04.01.06:604][  0]LogMeshUtilities: No automatic mesh merging module available
[2016.01.18-04.01.06:752][  0]LogInit: WinSock: version 1.1 (2.2), MaxSocks=32767, MaxUdp=65467
[2016.01.18-04.01.07:255][  0]UdpMessaging: Initializing bridge on interface 0.0.0.0:0 to multicast group 230.0.0.1:6666.
[2016.01.18-04.01.07:409][  0]LogAssetRegistry: FAssetRegistry took 0.0104 seconds to start up
[2016.01.18-04.01.07:521][  0]SourceControl: Info Source control is disabled
[2016.01.18-04.01.07:527][  0]SourceControl: Info Source control is disabled
[2016.01.18-04.01.07:535][  0]SourceControl: Info Source control is disabled
[2016.01.18-04.01.07:544][  0]SourceControl: Info Source control is disabled
[2016.01.18-04.01.07:714][  0]LogObj: 28926 objects as part of root set at end of initial load.
[2016.01.18-04.01.07:714][  0]LogUObjectAllocator: 6163392 out of 0 bytes used by permanent object pool.
[2016.01.18-04.01.07:757][  0]LogEngine: Initializing Engine...
[2016.01.18-04.01.07:759][  0]LogHMD: Can't find Oculus library dev build: is proper Runtime installed? Version: 0.8.0.0
[2016.01.18-04.01.07:759][  0]LogHMD: SteamVR failed to initialize.  Err: 110
[2016.01.18-04.01.07:842][  0]LogAIModule: Creating AISystem for world NewWorld
[2016.01.18-04.01.07:847][  0]LogInit: XAudio2 using 'VS24A-4 (NVIDIA High Definition Audio)' : 2 channels at 48 kHz using 16 bits per sample (channel mask 0x3)
[2016.01.18-04.01.07:857][  0]LogInit: FAudioDevice initialized.
[2016.01.18-04.01.07:871][  0]LogDerivedDataCache: Saved boot cache 0.01s 41MB C:/Users/jychong/AppData/Local/UnrealEngine/4.10/DerivedDataCache/Boot.ddc.
[2016.01.18-04.01.07:876][  0]LogInit: Texture streaming: Enabled
[2016.01.18-04.01.07:880][  0]LogAnalytics: Creating configured Analytics provider AnalyticsET
[2016.01.18-04.01.07:880][  0]LogAnalytics: [UEEditor.Rocket.Release] APIServer = http://et2.epicgames.com/ET2/. AppVersion = 4.10.1-2791327+++depot+UE4-Releases+4.10
[2016.01.18-04.01.07:880][  0]LogAnalytics: [UEEditor.Rocket.Release] SetUserId 0a664b9e40ce3392435320acb25808e8|d085e2169ed74ad5919a9c5f09bdfc6a|342dfd8c-d9ad-42f6-b691-24b5970a92ec
[2016.01.18-04.01.07:880][  0]LogAnalytics: [UEEditor.Rocket.Release] AnalyticsET::StartSession
[2016.01.18-04.01.07:907][  0]LogInit: Transaction tracking system initialized
[2016.01.18-04.01.07:931][  0]BlueprintLog: New page: Editor Load
[2016.01.18-04.01.07:991][  0]LocalizationService: Info Localization service is disabled
[2016.01.18-04.01.08:036][  0]LogLinker:Warning: Can't find file '/Game/FirstPersonBP/FirstPersonOverview'
[2016.01.18-04.01.08:036][  0]LogLinker:Warning: Can't find file '/Game/FirstPersonBP/FirstPersonOverview'
[2016.01.18-04.01.08:036][  0]LogUObjectGlobals:Warning: Failed to find object 'Class /Game/FirstPersonBP/FirstPersonOverview.FirstPersonOverview_C'
[2016.01.18-04.01.08:045][  0]LogConsoleResponse:Display: 
[2016.01.18-04.01.08:124][  0]LogCook:Display: Done creating registry. It took  0.00s.
[2016.01.18-04.01.08:161][  0]LogFileCache: Scanning file cache for directory 'C:/Users/jychong/Documents/Work/Projects/UE4_Projects/PlayStudios/Content/' took 0.02s
[2016.01.18-04.01.08:161][  0]SourceControl: Info Source control is disabled
[2016.01.18-04.01.08:161][  0]Cmd: MAP LOAD FILE="../../../../../../Users/jychong/Documents/Work/Projects/UE4_Projects/PlayStudios/Content/StarterContent/Maps/Minimal_Default.umap" TEMPLATE=0 SHOWPROGRESS=1 FEATURELEVEL=3
[2016.01.18-04.01.08:165][  0]LightingResults: New page: Lighting Build
[2016.01.18-04.01.08:167][  0]MapCheck: New page: Map Check
[2016.01.18-04.01.08:167][  0]LightingResults: New page: Lighting Build
[2016.01.18-04.01.08:175][  0]LogParticles: Destroying 0 GPU particle simulations for FXSystem 0x0000023C2E33BB00
[2016.01.18-04.01.08:929][  0]LogAIModule: Creating AISystem for world Minimal_Default
[2016.01.18-04.01.09:602][  0]LogEditorServer: Finished looking for orphan Actors (0.000 secs)
[2016.01.18-04.01.09:603][  0]Cmd: MAP CHECKDEP NOCLEARLOG
[2016.01.18-04.01.09:633][  0]MapCheck: Info Map check complete: 0 Error(s), 0 Warning(s), took 30.355ms to complete.
[2016.01.18-04.01.09:633][  0]LogFileHelpers: Loading map 'Minimal_Default' took 1.472
[2016.01.18-04.01.09:715][  0]LogCollectionManager: Loaded 0 collections in 0.001547 seconds
[2016.01.18-04.01.09:752][  0]LogFileCache: Scanning file cache for directory 'C:/Users/jychong/Documents/Work/Projects/UE4_Projects/PlayStudios/Saved/Collections/' took 0.01s
[2016.01.18-04.01.09:752][  0]LogFileCache: Scanning file cache for directory 'C:/Users/jychong/Documents/Work/Projects/UE4_Projects/PlayStudios/Content/Developers/jychong/Collections/' took 0.01s
[2016.01.18-04.01.09:752][  0]LogFileCache: Scanning file cache for directory 'C:/Users/jychong/Documents/Work/Projects/UE4_Projects/PlayStudios/Content/Collections/' took 0.01s
[2016.01.18-04.01.09:752][  0]LogCollectionManager: Rebuilt the GUID cache for 0 collections in 0.000002 seconds
[2016.01.18-04.01.09:757][  0]LogContentBrowser: Native class hierarchy populated in 0.0054 seconds. Added 1912 classes and 345 folders.
[2016.01.18-04.01.09:765][  0]LogContentBrowser: Native class hierarchy updated for 'WidgetCarousel' in 0.0006 seconds. Added 0 classes and 0 folders.
[2016.01.18-04.01.09:791][  0]LogContentBrowser: Native class hierarchy updated for 'AddContentDialog' in 0.0006 seconds. Added 0 classes and 0 folders.
[2016.01.18-04.01.09:795][  0]LogContentBrowser: Native class hierarchy updated for 'SceneOutliner' in 0.0006 seconds. Added 1 classes and 2 folders.
[2016.01.18-04.01.09:830][  0]LogCrashTracker: Crashtracker disabled due to settings.
[2016.01.18-04.01.09:833][  0]LogUObjectGlobals:Warning: Failed to find object 'Class None.'
[2016.01.18-04.01.09:855][  0]LogLoad: Full Startup: 5.16 seconds (BP compile: 0.09 seconds)
[2016.01.18-04.01.09:866][  0]LogOcInput: Can't find Oculus library dev build: is proper Runtime installed? Version: 0.8.0.0
[2016.01.18-04.01.09:909][  0]LogContentStreaming: Texture pool size now 1000 MB
[2016.01.18-04.01.10:024][  0]LogRenderer: Reallocating scene render targets to support 1316x620 (Frame:2).
[2016.01.18-04.01.10:147][  3]LogAssetRegistry: Asset discovery search completed in 2.7490 seconds
[2016.01.18-04.01.10:147][  3]LogCollectionManager: Rebuilt the object cache for 0 collections in 0.000001 seconds (found 0 objects)
[2016.01.18-04.01.10:147][  3]LogCollectionManager: Fixed up redirectors for 0 collections in 0.000014 seconds (updated 0 objects)
[2016.01.18-04.01.13:984][457]LogBlueprintUserMessages: Early PlayInEditor Detection: Level '/Game/StarterContent/Maps/Minimal_Default.Minimal_Default:PersistentLevel' has LevelScriptBlueprint '/Game/StarterContent/Maps/Minimal_Default.Minimal_Default:PersistentLevel.Minimal_Default' with GeneratedClass '/Game/StarterContent/Maps/Minimal_Default.Minimal_Default_C' with ClassGeneratedBy '/Game/StarterContent/Maps/Minimal_Default.Minimal_Default:PersistentLevel.Minimal_Default'
[2016.01.18-04.01.13:984][457]LogPlayLevel: PlayLevel: No blueprints needed recompiling
[2016.01.18-04.01.13:985][457]PIE: New page: PIE session: Minimal_Default (Jan 17, 2016, 12:01:13 PM)
[2016.01.18-04.01.13:985][457]LogPlayLevel: Creating play world package: /Game/StarterContent/Maps/UEDPIE_0_Minimal_Default
[2016.01.18-04.01.13:989][457]LogPlayLevel: PIE: StaticDuplicateObject took: (0.004038s)
[2016.01.18-04.01.13:989][457]LogAIModule: Creating AISystem for world Minimal_Default
[2016.01.18-04.01.13:989][457]LogPlayLevel: PIE: World Init took: (0.000477s)
[2016.01.18-04.01.13:989][457]LogPlayLevel: PIE: Created PIE world by copying editor world from /Game/StarterContent/Maps/Minimal_Default.Minimal_Default to /Game/StarterContent/Maps/UEDPIE_0_Minimal_Default.Minimal_Default (0.004650s)
[2016.01.18-04.01.14:012][457]LogInit: XAudio2 using 'VS24A-4 (NVIDIA High Definition Audio)' : 2 channels at 48 kHz using 16 bits per sample (channel mask 0x3)
[2016.01.18-04.01.14:014][457]LogInit: FAudioDevice initialized.
[2016.01.18-04.01.14:059][457]LogWorld: Game class is 'PlayStudiosGameMode'
[2016.01.18-04.01.14:063][457]LogWorld: Bringing World /Game/StarterContent/Maps/UEDPIE_0_Minimal_Default.Minimal_Default up for play (max tick rate 0) at 2016.01.17-20.01.14
[2016.01.18-04.01.14:063][457]LogActor:Warning: GameSession /Game/StarterContent/Maps/UEDPIE_0_Minimal_Default.Minimal_Default:PersistentLevel.GameSession_0 has natively added scene component(s), but none of them were set as the actor's RootComponent - picking one arbitrarily
[2016.01.18-04.01.14:064][457]LogActor:Warning: GameNetworkManager /Game/StarterContent/Maps/UEDPIE_0_Minimal_Default.Minimal_Default:PersistentLevel.GameNetworkManager_0 has natively added scene component(s), but none of them were set as the actor's RootComponent - picking one arbitrarily
[2016.01.18-04.01.14:066][457]LogWorld: Bringing up level for play took: 0.005533
[2016.01.18-04.01.14:067][457]PIE: Info Play in editor start time for /Game/StarterContent/Maps/UEDPIE_0_Minimal_Default 0.203
[2016.01.18-04.01.14:067][457]LogBlueprintUserMessages: Late PlayInEditor Detection: Level '/Game/StarterContent/Maps/Minimal_Default.Minimal_Default:PersistentLevel' has LevelScriptBlueprint '/Game/StarterContent/Maps/Minimal_Default.Minimal_Default:PersistentLevel.Minimal_Default' with GeneratedClass '/Game/StarterContent/Maps/Minimal_Default.Minimal_Default_C' with ClassGeneratedBy '/Game/StarterContent/Maps/Minimal_Default.Minimal_Default:PersistentLevel.Minimal_Default'
[2016.01.18-04.01.24:229][673]LogBlueprintUserMessages: Early EndPlayMap Detection: Level '/Game/StarterContent/Maps/Minimal_Default.Minimal_Default:PersistentLevel' has LevelScriptBlueprint '/Game/StarterContent/Maps/Minimal_Default.Minimal_Default:PersistentLevel.Minimal_Default' with GeneratedClass '/Game/StarterContent/Maps/Minimal_Default.Minimal_Default_C' with ClassGeneratedBy '/Game/StarterContent/Maps/Minimal_Default.Minimal_Default:PersistentLevel.Minimal_Default'
[2016.01.18-04.01.24:261][673]LogBlueprintUserMessages: Late EndPlayMap Detection: Level '/Game/StarterContent/Maps/Minimal_Default.Minimal_Default:PersistentLevel' has LevelScriptBlueprint '/Game/StarterContent/Maps/Minimal_Default.Minimal_Default:PersistentLevel.Minimal_Default' with GeneratedClass '/Game/StarterContent/Maps/Minimal_Default.Minimal_Default_C' with ClassGeneratedBy '/Game/StarterContent/Maps/Minimal_Default.Minimal_Default:PersistentLevel.Minimal_Default'
[2016.01.18-04.01.24:272][673]LogParticles: Destroying 0 GPU particle simulations for FXSystem 0x0000023C331A0AE0
[2016.01.18-04.01.25:211][779]LogRenderer: Reallocating scene render targets to support 1316x652 (Frame:1782).
[2016.01.18-04.01.25:251][780]LogRenderer: Reallocating scene render targets to support 1316x684 (Frame:1784).
[2016.01.18-04.01.25:290][781]LogRenderer: Reallocating scene render targets to support 1316x712 (Frame:1786).
[2016.01.18-04.01.25:335][782]LogRenderer: Reallocating scene render targets to support 1316x736 (Frame:1788).
[2016.01.18-04.01.25:384][783]LogRenderer: Reallocating scene render targets to support 1316x756 (Frame:1790).
[2016.01.18-04.01.25:427][784]LogRenderer: Reallocating scene render targets to support 1316x776 (Frame:1792).
[2016.01.18-04.01.25:466][785]LogRenderer: Reallocating scene render targets to support 1316x796 (Frame:1794).
[2016.01.18-04.01.25:514][786]LogRenderer: Reallocating scene render targets to support 1316x808 (Frame:1796).
[2016.01.18-04.01.25:557][787]LogRenderer: Reallocating scene render targets to support 1316x812 (Frame:1798).
[2016.01.18-04.01.26:663][903]LogBlueprintUserMessages: Early PlayInEditor Detection: Level '/Game/StarterContent/Maps/Minimal_Default.Minimal_Default:PersistentLevel' has LevelScriptBlueprint '/Game/StarterContent/Maps/Minimal_Default.Minimal_Default:PersistentLevel.Minimal_Default' with GeneratedClass '/Game/StarterContent/Maps/Minimal_Default.Minimal_Default_C' with ClassGeneratedBy '/Game/StarterContent/Maps/Minimal_Default.Minimal_Default:PersistentLevel.Minimal_Default'
[2016.01.18-04.01.26:663][903]LogPlayLevel: PlayLevel: No blueprints needed recompiling
[2016.01.18-04.01.26:664][903]PIE: New page: PIE session: Minimal_Default (Jan 17, 2016, 12:01:26 PM)
[2016.01.18-04.01.26:664][903]LogPlayLevel: Creating play world package: /Game/StarterContent/Maps/UEDPIE_0_Minimal_Default
[2016.01.18-04.01.26:667][903]LogPlayLevel: PIE: StaticDuplicateObject took: (0.003555s)
[2016.01.18-04.01.26:668][903]LogAIModule: Creating AISystem for world Minimal_Default
[2016.01.18-04.01.26:668][903]LogPlayLevel: PIE: World Init took: (0.000456s)
[2016.01.18-04.01.26:668][903]LogPlayLevel: PIE: Created PIE world by copying editor world from /Game/StarterContent/Maps/Minimal_Default.Minimal_Default to /Game/StarterContent/Maps/UEDPIE_0_Minimal_Default.Minimal_Default (0.004148s)
[2016.01.18-04.01.26:679][903]LogInit: XAudio2 using 'VS24A-4 (NVIDIA High Definition Audio)' : 2 channels at 48 kHz using 16 bits per sample (channel mask 0x3)
[2016.01.18-04.01.26:682][903]LogInit: FAudioDevice initialized.
[2016.01.18-04.01.26:715][903]LogWorld: Game class is 'PlayStudiosGameMode'
[2016.01.18-04.01.26:719][903]LogWorld: Bringing World /Game/StarterContent/Maps/UEDPIE_0_Minimal_Default.Minimal_Default up for play (max tick rate 0) at 2016.01.17-20.01.26
[2016.01.18-04.01.26:719][903]LogActor:Warning: GameSession /Game/StarterContent/Maps/UEDPIE_0_Minimal_Default.Minimal_Default:PersistentLevel.GameSession_1 has natively added scene component(s), but none of them were set as the actor's RootComponent - picking one arbitrarily
[2016.01.18-04.01.26:719][903]LogActor:Warning: GameNetworkManager /Game/StarterContent/Maps/UEDPIE_0_Minimal_Default.Minimal_Default:PersistentLevel.GameNetworkManager_1 has natively added scene component(s), but none of them were set as the actor's RootComponent - picking one arbitrarily
[2016.01.18-04.01.26:722][903]LogWorld: Bringing up level for play took: 0.005794
[2016.01.18-04.01.26:723][903]PIE: Info Play in editor start time for /Game/StarterContent/Maps/UEDPIE_0_Minimal_Default 0.858
[2016.01.18-04.01.26:723][903]LogBlueprintUserMessages: Late PlayInEditor Detection: Level '/Game/StarterContent/Maps/Minimal_Default.Minimal_Default:PersistentLevel' has LevelScriptBlueprint '/Game/StarterContent/Maps/Minimal_Default.Minimal_Default:PersistentLevel.Minimal_Default' with GeneratedClass '/Game/StarterContent/Maps/Minimal_Default.Minimal_Default_C' with ClassGeneratedBy '/Game/StarterContent/Maps/Minimal_Default.Minimal_Default:PersistentLevel.Minimal_Default'
[2016.01.18-04.03.24:270][490]LogBlueprintUserMessages: Early EndPlayMap Detection: Level '/Game/StarterContent/Maps/Minimal_Default.Minimal_Default:PersistentLevel' has LevelScriptBlueprint '/Game/StarterContent/Maps/Minimal_Default.Minimal_Default:PersistentLevel.Minimal_Default' with GeneratedClass '/Game/StarterContent/Maps/Minimal_Default.Minimal_Default_C' with ClassGeneratedBy '/Game/StarterContent/Maps/Minimal_Default.Minimal_Default:PersistentLevel.Minimal_Default'
[2016.01.18-04.03.24:312][490]LogBlueprintUserMessages: Late EndPlayMap Detection: Level '/Game/StarterContent/Maps/Minimal_Default.Minimal_Default:PersistentLevel' has LevelScriptBlueprint '/Game/StarterContent/Maps/Minimal_Default.Minimal_Default:PersistentLevel.Minimal_Default' with GeneratedClass '/Game/StarterContent/Maps/Minimal_Default.Minimal_Default_C' with ClassGeneratedBy '/Game/StarterContent/Maps/Minimal_Default.Minimal_Default:PersistentLevel.Minimal_Default'
[2016.01.18-04.03.24:353][491]LogParticles: Destroying 0 GPU particle simulations for FXSystem 0x0000023C2C48F560
[2016.01.18-04.03.25:333][586]LogWindowsTextInputMethodSystem:Display: IME system now deactivated.
[2016.01.18-04.03.25:509][587]Cmd: QUIT_EDITOR
[2016.01.18-04.03.25:964][587]LogExit: Preparing to exit.
[2016.01.18-04.03.26:410][587]LogExit: Editor shut down
[2016.01.18-04.03.26:410][587]LogExit: Transaction tracking system shut down
[2016.01.18-04.03.26:412][587]LogParticles: Destroying 0 GPU particle simulations for FXSystem 0x0000023C1EFC87C0
[2016.01.18-04.03.26:413][587]LogParticles: Destroying 0 GPU particle simulations for FXSystem 0x0000023C4A1A37E0
[2016.01.18-04.03.26:413][587]LogParticles: Destroying 0 GPU particle simulations for FXSystem 0x0000023C49A58FE0
[2016.01.18-04.03.26:413][587]LogParticles: Destroying 0 GPU particle simulations for FXSystem 0x0000023C32F0B420
[2016.01.18-04.03.26:413][587]LogParticles: Destroying 0 GPU particle simulations for FXSystem 0x0000023C32F0B380
[2016.01.18-04.03.26:510][587]LogExit: Object subsystem successfully closed.
[2016.01.18-04.03.26:526][587]LogD3D11RHI: Shutdown
[2016.01.18-04.03.26:526][587]LogD3D11RHI: CleanupD3DDevice
[2016.01.18-04.03.26:581][587]LogD3D11RHI: ~FD3D11DynamicRHI
[2016.01.18-04.03.26:589][587]LogModuleManager: Shutting down and abandoning module CrashTracker (201)
[2016.01.18-04.03.26:590][587]LogModuleManager: Shutting down and abandoning module SceneOutliner (200)
[2016.01.18-04.03.26:590][587]LogModuleManager: Shutting down and abandoning module SuperSearch (199)
[2016.01.18-04.03.26:590][587]LogModuleManager: Shutting down and abandoning module WidgetCarousel (198)
[2016.01.18-04.03.26:590][587]LogModuleManager: Shutting down and abandoning module AddContentDialog (197)
[2016.01.18-04.03.26:590][587]LogModuleManager: Shutting down and abandoning module EditorWidgets (196)
[2016.01.18-04.03.26:590][587]LogModuleManager: Shutting down and abandoning module CollectionManager (195)
[2016.01.18-04.03.26:590][587]LogModuleManager: Shutting down and abandoning module StatsViewer (194)
[2016.01.18-04.03.26:590][587]LogModuleManager: Shutting down and abandoning module FoliageEdit (193)
[2016.01.18-04.03.26:590][587]LogModuleManager: Shutting down and abandoning module LandscapeEditor (192)
[2016.01.18-04.03.26:590][587]LogModuleManager: Shutting down and abandoning module ActorPickerMode (191)
[2016.01.18-04.03.26:590][587]LogModuleManager: Shutting down and abandoning module GeometryMode (190)
[2016.01.18-04.03.26:590][587]LogModuleManager: Shutting down and abandoning module TextureAlignMode (189)
[2016.01.18-04.03.26:590][587]LogModuleManager: Shutting down and abandoning module BspMode (188)
[2016.01.18-04.03.26:590][587]LogModuleManager: Shutting down and abandoning module PlacementMode (187)
[2016.01.18-04.03.26:590][587]LogModuleManager: Shutting down and abandoning module AutomationWorker (186)
[2016.01.18-04.03.26:590][587]LogModuleManager: Shutting down and abandoning module CharacterAI (185)
[2016.01.18-04.03.26:590][587]LogModuleManager: Shutting down and abandoning module SmartSnapping (184)
[2016.01.18-04.03.26:590][587]LogModuleManager: Shutting down and abandoning module ViewportSnapping (183)
[2016.01.18-04.03.26:590][587]LogModuleManager: Shutting down and abandoning module LogVisualizer (182)
[2016.01.18-04.03.26:590][587]LogModuleManager: Shutting down and abandoning module GameProjectGeneration (181)
[2016.01.18-04.03.26:590][587]LogModuleManager: Shutting down and abandoning module IntroTutorials (180)
[2016.01.18-04.03.26:590][587]LogModuleManager: Shutting down and abandoning module EditorLiveStreaming (179)
[2016.01.18-04.03.26:591][587]LogModuleManager: Shutting down and abandoning module IOSPlatformEditor (178)
[2016.01.18-04.03.26:591][587]LogModuleManager: Shutting down and abandoning module HTML5PlatformEditor (177)
[2016.01.18-04.03.26:591][587]LogModuleManager: Shutting down and abandoning module AndroidDeviceDetection (176)
[2016.01.18-04.03.27:062][587]LogModuleManager: Shutting down and abandoning module AndroidPlatformEditor (175)
[2016.01.18-04.03.27:062][587]LogModuleManager: Shutting down and abandoning module IOSRuntimeSettings (174)
[2016.01.18-04.03.27:062][587]LogModuleManager: Shutting down and abandoning module AndroidRuntimeSettings (173)
[2016.01.18-04.03.27:062][587]LogModuleManager: Shutting down and abandoning module MergeActors (172)
[2016.01.18-04.03.27:062][587]LogModuleManager: Shutting down and abandoning module SizeMap (171)
[2016.01.18-04.03.27:062][587]LogModuleManager: Shutting down and abandoning module TreeMap (170)
[2016.01.18-04.03.27:062][587]LogModuleManager: Shutting down and abandoning module ReferenceViewer (169)
[2016.01.18-04.03.27:062][587]LogModuleManager: Shutting down and abandoning module LocalizationService (168)
[2016.01.18-04.03.27:062][587]LogModuleManager: Shutting down and abandoning module LocalizationDashboard (167)
[2016.01.18-04.03.27:062][587]LogModuleManager: Shutting down and abandoning module HardwareTargeting (166)
[2016.01.18-04.03.27:062][587]LogModuleManager: Shutting down and abandoning module DeviceProfileEditor (165)
[2016.01.18-04.03.27:062][587]LogModuleManager: Shutting down and abandoning module UndoHistory (164)
[2016.01.18-04.03.27:062][587]LogModuleManager: Shutting down and abandoning module GameplayTagsEditor (163)
[2016.01.18-04.03.27:062][587]LogModuleManager: Shutting down and abandoning module UserFeedback (162)
[2016.01.18-04.03.27:062][587]LogModuleManager: Shutting down and abandoning module XmlParser (161)
[2016.01.18-04.03.27:062][587]LogModuleManager: Shutting down and abandoning module Blutility (160)
[2016.01.18-04.03.27:062][587]LogModuleManager: Shutting down and abandoning module ProjectTargetPlatformEditor (159)
[2016.01.18-04.03.27:062][587]LogModuleManager: Shutting down and abandoning module ProjectSettingsViewer (158)
[2016.01.18-04.03.27:062][587]LogModuleManager: Shutting down and abandoning module InputBindingEditor (157)
[2016.01.18-04.03.27:062][587]LogModuleManager: Shutting down and abandoning module EditorSettingsViewer (156)
[2016.01.18-04.03.27:062][587]LogModuleManager: Shutting down and abandoning module SettingsEditor (155)
[2016.01.18-04.03.27:062][587]LogModuleManager: Shutting down and abandoning module ProjectLauncher (154)
[2016.01.18-04.03.27:062][587]LogModuleManager: Shutting down and abandoning module SessionFrontend (153)
[2016.01.18-04.03.27:062][587]LogModuleManager: Shutting down and abandoning module ProfilerClient (152)
[2016.01.18-04.03.27:062][587]LogModuleManager: Shutting down and abandoning module TargetDeviceServices (151)
[2016.01.18-04.03.27:062][587]LogModuleManager: Shutting down and abandoning module DeviceManager (150)
[2016.01.18-04.03.27:062][587]LogModuleManager: Shutting down and abandoning module AutomationController (149)
[2016.01.18-04.03.27:062][587]LogModuleManager: Shutting down and abandoning module AutomationWindow (148)
[2016.01.18-04.03.27:062][587]LogModuleManager: Shutting down and abandoning module Layers (147)
[2016.01.18-04.03.27:062][587]LogModuleManager: Shutting down and abandoning module ComponentVisualizers (146)
[2016.01.18-04.03.27:062][587]LogModuleManager: Shutting down and abandoning module DetailCustomizations (145)
[2016.01.18-04.03.27:062][587]LogModuleManager: Shutting down and abandoning module PackagesDialog (144)
[2016.01.18-04.03.27:062][587]LogModuleManager: Shutting down and abandoning module Persona (143)
[2016.01.18-04.03.27:062][587]LogModuleManager: Shutting down and abandoning module Kismet (142)
[2016.01.18-04.03.27:062][587]LogModuleManager: Shutting down and abandoning module GraphEditor (141)
[2016.01.18-04.03.27:062][587]LogModuleManager: Shutting down and abandoning module ClassViewer (140)
[2016.01.18-04.03.27:062][587]LogModuleManager: Shutting down and abandoning module Toolbox (139)
[2016.01.18-04.03.27:062][587]LogModuleManager: Shutting down and abandoning module ModuleUI (138)
[2016.01.18-04.03.27:062][587]LogModuleManager: Shutting down and abandoning module MovieSceneTools (137)
[2016.01.18-04.03.27:062][587]LogModuleManager: Shutting down and abandoning module OutputLog (136)
[2016.01.18-04.03.27:062][587]LogModuleManager: Shutting down and abandoning module GammaUI (135)
[2016.01.18-04.03.27:062][587]LogModuleManager: Shutting down and abandoning module Documentation (134)
[2016.01.18-04.03.27:062][587]LogModuleManager: Shutting down and abandoning module GameLiveStreaming (133)
[2016.01.18-04.03.27:062][587]LogModuleManager: Shutting down and abandoning module StreamingPauseRendering (132)
[2016.01.18-04.03.27:062][587]LogModuleManager: Shutting down and abandoning module AnalyticsET (131)
[2016.01.18-04.03.27:062][587]LogModuleManager: Shutting down and abandoning module Analytics (130)
[2016.01.18-04.03.27:062][587]LogModuleManager: Shutting down and abandoning module AITestSuite (129)
[2016.01.18-04.03.27:062][587]LogModuleManager: Shutting down and abandoning module GameplayDebugger (128)
[2016.01.18-04.03.27:062][587]LogModuleManager: Shutting down and abandoning module AIModule (127)
[2016.01.18-04.03.27:062][587]LogModuleManager: Shutting down and abandoning module ProfilerService (126)
[2016.01.18-04.03.27:110][587]LogModuleManager: Shutting down and abandoning module TaskGraph (125)
[2016.01.18-04.03.27:110][587]LogModuleManager: Shutting down and abandoning module CreatureEditor (124)
[2016.01.18-04.03.27:110][587]LogModuleManager: Shutting down and abandoning module SlateRemote (123)
[2016.01.18-04.03.27:110][587]LogModuleManager: Shutting down and abandoning module SteamVRController (122)
[2016.01.18-04.03.27:110][587]LogModuleManager: Shutting down and abandoning module SteamVR (121)
[2016.01.18-04.03.27:110][587]LogModuleManager: Shutting down and abandoning module ProceduralMeshComponent (120)
[2016.01.18-04.03.27:110][587]LogModuleManager: Shutting down and abandoning module OculusLibrary (119)
[2016.01.18-04.03.27:110][587]LogModuleManager: Shutting down and abandoning module OculusInput (118)
[2016.01.18-04.03.27:110][587]LogModuleManager: Shutting down and abandoning module LeapMotionController (117)
[2016.01.18-04.03.27:124][587]LogModuleManager: Shutting down and abandoning module CustomMeshComponent (116)
[2016.01.18-04.03.27:124][587]LogModuleManager: Shutting down and abandoning module CableComponent (115)
[2016.01.18-04.03.27:124][587]LogModuleManager: Shutting down and abandoning module ArchVisCharacter (114)
[2016.01.18-04.03.27:124][587]LogModuleManager: Shutting down and abandoning module MessagingDebugger (113)
[2016.01.18-04.03.27:124][587]LogModuleManager: Shutting down and abandoning module MediaPlayerEditor (112)
[2016.01.18-04.03.27:124][587]LogModuleManager: Shutting down and abandoning module HTML5Networking (111)
[2016.01.18-04.03.27:124][587]LogModuleManager: Shutting down and abandoning module SpeedTreeImporter (110)
[2016.01.18-04.03.27:124][587]LogModuleManager: Shutting down and abandoning module PluginBrowser (109)
[2016.01.18-04.03.27:124][587]LogModuleManager: Shutting down and abandoning module EpicSurvey (108)
[2016.01.18-04.03.27:124][587]LogModuleManager: Shutting down and abandoning module DesktopPlatform (107)
[2016.01.18-04.03.27:124][587]LogModuleManager: Shutting down and abandoning module VisualStudioSourceCodeAccess (106)
[2016.01.18-04.03.27:124][587]LogModuleManager: Shutting down and abandoning module UObjectPlugin (105)
[2016.01.18-04.03.27:124][587]LogModuleManager: Shutting down and abandoning module SubversionSourceControl (104)
[2016.01.18-04.03.27:124][587]LogModuleManager: Shutting down and abandoning module PerforceSourceControl (103)
[2016.01.18-04.03.27:124][587]LogModuleManager: Shutting down and abandoning module SourceControl (102)
[2016.01.18-04.03.27:124][587]LogModuleManager: Shutting down and abandoning module GitSourceControl (101)
[2016.01.18-04.03.27:124][587]LogModuleManager: Shutting down and abandoning module LightPropagationVolumeEditor (100)
[2016.01.18-04.03.27:124][587]LogModuleManager: Shutting down and abandoning module PaperTiledImporter (99)
[2016.01.18-04.03.27:124][587]LogModuleManager: Shutting down and abandoning module PaperSpriteSheetImporter (98)
[2016.01.18-04.03.27:124][587]LogModuleManager: Shutting down and abandoning module MeshPaint (97)
[2016.01.18-04.03.27:124][587]LogModuleManager: Shutting down and abandoning module SlateReflector (96)
[2016.01.18-04.03.27:124][587]LogModuleManager: Shutting down and abandoning module HotReload (95)
[2016.01.18-04.03.27:124][587]LogModuleManager: Shutting down and abandoning module MainFrame (94)
[2016.01.18-04.03.27:124][587]LogModuleManager: Shutting down and abandoning module LevelEditor (93)
[2016.01.18-04.03.27:125][587]LogModuleManager: Shutting down and abandoning module DirectoryWatcher (92)
[2016.01.18-04.03.27:125][587]LogModuleManager: Shutting down and abandoning module AssetRegistry (91)
[2016.01.18-04.03.27:167][587]LogModuleManager: Shutting down and abandoning module ContentBrowser (90)
[2016.01.18-04.03.27:168][587]LogModuleManager: Shutting down and abandoning module Paper2DEditor (89)
[2016.01.18-04.03.27:168][587]LogModuleManager: Shutting down and abandoning module PlayStudios (88)
[2016.01.18-04.03.27:168][587]LogModuleManager: Shutting down and abandoning module CreaturePlugin (87)
[2016.01.18-04.03.27:168][587]LogModuleManager: Shutting down and abandoning module UdpMessaging (86)
[2016.01.18-04.03.27:269][587]LogModuleManager: Shutting down and abandoning module LightPropagationVolumeRuntime (85)
[2016.01.18-04.03.27:269][587]LogModuleManager: Shutting down and abandoning module Paper2D (84)
[2016.01.18-04.03.27:269][587]LogModuleManager: Shutting down and abandoning module WindowsMoviePlayer (83)
[2016.01.18-04.03.27:270][587]LogModuleManager: Shutting down and abandoning module Media (82)
[2016.01.18-04.03.27:270][587]LogModuleManager: Shutting down and abandoning module WmfMedia (81)
[2016.01.18-04.03.27:270][587]LogModuleManager: Shutting down and abandoning module OnlineBlueprintSupport (80)
[2016.01.18-04.03.27:270][587]LogModuleManager: Shutting down and abandoning module GameplayTasksEditor (79)
[2016.01.18-04.03.27:270][587]LogModuleManager: Shutting down and abandoning module PropertyEditor (78)
[2016.01.18-04.03.27:271][587]LogModuleManager: Shutting down and abandoning module BehaviorTreeEditor (77)
[2016.01.18-04.03.27:271][587]LogModuleManager: Shutting down and abandoning module FunctionalTesting (76)
[2016.01.18-04.03.27:271][587]LogModuleManager: Shutting down and abandoning module CollisionAnalyzer (75)
[2016.01.18-04.03.27:271][587]LogModuleManager: Shutting down and abandoning module WorkspaceMenuStructure (74)
[2016.01.18-04.03.27:271][587]LogModuleManager: Shutting down and abandoning module MessageLog (73)
[2016.01.18-04.03.27:271][587]LogModuleManager: Shutting down and abandoning module Sequencer (72)
[2016.01.18-04.03.27:271][587]LogModuleManager: Shutting down and abandoning module AssetTools (71)
[2016.01.18-04.03.27:271][587]LogModuleManager: Shutting down and abandoning module UMGEditor (70)
[2016.01.18-04.03.27:271][587]LogModuleManager: Shutting down and abandoning module UMG (69)
[2016.01.18-04.03.27:271][587]LogModuleManager: Shutting down and abandoning module Slate (68)
[2016.01.18-04.03.27:271][587]LogModuleManager: Shutting down and abandoning module EditorStyle (67)
[2016.01.18-04.03.27:272][587]LogModuleManager: Shutting down and abandoning module SessionServices (66)
[2016.01.18-04.03.27:272][587]LogModuleManager: Shutting down and abandoning module SourceCodeAccess (65)
[2016.01.18-04.03.27:272][587]LogModuleManager: Shutting down and abandoning module HeadMountedDisplay (64)
[2016.01.18-04.03.27:272][587]LogModuleManager: Shutting down and abandoning module XAudio2 (63)
[2016.01.18-04.03.27:272][587]LogModuleManager: Shutting down and abandoning module Networking (61)
[2016.01.18-04.03.27:272][587]LogModuleManager: Shutting down and abandoning module Core (60)
[2016.01.18-04.03.27:272][587]LogModuleManager: Shutting down and abandoning module KismetCompiler (59)
[2016.01.18-04.03.27:272][587]LogModuleManager: Shutting down and abandoning module PhysXFormats (58)
[2016.01.18-04.03.27:272][587]LogModuleManager: Shutting down and abandoning module MeshUtilities (57)
[2016.01.18-04.03.27:272][587]LogModuleManager: Shutting down and abandoning module DerivedDataCache (56)
[2016.01.18-04.03.27:290][587]LogDerivedDataCache: Shutdown
[2016.01.18-04.03.27:290][587]LogModuleManager: Shutting down and abandoning module ShaderFormatOpenGL (55)
[2016.01.18-04.03.27:290][587]LogModuleManager: Shutting down and abandoning module ShaderFormatD3D (54)
[2016.01.18-04.03.27:290][587]LogModuleManager: Shutting down and abandoning module MetalShaderFormat (53)
[2016.01.18-04.03.27:290][587]LogModuleManager: Shutting down and abandoning module TextureFormatUncompressed (52)
[2016.01.18-04.03.27:290][587]LogModuleManager: Shutting down and abandoning module TextureFormatPVR (51)
[2016.01.18-04.03.27:290][587]LogModuleManager: Shutting down and abandoning module TextureFormatIntelISPCTexComp (50)
[2016.01.18-04.03.27:290][587]LogModuleManager: Shutting down and abandoning module TextureFormatDXT (49)
[2016.01.18-04.03.27:290][587]LogModuleManager: Shutting down and abandoning module ImageWrapper (48)
[2016.01.18-04.03.27:290][587]LogModuleManager: Shutting down and abandoning module TextureFormatASTC (47)
[2016.01.18-04.03.27:290][587]LogModuleManager: Shutting down and abandoning module TextureFormatAndroid (46)
[2016.01.18-04.03.27:290][587]LogModuleManager: Shutting down and abandoning module AudioFormatOpus (45)
[2016.01.18-04.03.27:290][587]LogModuleManager: Shutting down and abandoning module AudioFormatOgg (44)
[2016.01.18-04.03.27:290][587]LogModuleManager: Shutting down and abandoning module AudioFormatADPCM (43)
[2016.01.18-04.03.27:290][587]LogModuleManager: Shutting down and abandoning module LinuxTargetPlatform (42)
[2016.01.18-04.03.27:290][587]LogModuleManager: Shutting down and abandoning module LinuxServerTargetPlatform (41)
[2016.01.18-04.03.27:290][587]LogModuleManager: Shutting down and abandoning module LinuxNoEditorTargetPlatform (40)
[2016.01.18-04.03.27:290][587]LogModuleManager: Shutting down and abandoning module Messaging (39)
[2016.01.18-04.03.27:290][587]LogModuleManager: Shutting down and abandoning module IOSTargetPlatform (38)
[2016.01.18-04.03.27:290][587]LogModuleManager: Shutting down and abandoning module HTML5TargetPlatform (37)
[2016.01.18-04.03.27:290][587]LogModuleManager: Shutting down and abandoning module Android_PVRTCTargetPlatform (36)
[2016.01.18-04.03.27:290][587]LogModuleManager: Shutting down and abandoning module Android_MultiTargetPlatform (35)
[2016.01.18-04.03.27:290][587]LogModuleManager: Shutting down and abandoning module Android_ETC2TargetPlatform (34)
[2016.01.18-04.03.27:290][587]LogModuleManager: Shutting down and abandoning module Android_ETC1TargetPlatform (33)
[2016.01.18-04.03.27:290][587]LogModuleManager: Shutting down and abandoning module Android_DXTTargetPlatform (32)
[2016.01.18-04.03.27:290][587]LogModuleManager: Shutting down and abandoning module Android_ATCTargetPlatform (31)
[2016.01.18-04.03.27:290][587]LogModuleManager: Shutting down and abandoning module Android_ASTCTargetPlatform (30)
[2016.01.18-04.03.27:290][587]LogModuleManager: Shutting down and abandoning module AndroidTargetPlatform (29)
[2016.01.18-04.03.27:290][587]LogModuleManager: Shutting down and abandoning module WindowsTargetPlatform (28)
[2016.01.18-04.03.27:290][587]LogModuleManager: Shutting down and abandoning module WindowsServerTargetPlatform (27)
[2016.01.18-04.03.27:290][587]LogModuleManager: Shutting down and abandoning module WindowsNoEditorTargetPlatform (26)
[2016.01.18-04.03.27:290][587]LogModuleManager: Shutting down and abandoning module WindowsClientTargetPlatform (25)
[2016.01.18-04.03.27:290][587]LogModuleManager: Shutting down and abandoning module AllDesktopTargetPlatform (24)
[2016.01.18-04.03.27:290][587]LogModuleManager: Shutting down and abandoning module TargetPlatform (23)
[2016.01.18-04.03.27:290][587]LogModuleManager: Shutting down and abandoning module InputCore (22)
[2016.01.18-04.03.27:290][587]LogModuleManager: Shutting down and abandoning module Settings (21)
[2016.01.18-04.03.27:290][587]LogModuleManager: Shutting down and abandoning module OnlineSubsystem (19)
[2016.01.18-04.03.27:290][587]LogModuleManager: Shutting down and abandoning module HTTP (18)
[2016.01.18-04.03.29:294][587]LogModuleManager: Shutting down and abandoning module XMPP (17)
[2016.01.18-04.03.29:294][587]LogModuleManager: Shutting down and abandoning module OculusRift (16)
[2016.01.18-04.03.29:294][587]LogModuleManager: Shutting down and abandoning module ExampleDeviceProfileSelector (15)
[2016.01.18-04.03.29:294][587]LogModuleManager: Shutting down and abandoning module TextureCompressor (14)
[2016.01.18-04.03.29:294][587]LogModuleManager: Shutting down and abandoning module ShaderCore (13)
[2016.01.18-04.03.29:294][587]LogModuleManager: Shutting down and abandoning module Landscape (12)
[2016.01.18-04.03.29:294][587]LogModuleManager: Shutting down and abandoning module SlateRHIRenderer (11)
[2016.01.18-04.03.29:294][587]LogModuleManager: Shutting down and abandoning module OpenGLDrv (10)
[2016.01.18-04.03.29:294][587]LogModuleManager: Shutting down and abandoning module D3D11RHI (9)
[2016.01.18-04.03.29:294][587]LogModuleManager: Shutting down and abandoning module AnimGraphRuntime (8)
[2016.01.18-04.03.29:294][587]LogModuleManager: Shutting down and abandoning module Renderer (7)
[2016.01.18-04.03.29:294][587]LogModuleManager: Shutting down and abandoning module Engine (6)
[2016.01.18-04.03.29:294][587]LogModuleManager: Shutting down and abandoning module CoreUObject (5)
[2016.01.18-04.03.29:294][587]LogModuleManager: Shutting down and abandoning module NetworkFile (4)
[2016.01.18-04.03.29:294][587]LogModuleManager: Shutting down and abandoning module StreamingFile (3)
[2016.01.18-04.03.29:294][587]LogModuleManager: Shutting down and abandoning module SandboxFile (2)
[2016.01.18-04.03.29:294][587]LogModuleManager: Shutting down and abandoning module PakFile (1)
[2016.01.18-04.03.29:295][587]LogExit: Exiting.
[2016.01.18-04.03.29:296][587]Log file closed, 01/17/16 20:03:29
