[2016.03.19-17.12.12:565][  0]Log file open, 03/19/16 10:12:12
[2016.03.19-17.12.12:565][  0]LogInit:Display: Running engine for game: CreatureDragon2D
[2016.03.19-17.12.12:565][  0]LogPlatformFile: Not using cached read wrapper
[2016.03.19-17.12.12:565][  0]LogInit:Display: RandInit(630763595) SRandInit(630763597).
[2016.03.19-17.12.12:565][  0]LogTaskGraph: Started task graph with 4 named threads and 7 total threads.
[2016.03.19-17.12.12:565][  0]LogStats: Stats thread started at 0.067708
[2016.03.19-17.12.12:565][  0]LogInit: Version: 4.10.1-2791327+++depot+UE4-Releases+4.10
[2016.03.19-17.12.12:565][  0]LogInit: API Version: 2758231
[2016.03.19-17.12.12:565][  0]LogInit: Compiled (64-bit): Dec  4 2015 19:44:40
[2016.03.19-17.12.12:565][  0]LogInit: Compiled with Visual C++: 19.00.23026.00
[2016.03.19-17.12.12:565][  0]LogInit: Build Configuration: Development
[2016.03.19-17.12.12:565][  0]LogInit: Branch Name: ++depot+UE4-Releases+4.10
[2016.03.19-17.12.12:565][  0]LogInit: Command line:  
[2016.03.19-17.12.12:565][  0]LogInit: Base directory: C:/Program Files/Epic Games/4.10/Engine/Binaries/Win64/
[2016.03.19-17.12.12:565][  0]LogInit: Rocket: 1
[2016.03.19-17.12.12:570][  0]LogInit: Using libcurl 7.41.0
[2016.03.19-17.12.12:570][  0]LogInit:  - built for x86_64-pc-win32
[2016.03.19-17.12.12:570][  0]LogInit:  - supports SSL with WinSSL
[2016.03.19-17.12.12:570][  0]LogInit:  - other features:
[2016.03.19-17.12.12:570][  0]LogInit:      CURL_VERSION_SSL
[2016.03.19-17.12.12:570][  0]LogInit:      CURL_VERSION_IPV6
[2016.03.19-17.12.12:570][  0]LogInit:      CURL_VERSION_ASYNCHDNS
[2016.03.19-17.12.12:570][  0]LogInit:      CURL_VERSION_LARGEFILE
[2016.03.19-17.12.12:570][  0]LogInit:      CURL_VERSION_IDN
[2016.03.19-17.12.12:570][  0]LogInit:  CurlRequestOptions (configurable via config and command line):
[2016.03.19-17.12.12:570][  0]LogInit:  - bVerifyPeer = true  - Libcurl will verify peer certificate
[2016.03.19-17.12.12:570][  0]LogInit:  - bUseHttpProxy = false  - Libcurl will NOT use HTTP proxy
[2016.03.19-17.12.12:570][  0]LogInit:  - bDontReuseConnections = false  - Libcurl will reuse connections
[2016.03.19-17.12.12:570][  0]LogInit:  - CertBundlePath = nullptr  - Libcurl will use whatever was configured at build time.
[2016.03.19-17.12.12:575][  0]LogInit: Presizing for 0 objects not considered by GC, pre-allocating 0 bytes.
[2016.03.19-17.12.12:579][  0]LogInit: Object subsystem initialized
[2016.03.19-17.12.12:579][  0]LogInit: Selected Device Profile: [Windows]
[2016.03.19-17.12.12:579][  0]LogInit: Applying CVar settings loaded from the selected device profile: [Windows]
[2016.03.19-17.12.12:588][  0]LogInit: Computer: MERLIN
[2016.03.19-17.12.12:588][  0]LogInit: User: jychong
[2016.03.19-17.12.12:588][  0]LogInit: CPU Page size=4096, Cores=4
[2016.03.19-17.12.12:588][  0]LogInit: High frequency timer resolution =3.914058 MHz
[2016.03.19-17.12.12:588][  0]LogMemory: Memory total: Physical=15.9GB (16GB approx)
[2016.03.19-17.12.12:588][  0]LogMemory: Platform Memory Stats for Windows
[2016.03.19-17.12.12:588][  0]LogMemory: Process Physical Memory: 56.13 MB used, 56.13 MB peak
[2016.03.19-17.12.12:588][  0]LogMemory: Process Virtual Memory: 58.75 MB used, 58.75 MB peak
[2016.03.19-17.12.12:588][  0]LogMemory: Physical Memory: 4399.52 MB used, 16332.17 MB total
[2016.03.19-17.12.12:588][  0]LogMemory: Virtual Memory: 384.79 MB used, 134217728.00 MB total
[2016.03.19-17.12.12:616][  0]LogTextLocalizationManager: No specific translations for ('en-US') exist, so ('en') translations will be used.
[2016.03.19-17.12.12:918][  0]LogD3D11RHI: Found D3D11 adapter 0: NVIDIA GeForce GTX 950 (Feature Level 11_0)
[2016.03.19-17.12.12:918][  0]LogD3D11RHI: Adapter has 1969MB of dedicated video memory, 0MB of dedicated system memory, and 8166MB of shared system memory, 1 output[s]
[2016.03.19-17.12.12:919][  0]LogD3D11RHI: Found D3D11 adapter 1: Microsoft Basic Render Driver (Feature Level 11_0)
[2016.03.19-17.12.12:919][  0]LogD3D11RHI: Adapter has 0MB of dedicated video memory, 0MB of dedicated system memory, and 8166MB of shared system memory, 0 output[s]
[2016.03.19-17.12.12:919][  0]LogD3D11RHI: Chosen D3D11 Adapter Id = 0
[2016.03.19-17.12.12:922][  0]LogD3D11RHI: !Direct3DDevice
[2016.03.19-17.12.12:922][  0]LogRHI: Texture pool is 1361 MB (70% of 1945 MB)
[2016.03.19-17.12.12:930][  0]LogD3D11RHI: Async texture creation enabled
[2016.03.19-17.12.12:945][  0]LogShaderCompilers: Guid format shader working directory is -38 characters bigger than the processId version (../../../../../../Users/jychong/Documents/Work/Projects/UE4_Projects/CreatureDragon2D/Intermediate/Shaders/WorkingDirectory/12236/).
[2016.03.19-17.12.12:945][  0]LogShaderCompilers: Cleaned the shader compiler working directory 'C:/Users/jychong/AppData/Local/Temp/UnrealShaderWorkingDir/8DC6E52446AFF66EEC6CB18BAEB9571D/'.
[2016.03.19-17.12.12:945][  0]LogShaderCompilers:Display: Using Local Shader Compiler.
[2016.03.19-17.12.13:442][  0]LogTemp:Display: Loaded TP AllDesktopTargetPlatform
[2016.03.19-17.12.13:445][  0]LogTemp:Display: Loaded TP WindowsClientTargetPlatform
[2016.03.19-17.12.13:449][  0]LogTemp:Display: Loaded TP WindowsNoEditorTargetPlatform
[2016.03.19-17.12.13:452][  0]LogTemp:Display: Loaded TP WindowsServerTargetPlatform
[2016.03.19-17.12.13:455][  0]LogTemp:Display: Loaded TP WindowsTargetPlatform
[2016.03.19-17.12.13:457][  0]LogTemp:Display: Loaded TP AndroidTargetPlatform
[2016.03.19-17.12.13:459][  0]LogTemp:Display: Loaded TP Android_ASTCTargetPlatform
[2016.03.19-17.12.13:461][  0]LogTemp:Display: Loaded TP Android_ATCTargetPlatform
[2016.03.19-17.12.13:463][  0]LogTemp:Display: Loaded TP Android_DXTTargetPlatform
[2016.03.19-17.12.13:465][  0]LogTemp:Display: Loaded TP Android_ETC1TargetPlatform
[2016.03.19-17.12.13:467][  0]LogTemp:Display: Loaded TP Android_ETC2TargetPlatform
[2016.03.19-17.12.13:471][  0]LogTemp:Display: Loaded TP Android_MultiTargetPlatform
[2016.03.19-17.12.13:471][  0]LogTemp:Display: Loaded TP Android_PVRTCTargetPlatform
[2016.03.19-17.12.13:472][  0]LogTemp:Display: Loaded TP HTML5TargetPlatform
[2016.03.19-17.12.13:487][  0]LogTemp:Display: Loaded TP IOSTargetPlatform
[2016.03.19-17.12.13:489][  0]LogTemp:Display: Loaded TP LinuxNoEditorTargetPlatform
[2016.03.19-17.12.13:491][  0]LogTemp:Display: Loaded TP LinuxServerTargetPlatform
[2016.03.19-17.12.13:493][  0]LogTemp:Display: Loaded TP LinuxTargetPlatform
[2016.03.19-17.12.13:493][  0]LogTargetPlatformManager:Display: Building Assets For Windows
[2016.03.19-17.12.13:547][  0]LogDerivedDataCache:Display: Max Cache Size: 512 MB
[2016.03.19-17.12.13:576][  0]LogDerivedDataCache: Loaded boot cache 0.03s 41MB C:/Users/jychong/AppData/Local/UnrealEngine/4.10/DerivedDataCache/Boot.ddc.
[2016.03.19-17.12.13:576][  0]LogDerivedDataCache:Display: Loaded Boot cache: C:/Users/jychong/AppData/Local/UnrealEngine/4.10/DerivedDataCache/Boot.ddc
[2016.03.19-17.12.13:576][  0]LogDerivedDataCache: FDerivedDataBackendGraph:  Pak pak cache file ../../../../../../Users/jychong/Documents/Work/Projects/UE4_Projects/CreatureDragon2D/DerivedDataCache/DDC.ddp not found, will not use a pak cache.
[2016.03.19-17.12.13:576][  0]LogDerivedDataCache: Unable to find inner node Pak for hierarchical cache Hierarchy.
[2016.03.19-17.12.13:576][  0]LogDerivedDataCache: FDerivedDataBackendGraph:  CompressedPak pak cache file ../../../../../../Users/jychong/Documents/Work/Projects/UE4_Projects/CreatureDragon2D/DerivedDataCache/Compressed.ddp not found, will not use a pak cache.
[2016.03.19-17.12.13:576][  0]LogDerivedDataCache: Unable to find inner node CompressedPak for hierarchical cache Hierarchy.
[2016.03.19-17.12.13:615][  0]LogDerivedDataCache:Display: Pak cache opened for reading ../../../Engine/DerivedDataCache/Compressed.ddp.
[2016.03.19-17.12.13:626][  0]LogDerivedDataCache: Using Local data cache path C:/Users/jychong/AppData/Local/UnrealEngine/Common/DerivedDataCache: Writable
[2016.03.19-17.12.13:743][  0]LogInit: Selected Device Profile: [Windows]
[2016.03.19-17.12.13:744][  0]LogContentStreaming: Texture pool size is 0.000000MB
[2016.03.19-17.12.13:816][  0]LogMeshUtilities: No automatic mesh reduction module available
[2016.03.19-17.12.13:816][  0]LogMeshUtilities: No automatic mesh merging module available
[2016.03.19-17.12.13:956][  0]LogInit: WinSock: version 1.1 (2.2), MaxSocks=32767, MaxUdp=65467
[2016.03.19-17.12.14:441][  0]UdpMessaging: Initializing bridge on interface 0.0.0.0:0 to multicast group 230.0.0.1:6666.
[2016.03.19-17.12.14:572][  0]LogAssetRegistry: FAssetRegistry took 0.0105 seconds to start up
[2016.03.19-17.12.14:678][  0]SourceControl: Info Source control is disabled
[2016.03.19-17.12.14:684][  0]SourceControl: Info Source control is disabled
[2016.03.19-17.12.14:692][  0]SourceControl: Info Source control is disabled
[2016.03.19-17.12.14:699][  0]SourceControl: Info Source control is disabled
[2016.03.19-17.12.14:850][  0]LogObj: 28953 objects as part of root set at end of initial load.
[2016.03.19-17.12.14:850][  0]LogUObjectAllocator: 6167816 out of 0 bytes used by permanent object pool.
[2016.03.19-17.12.14:892][  0]LogEngine: Initializing Engine...
[2016.03.19-17.12.14:893][  0]LogHMD: Can't find Oculus library dev build: is proper Runtime installed? Version: 0.8.0.0
[2016.03.19-17.12.14:894][  0]LogHMD: SteamVR failed to initialize.  Err: 110
[2016.03.19-17.12.14:974][  0]LogAIModule: Creating AISystem for world NewWorld
[2016.03.19-17.12.14:978][  0]LogInit: XAudio2 using 'VS24A-4 (NVIDIA High Definition Audio)' : 2 channels at 48 kHz using 16 bits per sample (channel mask 0x3)
[2016.03.19-17.12.14:989][  0]LogInit: FAudioDevice initialized.
[2016.03.19-17.12.15:004][  0]LogDerivedDataCache: Saved boot cache 0.01s 41MB C:/Users/jychong/AppData/Local/UnrealEngine/4.10/DerivedDataCache/Boot.ddc.
[2016.03.19-17.12.15:007][  0]LogInit: Texture streaming: Enabled
[2016.03.19-17.12.15:011][  0]LogAnalytics: Creating configured Analytics provider AnalyticsET
[2016.03.19-17.12.15:011][  0]LogAnalytics: [UEEditor.Rocket.Release] APIServer = http://et2.epicgames.com/ET2/. AppVersion = 4.10.1-2791327+++depot+UE4-Releases+4.10
[2016.03.19-17.12.15:011][  0]LogAnalytics: [UEEditor.Rocket.Release] SetUserId 0a664b9e40ce3392435320acb25808e8|d085e2169ed74ad5919a9c5f09bdfc6a|342dfd8c-d9ad-42f6-b691-24b5970a92ec
[2016.03.19-17.12.15:011][  0]LogAnalytics: [UEEditor.Rocket.Release] AnalyticsET::StartSession
[2016.03.19-17.12.15:034][  0]LogInit: Transaction tracking system initialized
[2016.03.19-17.12.15:053][  0]BlueprintLog: New page: Editor Load
[2016.03.19-17.12.15:107][  0]LocalizationService: Info Localization service is disabled
[2016.03.19-17.12.15:160][  0]LogConsoleResponse:Display: 
[2016.03.19-17.12.15:232][  0]LogCook:Display: Done creating registry. It took  0.00s.
[2016.03.19-17.12.15:270][  0]LogFileCache: Scanning file cache for directory 'C:/Users/jychong/Documents/Work/Projects/UE4_Projects/CreatureDragon2D/Content/' took 0.01s
[2016.03.19-17.12.15:270][  0]SourceControl: Info Source control is disabled
[2016.03.19-17.12.15:270][  0]Cmd: MAP LOAD FILE="../../../../../../Users/jychong/Documents/Work/Projects/UE4_Projects/CreatureDragon2D/Content/StarterContent/Maps/Minimal_Default.umap" TEMPLATE=0 SHOWPROGRESS=1 FEATURELEVEL=3
[2016.03.19-17.12.15:271][  0]LightingResults: New page: Lighting Build
[2016.03.19-17.12.15:273][  0]MapCheck: New page: Map Check
[2016.03.19-17.12.15:273][  0]LightingResults: New page: Lighting Build
[2016.03.19-17.12.15:283][  0]LogParticles: Destroying 0 GPU particle simulations for FXSystem 0x000001E600D24400
[2016.03.19-17.12.16:363][  0]LogAIModule: Creating AISystem for world Minimal_Default
[2016.03.19-17.12.16:372][  0]LogEditorServer: Finished looking for orphan Actors (0.000 secs)
[2016.03.19-17.12.16:373][  0]Cmd: MAP CHECKDEP NOCLEARLOG
[2016.03.19-17.12.16:398][  0]MapCheck: Info Map check complete: 0 Error(s), 0 Warning(s), took 25.373ms to complete.
[2016.03.19-17.12.16:398][  0]LogFileHelpers: Loading map 'Minimal_Default' took 1.128
[2016.03.19-17.12.16:478][  0]LogCollectionManager: Loaded 0 collections in 0.001501 seconds
[2016.03.19-17.12.16:515][  0]LogFileCache: Scanning file cache for directory 'C:/Users/jychong/Documents/Work/Projects/UE4_Projects/CreatureDragon2D/Saved/Collections/' took 0.01s
[2016.03.19-17.12.16:515][  0]LogFileCache: Scanning file cache for directory 'C:/Users/jychong/Documents/Work/Projects/UE4_Projects/CreatureDragon2D/Content/Developers/jychong/Collections/' took 0.01s
[2016.03.19-17.12.16:515][  0]LogFileCache: Scanning file cache for directory 'C:/Users/jychong/Documents/Work/Projects/UE4_Projects/CreatureDragon2D/Content/Collections/' took 0.01s
[2016.03.19-17.12.16:515][  0]LogCollectionManager: Rebuilt the GUID cache for 0 collections in 0.000001 seconds
[2016.03.19-17.12.16:520][  0]LogContentBrowser: Native class hierarchy populated in 0.0054 seconds. Added 1912 classes and 345 folders.
[2016.03.19-17.12.16:525][  0]LogContentBrowser: Native class hierarchy updated for 'WidgetCarousel' in 0.0007 seconds. Added 0 classes and 0 folders.
[2016.03.19-17.12.16:551][  0]LogContentBrowser: Native class hierarchy updated for 'AddContentDialog' in 0.0006 seconds. Added 0 classes and 0 folders.
[2016.03.19-17.12.16:554][  0]LogContentBrowser: Native class hierarchy updated for 'SceneOutliner' in 0.0007 seconds. Added 1 classes and 2 folders.
[2016.03.19-17.12.16:567][  0]LogCrashTracker: Crashtracker disabled due to settings.
[2016.03.19-17.12.16:571][  0]LogUObjectGlobals:Warning: Failed to find object 'Class None.'
[2016.03.19-17.12.16:593][  0]LogLoad: Full Startup: 4.55 seconds (BP compile: 0.00 seconds)
[2016.03.19-17.12.16:603][  0]LogOcInput: Can't find Oculus library dev build: is proper Runtime installed? Version: 0.8.0.0
[2016.03.19-17.12.16:633][  0]LogContentStreaming: Texture pool size now 1000 MB
[2016.03.19-17.12.16:739][  0]LogRenderer: Reallocating scene render targets to support 1204x736 (Frame:2).
[2016.03.19-17.12.16:810][  1]LogAssetRegistry: Asset discovery search completed in 2.2492 seconds
[2016.03.19-17.12.16:810][  1]LogCollectionManager: Rebuilt the object cache for 0 collections in 0.000001 seconds (found 0 objects)
[2016.03.19-17.12.16:810][  1]LogCollectionManager: Fixed up redirectors for 0 collections in 0.000018 seconds (updated 0 objects)
[2016.03.19-17.12.20:863][432]LogMaterial: Missing cached shader map for material dragonMaterial, compiling. 
[2016.03.19-17.12.20:932][432]LogMaterial: Missing cached shader map for material dragonMaterial, compiling. 
[2016.03.19-17.12.20:938][432]LogMaterial: 0.000142 seconds spent updating 1 materials, 1 interfaces, 0 instances, 0 with static permutations.
[2016.03.19-17.12.20:963][432]LogMaterial: Missing cached shader map for material FMatExpressionPreview MaterialExpressionTextureSample_0, compiling. 
[2016.03.19-17.12.20:966][432]LogMaterial: Missing cached shader map for material FMatExpressionPreview MaterialExpressionTextureSample_1, compiling. 
[2016.03.19-17.12.20:968][432]LogMaterial: Missing cached shader map for material FMatExpressionPreview MaterialExpressionTextureSample_2, compiling. 
[2016.03.19-17.12.20:971][432]LogMaterial: Missing cached shader map for material FMatExpressionPreview MaterialExpressionTextureSample_3, compiling. 
[2016.03.19-17.12.23:013][637]MaterialEditorStats: Info Base pass shader with static lighting: 85 instructions
[2016.03.19-17.12.23:013][637]MaterialEditorStats: Info Base pass shader with only dynamic lighting: 50 instructions
[2016.03.19-17.12.23:013][637]MaterialEditorStats: Info Vertex shader: 28 instructions
[2016.03.19-17.12.23:013][637]MaterialEditorStats: Info Texture samplers: 5/16
[2016.03.19-17.12.33:979][549]LogMaterial: Missing cached shader map for material dragonMaterial, compiling. 
[2016.03.19-17.12.33:985][549]LogMaterial: 0.000194 seconds spent updating 1 materials, 1 interfaces, 0 instances, 0 with static permutations.
[2016.03.19-17.12.35:711][689]MaterialEditorStats: Info Base pass shader with static lighting: 85 instructions
[2016.03.19-17.12.35:711][689]MaterialEditorStats: Info Base pass shader with only dynamic lighting: 50 instructions
[2016.03.19-17.12.35:711][689]MaterialEditorStats: Info Vertex shader: 28 instructions
[2016.03.19-17.12.35:711][689]MaterialEditorStats: Info Texture samplers: 5/16
[2016.03.19-17.12.37:898][800]LogMaterial: Missing cached shader map for material dragonMaterial, compiling. 
[2016.03.19-17.12.37:918][800]LogMaterial: 0.000119 seconds spent updating 1 materials, 1 interfaces, 0 instances, 0 with static permutations.
[2016.03.19-17.12.37:931][800]LogMaterial: Missing cached shader map for material dragonMaterial, compiling. 
[2016.03.19-17.12.37:979][800]LogMaterial: Missing cached shader map for material dragonMaterial, compiling. 
[2016.03.19-17.12.38:007][800]LogMaterial: 0.000574 seconds spent updating 1 materials, 1 interfaces, 0 instances, 0 with static permutations.
[2016.03.19-17.12.51:033][313]LogMaterial: Missing cached shader map for material PreviewMaterial_0, compiling. 
[2016.03.19-17.12.51:083][313]LogMaterial: Missing cached shader map for material PreviewMaterial_0, compiling. 
[2016.03.19-17.12.51:089][313]LogMaterial: 0.000086 seconds spent updating 1 materials, 1 interfaces, 0 instances, 0 with static permutations.
[2016.03.19-17.12.51:113][313]LogMaterial: Missing cached shader map for material FMatExpressionPreview MaterialExpressionTextureSample_0, compiling. 
[2016.03.19-17.12.51:115][313]LogMaterial: Missing cached shader map for material FMatExpressionPreview MaterialExpressionTextureSample_1, compiling. 
[2016.03.19-17.12.51:116][313]LogMaterial: Missing cached shader map for material FMatExpressionPreview MaterialExpressionTextureSample_2, compiling. 
[2016.03.19-17.12.51:119][313]LogMaterial: Missing cached shader map for material FMatExpressionPreview MaterialExpressionTextureSample_3, compiling. 
[2016.03.19-17.12.52:897][489]MaterialEditorStats: Info Base pass shader with static lighting: 85 instructions
[2016.03.19-17.12.52:897][489]MaterialEditorStats: Info Base pass shader with only dynamic lighting: 50 instructions
[2016.03.19-17.12.52:897][489]MaterialEditorStats: Info Vertex shader: 28 instructions
[2016.03.19-17.12.52:897][489]MaterialEditorStats: Info Texture samplers: 5/16
[2016.03.19-17.12.58:516][ 74]LogMaterial: Missing cached shader map for material PreviewMaterial_0, compiling. 
[2016.03.19-17.12.58:522][ 74]LogMaterial: 0.000194 seconds spent updating 1 materials, 1 interfaces, 0 instances, 0 with static permutations.
[2016.03.19-17.13.00:449][272]MaterialEditorStats: Info Base pass shader with static lighting: 85 instructions
[2016.03.19-17.13.00:449][272]MaterialEditorStats: Info Base pass shader with only dynamic lighting: 50 instructions
[2016.03.19-17.13.00:450][272]MaterialEditorStats: Info Vertex shader: 28 instructions
[2016.03.19-17.13.00:450][272]MaterialEditorStats: Info Texture samplers: 5/16
[2016.03.19-17.13.00:780][304]LogParticles: Destroying 0 GPU particle simulations for FXSystem 0x000001E647671760
[2016.03.19-17.13.00:810][304]Cmd: OBJ SAVEPACKAGE PACKAGE="/Game/dragonMaterial" FILE="../../../../../../Users/jychong/Documents/Work/Projects/UE4_Projects/CreatureDragon2D/Content/dragonMaterial.uasset" SILENT=true
[2016.03.19-17.13.00:828][304]LogSavePackage: Save=11.779591ms
[2016.03.19-17.13.00:828][304]LogSavePackage: Moving '../../../../../../Users/jychong/Documents/Work/Projects/UE4_Projects/CreatureDragon2D/Saved/dragonMaterial58A89BC444CF9A30B2110DAA6640B9AE.tmp' to '../../../../../../Users/jychong/Documents/Work/Projects/UE4_Projects/CreatureDragon2D/Content/dragonMaterial.uasset'
[2016.03.19-17.13.00:833][304]LogSavePackage: Total save time: 21.164991ms
[2016.03.19-17.13.00:833][304]LogSavePackage:Display: Finished SavePackage ../../../../../../Users/jychong/Documents/Work/Projects/UE4_Projects/CreatureDragon2D/Content/dragonMaterial.uasset
[2016.03.19-17.13.02:507][369]LogMaterial: Missing cached shader map for material PreviewMaterial_0, compiling. 
[2016.03.19-17.13.02:526][369]LogMaterial: 0.000192 seconds spent updating 1 materials, 1 interfaces, 0 instances, 0 with static permutations.
[2016.03.19-17.13.02:553][369]LogMaterial: Missing cached shader map for material dragonMaterial, compiling. 
[2016.03.19-17.13.02:602][369]LogMaterial: Missing cached shader map for material dragonMaterial, compiling. 
[2016.03.19-17.13.02:628][369]LogMaterial: 0.000449 seconds spent updating 1 materials, 1 interfaces, 0 instances, 0 with static permutations.
[2016.03.19-17.13.15:806][903]LogMaterial: Missing cached shader map for material PreviewMaterial_1, compiling. 
[2016.03.19-17.13.15:855][903]LogMaterial: Missing cached shader map for material PreviewMaterial_1, compiling. 
[2016.03.19-17.13.15:860][903]LogMaterial: 0.000156 seconds spent updating 1 materials, 1 interfaces, 0 instances, 0 with static permutations.
[2016.03.19-17.13.15:885][903]LogMaterial: Missing cached shader map for material FMatExpressionPreview MaterialExpressionTextureSample_0, compiling. 
[2016.03.19-17.13.15:887][903]LogMaterial: Missing cached shader map for material FMatExpressionPreview MaterialExpressionTextureSample_1, compiling. 
[2016.03.19-17.13.15:889][903]LogMaterial: Missing cached shader map for material FMatExpressionPreview MaterialExpressionTextureSample_2, compiling. 
[2016.03.19-17.13.15:892][903]LogMaterial: Missing cached shader map for material FMatExpressionPreview MaterialExpressionTextureSample_3, compiling. 
[2016.03.19-17.13.17:661][ 72]MaterialEditorStats: Info Base pass shader with static lighting: 85 instructions
[2016.03.19-17.13.17:661][ 72]MaterialEditorStats: Info Base pass shader with only dynamic lighting: 50 instructions
[2016.03.19-17.13.17:661][ 72]MaterialEditorStats: Info Vertex shader: 28 instructions
[2016.03.19-17.13.17:661][ 72]MaterialEditorStats: Info Texture samplers: 5/16
[2016.03.19-17.13.21:002][444]LogMaterial: Missing cached shader map for material PreviewMaterial_1, compiling. 
[2016.03.19-17.13.21:008][444]LogMaterial: 0.000196 seconds spent updating 1 materials, 1 interfaces, 0 instances, 0 with static permutations.
[2016.03.19-17.13.21:010][444]LogMaterial: Missing cached shader map for material PreviewMaterial_1, compiling. 
[2016.03.19-17.13.21:016][444]LogMaterial: 0.000114 seconds spent updating 1 materials, 1 interfaces, 0 instances, 0 with static permutations.
[2016.03.19-17.13.22:768][612]LogParticles: Destroying 0 GPU particle simulations for FXSystem 0x000001E648FDB1A0
[2016.03.19-17.13.22:799][612]Cmd: OBJ SAVEPACKAGE PACKAGE="/Game/dragonMaterial" FILE="../../../../../../Users/jychong/Documents/Work/Projects/UE4_Projects/CreatureDragon2D/Content/dragonMaterial.uasset" SILENT=true
[2016.03.19-17.13.22:815][612]LogSavePackage: Save=12.401451ms
[2016.03.19-17.13.22:815][612]LogSavePackage: Moving '../../../../../../Users/jychong/Documents/Work/Projects/UE4_Projects/CreatureDragon2D/Saved/dragonMaterialC2149CEB466D0A9AEB0938AD686C3EF7.tmp' to '../../../../../../Users/jychong/Documents/Work/Projects/UE4_Projects/CreatureDragon2D/Content/dragonMaterial.uasset'
[2016.03.19-17.13.22:817][612]LogSavePackage: Total save time: 17.550841ms
[2016.03.19-17.13.22:817][612]LogSavePackage:Display: Finished SavePackage ../../../../../../Users/jychong/Documents/Work/Projects/UE4_Projects/CreatureDragon2D/Content/dragonMaterial.uasset
[2016.03.19-17.13.22:907][622]MaterialEditorStats: Info Base pass shader with static lighting: 85 instructions
[2016.03.19-17.13.22:907][622]MaterialEditorStats: Info Base pass shader with only dynamic lighting: 50 instructions
[2016.03.19-17.13.22:907][622]MaterialEditorStats: Info Vertex shader: 28 instructions
[2016.03.19-17.13.22:907][622]MaterialEditorStats: Info Texture samplers: 5/16
[2016.03.19-17.13.24:804][688]LogMaterial: Missing cached shader map for material PreviewMaterial_1, compiling. 
[2016.03.19-17.13.24:823][688]LogMaterial: 0.000195 seconds spent updating 1 materials, 1 interfaces, 0 instances, 0 with static permutations.
[2016.03.19-17.13.24:838][688]LogMaterial: Missing cached shader map for material dragonMaterial, compiling. 
[2016.03.19-17.13.24:881][688]LogMaterial: Missing cached shader map for material dragonMaterial, compiling. 
[2016.03.19-17.13.24:908][688]LogMaterial: 0.000322 seconds spent updating 1 materials, 1 interfaces, 0 instances, 0 with static permutations.
[2016.03.19-17.13.36:109][965]LogMaterial: Missing cached shader map for material PreviewMaterial_2, compiling. 
[2016.03.19-17.13.36:161][965]LogMaterial: Missing cached shader map for material PreviewMaterial_2, compiling. 
[2016.03.19-17.13.36:166][965]LogMaterial: 0.000103 seconds spent updating 1 materials, 1 interfaces, 0 instances, 0 with static permutations.
[2016.03.19-17.13.36:191][965]LogMaterial: Missing cached shader map for material FMatExpressionPreview MaterialExpressionTextureSample_0, compiling. 
[2016.03.19-17.13.36:193][965]LogMaterial: Missing cached shader map for material FMatExpressionPreview MaterialExpressionTextureSample_1, compiling. 
[2016.03.19-17.13.36:195][965]LogMaterial: Missing cached shader map for material FMatExpressionPreview MaterialExpressionTextureSample_2, compiling. 
[2016.03.19-17.13.36:196][965]LogMaterial: Missing cached shader map for material FMatExpressionPreview MaterialExpressionTextureSample_3, compiling. 
[2016.03.19-17.13.37:987][144]MaterialEditorStats: Info Base pass shader with static lighting: 85 instructions
[2016.03.19-17.13.37:987][144]MaterialEditorStats: Info Base pass shader with only dynamic lighting: 50 instructions
[2016.03.19-17.13.37:987][144]MaterialEditorStats: Info Vertex shader: 28 instructions
[2016.03.19-17.13.37:987][144]MaterialEditorStats: Info Texture samplers: 5/16
[2016.03.19-17.13.40:330][392]LogMaterial: Missing cached shader map for material PreviewMaterial_2, compiling. 
[2016.03.19-17.13.40:336][392]LogMaterial: 0.000195 seconds spent updating 1 materials, 1 interfaces, 0 instances, 0 with static permutations.
[2016.03.19-17.13.42:788][530]LogMaterial: Missing cached shader map for material PreviewMaterial_2, compiling. 
[2016.03.19-17.13.42:807][530]LogMaterial: 0.000107 seconds spent updating 1 materials, 1 interfaces, 0 instances, 0 with static permutations.
[2016.03.19-17.13.42:821][530]LogMaterial: Missing cached shader map for material dragonMaterial, compiling. 
[2016.03.19-17.13.42:867][530]LogMaterial: Missing cached shader map for material dragonMaterial, compiling. 
[2016.03.19-17.13.42:891][530]LogMaterial: 0.000355 seconds spent updating 1 materials, 1 interfaces, 0 instances, 0 with static permutations.
[2016.03.19-17.13.54:471][885]LogBlueprintUserMessages: Early PlayInEditor Detection: Level '/Game/StarterContent/Maps/Minimal_Default.Minimal_Default:PersistentLevel' has LevelScriptBlueprint '/Game/StarterContent/Maps/Minimal_Default.Minimal_Default:PersistentLevel.Minimal_Default' with GeneratedClass '/Game/StarterContent/Maps/Minimal_Default.Minimal_Default_C' with ClassGeneratedBy '/Game/StarterContent/Maps/Minimal_Default.Minimal_Default:PersistentLevel.Minimal_Default'
[2016.03.19-17.13.54:471][885]LogPlayLevel: PlayLevel: No blueprints needed recompiling
[2016.03.19-17.13.54:472][885]PIE: New page: PIE session: Minimal_Default (Mar 19, 2016, 3:13:54 AM)
[2016.03.19-17.13.54:472][885]LogPlayLevel: Creating play world package: /Game/StarterContent/Maps/UEDPIE_0_Minimal_Default
[2016.03.19-17.13.54:473][885]LogPlayLevel: PIE: StaticDuplicateObject took: (0.001421s)
[2016.03.19-17.13.54:474][885]LogAIModule: Creating AISystem for world Minimal_Default
[2016.03.19-17.13.54:474][885]LogPlayLevel: PIE: World Init took: (0.000550s)
[2016.03.19-17.13.54:474][885]LogPlayLevel: PIE: Created PIE world by copying editor world from /Game/StarterContent/Maps/Minimal_Default.Minimal_Default to /Game/StarterContent/Maps/UEDPIE_0_Minimal_Default.Minimal_Default (0.002147s)
[2016.03.19-17.13.54:482][885]LogParticles: Destroying 0 GPU particle simulations for FXSystem 0x000001E620E45120
[2016.03.19-17.13.54:482][885]LogParticles: Destroying 0 GPU particle simulations for FXSystem 0x000001E64983C400
[2016.03.19-17.13.54:486][885]LogInit: XAudio2 using 'VS24A-4 (NVIDIA High Definition Audio)' : 2 channels at 48 kHz using 16 bits per sample (channel mask 0x3)
[2016.03.19-17.13.54:488][885]LogInit: FAudioDevice initialized.
[2016.03.19-17.13.54:533][885]LogWorld: Game class is 'CreatureDragon2DGameMode'
[2016.03.19-17.13.54:536][885]LogWorld: Bringing World /Game/StarterContent/Maps/UEDPIE_0_Minimal_Default.Minimal_Default up for play (max tick rate 0) at 2016.03.19-10.13.54
[2016.03.19-17.13.54:536][885]LogActor:Warning: GameSession /Game/StarterContent/Maps/UEDPIE_0_Minimal_Default.Minimal_Default:PersistentLevel.GameSession_0 has natively added scene component(s), but none of them were set as the actor's RootComponent - picking one arbitrarily
[2016.03.19-17.13.54:536][885]LogActor:Warning: GameNetworkManager /Game/StarterContent/Maps/UEDPIE_0_Minimal_Default.Minimal_Default:PersistentLevel.GameNetworkManager_0 has natively added scene component(s), but none of them were set as the actor's RootComponent - picking one arbitrarily
[2016.03.19-17.13.54:538][885]LogWorld: Bringing up level for play took: 0.004420
[2016.03.19-17.13.54:539][885]PIE: Info Play in editor start time for /Game/StarterContent/Maps/UEDPIE_0_Minimal_Default 0.702
[2016.03.19-17.13.54:539][885]LogBlueprintUserMessages: Late PlayInEditor Detection: Level '/Game/StarterContent/Maps/Minimal_Default.Minimal_Default:PersistentLevel' has LevelScriptBlueprint '/Game/StarterContent/Maps/Minimal_Default.Minimal_Default:PersistentLevel.Minimal_Default' with GeneratedClass '/Game/StarterContent/Maps/Minimal_Default.Minimal_Default_C' with ClassGeneratedBy '/Game/StarterContent/Maps/Minimal_Default.Minimal_Default:PersistentLevel.Minimal_Default'
[2016.03.19-17.13.59:060][426]LogBlueprintUserMessages: Early EndPlayMap Detection: Level '/Game/StarterContent/Maps/Minimal_Default.Minimal_Default:PersistentLevel' has LevelScriptBlueprint '/Game/StarterContent/Maps/Minimal_Default.Minimal_Default:PersistentLevel.Minimal_Default' with GeneratedClass '/Game/StarterContent/Maps/Minimal_Default.Minimal_Default_C' with ClassGeneratedBy '/Game/StarterContent/Maps/Minimal_Default.Minimal_Default:PersistentLevel.Minimal_Default'
[2016.03.19-17.13.59:091][426]LogBlueprintUserMessages: Late EndPlayMap Detection: Level '/Game/StarterContent/Maps/Minimal_Default.Minimal_Default:PersistentLevel' has LevelScriptBlueprint '/Game/StarterContent/Maps/Minimal_Default.Minimal_Default:PersistentLevel.Minimal_Default' with GeneratedClass '/Game/StarterContent/Maps/Minimal_Default.Minimal_Default_C' with ClassGeneratedBy '/Game/StarterContent/Maps/Minimal_Default.Minimal_Default:PersistentLevel.Minimal_Default'
[2016.03.19-17.13.59:100][426]LogParticles: Destroying 0 GPU particle simulations for FXSystem 0x000001E65A63D080
[2016.03.19-17.14.01:160][634]LogMaterial: Missing cached shader map for material PreviewMaterial_3, compiling. 
[2016.03.19-17.14.01:211][634]LogMaterial: Missing cached shader map for material PreviewMaterial_3, compiling. 
[2016.03.19-17.14.01:217][634]LogMaterial: 0.000032 seconds spent updating 1 materials, 1 interfaces, 0 instances, 0 with static permutations.
[2016.03.19-17.14.01:246][634]LogMaterial: Missing cached shader map for material FMatExpressionPreview MaterialExpressionTextureSample_0, compiling. 
[2016.03.19-17.14.01:248][634]LogMaterial: Missing cached shader map for material FMatExpressionPreview MaterialExpressionTextureSample_1, compiling. 
[2016.03.19-17.14.01:250][634]LogMaterial: Missing cached shader map for material FMatExpressionPreview MaterialExpressionTextureSample_2, compiling. 
[2016.03.19-17.14.01:252][634]LogMaterial: Missing cached shader map for material FMatExpressionPreview MaterialExpressionTextureSample_3, compiling. 
[2016.03.19-17.14.03:049][812]MaterialEditorStats: Info Base pass shader with static lighting: 85 instructions
[2016.03.19-17.14.03:049][812]MaterialEditorStats: Info Base pass shader with only dynamic lighting: 50 instructions
[2016.03.19-17.14.03:049][812]MaterialEditorStats: Info Vertex shader: 28 instructions
[2016.03.19-17.14.03:049][812]MaterialEditorStats: Info Texture samplers: 5/16
[2016.03.19-17.14.05:303][ 48]LogMaterial: Missing cached shader map for material PreviewMaterial_3, compiling. 
[2016.03.19-17.14.05:309][ 48]LogMaterial: 0.000193 seconds spent updating 1 materials, 1 interfaces, 0 instances, 0 with static permutations.
[2016.03.19-17.14.07:571][174]LogMaterial: Missing cached shader map for material PreviewMaterial_3, compiling. 
[2016.03.19-17.14.07:590][174]LogMaterial: 0.000102 seconds spent updating 1 materials, 1 interfaces, 0 instances, 0 with static permutations.
[2016.03.19-17.14.07:611][174]LogMaterial: Missing cached shader map for material dragonMaterial, compiling. 
[2016.03.19-17.14.07:655][174]LogMaterial: Missing cached shader map for material dragonMaterial, compiling. 
[2016.03.19-17.14.07:677][174]LogMaterial: 0.000444 seconds spent updating 1 materials, 1 interfaces, 0 instances, 0 with static permutations.
[2016.03.19-17.14.18:368][424]LogBlueprintUserMessages: Early PlayInEditor Detection: Level '/Game/StarterContent/Maps/Minimal_Default.Minimal_Default:PersistentLevel' has LevelScriptBlueprint '/Game/StarterContent/Maps/Minimal_Default.Minimal_Default:PersistentLevel.Minimal_Default' with GeneratedClass '/Game/StarterContent/Maps/Minimal_Default.Minimal_Default_C' with ClassGeneratedBy '/Game/StarterContent/Maps/Minimal_Default.Minimal_Default:PersistentLevel.Minimal_Default'
[2016.03.19-17.14.18:368][424]LogPlayLevel: PlayLevel: No blueprints needed recompiling
[2016.03.19-17.14.18:368][424]PIE: New page: PIE session: Minimal_Default (Mar 19, 2016, 3:14:18 AM)
[2016.03.19-17.14.18:368][424]LogPlayLevel: Creating play world package: /Game/StarterContent/Maps/UEDPIE_0_Minimal_Default
[2016.03.19-17.14.18:370][424]LogPlayLevel: PIE: StaticDuplicateObject took: (0.001325s)
[2016.03.19-17.14.18:370][424]LogAIModule: Creating AISystem for world Minimal_Default
[2016.03.19-17.14.18:370][424]LogPlayLevel: PIE: World Init took: (0.000416s)
[2016.03.19-17.14.18:370][424]LogPlayLevel: PIE: Created PIE world by copying editor world from /Game/StarterContent/Maps/Minimal_Default.Minimal_Default to /Game/StarterContent/Maps/UEDPIE_0_Minimal_Default.Minimal_Default (0.001862s)
[2016.03.19-17.14.18:378][424]LogParticles: Destroying 0 GPU particle simulations for FXSystem 0x000001E6581A84A0
[2016.03.19-17.14.18:381][424]LogInit: XAudio2 using 'VS24A-4 (NVIDIA High Definition Audio)' : 2 channels at 48 kHz using 16 bits per sample (channel mask 0x3)
[2016.03.19-17.14.18:384][424]LogInit: FAudioDevice initialized.
[2016.03.19-17.14.18:418][424]LogWorld: Game class is 'CreatureDragon2DGameMode'
[2016.03.19-17.14.18:422][424]LogWorld: Bringing World /Game/StarterContent/Maps/UEDPIE_0_Minimal_Default.Minimal_Default up for play (max tick rate 0) at 2016.03.19-10.14.18
[2016.03.19-17.14.18:422][424]LogActor:Warning: GameSession /Game/StarterContent/Maps/UEDPIE_0_Minimal_Default.Minimal_Default:PersistentLevel.GameSession_1 has natively added scene component(s), but none of them were set as the actor's RootComponent - picking one arbitrarily
[2016.03.19-17.14.18:422][424]LogActor:Warning: GameNetworkManager /Game/StarterContent/Maps/UEDPIE_0_Minimal_Default.Minimal_Default:PersistentLevel.GameNetworkManager_1 has natively added scene component(s), but none of them were set as the actor's RootComponent - picking one arbitrarily
[2016.03.19-17.14.18:423][424]LogWorld: Bringing up level for play took: 0.004598
[2016.03.19-17.14.18:424][424]PIE: Info Play in editor start time for /Game/StarterContent/Maps/UEDPIE_0_Minimal_Default 0.586
[2016.03.19-17.14.18:424][424]LogBlueprintUserMessages: Late PlayInEditor Detection: Level '/Game/StarterContent/Maps/Minimal_Default.Minimal_Default:PersistentLevel' has LevelScriptBlueprint '/Game/StarterContent/Maps/Minimal_Default.Minimal_Default:PersistentLevel.Minimal_Default' with GeneratedClass '/Game/StarterContent/Maps/Minimal_Default.Minimal_Default_C' with ClassGeneratedBy '/Game/StarterContent/Maps/Minimal_Default.Minimal_Default:PersistentLevel.Minimal_Default'
[2016.03.19-17.14.25:409][262]LogBlueprintUserMessages: Early EndPlayMap Detection: Level '/Game/StarterContent/Maps/Minimal_Default.Minimal_Default:PersistentLevel' has LevelScriptBlueprint '/Game/StarterContent/Maps/Minimal_Default.Minimal_Default:PersistentLevel.Minimal_Default' with GeneratedClass '/Game/StarterContent/Maps/Minimal_Default.Minimal_Default_C' with ClassGeneratedBy '/Game/StarterContent/Maps/Minimal_Default.Minimal_Default:PersistentLevel.Minimal_Default'
[2016.03.19-17.14.25:439][262]LogBlueprintUserMessages: Late EndPlayMap Detection: Level '/Game/StarterContent/Maps/Minimal_Default.Minimal_Default:PersistentLevel' has LevelScriptBlueprint '/Game/StarterContent/Maps/Minimal_Default.Minimal_Default:PersistentLevel.Minimal_Default' with GeneratedClass '/Game/StarterContent/Maps/Minimal_Default.Minimal_Default_C' with ClassGeneratedBy '/Game/StarterContent/Maps/Minimal_Default.Minimal_Default:PersistentLevel.Minimal_Default'
[2016.03.19-17.14.25:448][262]LogParticles: Destroying 0 GPU particle simulations for FXSystem 0x000001E658C5CAE0
[2016.03.19-17.14.27:494][479]LogMaterial: Missing cached shader map for material PreviewMaterial_4, compiling. 
[2016.03.19-17.14.27:548][479]LogMaterial: Missing cached shader map for material PreviewMaterial_4, compiling. 
[2016.03.19-17.14.27:553][479]LogMaterial: 0.000074 seconds spent updating 1 materials, 1 interfaces, 0 instances, 0 with static permutations.
[2016.03.19-17.14.27:581][479]LogMaterial: Missing cached shader map for material FMatExpressionPreview MaterialExpressionTextureSample_0, compiling. 
[2016.03.19-17.14.27:584][479]LogMaterial: Missing cached shader map for material FMatExpressionPreview MaterialExpressionTextureSample_1, compiling. 
[2016.03.19-17.14.27:586][479]LogMaterial: Missing cached shader map for material FMatExpressionPreview MaterialExpressionTextureSample_2, compiling. 
[2016.03.19-17.14.27:589][479]LogMaterial: Missing cached shader map for material FMatExpressionPreview MaterialExpressionTextureSample_3, compiling. 
[2016.03.19-17.14.29:429][668]MaterialEditorStats: Info Base pass shader with static lighting: 85 instructions
[2016.03.19-17.14.29:429][668]MaterialEditorStats: Info Base pass shader with only dynamic lighting: 50 instructions
[2016.03.19-17.14.29:429][668]MaterialEditorStats: Info Vertex shader: 28 instructions
[2016.03.19-17.14.29:429][668]MaterialEditorStats: Info Texture samplers: 5/16
[2016.03.19-17.15.23:673][ 70]LogMaterial: Missing cached shader map for material PreviewMaterial_4, compiling. 
[2016.03.19-17.15.23:679][ 70]LogMaterial: 0.000061 seconds spent updating 1 materials, 1 interfaces, 0 instances, 0 with static permutations.
[2016.03.19-17.15.25:675][285]MaterialEditorStats: Info Base pass shader with static lighting: 85 instructions
[2016.03.19-17.15.25:675][285]MaterialEditorStats: Info Base pass shader with only dynamic lighting: 50 instructions
[2016.03.19-17.15.25:675][285]MaterialEditorStats: Info Vertex shader: 28 instructions
[2016.03.19-17.15.25:675][285]MaterialEditorStats: Info Texture samplers: 5/16
[2016.03.19-17.15.56:280][817]LogMaterial: Missing cached shader map for material PreviewMaterial_4, compiling. 
[2016.03.19-17.15.56:287][817]LogMaterial: 0.000135 seconds spent updating 1 materials, 1 interfaces, 0 instances, 0 with static permutations.
[2016.03.19-17.15.58:346][ 31]MaterialEditorStats: Info Base pass shader with static lighting: 85 instructions
[2016.03.19-17.15.58:346][ 31]MaterialEditorStats: Info Base pass shader with only dynamic lighting: 50 instructions
[2016.03.19-17.15.58:346][ 31]MaterialEditorStats: Info Vertex shader: 28 instructions
[2016.03.19-17.15.58:346][ 31]MaterialEditorStats: Info Texture samplers: 5/16
[2016.03.19-17.15.59:543][174]LogMaterial: Missing cached shader map for material PreviewMaterial_4, compiling. 
[2016.03.19-17.15.59:548][174]LogMaterial: 0.000091 seconds spent updating 1 materials, 1 interfaces, 0 instances, 0 with static permutations.
[2016.03.19-17.16.01:327][364]MaterialEditorStats: Info Base pass shader with static lighting: 85 instructions
[2016.03.19-17.16.01:327][364]MaterialEditorStats: Info Base pass shader with only dynamic lighting: 50 instructions
[2016.03.19-17.16.01:327][364]MaterialEditorStats: Info Vertex shader: 28 instructions
[2016.03.19-17.16.01:327][364]MaterialEditorStats: Info Texture samplers: 5/16
[2016.03.19-17.16.01:874][418]LogMaterial: Missing cached shader map for material PreviewMaterial_4, compiling. 
[2016.03.19-17.16.01:879][418]LogMaterial: 0.000144 seconds spent updating 1 materials, 1 interfaces, 0 instances, 0 with static permutations.
[2016.03.19-17.16.03:658][604]MaterialEditorStats: Info Base pass shader with static lighting: 85 instructions
[2016.03.19-17.16.03:658][604]MaterialEditorStats: Info Base pass shader with only dynamic lighting: 50 instructions
[2016.03.19-17.16.03:658][604]MaterialEditorStats: Info Vertex shader: 28 instructions
[2016.03.19-17.16.03:658][604]MaterialEditorStats: Info Texture samplers: 5/16
[2016.03.19-17.16.09:154][192]LogMaterial: Missing cached shader map for material PreviewMaterial_4, compiling. 
[2016.03.19-17.16.09:159][192]LogMaterial: 0.000164 seconds spent updating 1 materials, 1 interfaces, 0 instances, 0 with static permutations.
[2016.03.19-17.16.10:973][376]MaterialEditorStats: Info Base pass shader with static lighting: 85 instructions
[2016.03.19-17.16.10:973][376]MaterialEditorStats: Info Base pass shader with only dynamic lighting: 50 instructions
[2016.03.19-17.16.10:973][376]MaterialEditorStats: Info Vertex shader: 28 instructions
[2016.03.19-17.16.10:973][376]MaterialEditorStats: Info Texture samplers: 5/16
[2016.03.19-17.16.15:301][840]LogMaterial: Missing cached shader map for material PreviewMaterial_4, compiling. 
[2016.03.19-17.16.15:308][840]LogMaterial: Missing cached shader map for material PreviewMaterial_4, compiling. 
[2016.03.19-17.16.15:312][840]LogMaterial: 0.000125 seconds spent updating 1 materials, 1 interfaces, 0 instances, 0 with static permutations.
[2016.03.19-17.16.16:355][946]MaterialEditorStats: Info Base pass shader with static lighting: 85 instructions
[2016.03.19-17.16.16:355][946]MaterialEditorStats: Info Base pass shader with only dynamic lighting: 50 instructions
[2016.03.19-17.16.16:355][946]MaterialEditorStats: Info Vertex shader: 33 instructions
[2016.03.19-17.16.16:355][946]MaterialEditorStats: Info Texture samplers: 5/16
[2016.03.19-17.16.16:914][  0]Cmd: OBJ SAVEPACKAGE PACKAGE="/Game/dragonMaterial" FILE="../../../../../../Users/jychong/Documents/Work/Projects/UE4_Projects/CreatureDragon2D/Content/dragonMaterial.uasset" SILENT=true
[2016.03.19-17.16.16:929][  0]LogSavePackage: Save=11.353435ms
[2016.03.19-17.16.16:929][  0]LogSavePackage: Moving '../../../../../../Users/jychong/Documents/Work/Projects/UE4_Projects/CreatureDragon2D/Saved/dragonMaterial744E6FF445CDAF2570999E9BEB7F1D89.tmp' to '../../../../../../Users/jychong/Documents/Work/Projects/UE4_Projects/CreatureDragon2D/Content/dragonMaterial.uasset'
[2016.03.19-17.16.16:932][  0]LogSavePackage: Total save time: 16.740937ms
[2016.03.19-17.16.16:932][  0]LogSavePackage:Display: Finished SavePackage ../../../../../../Users/jychong/Documents/Work/Projects/UE4_Projects/CreatureDragon2D/Content/dragonMaterial.uasset
[2016.03.19-17.16.18:928][ 85]LogMaterial: Missing cached shader map for material PreviewMaterial_4, compiling. 
[2016.03.19-17.16.18:941][ 85]LogMaterial: 0.000101 seconds spent updating 1 materials, 1 interfaces, 0 instances, 0 with static permutations.
[2016.03.19-17.16.18:958][ 85]LogMaterial: Missing cached shader map for material dragonMaterial, compiling. 
[2016.03.19-17.16.18:982][ 85]LogMaterial: Missing cached shader map for material dragonMaterial, compiling. 
[2016.03.19-17.16.19:001][ 85]LogMaterial: 0.000482 seconds spent updating 1 materials, 1 interfaces, 0 instances, 0 with static permutations.
[2016.03.19-17.16.25:262][804]LogBlueprintUserMessages: Early PlayInEditor Detection: Level '/Game/StarterContent/Maps/Minimal_Default.Minimal_Default:PersistentLevel' has LevelScriptBlueprint '/Game/StarterContent/Maps/Minimal_Default.Minimal_Default:PersistentLevel.Minimal_Default' with GeneratedClass '/Game/StarterContent/Maps/Minimal_Default.Minimal_Default_C' with ClassGeneratedBy '/Game/StarterContent/Maps/Minimal_Default.Minimal_Default:PersistentLevel.Minimal_Default'
[2016.03.19-17.16.25:262][804]LogPlayLevel: PlayLevel: No blueprints needed recompiling
[2016.03.19-17.16.25:262][804]PIE: New page: PIE session: Minimal_Default (Mar 19, 2016, 3:16:25 AM)
[2016.03.19-17.16.25:262][804]LogPlayLevel: Creating play world package: /Game/StarterContent/Maps/UEDPIE_0_Minimal_Default
[2016.03.19-17.16.25:263][804]LogPlayLevel: PIE: StaticDuplicateObject took: (0.001291s)
[2016.03.19-17.16.25:264][804]LogAIModule: Creating AISystem for world Minimal_Default
[2016.03.19-17.16.25:264][804]LogPlayLevel: PIE: World Init took: (0.000454s)
[2016.03.19-17.16.25:264][804]LogPlayLevel: PIE: Created PIE world by copying editor world from /Game/StarterContent/Maps/Minimal_Default.Minimal_Default to /Game/StarterContent/Maps/UEDPIE_0_Minimal_Default.Minimal_Default (0.001861s)
[2016.03.19-17.16.25:271][804]LogParticles: Destroying 0 GPU particle simulations for FXSystem 0x000001E64EFACF40
[2016.03.19-17.16.25:275][804]LogInit: XAudio2 using 'VS24A-4 (NVIDIA High Definition Audio)' : 2 channels at 48 kHz using 16 bits per sample (channel mask 0x3)
[2016.03.19-17.16.25:278][804]LogInit: FAudioDevice initialized.
[2016.03.19-17.16.25:310][804]LogWorld: Game class is 'CreatureDragon2DGameMode'
[2016.03.19-17.16.25:314][804]LogWorld: Bringing World /Game/StarterContent/Maps/UEDPIE_0_Minimal_Default.Minimal_Default up for play (max tick rate 0) at 2016.03.19-10.16.25
[2016.03.19-17.16.25:314][804]LogActor:Warning: GameSession /Game/StarterContent/Maps/UEDPIE_0_Minimal_Default.Minimal_Default:PersistentLevel.GameSession_2 has natively added scene component(s), but none of them were set as the actor's RootComponent - picking one arbitrarily
[2016.03.19-17.16.25:314][804]LogActor:Warning: GameNetworkManager /Game/StarterContent/Maps/UEDPIE_0_Minimal_Default.Minimal_Default:PersistentLevel.GameNetworkManager_2 has natively added scene component(s), but none of them were set as the actor's RootComponent - picking one arbitrarily
[2016.03.19-17.16.25:316][804]LogWorld: Bringing up level for play took: 0.004666
[2016.03.19-17.16.25:317][804]PIE: Info Play in editor start time for /Game/StarterContent/Maps/UEDPIE_0_Minimal_Default -0.521
[2016.03.19-17.16.25:317][804]LogBlueprintUserMessages: Late PlayInEditor Detection: Level '/Game/StarterContent/Maps/Minimal_Default.Minimal_Default:PersistentLevel' has LevelScriptBlueprint '/Game/StarterContent/Maps/Minimal_Default.Minimal_Default:PersistentLevel.Minimal_Default' with GeneratedClass '/Game/StarterContent/Maps/Minimal_Default.Minimal_Default_C' with ClassGeneratedBy '/Game/StarterContent/Maps/Minimal_Default.Minimal_Default:PersistentLevel.Minimal_Default'
[2016.03.19-17.18.39:061][852]LogBlueprintUserMessages: Early EndPlayMap Detection: Level '/Game/StarterContent/Maps/Minimal_Default.Minimal_Default:PersistentLevel' has LevelScriptBlueprint '/Game/StarterContent/Maps/Minimal_Default.Minimal_Default:PersistentLevel.Minimal_Default' with GeneratedClass '/Game/StarterContent/Maps/Minimal_Default.Minimal_Default_C' with ClassGeneratedBy '/Game/StarterContent/Maps/Minimal_Default.Minimal_Default:PersistentLevel.Minimal_Default'
[2016.03.19-17.18.39:088][852]LogBlueprintUserMessages: Late EndPlayMap Detection: Level '/Game/StarterContent/Maps/Minimal_Default.Minimal_Default:PersistentLevel' has LevelScriptBlueprint '/Game/StarterContent/Maps/Minimal_Default.Minimal_Default:PersistentLevel.Minimal_Default' with GeneratedClass '/Game/StarterContent/Maps/Minimal_Default.Minimal_Default_C' with ClassGeneratedBy '/Game/StarterContent/Maps/Minimal_Default.Minimal_Default:PersistentLevel.Minimal_Default'
[2016.03.19-17.18.39:097][852]LogParticles: Destroying 0 GPU particle simulations for FXSystem 0x000001E658C5DC60
[2016.03.19-17.18.41:528][  0]Cmd: OBJ SAVEPACKAGE PACKAGE="/Game/dragonMaterial" FILE="../../../../../../Users/jychong/Documents/Work/Projects/UE4_Projects/CreatureDragon2D/Content/dragonMaterial.uasset" SILENT=true
[2016.03.19-17.18.41:549][  0]LogSavePackage: Save=12.126545ms
[2016.03.19-17.18.41:549][  0]LogSavePackage: Moving '../../../../../../Users/jychong/Documents/Work/Projects/UE4_Projects/CreatureDragon2D/Saved/dragonMaterial55744AE947305BF313F8CBAD06169E37.tmp' to '../../../../../../Users/jychong/Documents/Work/Projects/UE4_Projects/CreatureDragon2D/Content/dragonMaterial.uasset'
[2016.03.19-17.18.41:552][  0]LogSavePackage: Total save time: 22.538755ms
[2016.03.19-17.18.41:552][  0]LogSavePackage:Display: Finished SavePackage ../../../../../../Users/jychong/Documents/Work/Projects/UE4_Projects/CreatureDragon2D/Content/dragonMaterial.uasset
[2016.03.19-17.18.41:778][  1]Cmd: QUIT_EDITOR
[2016.03.19-17.18.42:594][  1]LogWindowsTextInputMethodSystem:Display: IME system now deactivated.
[2016.03.19-17.18.42:666][  1]LogExit: Preparing to exit.
[2016.03.19-17.18.43:691][  1]LogExit: Editor shut down
[2016.03.19-17.18.43:691][  1]LogExit: Transaction tracking system shut down
[2016.03.19-17.18.43:693][  1]LogParticles: Destroying 0 GPU particle simulations for FXSystem 0x000001E671447E20
[2016.03.19-17.18.43:693][  1]LogParticles: Destroying 0 GPU particle simulations for FXSystem 0x000001E61F354FE0
[2016.03.19-17.18.43:694][  1]LogParticles: Destroying 0 GPU particle simulations for FXSystem 0x000001E6209662A0
[2016.03.19-17.18.43:694][  1]LogParticles: Destroying 0 GPU particle simulations for FXSystem 0x000001E620E45800
[2016.03.19-17.18.43:694][  1]LogParticles: Destroying 0 GPU particle simulations for FXSystem 0x000001E620E456C0
[2016.03.19-17.18.43:817][  1]LogExit: Object subsystem successfully closed.
[2016.03.19-17.18.43:828][  1]LogD3D11RHI: Shutdown
[2016.03.19-17.18.43:828][  1]LogD3D11RHI: CleanupD3DDevice
[2016.03.19-17.18.43:873][  1]LogD3D11RHI: ~FD3D11DynamicRHI
[2016.03.19-17.18.43:883][  1]LogModuleManager: Shutting down and abandoning module CookingStats (203)
[2016.03.19-17.18.43:883][  1]LogModuleManager: Shutting down and abandoning module MaterialEditor (202)
[2016.03.19-17.18.43:883][  1]LogModuleManager: Shutting down and abandoning module CrashTracker (201)
[2016.03.19-17.18.43:883][  1]LogModuleManager: Shutting down and abandoning module SceneOutliner (200)
[2016.03.19-17.18.43:883][  1]LogModuleManager: Shutting down and abandoning module SuperSearch (199)
[2016.03.19-17.18.43:883][  1]LogModuleManager: Shutting down and abandoning module WidgetCarousel (198)
[2016.03.19-17.18.43:883][  1]LogModuleManager: Shutting down and abandoning module AddContentDialog (197)
[2016.03.19-17.18.43:884][  1]LogModuleManager: Shutting down and abandoning module EditorWidgets (196)
[2016.03.19-17.18.43:884][  1]LogModuleManager: Shutting down and abandoning module CollectionManager (195)
[2016.03.19-17.18.43:884][  1]LogModuleManager: Shutting down and abandoning module StatsViewer (194)
[2016.03.19-17.18.43:884][  1]LogModuleManager: Shutting down and abandoning module FoliageEdit (193)
[2016.03.19-17.18.43:884][  1]LogModuleManager: Shutting down and abandoning module LandscapeEditor (192)
[2016.03.19-17.18.43:884][  1]LogModuleManager: Shutting down and abandoning module ActorPickerMode (191)
[2016.03.19-17.18.43:884][  1]LogModuleManager: Shutting down and abandoning module GeometryMode (190)
[2016.03.19-17.18.43:884][  1]LogModuleManager: Shutting down and abandoning module TextureAlignMode (189)
[2016.03.19-17.18.43:884][  1]LogModuleManager: Shutting down and abandoning module BspMode (188)
[2016.03.19-17.18.43:884][  1]LogModuleManager: Shutting down and abandoning module PlacementMode (187)
[2016.03.19-17.18.43:884][  1]LogModuleManager: Shutting down and abandoning module AutomationWorker (186)
[2016.03.19-17.18.43:884][  1]LogModuleManager: Shutting down and abandoning module CharacterAI (185)
[2016.03.19-17.18.43:884][  1]LogModuleManager: Shutting down and abandoning module SmartSnapping (184)
[2016.03.19-17.18.43:884][  1]LogModuleManager: Shutting down and abandoning module ViewportSnapping (183)
[2016.03.19-17.18.43:884][  1]LogModuleManager: Shutting down and abandoning module LogVisualizer (182)
[2016.03.19-17.18.43:884][  1]LogModuleManager: Shutting down and abandoning module GameProjectGeneration (181)
[2016.03.19-17.18.43:884][  1]LogModuleManager: Shutting down and abandoning module IntroTutorials (180)
[2016.03.19-17.18.43:884][  1]LogModuleManager: Shutting down and abandoning module EditorLiveStreaming (179)
[2016.03.19-17.18.43:884][  1]LogModuleManager: Shutting down and abandoning module IOSPlatformEditor (178)
[2016.03.19-17.18.43:884][  1]LogModuleManager: Shutting down and abandoning module HTML5PlatformEditor (177)
[2016.03.19-17.18.43:884][  1]LogModuleManager: Shutting down and abandoning module AndroidDeviceDetection (176)
[2016.03.19-17.18.44:244][  1]LogModuleManager: Shutting down and abandoning module AndroidPlatformEditor (175)
[2016.03.19-17.18.44:244][  1]LogModuleManager: Shutting down and abandoning module IOSRuntimeSettings (174)
[2016.03.19-17.18.44:244][  1]LogModuleManager: Shutting down and abandoning module AndroidRuntimeSettings (173)
[2016.03.19-17.18.44:244][  1]LogModuleManager: Shutting down and abandoning module MergeActors (172)
[2016.03.19-17.18.44:244][  1]LogModuleManager: Shutting down and abandoning module SizeMap (171)
[2016.03.19-17.18.44:244][  1]LogModuleManager: Shutting down and abandoning module TreeMap (170)
[2016.03.19-17.18.44:244][  1]LogModuleManager: Shutting down and abandoning module ReferenceViewer (169)
[2016.03.19-17.18.44:244][  1]LogModuleManager: Shutting down and abandoning module LocalizationService (168)
[2016.03.19-17.18.44:244][  1]LogModuleManager: Shutting down and abandoning module LocalizationDashboard (167)
[2016.03.19-17.18.44:244][  1]LogModuleManager: Shutting down and abandoning module HardwareTargeting (166)
[2016.03.19-17.18.44:244][  1]LogModuleManager: Shutting down and abandoning module DeviceProfileEditor (165)
[2016.03.19-17.18.44:244][  1]LogModuleManager: Shutting down and abandoning module UndoHistory (164)
[2016.03.19-17.18.44:244][  1]LogModuleManager: Shutting down and abandoning module GameplayTagsEditor (163)
[2016.03.19-17.18.44:244][  1]LogModuleManager: Shutting down and abandoning module UserFeedback (162)
[2016.03.19-17.18.44:244][  1]LogModuleManager: Shutting down and abandoning module XmlParser (161)
[2016.03.19-17.18.44:244][  1]LogModuleManager: Shutting down and abandoning module Blutility (160)
[2016.03.19-17.18.44:244][  1]LogModuleManager: Shutting down and abandoning module ProjectTargetPlatformEditor (159)
[2016.03.19-17.18.44:244][  1]LogModuleManager: Shutting down and abandoning module ProjectSettingsViewer (158)
[2016.03.19-17.18.44:244][  1]LogModuleManager: Shutting down and abandoning module InputBindingEditor (157)
[2016.03.19-17.18.44:244][  1]LogModuleManager: Shutting down and abandoning module EditorSettingsViewer (156)
[2016.03.19-17.18.44:244][  1]LogModuleManager: Shutting down and abandoning module SettingsEditor (155)
[2016.03.19-17.18.44:244][  1]LogModuleManager: Shutting down and abandoning module ProjectLauncher (154)
[2016.03.19-17.18.44:244][  1]LogModuleManager: Shutting down and abandoning module SessionFrontend (153)
[2016.03.19-17.18.44:244][  1]LogModuleManager: Shutting down and abandoning module ProfilerClient (152)
[2016.03.19-17.18.44:244][  1]LogModuleManager: Shutting down and abandoning module TargetDeviceServices (151)
[2016.03.19-17.18.44:244][  1]LogModuleManager: Shutting down and abandoning module DeviceManager (150)
[2016.03.19-17.18.44:244][  1]LogModuleManager: Shutting down and abandoning module AutomationController (149)
[2016.03.19-17.18.44:244][  1]LogModuleManager: Shutting down and abandoning module AutomationWindow (148)
[2016.03.19-17.18.44:244][  1]LogModuleManager: Shutting down and abandoning module Layers (147)
[2016.03.19-17.18.44:245][  1]LogModuleManager: Shutting down and abandoning module ComponentVisualizers (146)
[2016.03.19-17.18.44:245][  1]LogModuleManager: Shutting down and abandoning module DetailCustomizations (145)
[2016.03.19-17.18.44:245][  1]LogModuleManager: Shutting down and abandoning module PackagesDialog (144)
[2016.03.19-17.18.44:245][  1]LogModuleManager: Shutting down and abandoning module Persona (143)
[2016.03.19-17.18.44:245][  1]LogModuleManager: Shutting down and abandoning module Kismet (142)
[2016.03.19-17.18.44:245][  1]LogModuleManager: Shutting down and abandoning module GraphEditor (141)
[2016.03.19-17.18.44:245][  1]LogModuleManager: Shutting down and abandoning module ClassViewer (140)
[2016.03.19-17.18.44:245][  1]LogModuleManager: Shutting down and abandoning module Toolbox (139)
[2016.03.19-17.18.44:245][  1]LogModuleManager: Shutting down and abandoning module ModuleUI (138)
[2016.03.19-17.18.44:245][  1]LogModuleManager: Shutting down and abandoning module MovieSceneTools (137)
[2016.03.19-17.18.44:245][  1]LogModuleManager: Shutting down and abandoning module OutputLog (136)
[2016.03.19-17.18.44:245][  1]LogModuleManager: Shutting down and abandoning module GammaUI (135)
[2016.03.19-17.18.44:245][  1]LogModuleManager: Shutting down and abandoning module Documentation (134)
[2016.03.19-17.18.44:245][  1]LogModuleManager: Shutting down and abandoning module GameLiveStreaming (133)
[2016.03.19-17.18.44:245][  1]LogModuleManager: Shutting down and abandoning module StreamingPauseRendering (132)
[2016.03.19-17.18.44:245][  1]LogModuleManager: Shutting down and abandoning module AnalyticsET (131)
[2016.03.19-17.18.44:245][  1]LogModuleManager: Shutting down and abandoning module Analytics (130)
[2016.03.19-17.18.44:245][  1]LogModuleManager: Shutting down and abandoning module AITestSuite (129)
[2016.03.19-17.18.44:245][  1]LogModuleManager: Shutting down and abandoning module GameplayDebugger (128)
[2016.03.19-17.18.44:245][  1]LogModuleManager: Shutting down and abandoning module AIModule (127)
[2016.03.19-17.18.44:245][  1]LogModuleManager: Shutting down and abandoning module ProfilerService (126)
[2016.03.19-17.18.44:451][  1]LogModuleManager: Shutting down and abandoning module TaskGraph (125)
[2016.03.19-17.18.44:451][  1]LogModuleManager: Shutting down and abandoning module CreatureEditor (124)
[2016.03.19-17.18.44:451][  1]LogModuleManager: Shutting down and abandoning module SlateRemote (123)
[2016.03.19-17.18.44:451][  1]LogModuleManager: Shutting down and abandoning module SteamVRController (122)
[2016.03.19-17.18.44:451][  1]LogModuleManager: Shutting down and abandoning module SteamVR (121)
[2016.03.19-17.18.44:451][  1]LogModuleManager: Shutting down and abandoning module ProceduralMeshComponent (120)
[2016.03.19-17.18.44:451][  1]LogModuleManager: Shutting down and abandoning module OculusLibrary (119)
[2016.03.19-17.18.44:451][  1]LogModuleManager: Shutting down and abandoning module OculusInput (118)
[2016.03.19-17.18.44:451][  1]LogModuleManager: Shutting down and abandoning module LeapMotionController (117)
[2016.03.19-17.18.44:471][  1]LogModuleManager: Shutting down and abandoning module CustomMeshComponent (116)
[2016.03.19-17.18.44:471][  1]LogModuleManager: Shutting down and abandoning module CableComponent (115)
[2016.03.19-17.18.44:471][  1]LogModuleManager: Shutting down and abandoning module ArchVisCharacter (114)
[2016.03.19-17.18.44:471][  1]LogModuleManager: Shutting down and abandoning module MessagingDebugger (113)
[2016.03.19-17.18.44:471][  1]LogModuleManager: Shutting down and abandoning module MediaPlayerEditor (112)
[2016.03.19-17.18.44:471][  1]LogModuleManager: Shutting down and abandoning module HTML5Networking (111)
[2016.03.19-17.18.44:471][  1]LogModuleManager: Shutting down and abandoning module SpeedTreeImporter (110)
[2016.03.19-17.18.44:471][  1]LogModuleManager: Shutting down and abandoning module PluginBrowser (109)
[2016.03.19-17.18.44:471][  1]LogModuleManager: Shutting down and abandoning module EpicSurvey (108)
[2016.03.19-17.18.44:471][  1]LogModuleManager: Shutting down and abandoning module DesktopPlatform (107)
[2016.03.19-17.18.44:471][  1]LogModuleManager: Shutting down and abandoning module VisualStudioSourceCodeAccess (106)
[2016.03.19-17.18.44:471][  1]LogModuleManager: Shutting down and abandoning module UObjectPlugin (105)
[2016.03.19-17.18.44:471][  1]LogModuleManager: Shutting down and abandoning module SubversionSourceControl (104)
[2016.03.19-17.18.44:471][  1]LogModuleManager: Shutting down and abandoning module PerforceSourceControl (103)
[2016.03.19-17.18.44:471][  1]LogModuleManager: Shutting down and abandoning module SourceControl (102)
[2016.03.19-17.18.44:471][  1]LogModuleManager: Shutting down and abandoning module GitSourceControl (101)
[2016.03.19-17.18.44:472][  1]LogModuleManager: Shutting down and abandoning module LightPropagationVolumeEditor (100)
[2016.03.19-17.18.44:472][  1]LogModuleManager: Shutting down and abandoning module PaperTiledImporter (99)
[2016.03.19-17.18.44:472][  1]LogModuleManager: Shutting down and abandoning module PaperSpriteSheetImporter (98)
[2016.03.19-17.18.44:472][  1]LogModuleManager: Shutting down and abandoning module MeshPaint (97)
[2016.03.19-17.18.44:472][  1]LogModuleManager: Shutting down and abandoning module SlateReflector (96)
[2016.03.19-17.18.44:472][  1]LogModuleManager: Shutting down and abandoning module HotReload (95)
[2016.03.19-17.18.44:472][  1]LogModuleManager: Shutting down and abandoning module MainFrame (94)
[2016.03.19-17.18.44:472][  1]LogModuleManager: Shutting down and abandoning module LevelEditor (93)
[2016.03.19-17.18.44:473][  1]LogModuleManager: Shutting down and abandoning module DirectoryWatcher (92)
[2016.03.19-17.18.44:474][  1]LogModuleManager: Shutting down and abandoning module AssetRegistry (91)
[2016.03.19-17.18.44:570][  1]LogModuleManager: Shutting down and abandoning module ContentBrowser (90)
[2016.03.19-17.18.44:571][  1]LogModuleManager: Shutting down and abandoning module Paper2DEditor (89)
[2016.03.19-17.18.44:571][  1]LogModuleManager: Shutting down and abandoning module CreatureDragon2D (88)
[2016.03.19-17.18.44:571][  1]LogModuleManager: Shutting down and abandoning module CreaturePlugin (87)
[2016.03.19-17.18.44:571][  1]LogModuleManager: Shutting down and abandoning module UdpMessaging (86)
[2016.03.19-17.18.44:671][  1]LogModuleManager: Shutting down and abandoning module LightPropagationVolumeRuntime (85)
[2016.03.19-17.18.44:671][  1]LogModuleManager: Shutting down and abandoning module Paper2D (84)
[2016.03.19-17.18.44:671][  1]LogModuleManager: Shutting down and abandoning module WindowsMoviePlayer (83)
[2016.03.19-17.18.44:671][  1]LogModuleManager: Shutting down and abandoning module Media (82)
[2016.03.19-17.18.44:671][  1]LogModuleManager: Shutting down and abandoning module WmfMedia (81)
[2016.03.19-17.18.44:671][  1]LogModuleManager: Shutting down and abandoning module OnlineBlueprintSupport (80)
[2016.03.19-17.18.44:671][  1]LogModuleManager: Shutting down and abandoning module GameplayTasksEditor (79)
[2016.03.19-17.18.44:671][  1]LogModuleManager: Shutting down and abandoning module PropertyEditor (78)
[2016.03.19-17.18.44:671][  1]LogModuleManager: Shutting down and abandoning module BehaviorTreeEditor (77)
[2016.03.19-17.18.44:671][  1]LogModuleManager: Shutting down and abandoning module FunctionalTesting (76)
[2016.03.19-17.18.44:671][  1]LogModuleManager: Shutting down and abandoning module CollisionAnalyzer (75)
[2016.03.19-17.18.44:671][  1]LogModuleManager: Shutting down and abandoning module WorkspaceMenuStructure (74)
[2016.03.19-17.18.44:671][  1]LogModuleManager: Shutting down and abandoning module MessageLog (73)
[2016.03.19-17.18.44:671][  1]LogModuleManager: Shutting down and abandoning module Sequencer (72)
[2016.03.19-17.18.44:671][  1]LogModuleManager: Shutting down and abandoning module AssetTools (71)
[2016.03.19-17.18.44:671][  1]LogModuleManager: Shutting down and abandoning module UMGEditor (70)
[2016.03.19-17.18.44:671][  1]LogModuleManager: Shutting down and abandoning module UMG (69)
[2016.03.19-17.18.44:671][  1]LogModuleManager: Shutting down and abandoning module Slate (68)
[2016.03.19-17.18.44:671][  1]LogModuleManager: Shutting down and abandoning module EditorStyle (67)
[2016.03.19-17.18.44:673][  1]LogModuleManager: Shutting down and abandoning module SessionServices (66)
[2016.03.19-17.18.44:673][  1]LogModuleManager: Shutting down and abandoning module SourceCodeAccess (65)
[2016.03.19-17.18.44:673][  1]LogModuleManager: Shutting down and abandoning module HeadMountedDisplay (64)
[2016.03.19-17.18.44:673][  1]LogModuleManager: Shutting down and abandoning module XAudio2 (63)
[2016.03.19-17.18.44:673][  1]LogModuleManager: Shutting down and abandoning module Networking (61)
[2016.03.19-17.18.44:673][  1]LogModuleManager: Shutting down and abandoning module Core (60)
[2016.03.19-17.18.44:673][  1]LogModuleManager: Shutting down and abandoning module KismetCompiler (59)
[2016.03.19-17.18.44:673][  1]LogModuleManager: Shutting down and abandoning module PhysXFormats (58)
[2016.03.19-17.18.44:673][  1]LogModuleManager: Shutting down and abandoning module MeshUtilities (57)
[2016.03.19-17.18.44:673][  1]LogModuleManager: Shutting down and abandoning module DerivedDataCache (56)
[2016.03.19-17.18.44:736][  1]LogDerivedDataCache: Shutdown
[2016.03.19-17.18.44:736][  1]LogModuleManager: Shutting down and abandoning module ShaderFormatOpenGL (55)
[2016.03.19-17.18.44:736][  1]LogModuleManager: Shutting down and abandoning module ShaderFormatD3D (54)
[2016.03.19-17.18.44:736][  1]LogModuleManager: Shutting down and abandoning module MetalShaderFormat (53)
[2016.03.19-17.18.44:736][  1]LogModuleManager: Shutting down and abandoning module TextureFormatUncompressed (52)
[2016.03.19-17.18.44:736][  1]LogModuleManager: Shutting down and abandoning module TextureFormatPVR (51)
[2016.03.19-17.18.44:736][  1]LogModuleManager: Shutting down and abandoning module TextureFormatIntelISPCTexComp (50)
[2016.03.19-17.18.44:736][  1]LogModuleManager: Shutting down and abandoning module TextureFormatDXT (49)
[2016.03.19-17.18.44:736][  1]LogModuleManager: Shutting down and abandoning module ImageWrapper (48)
[2016.03.19-17.18.44:736][  1]LogModuleManager: Shutting down and abandoning module TextureFormatASTC (47)
[2016.03.19-17.18.44:736][  1]LogModuleManager: Shutting down and abandoning module TextureFormatAndroid (46)
[2016.03.19-17.18.44:736][  1]LogModuleManager: Shutting down and abandoning module AudioFormatOpus (45)
[2016.03.19-17.18.44:736][  1]LogModuleManager: Shutting down and abandoning module AudioFormatOgg (44)
[2016.03.19-17.18.44:736][  1]LogModuleManager: Shutting down and abandoning module AudioFormatADPCM (43)
[2016.03.19-17.18.44:736][  1]LogModuleManager: Shutting down and abandoning module LinuxTargetPlatform (42)
[2016.03.19-17.18.44:736][  1]LogModuleManager: Shutting down and abandoning module LinuxServerTargetPlatform (41)
[2016.03.19-17.18.44:736][  1]LogModuleManager: Shutting down and abandoning module LinuxNoEditorTargetPlatform (40)
[2016.03.19-17.18.44:736][  1]LogModuleManager: Shutting down and abandoning module Messaging (39)
[2016.03.19-17.18.44:736][  1]LogModuleManager: Shutting down and abandoning module IOSTargetPlatform (38)
[2016.03.19-17.18.44:736][  1]LogModuleManager: Shutting down and abandoning module HTML5TargetPlatform (37)
[2016.03.19-17.18.44:736][  1]LogModuleManager: Shutting down and abandoning module Android_PVRTCTargetPlatform (36)
[2016.03.19-17.18.44:736][  1]LogModuleManager: Shutting down and abandoning module Android_MultiTargetPlatform (35)
[2016.03.19-17.18.44:736][  1]LogModuleManager: Shutting down and abandoning module Android_ETC2TargetPlatform (34)
[2016.03.19-17.18.44:736][  1]LogModuleManager: Shutting down and abandoning module Android_ETC1TargetPlatform (33)
[2016.03.19-17.18.44:736][  1]LogModuleManager: Shutting down and abandoning module Android_DXTTargetPlatform (32)
[2016.03.19-17.18.44:736][  1]LogModuleManager: Shutting down and abandoning module Android_ATCTargetPlatform (31)
[2016.03.19-17.18.44:736][  1]LogModuleManager: Shutting down and abandoning module Android_ASTCTargetPlatform (30)
[2016.03.19-17.18.44:736][  1]LogModuleManager: Shutting down and abandoning module AndroidTargetPlatform (29)
[2016.03.19-17.18.44:736][  1]LogModuleManager: Shutting down and abandoning module WindowsTargetPlatform (28)
[2016.03.19-17.18.44:736][  1]LogModuleManager: Shutting down and abandoning module WindowsServerTargetPlatform (27)
[2016.03.19-17.18.44:736][  1]LogModuleManager: Shutting down and abandoning module WindowsNoEditorTargetPlatform (26)
[2016.03.19-17.18.44:736][  1]LogModuleManager: Shutting down and abandoning module WindowsClientTargetPlatform (25)
[2016.03.19-17.18.44:736][  1]LogModuleManager: Shutting down and abandoning module AllDesktopTargetPlatform (24)
[2016.03.19-17.18.44:736][  1]LogModuleManager: Shutting down and abandoning module TargetPlatform (23)
[2016.03.19-17.18.44:736][  1]LogModuleManager: Shutting down and abandoning module InputCore (22)
[2016.03.19-17.18.44:736][  1]LogModuleManager: Shutting down and abandoning module Settings (21)
[2016.03.19-17.18.44:736][  1]LogModuleManager: Shutting down and abandoning module OnlineSubsystem (19)
[2016.03.19-17.18.44:736][  1]LogModuleManager: Shutting down and abandoning module HTTP (18)
[2016.03.19-17.18.46:739][  1]LogModuleManager: Shutting down and abandoning module XMPP (17)
[2016.03.19-17.18.46:739][  1]LogModuleManager: Shutting down and abandoning module OculusRift (16)
[2016.03.19-17.18.46:739][  1]LogModuleManager: Shutting down and abandoning module ExampleDeviceProfileSelector (15)
[2016.03.19-17.18.46:739][  1]LogModuleManager: Shutting down and abandoning module TextureCompressor (14)
[2016.03.19-17.18.46:739][  1]LogModuleManager: Shutting down and abandoning module ShaderCore (13)
[2016.03.19-17.18.46:739][  1]LogModuleManager: Shutting down and abandoning module Landscape (12)
[2016.03.19-17.18.46:739][  1]LogModuleManager: Shutting down and abandoning module SlateRHIRenderer (11)
[2016.03.19-17.18.46:739][  1]LogModuleManager: Shutting down and abandoning module OpenGLDrv (10)
[2016.03.19-17.18.46:739][  1]LogModuleManager: Shutting down and abandoning module D3D11RHI (9)
[2016.03.19-17.18.46:739][  1]LogModuleManager: Shutting down and abandoning module AnimGraphRuntime (8)
[2016.03.19-17.18.46:739][  1]LogModuleManager: Shutting down and abandoning module Renderer (7)
[2016.03.19-17.18.46:739][  1]LogModuleManager: Shutting down and abandoning module Engine (6)
[2016.03.19-17.18.46:739][  1]LogModuleManager: Shutting down and abandoning module CoreUObject (5)
[2016.03.19-17.18.46:739][  1]LogModuleManager: Shutting down and abandoning module NetworkFile (4)
[2016.03.19-17.18.46:739][  1]LogModuleManager: Shutting down and abandoning module StreamingFile (3)
[2016.03.19-17.18.46:739][  1]LogModuleManager: Shutting down and abandoning module SandboxFile (2)
[2016.03.19-17.18.46:739][  1]LogModuleManager: Shutting down and abandoning module PakFile (1)
[2016.03.19-17.18.46:741][  1]LogExit: Exiting.
[2016.03.19-17.18.46:742][  1]Log file closed, 03/19/16 10:18:46
