[2016.03.19-05.49.01:065][  0]Log file open, 03/18/16 22:49:01
[2016.03.19-05.49.01:065][  0]LogInit:Display: Running engine for game: CreatureDragon2D
[2016.03.19-05.49.01:065][  0]LogPlatformFile: Not using cached read wrapper
[2016.03.19-05.49.01:065][  0]LogInit:Display: RandInit(-906848761) SRandInit(-906848759).
[2016.03.19-05.49.01:065][  0]LogTaskGraph: Started task graph with 4 named threads and 7 total threads.
[2016.03.19-05.49.01:065][  0]LogStats: Stats thread started at 0.071924
[2016.03.19-05.49.01:065][  0]LogInit: Version: 4.10.1-2791327+++depot+UE4-Releases+4.10
[2016.03.19-05.49.01:065][  0]LogInit: API Version: 2758231
[2016.03.19-05.49.01:065][  0]LogInit: Compiled (64-bit): Dec  4 2015 19:44:40
[2016.03.19-05.49.01:065][  0]LogInit: Compiled with Visual C++: 19.00.23026.00
[2016.03.19-05.49.01:065][  0]LogInit: Build Configuration: Development
[2016.03.19-05.49.01:065][  0]LogInit: Branch Name: ++depot+UE4-Releases+4.10
[2016.03.19-05.49.01:065][  0]LogInit: Command line:  /Temp/Autosaves/Game/StarterContent/Maps/UEDPCMinimal_Default -game -PIEVIACONSOLE -ResX=1280 -ResY=720  -Multiprocess -featureleveles2 -faketouches 
[2016.03.19-05.49.01:065][  0]LogInit: Base directory: C:/Program Files/Epic Games/4.10/Engine/Binaries/Win64/
[2016.03.19-05.49.01:065][  0]LogInit: Rocket: 1
[2016.03.19-05.49.01:069][  0]LogInit: Using libcurl 7.41.0
[2016.03.19-05.49.01:069][  0]LogInit:  - built for x86_64-pc-win32
[2016.03.19-05.49.01:069][  0]LogInit:  - supports SSL with WinSSL
[2016.03.19-05.49.01:069][  0]LogInit:  - other features:
[2016.03.19-05.49.01:069][  0]LogInit:      CURL_VERSION_SSL
[2016.03.19-05.49.01:069][  0]LogInit:      CURL_VERSION_IPV6
[2016.03.19-05.49.01:069][  0]LogInit:      CURL_VERSION_ASYNCHDNS
[2016.03.19-05.49.01:069][  0]LogInit:      CURL_VERSION_LARGEFILE
[2016.03.19-05.49.01:069][  0]LogInit:      CURL_VERSION_IDN
[2016.03.19-05.49.01:069][  0]LogInit:  CurlRequestOptions (configurable via config and command line):
[2016.03.19-05.49.01:069][  0]LogInit:  - bVerifyPeer = true  - Libcurl will verify peer certificate
[2016.03.19-05.49.01:069][  0]LogInit:  - bUseHttpProxy = false  - Libcurl will NOT use HTTP proxy
[2016.03.19-05.49.01:069][  0]LogInit:  - bDontReuseConnections = false  - Libcurl will reuse connections
[2016.03.19-05.49.01:069][  0]LogInit:  - CertBundlePath = nullptr  - Libcurl will use whatever was configured at build time.
[2016.03.19-05.49.01:074][  0]LogInit: Presizing for 0 objects not considered by GC, pre-allocating 0 bytes.
[2016.03.19-05.49.01:078][  0]LogInit: Object subsystem initialized
[2016.03.19-05.49.01:079][  0]LogInit: Selected Device Profile: [Windows]
[2016.03.19-05.49.01:079][  0]LogInit: Applying CVar settings loaded from the selected device profile: [Windows]
[2016.03.19-05.49.01:081][  0]LogInit: Computer: MERLIN
[2016.03.19-05.49.01:081][  0]LogInit: User: jychong
[2016.03.19-05.49.01:081][  0]LogInit: CPU Page size=4096, Cores=4
[2016.03.19-05.49.01:081][  0]LogInit: High frequency timer resolution =3.914058 MHz
[2016.03.19-05.49.01:081][  0]LogMemory: Memory total: Physical=15.9GB (16GB approx)
[2016.03.19-05.49.01:081][  0]LogMemory: Platform Memory Stats for Windows
[2016.03.19-05.49.01:081][  0]LogMemory: Process Physical Memory: 56.01 MB used, 56.01 MB peak
[2016.03.19-05.49.01:081][  0]LogMemory: Process Virtual Memory: 57.01 MB used, 57.01 MB peak
[2016.03.19-05.49.01:081][  0]LogMemory: Physical Memory: 5835.09 MB used, 16332.17 MB total
[2016.03.19-05.49.01:081][  0]LogMemory: Virtual Memory: 383.86 MB used, 134217728.00 MB total
[2016.03.19-05.49.01:107][  0]LogTextLocalizationManager: No specific translations for ('en-US') exist, so ('en') translations will be used.
[2016.03.19-05.49.01:367][  0]LogD3D11RHI: Found D3D11 adapter 0: NVIDIA GeForce GTX 950 (Feature Level 11_0)
[2016.03.19-05.49.01:367][  0]LogD3D11RHI: Adapter has 1969MB of dedicated video memory, 0MB of dedicated system memory, and 8166MB of shared system memory, 1 output[s]
[2016.03.19-05.49.01:367][  0]LogD3D11RHI: Found D3D11 adapter 1: Microsoft Basic Render Driver (Feature Level 11_0)
[2016.03.19-05.49.01:368][  0]LogD3D11RHI: Adapter has 0MB of dedicated video memory, 0MB of dedicated system memory, and 8166MB of shared system memory, 0 output[s]
[2016.03.19-05.49.01:368][  0]LogD3D11RHI: Chosen D3D11 Adapter Id = 0
[2016.03.19-05.49.01:370][  0]LogD3D11RHI: !Direct3DDevice
[2016.03.19-05.49.01:370][  0]LogRHI: Texture pool is 1361 MB (70% of 1945 MB)
[2016.03.19-05.49.01:380][  0]LogD3D11RHI: Async texture creation enabled
[2016.03.19-05.49.01:394][  0]LogShaderCompilers: Guid format shader working directory is -37 characters bigger than the processId version (../../../../../../Users/jychong/Documents/Work/Projects/UE4_Projects/CreatureDragon2D/Intermediate/Shaders/WorkingDirectory/3484/).
[2016.03.19-05.49.01:394][  0]LogShaderCompilers: Cleaned the shader compiler working directory 'C:/Users/jychong/AppData/Local/Temp/UnrealShaderWorkingDir/594D1C08421F545C37FBBC9218F50B04/'.
[2016.03.19-05.49.01:394][  0]LogShaderCompilers:Display: Using Local Shader Compiler.
[2016.03.19-05.49.01:849][  0]LogTemp:Display: Loaded TP AllDesktopTargetPlatform
[2016.03.19-05.49.01:853][  0]LogTemp:Display: Loaded TP WindowsClientTargetPlatform
[2016.03.19-05.49.01:856][  0]LogTemp:Display: Loaded TP WindowsNoEditorTargetPlatform
[2016.03.19-05.49.01:859][  0]LogTemp:Display: Loaded TP WindowsServerTargetPlatform
[2016.03.19-05.49.01:862][  0]LogTemp:Display: Loaded TP WindowsTargetPlatform
[2016.03.19-05.49.01:864][  0]LogTemp:Display: Loaded TP AndroidTargetPlatform
[2016.03.19-05.49.01:866][  0]LogTemp:Display: Loaded TP Android_ASTCTargetPlatform
[2016.03.19-05.49.01:868][  0]LogTemp:Display: Loaded TP Android_ATCTargetPlatform
[2016.03.19-05.49.01:870][  0]LogTemp:Display: Loaded TP Android_DXTTargetPlatform
[2016.03.19-05.49.01:872][  0]LogTemp:Display: Loaded TP Android_ETC1TargetPlatform
[2016.03.19-05.49.01:874][  0]LogTemp:Display: Loaded TP Android_ETC2TargetPlatform
[2016.03.19-05.49.01:878][  0]LogTemp:Display: Loaded TP Android_MultiTargetPlatform
[2016.03.19-05.49.01:878][  0]LogTemp:Display: Loaded TP Android_PVRTCTargetPlatform
[2016.03.19-05.49.01:879][  0]LogTemp:Display: Loaded TP HTML5TargetPlatform
[2016.03.19-05.49.01:894][  0]LogTemp:Display: Loaded TP IOSTargetPlatform
[2016.03.19-05.49.01:896][  0]LogTemp:Display: Loaded TP LinuxNoEditorTargetPlatform
[2016.03.19-05.49.01:898][  0]LogTemp:Display: Loaded TP LinuxServerTargetPlatform
[2016.03.19-05.49.01:900][  0]LogTemp:Display: Loaded TP LinuxTargetPlatform
[2016.03.19-05.49.01:900][  0]LogTargetPlatformManager:Display: Building Assets For Windows
[2016.03.19-05.49.01:953][  0]LogDerivedDataCache:Display: Max Cache Size: 512 MB
[2016.03.19-05.49.01:983][  0]LogDerivedDataCache: Loaded boot cache 0.03s 41MB C:/Users/jychong/AppData/Local/UnrealEngine/4.10/DerivedDataCache/Boot.ddc.
[2016.03.19-05.49.01:983][  0]LogDerivedDataCache:Display: Loaded Boot cache: C:/Users/jychong/AppData/Local/UnrealEngine/4.10/DerivedDataCache/Boot.ddc
[2016.03.19-05.49.01:984][  0]LogDerivedDataCache: FDerivedDataBackendGraph:  Pak pak cache file ../../../../../../Users/jychong/Documents/Work/Projects/UE4_Projects/CreatureDragon2D/DerivedDataCache/DDC.ddp not found, will not use a pak cache.
[2016.03.19-05.49.01:984][  0]LogDerivedDataCache: Unable to find inner node Pak for hierarchical cache Hierarchy.
[2016.03.19-05.49.01:984][  0]LogDerivedDataCache: FDerivedDataBackendGraph:  CompressedPak pak cache file ../../../../../../Users/jychong/Documents/Work/Projects/UE4_Projects/CreatureDragon2D/DerivedDataCache/Compressed.ddp not found, will not use a pak cache.
[2016.03.19-05.49.01:984][  0]LogDerivedDataCache: Unable to find inner node CompressedPak for hierarchical cache Hierarchy.
[2016.03.19-05.49.02:025][  0]LogDerivedDataCache:Display: Pak cache opened for reading ../../../Engine/DerivedDataCache/Compressed.ddp.
[2016.03.19-05.49.02:037][  0]LogDerivedDataCache: Using Local data cache path C:/Users/jychong/AppData/Local/UnrealEngine/Common/DerivedDataCache: Writable
[2016.03.19-05.49.02:236][  0]LogInit: Selected Device Profile: [Windows]
[2016.03.19-05.49.02:237][  0]LogContentStreaming: Texture pool size is 1000.000000MB
[2016.03.19-05.49.02:251][  0]LogMaterial: Missing cached shader map for material WorldGridMaterial, compiling. Is special engine material.
[2016.03.19-05.49.38:008][  0]LogMaterial: Missing cached shader map for material DefaultDeferredDecalMaterial, compiling. 
[2016.03.19-05.49.38:369][  0]LogMaterial: Missing cached shader map for material DefaultLightFunctionMaterial, compiling. 
[2016.03.19-05.49.38:477][  0]LogMaterial: Missing cached shader map for material DefaultPostProcessMaterial, compiling. 
[2016.03.19-05.49.38:859][  0]LogMaterial: Missing cached shader map for material Widget3DPassThrough, compiling. 
[2016.03.19-05.49.38:862][  0]LogMaterial: Missing cached shader map for material Widget3DPassThrough, compiling. 
[2016.03.19-05.49.38:865][  0]LogMaterial: Missing cached shader map for material Widget3DPassThrough, compiling. 
[2016.03.19-05.49.38:868][  0]LogMaterial: Missing cached shader map for material Widget3DPassThrough, compiling. 
[2016.03.19-05.49.38:871][  0]LogMaterial: Missing cached shader map for material Widget3DPassThrough, compiling. 
[2016.03.19-05.49.38:875][  0]LogMaterial: Missing cached shader map for material Widget3DPassThrough, compiling. 
[2016.03.19-05.49.38:907][  0]LogMeshUtilities: No automatic mesh reduction module available
[2016.03.19-05.49.38:907][  0]LogMeshUtilities: No automatic mesh merging module available
[2016.03.19-05.49.38:942][  0]LogMaterial: Missing cached shader map for material SkySphereMaterial, compiling. 
[2016.03.19-05.49.38:949][  0]LogMaterial: Missing cached shader map for material FloorPlaneMaterial, compiling. 
[2016.03.19-05.49.39:012][  0]LogMaterial: Missing cached shader map for material LandscapeGizmo_Mat, compiling. 
[2016.03.19-05.49.39:023][  0]LogMaterial: Missing cached shader map for material LandscapeGizmoHeight_Mat, compiling. 
[2016.03.19-05.49.39:043][  0]LogMaterial: Missing cached shader map for material SplineEditorMeshMat, compiling. 
[2016.03.19-05.49.39:050][  0]LogMaterial: Missing cached shader map for material MatineeCam_mat, compiling. 
[2016.03.19-05.49.39:071][  0]LogMaterial: Missing cached shader map for material HelpActorMaterial, compiling. 
[2016.03.19-05.49.39:097][  0]LogMaterial: Missing cached shader map for material DefaultTextMaterialOpaque, compiling. 
[2016.03.19-05.49.39:135][  0]LogMaterial: Missing cached shader map for material DefaultMaterial, compiling. 
[2016.03.19-05.49.39:187][  0]LogInit: WinSock: version 1.1 (2.2), MaxSocks=32767, MaxUdp=65467
[2016.03.19-05.49.39:396][  0]LogWindowsMoviePlayer: Unable to load movie: ../../../../../../Users/jychong/Documents/Work/Projects/UE4_Projects/CreatureDragon2D/Content/Movies/Default_Startup.mp4
[2016.03.19-05.49.39:447][  0]LogMaterial: Missing cached shader map for material DefaultSpriteMaterial, compiling. 
[2016.03.19-05.49.39:451][  0]LogMaterial: Missing cached shader map for material DefaultSpriteMaterial, compiling. 
[2016.03.19-05.49.39:516][  0]SourceControl: Info Source control is disabled
[2016.03.19-05.49.39:516][  0]SourceControl: Info Source control is disabled
[2016.03.19-05.49.39:527][  0]SourceControl: Info Source control is disabled
[2016.03.19-05.49.39:620][  0]LogMaterial: Missing cached shader map for material LM_HandColor, compiling. 
[2016.03.19-05.49.39:635][  0]LogMaterial: Missing cached shader map for material LM_PassthroughMaterial, compiling. 
[2016.03.19-05.49.39:712][  0]LogObj: 28221 objects as part of root set at end of initial load.
[2016.03.19-05.49.39:712][  0]LogUObjectAllocator: 5891016 out of 0 bytes used by permanent object pool.
[2016.03.19-05.49.39:734][  0]LogMaterial: Missing cached shader map for material HighResScreenshot, compiling. 
[2016.03.19-05.49.39:737][  0]LogMaterial: Missing cached shader map for material HighResScreenshotMask, compiling. 
[2016.03.19-05.49.39:744][  0]LogMaterial: Missing cached shader map for material HighResScreenshotCaptureRegion, compiling. 
[2016.03.19-05.49.39:765][  0]LogEngine: Initializing Engine...
[2016.03.19-05.49.39:768][  0]LogHMD: Can't find Oculus library dev build: is proper Runtime installed? Version: 0.8.0.0
[2016.03.19-05.49.39:769][  0]LogHMD: SteamVR failed to initialize.  Err: 110
[2016.03.19-05.49.39:782][  0]LogMaterial: Missing cached shader map for material WireframeMaterial, compiling. Is special engine material.
[2016.03.19-05.49.39:796][  0]LogMaterial: Missing cached shader map for material LevelColorationLitMaterial, compiling. Is special engine material.
[2016.03.19-05.49.39:892][  0]LogMaterial: Missing cached shader map for material LevelColorationUnlitMaterial, compiling. Is special engine material.
[2016.03.19-05.49.39:907][  0]LogMaterial: Missing cached shader map for material MAT_LevelColorationLitLightmapUV, compiling. Is special engine material.
[2016.03.19-05.49.39:908][  0]LogMaterial:Warning: Failed to compile Material /Engine/EngineDebugMaterials/MAT_LevelColorationLitLightmapUV.MAT_LevelColorationLitLightmapUV for platform PCD3D_ES2, Default Material will be used in game.
[2016.03.19-05.49.39:908][  0]LogMaterial:Warning: 	(Node LightmapUVs) Node not supported in feature level ES2
[2016.03.19-05.49.39:913][  0]LogMaterial: Missing cached shader map for material ShadedLevelColorationLitMaterial, compiling. Is special engine material.
[2016.03.19-05.49.40:021][  0]LogMaterial: Missing cached shader map for material ShadedLevelColorationUnlitMateri, compiling. Is special engine material.
[2016.03.19-05.49.40:034][  0]LogMaterial: Missing cached shader map for material VertexColorMaterial, compiling. 
[2016.03.19-05.49.40:053][  0]LogMaterial: Missing cached shader map for material VertexColorViewMode_ColorOnly, compiling. 
[2016.03.19-05.49.40:057][  0]LogMaterial: Missing cached shader map for material VertexColorViewMode_AlphaAsColor, compiling. 
[2016.03.19-05.49.40:062][  0]LogMaterial: Missing cached shader map for material VertexColorViewMode_RedOnly, compiling. 
[2016.03.19-05.49.40:066][  0]LogMaterial: Missing cached shader map for material VertexColorViewMode_GreenOnly, compiling. 
[2016.03.19-05.49.40:071][  0]LogMaterial: Missing cached shader map for material VertexColorViewMode_BlueOnly, compiling. 
[2016.03.19-05.49.40:076][  0]LogMaterial: Missing cached shader map for material RemoveSurfaceMaterial, compiling. 
[2016.03.19-05.49.40:079][  0]LogMaterial: Missing cached shader map for material DebugMeshMaterial, compiling. 
[2016.03.19-05.49.40:085][  0]LogMaterial: Missing cached shader map for material M_InvalidLightmapSettings, compiling. 
[2016.03.19-05.49.40:097][  0]LogMaterial: Missing cached shader map for material GizmoMaterial, compiling. 
[2016.03.19-05.49.40:108][  0]LogInit: XAudio2 using 'VS24A-4 (NVIDIA High Definition Audio)' : 2 channels at 48 kHz using 16 bits per sample (channel mask 0x3)
[2016.03.19-05.49.40:114][  0]LogInit: FAudioDevice initialized.
[2016.03.19-05.49.40:117][  0]LogInit: Texture streaming: Enabled
[2016.03.19-05.49.40:119][  0]LogMaterial: Missing cached shader map for material BaseColor, compiling. 
[2016.03.19-05.49.40:122][  0]LogMaterial: Missing cached shader map for material CustomDepth, compiling. 
[2016.03.19-05.49.40:129][  0]LogMaterial: Missing cached shader map for material CustomStencil, compiling. 
[2016.03.19-05.49.40:130][  0]LogMaterial:Warning: Failed to compile Material /Engine/BufferVisualization/CustomStencil.CustomStencil for platform PCD3D_ES2, Default Material will be used in game.
[2016.03.19-05.49.40:130][  0]LogMaterial:Warning: 	(Node SceneTexture) Node not supported in feature level ES2
[2016.03.19-05.49.40:132][  0]LogMaterial: Missing cached shader map for material DecalMask, compiling. 
[2016.03.19-05.49.40:135][  0]LogMaterial: Missing cached shader map for material FinalImage, compiling. 
[2016.03.19-05.49.40:138][  0]LogMaterial: Missing cached shader map for material LightingModel, compiling. 
[2016.03.19-05.49.40:142][  0]LogMaterial: Missing cached shader map for material MaterialAO, compiling. 
[2016.03.19-05.49.40:145][  0]LogMaterial: Missing cached shader map for material Metallic, compiling. 
[2016.03.19-05.49.40:149][  0]LogMaterial: Missing cached shader map for material Opacity, compiling. 
[2016.03.19-05.49.40:153][  0]LogMaterial: Missing cached shader map for material Roughness, compiling. 
[2016.03.19-05.49.40:156][  0]LogMaterial: Missing cached shader map for material SceneColor, compiling. 
[2016.03.19-05.49.40:160][  0]LogMaterial: Missing cached shader map for material SceneDepth, compiling. 
[2016.03.19-05.49.40:164][  0]LogMaterial: Missing cached shader map for material SeparateTranslucencyRGB, compiling. 
[2016.03.19-05.49.40:167][  0]LogMaterial: Missing cached shader map for material SeparateTranslucencyA, compiling. 
[2016.03.19-05.49.40:171][  0]LogMaterial: Missing cached shader map for material Specular, compiling. 
[2016.03.19-05.49.40:175][  0]LogMaterial: Missing cached shader map for material SubsurfaceColor, compiling. 
[2016.03.19-05.49.40:178][  0]LogMaterial: Missing cached shader map for material WorldNormal, compiling. 
[2016.03.19-05.49.40:182][  0]LogMaterial: Missing cached shader map for material AmbientOcclusion, compiling. 
[2016.03.19-05.49.40:187][  0]LogMaterial: Missing cached shader map for material CustomDepthWorldUnits, compiling. 
[2016.03.19-05.49.40:190][  0]LogMaterial: Missing cached shader map for material SceneDepthWorldUnits, compiling. 
[2016.03.19-05.49.40:205][  0]LogNet: Browse: /Temp/Autosaves/Game/StarterContent/Maps/UEDPCMinimal_Default?Name=Player
[2016.03.19-05.49.40:205][  0]LogLoad: LoadMap: /Temp/Autosaves/Game/StarterContent/Maps/UEDPCMinimal_Default?Name=Player
[2016.03.19-05.49.40:218][  0]LogParticles: Destroying 0 GPU particle simulations for FXSystem 0x00000200307ED260
[2016.03.19-05.49.40:231][  0]LogMemory: Platform Memory Stats for Windows
[2016.03.19-05.49.40:231][  0]LogMemory: Process Physical Memory: 593.21 MB used, 593.21 MB peak
[2016.03.19-05.49.40:231][  0]LogMemory: Process Virtual Memory: 611.16 MB used, 611.16 MB peak
[2016.03.19-05.49.40:231][  0]LogMemory: Physical Memory: 6450.26 MB used, 16332.17 MB total
[2016.03.19-05.49.40:231][  0]LogMemory: Virtual Memory: 1165.79 MB used, 134217728.00 MB total
[2016.03.19-05.49.40:231][  0]LogMemory: 
[2016.03.19-05.49.40:231][  0]Allocator Stats for TBB: (not implemented)
[2016.03.19-05.49.40:524][  0]LogMaterial: Missing cached shader map for material M_Metal_Copper, compiling. 
[2016.03.19-05.49.40:552][  0]LogMaterial: Missing cached shader map for material dragonMaterial, compiling. 
[2016.03.19-05.49.41:690][  0]LogMaterial: Missing cached shader map for material M_Metal_Brushed_Nickel, compiling. 
[2016.03.19-05.49.41:728][  0]LogMaterial: Missing cached shader map for material M_Basic_Floor, compiling. 
[2016.03.19-05.49.41:754][  0]LogAIModule: Creating AISystem for world Minimal_Default
[2016.03.19-05.49.41:755][  0]LogWorld: Game class is 'CreatureDragon2DGameMode'
[2016.03.19-05.49.41:764][  0]LogWorld: Bringing World /Temp/Autosaves/Game/StarterContent/Maps/UEDPCMinimal_Default.Minimal_Default up for play (max tick rate 0) at 2016.03.18-22.49.41
[2016.03.19-05.49.41:766][  0]LogWorld: Bringing up level for play took: 0.010748
[2016.03.19-05.49.41:779][  0]LogInit:Display: Game Engine Initialized.
[2016.03.19-05.49.41:997][  0]LogLoad: Full Startup: 41.39 seconds (BP compile: 0.00 seconds)
[2016.03.19-05.49.42:017][  0]LogOcInput: Can't find Oculus library dev build: is proper Runtime installed? Version: 0.8.0.0
[2016.03.19-05.49.42:055][  1]LogRenderer: Reallocating scene render targets to support 1280x720 (Frame:2).
[2016.03.19-05.49.46:454][267]LogWindowsTextInputMethodSystem:Display: IME system now deactivated.
[2016.03.19-05.49.46:456][267]LogEngine: All Windows Closed
[2016.03.19-05.49.46:456][267]LogWindows: FPlatformMisc::RequestExit(0)
[2016.03.19-05.49.46:773][268]LogExit: Preparing to exit.
[2016.03.19-05.49.46:875][268]LogExit: Game engine shut down
[2016.03.19-05.49.46:877][268]LogParticles: Destroying 0 GPU particle simulations for FXSystem 0x0000020046857B00
[2016.03.19-05.49.46:990][268]LogExit: Object subsystem successfully closed.
[2016.03.19-05.49.46:996][268]LogD3D11RHI: Shutdown
[2016.03.19-05.49.46:996][268]LogD3D11RHI: CleanupD3DDevice
[2016.03.19-05.49.47:014][268]LogD3D11RHI: ~FD3D11DynamicRHI
[2016.03.19-05.49.47:021][268]LogModuleManager: Shutting down and abandoning module AndroidDeviceDetection (119)
[2016.03.19-05.49.48:004][268]LogModuleManager: Shutting down and abandoning module AutomationController (118)
[2016.03.19-05.49.48:004][268]LogModuleManager: Shutting down and abandoning module AutomationWorker (117)
[2016.03.19-05.49.48:004][268]LogModuleManager: Shutting down and abandoning module CharacterAI (116)
[2016.03.19-05.49.48:004][268]LogModuleManager: Shutting down and abandoning module AITestSuite (115)
[2016.03.19-05.49.48:004][268]LogModuleManager: Shutting down and abandoning module GameplayDebugger (114)
[2016.03.19-05.49.48:004][268]LogModuleManager: Shutting down and abandoning module AIModule (113)
[2016.03.19-05.49.48:004][268]LogModuleManager: Shutting down and abandoning module MovieSceneCapture (112)
[2016.03.19-05.49.48:004][268]LogModuleManager: Shutting down and abandoning module GameLiveStreaming (111)
[2016.03.19-05.49.48:004][268]LogModuleManager: Shutting down and abandoning module StreamingPauseRendering (110)
[2016.03.19-05.49.48:004][268]LogModuleManager: Shutting down and abandoning module ProfilerService (109)
[2016.03.19-05.49.48:227][268]LogModuleManager: Shutting down and abandoning module TaskGraph (108)
[2016.03.19-05.49.48:227][268]LogModuleManager: Shutting down and abandoning module SlateRemote (107)
[2016.03.19-05.49.48:227][268]LogModuleManager: Shutting down and abandoning module SteamVRController (106)
[2016.03.19-05.49.48:227][268]LogModuleManager: Shutting down and abandoning module SteamVR (105)
[2016.03.19-05.49.48:227][268]LogModuleManager: Shutting down and abandoning module ProceduralMeshComponent (104)
[2016.03.19-05.49.48:227][268]LogModuleManager: Shutting down and abandoning module OculusLibrary (103)
[2016.03.19-05.49.48:227][268]LogModuleManager: Shutting down and abandoning module OculusInput (102)
[2016.03.19-05.49.48:227][268]LogModuleManager: Shutting down and abandoning module LeapMotionController (101)
[2016.03.19-05.49.48:238][268]LogModuleManager: Shutting down and abandoning module CustomMeshComponent (100)
[2016.03.19-05.49.48:238][268]LogModuleManager: Shutting down and abandoning module CableComponent (99)
[2016.03.19-05.49.48:238][268]LogModuleManager: Shutting down and abandoning module ArchVisCharacter (98)
[2016.03.19-05.49.48:238][268]LogModuleManager: Shutting down and abandoning module HTML5Networking (97)
[2016.03.19-05.49.48:238][268]LogModuleManager: Shutting down and abandoning module DesktopPlatform (96)
[2016.03.19-05.49.48:238][268]LogModuleManager: Shutting down and abandoning module DirectoryWatcher (95)
[2016.03.19-05.49.48:238][268]LogModuleManager: Shutting down and abandoning module HotReload (94)
[2016.03.19-05.49.48:238][268]LogModuleManager: Shutting down and abandoning module VisualStudioSourceCodeAccess (93)
[2016.03.19-05.49.48:238][268]LogModuleManager: Shutting down and abandoning module UObjectPlugin (92)
[2016.03.19-05.49.48:238][268]LogModuleManager: Shutting down and abandoning module SubversionSourceControl (91)
[2016.03.19-05.49.48:238][268]LogModuleManager: Shutting down and abandoning module SourceControl (90)
[2016.03.19-05.49.48:238][268]LogModuleManager: Shutting down and abandoning module PerforceSourceControl (89)
[2016.03.19-05.49.48:238][268]LogModuleManager: Shutting down and abandoning module CreatureDragon2D (88)
[2016.03.19-05.49.48:238][268]LogModuleManager: Shutting down and abandoning module CreaturePlugin (87)
[2016.03.19-05.49.48:238][268]LogModuleManager: Shutting down and abandoning module UdpMessaging (86)
[2016.03.19-05.49.48:238][268]LogModuleManager: Shutting down and abandoning module LightPropagationVolumeRuntime (85)
[2016.03.19-05.49.48:238][268]LogModuleManager: Shutting down and abandoning module Paper2D (84)
[2016.03.19-05.49.48:238][268]LogModuleManager: Shutting down and abandoning module WindowsMoviePlayer (83)
[2016.03.19-05.49.48:238][268]LogModuleManager: Shutting down and abandoning module Media (82)
[2016.03.19-05.49.48:238][268]LogModuleManager: Shutting down and abandoning module WmfMedia (81)
[2016.03.19-05.49.48:238][268]LogModuleManager: Shutting down and abandoning module OnlineBlueprintSupport (80)
[2016.03.19-05.49.48:238][268]LogModuleManager: Shutting down and abandoning module GameplayTasksEditor (79)
[2016.03.19-05.49.48:238][268]LogModuleManager: Shutting down and abandoning module PropertyEditor (78)
[2016.03.19-05.49.48:238][268]LogModuleManager: Shutting down and abandoning module BehaviorTreeEditor (77)
[2016.03.19-05.49.48:238][268]LogModuleManager: Shutting down and abandoning module FunctionalTesting (76)
[2016.03.19-05.49.48:238][268]LogModuleManager: Shutting down and abandoning module CollisionAnalyzer (75)
[2016.03.19-05.49.48:238][268]LogModuleManager: Shutting down and abandoning module WorkspaceMenuStructure (74)
[2016.03.19-05.49.48:238][268]LogModuleManager: Shutting down and abandoning module MessageLog (73)
[2016.03.19-05.49.48:238][268]LogModuleManager: Shutting down and abandoning module Sequencer (72)
[2016.03.19-05.49.48:238][268]LogModuleManager: Shutting down and abandoning module AssetTools (71)
[2016.03.19-05.49.48:238][268]LogModuleManager: Shutting down and abandoning module UMGEditor (70)
[2016.03.19-05.49.48:238][268]LogModuleManager: Shutting down and abandoning module UMG (69)
[2016.03.19-05.49.48:238][268]LogModuleManager: Shutting down and abandoning module Slate (68)
[2016.03.19-05.49.48:238][268]LogModuleManager: Shutting down and abandoning module EditorStyle (67)
[2016.03.19-05.49.48:239][268]LogModuleManager: Shutting down and abandoning module SessionServices (66)
[2016.03.19-05.49.48:239][268]LogModuleManager: Shutting down and abandoning module SourceCodeAccess (65)
[2016.03.19-05.49.48:239][268]LogModuleManager: Shutting down and abandoning module HeadMountedDisplay (64)
[2016.03.19-05.49.48:239][268]LogModuleManager: Shutting down and abandoning module XAudio2 (63)
[2016.03.19-05.49.48:239][268]LogModuleManager: Shutting down and abandoning module Networking (61)
[2016.03.19-05.49.48:239][268]LogModuleManager: Shutting down and abandoning module Core (60)
[2016.03.19-05.49.48:239][268]LogModuleManager: Shutting down and abandoning module KismetCompiler (59)
[2016.03.19-05.49.48:239][268]LogModuleManager: Shutting down and abandoning module PhysXFormats (58)
[2016.03.19-05.49.48:239][268]LogModuleManager: Shutting down and abandoning module MeshUtilities (57)
[2016.03.19-05.49.48:239][268]LogModuleManager: Shutting down and abandoning module DerivedDataCache (56)
[2016.03.19-05.49.48:551][268]LogDerivedDataCache: Shutdown
[2016.03.19-05.49.48:551][268]LogModuleManager: Shutting down and abandoning module ShaderFormatOpenGL (55)
[2016.03.19-05.49.48:551][268]LogModuleManager: Shutting down and abandoning module ShaderFormatD3D (54)
[2016.03.19-05.49.48:551][268]LogModuleManager: Shutting down and abandoning module MetalShaderFormat (53)
[2016.03.19-05.49.48:551][268]LogModuleManager: Shutting down and abandoning module TextureFormatUncompressed (52)
[2016.03.19-05.49.48:551][268]LogModuleManager: Shutting down and abandoning module TextureFormatPVR (51)
[2016.03.19-05.49.48:551][268]LogModuleManager: Shutting down and abandoning module TextureFormatIntelISPCTexComp (50)
[2016.03.19-05.49.48:551][268]LogModuleManager: Shutting down and abandoning module TextureFormatDXT (49)
[2016.03.19-05.49.48:551][268]LogModuleManager: Shutting down and abandoning module ImageWrapper (48)
[2016.03.19-05.49.48:551][268]LogModuleManager: Shutting down and abandoning module TextureFormatASTC (47)
[2016.03.19-05.49.48:551][268]LogModuleManager: Shutting down and abandoning module TextureFormatAndroid (46)
[2016.03.19-05.49.48:551][268]LogModuleManager: Shutting down and abandoning module AudioFormatOpus (45)
[2016.03.19-05.49.48:551][268]LogModuleManager: Shutting down and abandoning module AudioFormatOgg (44)
[2016.03.19-05.49.48:551][268]LogModuleManager: Shutting down and abandoning module AudioFormatADPCM (43)
[2016.03.19-05.49.48:551][268]LogModuleManager: Shutting down and abandoning module LinuxTargetPlatform (42)
[2016.03.19-05.49.48:551][268]LogModuleManager: Shutting down and abandoning module LinuxServerTargetPlatform (41)
[2016.03.19-05.49.48:551][268]LogModuleManager: Shutting down and abandoning module LinuxNoEditorTargetPlatform (40)
[2016.03.19-05.49.48:551][268]LogModuleManager: Shutting down and abandoning module Messaging (39)
[2016.03.19-05.49.48:551][268]LogModuleManager: Shutting down and abandoning module IOSTargetPlatform (38)
[2016.03.19-05.49.48:551][268]LogModuleManager: Shutting down and abandoning module HTML5TargetPlatform (37)
[2016.03.19-05.49.48:551][268]LogModuleManager: Shutting down and abandoning module Android_PVRTCTargetPlatform (36)
[2016.03.19-05.49.48:551][268]LogModuleManager: Shutting down and abandoning module Android_MultiTargetPlatform (35)
[2016.03.19-05.49.48:551][268]LogModuleManager: Shutting down and abandoning module Android_ETC2TargetPlatform (34)
[2016.03.19-05.49.48:551][268]LogModuleManager: Shutting down and abandoning module Android_ETC1TargetPlatform (33)
[2016.03.19-05.49.48:551][268]LogModuleManager: Shutting down and abandoning module Android_DXTTargetPlatform (32)
[2016.03.19-05.49.48:551][268]LogModuleManager: Shutting down and abandoning module Android_ATCTargetPlatform (31)
[2016.03.19-05.49.48:551][268]LogModuleManager: Shutting down and abandoning module Android_ASTCTargetPlatform (30)
[2016.03.19-05.49.48:551][268]LogModuleManager: Shutting down and abandoning module AndroidTargetPlatform (29)
[2016.03.19-05.49.48:551][268]LogModuleManager: Shutting down and abandoning module WindowsTargetPlatform (28)
[2016.03.19-05.49.48:551][268]LogModuleManager: Shutting down and abandoning module WindowsServerTargetPlatform (27)
[2016.03.19-05.49.48:551][268]LogModuleManager: Shutting down and abandoning module WindowsNoEditorTargetPlatform (26)
[2016.03.19-05.49.48:551][268]LogModuleManager: Shutting down and abandoning module WindowsClientTargetPlatform (25)
[2016.03.19-05.49.48:551][268]LogModuleManager: Shutting down and abandoning module AllDesktopTargetPlatform (24)
[2016.03.19-05.49.48:551][268]LogModuleManager: Shutting down and abandoning module TargetPlatform (23)
[2016.03.19-05.49.48:551][268]LogModuleManager: Shutting down and abandoning module InputCore (22)
[2016.03.19-05.49.48:551][268]LogModuleManager: Shutting down and abandoning module Settings (21)
[2016.03.19-05.49.48:551][268]LogModuleManager: Shutting down and abandoning module OnlineSubsystem (19)
[2016.03.19-05.49.48:551][268]LogModuleManager: Shutting down and abandoning module HTTP (18)
[2016.03.19-05.49.48:551][268]LogModuleManager: Shutting down and abandoning module XMPP (17)
[2016.03.19-05.49.48:551][268]LogModuleManager: Shutting down and abandoning module OculusRift (16)
[2016.03.19-05.49.48:551][268]LogModuleManager: Shutting down and abandoning module ExampleDeviceProfileSelector (15)
[2016.03.19-05.49.48:551][268]LogModuleManager: Shutting down and abandoning module TextureCompressor (14)
[2016.03.19-05.49.48:551][268]LogModuleManager: Shutting down and abandoning module ShaderCore (13)
[2016.03.19-05.49.48:551][268]LogModuleManager: Shutting down and abandoning module Landscape (12)
[2016.03.19-05.49.48:551][268]LogModuleManager: Shutting down and abandoning module SlateRHIRenderer (11)
[2016.03.19-05.49.48:551][268]LogModuleManager: Shutting down and abandoning module OpenGLDrv (10)
[2016.03.19-05.49.48:551][268]LogModuleManager: Shutting down and abandoning module D3D11RHI (9)
[2016.03.19-05.49.48:551][268]LogModuleManager: Shutting down and abandoning module AnimGraphRuntime (8)
[2016.03.19-05.49.48:551][268]LogModuleManager: Shutting down and abandoning module Renderer (7)
[2016.03.19-05.49.48:551][268]LogModuleManager: Shutting down and abandoning module Engine (6)
[2016.03.19-05.49.48:551][268]LogModuleManager: Shutting down and abandoning module CoreUObject (5)
[2016.03.19-05.49.48:551][268]LogModuleManager: Shutting down and abandoning module NetworkFile (4)
[2016.03.19-05.49.48:551][268]LogModuleManager: Shutting down and abandoning module StreamingFile (3)
[2016.03.19-05.49.48:551][268]LogModuleManager: Shutting down and abandoning module SandboxFile (2)
[2016.03.19-05.49.48:551][268]LogModuleManager: Shutting down and abandoning module PakFile (1)
[2016.03.19-05.49.48:552][268]LogExit: Exiting.
[2016.03.19-05.49.48:553][268]Log file closed, 03/18/16 22:49:48
